[2024-06-26T19:33:00.709+0000] {local_task_job_runner.py:120} INFO - ::group::Pre task execution logs
[2024-06-26T19:33:00.750+0000] {taskinstance.py:2076} INFO - Dependencies all met for dep_context=non-requeueable deps ti=<TaskInstance: Stage_1.run_bronze_job manual__2024-06-26T19:32:54.613394+00:00 [queued]>
[2024-06-26T19:33:00.760+0000] {taskinstance.py:2076} INFO - Dependencies all met for dep_context=requeueable deps ti=<TaskInstance: Stage_1.run_bronze_job manual__2024-06-26T19:32:54.613394+00:00 [queued]>
[2024-06-26T19:33:00.761+0000] {taskinstance.py:2306} INFO - Starting attempt 1 of 1
[2024-06-26T19:33:00.775+0000] {taskinstance.py:2330} INFO - Executing <Task(DockerOperator): run_bronze_job> on 2024-06-26 19:32:54.613394+00:00
[2024-06-26T19:33:00.784+0000] {logging_mixin.py:188} WARNING - /home/***/.local/lib/python3.12/site-packages/***/task/task_runner/standard_task_runner.py:61 DeprecationWarning: This process (pid=441) is multi-threaded, use of fork() may lead to deadlocks in the child.
[2024-06-26T19:33:00.784+0000] {standard_task_runner.py:63} INFO - Started process 442 to run task
[2024-06-26T19:33:00.784+0000] {standard_task_runner.py:90} INFO - Running: ['***', 'tasks', 'run', 'Stage_1', 'run_bronze_job', 'manual__2024-06-26T19:32:54.613394+00:00', '--job-id', '70', '--raw', '--subdir', 'DAGS_FOLDER/kafka_dag.py', '--cfg-path', '/tmp/tmp0081udrd']
[2024-06-26T19:33:00.785+0000] {standard_task_runner.py:91} INFO - Job 70: Subtask run_bronze_job
[2024-06-26T19:33:00.800+0000] {logging_mixin.py:188} WARNING - /home/***/.local/lib/python3.12/site-packages/***/settings.py:195 DeprecationWarning: The sql_alchemy_conn option in [core] has been moved to the sql_alchemy_conn option in [database] - the old setting has been used, but please update your config.
[2024-06-26T19:33:00.835+0000] {task_command.py:426} INFO - Running <TaskInstance: Stage_1.run_bronze_job manual__2024-06-26T19:32:54.613394+00:00 [running]> on host ba36c0353089
[2024-06-26T19:33:00.927+0000] {taskinstance.py:2648} INFO - Exporting env vars: AIRFLOW_CTX_DAG_OWNER='***' AIRFLOW_CTX_DAG_ID='Stage_1' AIRFLOW_CTX_TASK_ID='run_bronze_job' AIRFLOW_CTX_EXECUTION_DATE='2024-06-26T19:32:54.613394+00:00' AIRFLOW_CTX_TRY_NUMBER='1' AIRFLOW_CTX_DAG_RUN_ID='manual__2024-06-26T19:32:54.613394+00:00'
[2024-06-26T19:33:00.928+0000] {taskinstance.py:430} INFO - ::endgroup::
[2024-06-26T19:33:00.960+0000] {docker.py:366} INFO - Starting docker container from image bitnami/spark:latest
[2024-06-26T19:33:00.962+0000] {docker.py:374} WARNING - Using remote engine or docker-in-docker and mounting temporary volume from host is not supported. Falling back to `mount_tmp_dir=False` mode. You can set `mount_tmp_dir` parameter to False to disable mounting and remove the warning
[2024-06-26T19:33:02.314+0000] {docker.py:436} INFO - [38;5;6mspark [38;5;5m19:33:02.21 [0m[38;5;2mINFO [0m ==>
[2024-06-26T19:33:02.315+0000] {docker.py:436} INFO - [38;5;6mspark [38;5;5m19:33:02.21 [0m[38;5;2mINFO [0m ==> [1mWelcome to the Bitnami spark container[0m
[2024-06-26T19:33:02.315+0000] {docker.py:436} INFO - [38;5;6mspark [38;5;5m19:33:02.22 [0m[38;5;2mINFO [0m ==> Subscribe to project updates by watching [1mhttps://github.com/bitnami/containers[0m
[2024-06-26T19:33:02.315+0000] {docker.py:436} INFO - [38;5;6mspark [38;5;5m19:33:02.22 [0m[38;5;2mINFO [0m ==> Submit issues and feature requests at [1mhttps://github.com/bitnami/containers/issues[0m
[2024-06-26T19:33:02.316+0000] {docker.py:436} INFO - [38;5;6mspark [38;5;5m19:33:02.22 [0m[38;5;2mINFO [0m ==> Upgrade to Tanzu Application Catalog for production environments to access custom-configured and pre-packaged software components. Gain enhanced features, including Software Bill of Materials (SBOM), CVE scan result reports, and VEX documents. To learn more, visit [1mhttps://bitnami.com/enterprise[0m
[2024-06-26T19:33:02.316+0000] {docker.py:436} INFO - [38;5;6mspark [38;5;5m19:33:02.22 [0m[38;5;2mINFO [0m ==>
[2024-06-26T19:33:02.316+0000] {docker.py:436} INFO - 
[2024-06-26T19:33:04.315+0000] {docker.py:436} INFO - :: loading settings :: url = jar:file:/opt/bitnami/spark/jars/ivy-2.5.1.jar!/org/apache/ivy/core/settings/ivysettings.xml
[2024-06-26T19:33:04.397+0000] {docker.py:436} INFO - Ivy Default Cache set to: /opt/bitnami/spark/.ivy2/cache
The jars for the packages stored in: /opt/bitnami/spark/.ivy2/jars
[2024-06-26T19:33:04.405+0000] {docker.py:436} INFO - org.apache.spark#spark-sql-kafka-0-10_2.12 added as a dependency
org.postgresql#postgresql added as a dependency
[2024-06-26T19:33:04.407+0000] {docker.py:436} INFO - :: resolving dependencies :: org.apache.spark#spark-submit-parent-dce751f6-a5ca-4286-b6b6-fdb20f466cd1;1.0
	confs: [default]
[2024-06-26T19:33:06.516+0000] {docker.py:436} INFO - found org.apache.spark#spark-sql-kafka-0-10_2.12;3.3.0 in central
[2024-06-26T19:33:07.017+0000] {docker.py:436} INFO - found org.apache.spark#spark-token-provider-kafka-0-10_2.12;3.3.0 in central
[2024-06-26T19:33:07.119+0000] {docker.py:436} INFO - found org.apache.kafka#kafka-clients;2.8.1 in central
[2024-06-26T19:33:07.277+0000] {docker.py:436} INFO - found org.lz4#lz4-java;1.8.0 in central
[2024-06-26T19:33:07.373+0000] {docker.py:436} INFO - found org.xerial.snappy#snappy-java;1.1.8.4 in central
[2024-06-26T19:33:08.224+0000] {docker.py:436} INFO - found org.slf4j#slf4j-api;1.7.32 in central
[2024-06-26T19:33:08.592+0000] {docker.py:436} INFO - found org.apache.hadoop#hadoop-client-runtime;3.3.2 in central
[2024-06-26T19:33:08.807+0000] {docker.py:436} INFO - found org.spark-project.spark#unused;1.0.0 in central
[2024-06-26T19:33:08.973+0000] {docker.py:436} INFO - found org.apache.hadoop#hadoop-client-api;3.3.2 in central
[2024-06-26T19:33:09.917+0000] {docker.py:436} INFO - found commons-logging#commons-logging;1.1.3 in central
[2024-06-26T19:33:09.986+0000] {docker.py:436} INFO - found com.google.code.findbugs#jsr305;3.0.0 in central
[2024-06-26T19:33:12.780+0000] {docker.py:436} INFO - found org.apache.commons#commons-pool2;2.11.1 in central
[2024-06-26T19:33:14.637+0000] {docker.py:436} INFO - found org.postgresql#postgresql;42.2.2 in central
[2024-06-26T19:33:14.665+0000] {docker.py:436} INFO - downloading https://repo1.maven.org/maven2/org/apache/spark/spark-sql-kafka-0-10_2.12/3.3.0/spark-sql-kafka-0-10_2.12-3.3.0.jar ...
[2024-06-26T19:33:14.757+0000] {docker.py:436} INFO - [SUCCESSFUL ] org.apache.spark#spark-sql-kafka-0-10_2.12;3.3.0!spark-sql-kafka-0-10_2.12.jar (109ms)
[2024-06-26T19:33:14.779+0000] {docker.py:436} INFO - downloading https://repo1.maven.org/maven2/org/postgresql/postgresql/42.2.2/postgresql-42.2.2.jar ...
[2024-06-26T19:33:14.953+0000] {docker.py:436} INFO - [SUCCESSFUL ] org.postgresql#postgresql;42.2.2!postgresql.jar(bundle) (195ms)
[2024-06-26T19:33:14.972+0000] {docker.py:436} INFO - downloading https://repo1.maven.org/maven2/org/apache/spark/spark-token-provider-kafka-0-10_2.12/3.3.0/spark-token-provider-kafka-0-10_2.12-3.3.0.jar ...
[2024-06-26T19:33:15.006+0000] {docker.py:436} INFO - [SUCCESSFUL ] org.apache.spark#spark-token-provider-kafka-0-10_2.12;3.3.0!spark-token-provider-kafka-0-10_2.12.jar (52ms)
[2024-06-26T19:33:15.050+0000] {docker.py:436} INFO - downloading https://repo1.maven.org/maven2/org/apache/kafka/kafka-clients/2.8.1/kafka-clients-2.8.1.jar ...
[2024-06-26T19:33:15.847+0000] {docker.py:436} INFO - [SUCCESSFUL ] org.apache.kafka#kafka-clients;2.8.1!kafka-clients.jar (839ms)
[2024-06-26T19:33:15.859+0000] {docker.py:436} INFO - downloading https://repo1.maven.org/maven2/com/google/code/findbugs/jsr305/3.0.0/jsr305-3.0.0.jar ...
[2024-06-26T19:33:15.877+0000] {docker.py:436} INFO - [SUCCESSFUL ] com.google.code.findbugs#jsr305;3.0.0!jsr305.jar (29ms)
[2024-06-26T19:33:15.894+0000] {docker.py:436} INFO - downloading https://repo1.maven.org/maven2/org/apache/commons/commons-pool2/2.11.1/commons-pool2-2.11.1.jar ...
[2024-06-26T19:33:15.932+0000] {docker.py:436} INFO - [SUCCESSFUL ] org.apache.commons#commons-pool2;2.11.1!commons-pool2.jar (54ms)
[2024-06-26T19:33:15.958+0000] {docker.py:436} INFO - downloading https://repo1.maven.org/maven2/org/spark-project/spark/unused/1.0.0/unused-1.0.0.jar ...
[2024-06-26T19:33:15.975+0000] {docker.py:436} INFO - [SUCCESSFUL ] org.spark-project.spark#unused;1.0.0!unused.jar (42ms)
[2024-06-26T19:33:16.015+0000] {docker.py:436} INFO - downloading https://repo1.maven.org/maven2/org/apache/hadoop/hadoop-client-runtime/3.3.2/hadoop-client-runtime-3.3.2.jar ...
[2024-06-26T19:33:21.598+0000] {docker.py:436} INFO - [SUCCESSFUL ] org.apache.hadoop#hadoop-client-runtime;3.3.2!hadoop-client-runtime.jar (5622ms)
[2024-06-26T19:33:21.630+0000] {docker.py:436} INFO - downloading https://repo1.maven.org/maven2/org/lz4/lz4-java/1.8.0/lz4-java-1.8.0.jar ...
[2024-06-26T19:33:21.725+0000] {docker.py:436} INFO - [SUCCESSFUL ] org.lz4#lz4-java;1.8.0!lz4-java.jar (125ms)
[2024-06-26T19:33:21.765+0000] {docker.py:436} INFO - downloading https://repo1.maven.org/maven2/org/xerial/snappy/snappy-java/1.1.8.4/snappy-java-1.1.8.4.jar ...
[2024-06-26T19:33:21.981+0000] {docker.py:436} INFO - [SUCCESSFUL ] org.xerial.snappy#snappy-java;1.1.8.4!snappy-java.jar(bundle) (256ms)
[2024-06-26T19:33:22.005+0000] {docker.py:436} INFO - downloading https://repo1.maven.org/maven2/org/slf4j/slf4j-api/1.7.32/slf4j-api-1.7.32.jar ...
[2024-06-26T19:33:22.026+0000] {docker.py:436} INFO - [SUCCESSFUL ] org.slf4j#slf4j-api;1.7.32!slf4j-api.jar (44ms)
[2024-06-26T19:33:22.045+0000] {docker.py:436} INFO - downloading https://repo1.maven.org/maven2/org/apache/hadoop/hadoop-client-api/3.3.2/hadoop-client-api-3.3.2.jar ...
[2024-06-26T19:33:23.976+0000] {docker.py:436} INFO - [SUCCESSFUL ] org.apache.hadoop#hadoop-client-api;3.3.2!hadoop-client-api.jar (1949ms)
[2024-06-26T19:33:24.005+0000] {docker.py:436} INFO - downloading https://repo1.maven.org/maven2/commons-logging/commons-logging/1.1.3/commons-logging-1.1.3.jar ...
[2024-06-26T19:33:24.032+0000] {docker.py:436} INFO - [SUCCESSFUL ] commons-logging#commons-logging;1.1.3!commons-logging.jar (55ms)
[2024-06-26T19:33:24.033+0000] {docker.py:436} INFO - :: resolution report :: resolve 10240ms :: artifacts dl 9386ms
[2024-06-26T19:33:24.033+0000] {docker.py:436} INFO - :: modules in use:
[2024-06-26T19:33:24.034+0000] {docker.py:436} INFO - com.google.code.findbugs#jsr305;3.0.0 from central in [default]
	commons-logging#commons-logging;1.1.3 from central in [default]
[2024-06-26T19:33:24.034+0000] {docker.py:436} INFO - org.apache.commons#commons-pool2;2.11.1 from central in [default]
[2024-06-26T19:33:24.035+0000] {docker.py:436} INFO - org.apache.hadoop#hadoop-client-api;3.3.2 from central in [default]
	org.apache.hadoop#hadoop-client-runtime;3.3.2 from central in [default]
[2024-06-26T19:33:24.035+0000] {docker.py:436} INFO - org.apache.kafka#kafka-clients;2.8.1 from central in [default]
	org.apache.spark#spark-sql-kafka-0-10_2.12;3.3.0 from central in [default]
	org.apache.spark#spark-token-provider-kafka-0-10_2.12;3.3.0 from central in [default]
[2024-06-26T19:33:24.036+0000] {docker.py:436} INFO - org.lz4#lz4-java;1.8.0 from central in [default]
[2024-06-26T19:33:24.036+0000] {docker.py:436} INFO - org.postgresql#postgresql;42.2.2 from central in [default]
	org.slf4j#slf4j-api;1.7.32 from central in [default]
[2024-06-26T19:33:24.037+0000] {docker.py:436} INFO - org.spark-project.spark#unused;1.0.0 from central in [default]
	org.xerial.snappy#snappy-java;1.1.8.4 from central in [default]
	---------------------------------------------------------------------
[2024-06-26T19:33:24.037+0000] {docker.py:436} INFO - |                  |            modules            ||   artifacts   |
	|       conf       | number| search|dwnlded|evicted|| number|dwnlded|
	---------------------------------------------------------------------
[2024-06-26T19:33:24.038+0000] {docker.py:436} INFO - |      default     |   13  |   13  |   13  |   0   ||   13  |   13  |
	---------------------------------------------------------------------
[2024-06-26T19:33:24.041+0000] {docker.py:436} INFO - :: retrieving :: org.apache.spark#spark-submit-parent-dce751f6-a5ca-4286-b6b6-fdb20f466cd1
[2024-06-26T19:33:24.042+0000] {docker.py:436} INFO - confs: [default]
[2024-06-26T19:33:24.132+0000] {docker.py:436} INFO - 13 artifacts copied, 0 already retrieved (57403kB/92ms)
[2024-06-26T19:33:24.431+0000] {docker.py:436} INFO - 24/06/26 19:33:24 WARN NativeCodeLoader: Unable to load native-hadoop library for your platform... using builtin-java classes where applicable
[2024-06-26T19:33:25.859+0000] {docker.py:436} INFO - 24/06/26 19:33:25 INFO SparkContext: Running Spark version 3.5.1
[2024-06-26T19:33:25.861+0000] {docker.py:436} INFO - 24/06/26 19:33:25 INFO SparkContext: OS info Linux, 6.5.0-41-generic, amd64
[2024-06-26T19:33:25.862+0000] {docker.py:436} INFO - 24/06/26 19:33:25 INFO SparkContext: Java version 17.0.11
[2024-06-26T19:33:25.895+0000] {docker.py:436} INFO - 24/06/26 19:33:25 INFO ResourceUtils: ==============================================================
[2024-06-26T19:33:25.896+0000] {docker.py:436} INFO - 24/06/26 19:33:25 INFO ResourceUtils: No custom resources configured for spark.driver.
[2024-06-26T19:33:25.897+0000] {docker.py:436} INFO - 24/06/26 19:33:25 INFO ResourceUtils: ==============================================================
[2024-06-26T19:33:25.897+0000] {docker.py:436} INFO - 24/06/26 19:33:25 INFO SparkContext: Submitted application: PostgreSQL Connection with PySpark
[2024-06-26T19:33:25.926+0000] {docker.py:436} INFO - 24/06/26 19:33:25 INFO ResourceProfile: Default ResourceProfile created, executor resources: Map(cores -> name: cores, amount: 1, script: , vendor: , memory -> name: memory, amount: 1024, script: , vendor: , offHeap -> name: offHeap, amount: 0, script: , vendor: ), task resources: Map(cpus -> name: cpus, amount: 1.0)
[2024-06-26T19:33:25.935+0000] {docker.py:436} INFO - 24/06/26 19:33:25 INFO ResourceProfile: Limiting resource is cpu
[2024-06-26T19:33:25.936+0000] {docker.py:436} INFO - 24/06/26 19:33:25 INFO ResourceProfileManager: Added ResourceProfile id: 0
[2024-06-26T19:33:26.013+0000] {docker.py:436} INFO - 24/06/26 19:33:26 INFO SecurityManager: Changing view acls to: spark
[2024-06-26T19:33:26.014+0000] {docker.py:436} INFO - 24/06/26 19:33:26 INFO SecurityManager: Changing modify acls to: spark
[2024-06-26T19:33:26.015+0000] {docker.py:436} INFO - 24/06/26 19:33:26 INFO SecurityManager: Changing view acls groups to:
[2024-06-26T19:33:26.016+0000] {docker.py:436} INFO - 24/06/26 19:33:26 INFO SecurityManager: Changing modify acls groups to:
[2024-06-26T19:33:26.017+0000] {docker.py:436} INFO - 24/06/26 19:33:26 INFO SecurityManager: SecurityManager: authentication disabled; ui acls disabled; users with view permissions: spark; groups with view permissions: EMPTY; users with modify permissions: spark; groups with modify permissions: EMPTY
[2024-06-26T19:33:26.270+0000] {docker.py:436} INFO - 24/06/26 19:33:26 INFO Utils: Successfully started service 'sparkDriver' on port 40317.
[2024-06-26T19:33:26.299+0000] {docker.py:436} INFO - 24/06/26 19:33:26 INFO SparkEnv: Registering MapOutputTracker
[2024-06-26T19:33:26.337+0000] {docker.py:436} INFO - 24/06/26 19:33:26 INFO SparkEnv: Registering BlockManagerMaster
[2024-06-26T19:33:26.360+0000] {docker.py:436} INFO - 24/06/26 19:33:26 INFO BlockManagerMasterEndpoint: Using org.apache.spark.storage.DefaultTopologyMapper for getting topology information
[2024-06-26T19:33:26.362+0000] {docker.py:436} INFO - 24/06/26 19:33:26 INFO BlockManagerMasterEndpoint: BlockManagerMasterEndpoint up
[2024-06-26T19:33:26.369+0000] {docker.py:436} INFO - 24/06/26 19:33:26 INFO SparkEnv: Registering BlockManagerMasterHeartbeat
[2024-06-26T19:33:26.392+0000] {docker.py:436} INFO - 24/06/26 19:33:26 INFO DiskBlockManager: Created local directory at /tmp/blockmgr-78f97318-4c1b-4342-9008-638b2a2983b5
[2024-06-26T19:33:26.408+0000] {docker.py:436} INFO - 24/06/26 19:33:26 INFO MemoryStore: MemoryStore started with capacity 434.4 MiB
[2024-06-26T19:33:26.425+0000] {docker.py:436} INFO - 24/06/26 19:33:26 INFO SparkEnv: Registering OutputCommitCoordinator
[2024-06-26T19:33:26.598+0000] {docker.py:436} INFO - 24/06/26 19:33:26 INFO JettyUtils: Start Jetty 0.0.0.0:4040 for SparkUI
[2024-06-26T19:33:26.676+0000] {docker.py:436} INFO - 24/06/26 19:33:26 INFO Utils: Successfully started service 'SparkUI' on port 4040.
[2024-06-26T19:33:26.730+0000] {docker.py:436} INFO - 24/06/26 19:33:26 INFO SparkContext: Added JAR file:///opt/bitnami/spark/.ivy2/jars/org.apache.spark_spark-sql-kafka-0-10_2.12-3.3.0.jar at spark://localhost:40317/jars/org.apache.spark_spark-sql-kafka-0-10_2.12-3.3.0.jar with timestamp 1719430405849
[2024-06-26T19:33:26.731+0000] {docker.py:436} INFO - 24/06/26 19:33:26 INFO SparkContext: Added JAR file:///opt/bitnami/spark/.ivy2/jars/org.postgresql_postgresql-42.2.2.jar at spark://localhost:40317/jars/org.postgresql_postgresql-42.2.2.jar with timestamp 1719430405849
[2024-06-26T19:33:26.732+0000] {docker.py:436} INFO - 24/06/26 19:33:26 INFO SparkContext: Added JAR file:///opt/bitnami/spark/.ivy2/jars/org.apache.spark_spark-token-provider-kafka-0-10_2.12-3.3.0.jar at spark://localhost:40317/jars/org.apache.spark_spark-token-provider-kafka-0-10_2.12-3.3.0.jar with timestamp 1719430405849
24/06/26 19:33:26 INFO SparkContext: Added JAR file:///opt/bitnami/spark/.ivy2/jars/org.apache.kafka_kafka-clients-2.8.1.jar at spark://localhost:40317/jars/org.apache.kafka_kafka-clients-2.8.1.jar with timestamp 1719430405849
[2024-06-26T19:33:26.733+0000] {docker.py:436} INFO - 24/06/26 19:33:26 INFO SparkContext: Added JAR file:///opt/bitnami/spark/.ivy2/jars/com.google.code.findbugs_jsr305-3.0.0.jar at spark://localhost:40317/jars/com.google.code.findbugs_jsr305-3.0.0.jar with timestamp 1719430405849
24/06/26 19:33:26 INFO SparkContext: Added JAR file:///opt/bitnami/spark/.ivy2/jars/org.apache.commons_commons-pool2-2.11.1.jar at spark://localhost:40317/jars/org.apache.commons_commons-pool2-2.11.1.jar with timestamp 1719430405849
24/06/26 19:33:26 INFO SparkContext: Added JAR file:///opt/bitnami/spark/.ivy2/jars/org.spark-project.spark_unused-1.0.0.jar at spark://localhost:40317/jars/org.spark-project.spark_unused-1.0.0.jar with timestamp 1719430405849
[2024-06-26T19:33:26.733+0000] {docker.py:436} INFO - 24/06/26 19:33:26 INFO SparkContext: Added JAR file:///opt/bitnami/spark/.ivy2/jars/org.apache.hadoop_hadoop-client-runtime-3.3.2.jar at spark://localhost:40317/jars/org.apache.hadoop_hadoop-client-runtime-3.3.2.jar with timestamp 1719430405849
[2024-06-26T19:33:26.734+0000] {docker.py:436} INFO - 24/06/26 19:33:26 INFO SparkContext: Added JAR file:///opt/bitnami/spark/.ivy2/jars/org.lz4_lz4-java-1.8.0.jar at spark://localhost:40317/jars/org.lz4_lz4-java-1.8.0.jar with timestamp 1719430405849
[2024-06-26T19:33:26.735+0000] {docker.py:436} INFO - 24/06/26 19:33:26 INFO SparkContext: Added JAR file:///opt/bitnami/spark/.ivy2/jars/org.xerial.snappy_snappy-java-1.1.8.4.jar at spark://localhost:40317/jars/org.xerial.snappy_snappy-java-1.1.8.4.jar with timestamp 1719430405849
24/06/26 19:33:26 INFO SparkContext: Added JAR file:///opt/bitnami/spark/.ivy2/jars/org.slf4j_slf4j-api-1.7.32.jar at spark://localhost:40317/jars/org.slf4j_slf4j-api-1.7.32.jar with timestamp 1719430405849
24/06/26 19:33:26 INFO SparkContext: Added JAR file:///opt/bitnami/spark/.ivy2/jars/org.apache.hadoop_hadoop-client-api-3.3.2.jar at spark://localhost:40317/jars/org.apache.hadoop_hadoop-client-api-3.3.2.jar with timestamp 1719430405849
24/06/26 19:33:26 INFO SparkContext: Added JAR file:///opt/bitnami/spark/.ivy2/jars/commons-logging_commons-logging-1.1.3.jar at spark://localhost:40317/jars/commons-logging_commons-logging-1.1.3.jar with timestamp 1719430405849
[2024-06-26T19:33:26.739+0000] {docker.py:436} INFO - 24/06/26 19:33:26 INFO SparkContext: Added file file:///opt/bitnami/spark/.ivy2/jars/org.apache.spark_spark-sql-kafka-0-10_2.12-3.3.0.jar at file:///opt/bitnami/spark/.ivy2/jars/org.apache.spark_spark-sql-kafka-0-10_2.12-3.3.0.jar with timestamp 1719430405849
[2024-06-26T19:33:26.740+0000] {docker.py:436} INFO - 24/06/26 19:33:26 INFO Utils: Copying /opt/bitnami/spark/.ivy2/jars/org.apache.spark_spark-sql-kafka-0-10_2.12-3.3.0.jar to /tmp/spark-494a32f9-6855-48c5-b72f-0e5d0a709bf3/userFiles-26051afc-e9ed-4ebb-b30f-6ab059040b3c/org.apache.spark_spark-sql-kafka-0-10_2.12-3.3.0.jar
[2024-06-26T19:33:26.750+0000] {docker.py:436} INFO - 24/06/26 19:33:26 INFO SparkContext: Added file file:///opt/bitnami/spark/.ivy2/jars/org.postgresql_postgresql-42.2.2.jar at file:///opt/bitnami/spark/.ivy2/jars/org.postgresql_postgresql-42.2.2.jar with timestamp 1719430405849
[2024-06-26T19:33:26.751+0000] {docker.py:436} INFO - 24/06/26 19:33:26 INFO Utils: Copying /opt/bitnami/spark/.ivy2/jars/org.postgresql_postgresql-42.2.2.jar to /tmp/spark-494a32f9-6855-48c5-b72f-0e5d0a709bf3/userFiles-26051afc-e9ed-4ebb-b30f-6ab059040b3c/org.postgresql_postgresql-42.2.2.jar
[2024-06-26T19:33:26.758+0000] {docker.py:436} INFO - 24/06/26 19:33:26 INFO SparkContext: Added file file:///opt/bitnami/spark/.ivy2/jars/org.apache.spark_spark-token-provider-kafka-0-10_2.12-3.3.0.jar at file:///opt/bitnami/spark/.ivy2/jars/org.apache.spark_spark-token-provider-kafka-0-10_2.12-3.3.0.jar with timestamp 1719430405849
[2024-06-26T19:33:26.759+0000] {docker.py:436} INFO - 24/06/26 19:33:26 INFO Utils: Copying /opt/bitnami/spark/.ivy2/jars/org.apache.spark_spark-token-provider-kafka-0-10_2.12-3.3.0.jar to /tmp/spark-494a32f9-6855-48c5-b72f-0e5d0a709bf3/userFiles-26051afc-e9ed-4ebb-b30f-6ab059040b3c/org.apache.spark_spark-token-provider-kafka-0-10_2.12-3.3.0.jar
[2024-06-26T19:33:26.770+0000] {docker.py:436} INFO - 24/06/26 19:33:26 INFO SparkContext: Added file file:///opt/bitnami/spark/.ivy2/jars/org.apache.kafka_kafka-clients-2.8.1.jar at file:///opt/bitnami/spark/.ivy2/jars/org.apache.kafka_kafka-clients-2.8.1.jar with timestamp 1719430405849
24/06/26 19:33:26 INFO Utils: Copying /opt/bitnami/spark/.ivy2/jars/org.apache.kafka_kafka-clients-2.8.1.jar to /tmp/spark-494a32f9-6855-48c5-b72f-0e5d0a709bf3/userFiles-26051afc-e9ed-4ebb-b30f-6ab059040b3c/org.apache.kafka_kafka-clients-2.8.1.jar
[2024-06-26T19:33:26.783+0000] {docker.py:436} INFO - 24/06/26 19:33:26 INFO SparkContext: Added file file:///opt/bitnami/spark/.ivy2/jars/com.google.code.findbugs_jsr305-3.0.0.jar at file:///opt/bitnami/spark/.ivy2/jars/com.google.code.findbugs_jsr305-3.0.0.jar with timestamp 1719430405849
[2024-06-26T19:33:26.785+0000] {docker.py:436} INFO - 24/06/26 19:33:26 INFO Utils: Copying /opt/bitnami/spark/.ivy2/jars/com.google.code.findbugs_jsr305-3.0.0.jar to /tmp/spark-494a32f9-6855-48c5-b72f-0e5d0a709bf3/userFiles-26051afc-e9ed-4ebb-b30f-6ab059040b3c/com.google.code.findbugs_jsr305-3.0.0.jar
[2024-06-26T19:33:26.790+0000] {docker.py:436} INFO - 24/06/26 19:33:26 INFO SparkContext: Added file file:///opt/bitnami/spark/.ivy2/jars/org.apache.commons_commons-pool2-2.11.1.jar at file:///opt/bitnami/spark/.ivy2/jars/org.apache.commons_commons-pool2-2.11.1.jar with timestamp 1719430405849
[2024-06-26T19:33:26.791+0000] {docker.py:436} INFO - 24/06/26 19:33:26 INFO Utils: Copying /opt/bitnami/spark/.ivy2/jars/org.apache.commons_commons-pool2-2.11.1.jar to /tmp/spark-494a32f9-6855-48c5-b72f-0e5d0a709bf3/userFiles-26051afc-e9ed-4ebb-b30f-6ab059040b3c/org.apache.commons_commons-pool2-2.11.1.jar
[2024-06-26T19:33:26.798+0000] {docker.py:436} INFO - 24/06/26 19:33:26 INFO SparkContext: Added file file:///opt/bitnami/spark/.ivy2/jars/org.spark-project.spark_unused-1.0.0.jar at file:///opt/bitnami/spark/.ivy2/jars/org.spark-project.spark_unused-1.0.0.jar with timestamp 1719430405849
[2024-06-26T19:33:26.801+0000] {docker.py:436} INFO - 24/06/26 19:33:26 INFO Utils: Copying /opt/bitnami/spark/.ivy2/jars/org.spark-project.spark_unused-1.0.0.jar to /tmp/spark-494a32f9-6855-48c5-b72f-0e5d0a709bf3/userFiles-26051afc-e9ed-4ebb-b30f-6ab059040b3c/org.spark-project.spark_unused-1.0.0.jar
[2024-06-26T19:33:26.809+0000] {docker.py:436} INFO - 24/06/26 19:33:26 INFO SparkContext: Added file file:///opt/bitnami/spark/.ivy2/jars/org.apache.hadoop_hadoop-client-runtime-3.3.2.jar at file:///opt/bitnami/spark/.ivy2/jars/org.apache.hadoop_hadoop-client-runtime-3.3.2.jar with timestamp 1719430405849
24/06/26 19:33:26 INFO Utils: Copying /opt/bitnami/spark/.ivy2/jars/org.apache.hadoop_hadoop-client-runtime-3.3.2.jar to /tmp/spark-494a32f9-6855-48c5-b72f-0e5d0a709bf3/userFiles-26051afc-e9ed-4ebb-b30f-6ab059040b3c/org.apache.hadoop_hadoop-client-runtime-3.3.2.jar
[2024-06-26T19:33:26.844+0000] {docker.py:436} INFO - 24/06/26 19:33:26 INFO SparkContext: Added file file:///opt/bitnami/spark/.ivy2/jars/org.lz4_lz4-java-1.8.0.jar at file:///opt/bitnami/spark/.ivy2/jars/org.lz4_lz4-java-1.8.0.jar with timestamp 1719430405849
[2024-06-26T19:33:26.846+0000] {docker.py:436} INFO - 24/06/26 19:33:26 INFO Utils: Copying /opt/bitnami/spark/.ivy2/jars/org.lz4_lz4-java-1.8.0.jar to /tmp/spark-494a32f9-6855-48c5-b72f-0e5d0a709bf3/userFiles-26051afc-e9ed-4ebb-b30f-6ab059040b3c/org.lz4_lz4-java-1.8.0.jar
[2024-06-26T19:33:26.852+0000] {docker.py:436} INFO - 24/06/26 19:33:26 INFO SparkContext: Added file file:///opt/bitnami/spark/.ivy2/jars/org.xerial.snappy_snappy-java-1.1.8.4.jar at file:///opt/bitnami/spark/.ivy2/jars/org.xerial.snappy_snappy-java-1.1.8.4.jar with timestamp 1719430405849
[2024-06-26T19:33:26.853+0000] {docker.py:436} INFO - 24/06/26 19:33:26 INFO Utils: Copying /opt/bitnami/spark/.ivy2/jars/org.xerial.snappy_snappy-java-1.1.8.4.jar to /tmp/spark-494a32f9-6855-48c5-b72f-0e5d0a709bf3/userFiles-26051afc-e9ed-4ebb-b30f-6ab059040b3c/org.xerial.snappy_snappy-java-1.1.8.4.jar
[2024-06-26T19:33:26.862+0000] {docker.py:436} INFO - 24/06/26 19:33:26 INFO SparkContext: Added file file:///opt/bitnami/spark/.ivy2/jars/org.slf4j_slf4j-api-1.7.32.jar at file:///opt/bitnami/spark/.ivy2/jars/org.slf4j_slf4j-api-1.7.32.jar with timestamp 1719430405849
[2024-06-26T19:33:26.867+0000] {docker.py:436} INFO - 24/06/26 19:33:26 INFO Utils: Copying /opt/bitnami/spark/.ivy2/jars/org.slf4j_slf4j-api-1.7.32.jar to /tmp/spark-494a32f9-6855-48c5-b72f-0e5d0a709bf3/userFiles-26051afc-e9ed-4ebb-b30f-6ab059040b3c/org.slf4j_slf4j-api-1.7.32.jar
[2024-06-26T19:33:26.871+0000] {docker.py:436} INFO - 24/06/26 19:33:26 INFO SparkContext: Added file file:///opt/bitnami/spark/.ivy2/jars/org.apache.hadoop_hadoop-client-api-3.3.2.jar at file:///opt/bitnami/spark/.ivy2/jars/org.apache.hadoop_hadoop-client-api-3.3.2.jar with timestamp 1719430405849
[2024-06-26T19:33:26.873+0000] {docker.py:436} INFO - 24/06/26 19:33:26 INFO Utils: Copying /opt/bitnami/spark/.ivy2/jars/org.apache.hadoop_hadoop-client-api-3.3.2.jar to /tmp/spark-494a32f9-6855-48c5-b72f-0e5d0a709bf3/userFiles-26051afc-e9ed-4ebb-b30f-6ab059040b3c/org.apache.hadoop_hadoop-client-api-3.3.2.jar
[2024-06-26T19:33:26.905+0000] {docker.py:436} INFO - 24/06/26 19:33:26 INFO SparkContext: Added file file:///opt/bitnami/spark/.ivy2/jars/commons-logging_commons-logging-1.1.3.jar at file:///opt/bitnami/spark/.ivy2/jars/commons-logging_commons-logging-1.1.3.jar with timestamp 1719430405849
[2024-06-26T19:33:26.906+0000] {docker.py:436} INFO - 24/06/26 19:33:26 INFO Utils: Copying /opt/bitnami/spark/.ivy2/jars/commons-logging_commons-logging-1.1.3.jar to /tmp/spark-494a32f9-6855-48c5-b72f-0e5d0a709bf3/userFiles-26051afc-e9ed-4ebb-b30f-6ab059040b3c/commons-logging_commons-logging-1.1.3.jar
[2024-06-26T19:33:27.012+0000] {docker.py:436} INFO - 24/06/26 19:33:27 INFO Executor: Starting executor ID driver on host localhost
[2024-06-26T19:33:27.013+0000] {docker.py:436} INFO - 24/06/26 19:33:27 INFO Executor: OS info Linux, 6.5.0-41-generic, amd64
24/06/26 19:33:27 INFO Executor: Java version 17.0.11
[2024-06-26T19:33:27.022+0000] {docker.py:436} INFO - 24/06/26 19:33:27 INFO Executor: Starting executor with user classpath (userClassPathFirst = false): ''
[2024-06-26T19:33:27.022+0000] {docker.py:436} INFO - 24/06/26 19:33:27 INFO Executor: Created or updated repl class loader org.apache.spark.util.MutableURLClassLoader@3a23102f for default.
[2024-06-26T19:33:27.045+0000] {docker.py:436} INFO - 24/06/26 19:33:27 INFO Executor: Fetching file:///opt/bitnami/spark/.ivy2/jars/org.postgresql_postgresql-42.2.2.jar with timestamp 1719430405849
[2024-06-26T19:33:27.071+0000] {docker.py:436} INFO - 24/06/26 19:33:27 INFO Utils: /opt/bitnami/spark/.ivy2/jars/org.postgresql_postgresql-42.2.2.jar has been previously copied to /tmp/spark-494a32f9-6855-48c5-b72f-0e5d0a709bf3/userFiles-26051afc-e9ed-4ebb-b30f-6ab059040b3c/org.postgresql_postgresql-42.2.2.jar
[2024-06-26T19:33:27.076+0000] {docker.py:436} INFO - 24/06/26 19:33:27 INFO Executor: Fetching file:///opt/bitnami/spark/.ivy2/jars/org.apache.hadoop_hadoop-client-api-3.3.2.jar with timestamp 1719430405849
[2024-06-26T19:33:27.097+0000] {docker.py:436} INFO - 24/06/26 19:33:27 INFO Utils: /opt/bitnami/spark/.ivy2/jars/org.apache.hadoop_hadoop-client-api-3.3.2.jar has been previously copied to /tmp/spark-494a32f9-6855-48c5-b72f-0e5d0a709bf3/userFiles-26051afc-e9ed-4ebb-b30f-6ab059040b3c/org.apache.hadoop_hadoop-client-api-3.3.2.jar
[2024-06-26T19:33:27.102+0000] {docker.py:436} INFO - 24/06/26 19:33:27 INFO Executor: Fetching file:///opt/bitnami/spark/.ivy2/jars/org.xerial.snappy_snappy-java-1.1.8.4.jar with timestamp 1719430405849
[2024-06-26T19:33:27.107+0000] {docker.py:436} INFO - 24/06/26 19:33:27 INFO Utils: /opt/bitnami/spark/.ivy2/jars/org.xerial.snappy_snappy-java-1.1.8.4.jar has been previously copied to /tmp/spark-494a32f9-6855-48c5-b72f-0e5d0a709bf3/userFiles-26051afc-e9ed-4ebb-b30f-6ab059040b3c/org.xerial.snappy_snappy-java-1.1.8.4.jar
[2024-06-26T19:33:27.112+0000] {docker.py:436} INFO - 24/06/26 19:33:27 INFO Executor: Fetching file:///opt/bitnami/spark/.ivy2/jars/org.apache.hadoop_hadoop-client-runtime-3.3.2.jar with timestamp 1719430405849
[2024-06-26T19:33:27.156+0000] {docker.py:436} INFO - 24/06/26 19:33:27 INFO Utils: /opt/bitnami/spark/.ivy2/jars/org.apache.hadoop_hadoop-client-runtime-3.3.2.jar has been previously copied to /tmp/spark-494a32f9-6855-48c5-b72f-0e5d0a709bf3/userFiles-26051afc-e9ed-4ebb-b30f-6ab059040b3c/org.apache.hadoop_hadoop-client-runtime-3.3.2.jar
[2024-06-26T19:33:27.160+0000] {docker.py:436} INFO - 24/06/26 19:33:27 INFO Executor: Fetching file:///opt/bitnami/spark/.ivy2/jars/org.apache.commons_commons-pool2-2.11.1.jar with timestamp 1719430405849
[2024-06-26T19:33:27.161+0000] {docker.py:436} INFO - 24/06/26 19:33:27 INFO Utils: /opt/bitnami/spark/.ivy2/jars/org.apache.commons_commons-pool2-2.11.1.jar has been previously copied to /tmp/spark-494a32f9-6855-48c5-b72f-0e5d0a709bf3/userFiles-26051afc-e9ed-4ebb-b30f-6ab059040b3c/org.apache.commons_commons-pool2-2.11.1.jar
[2024-06-26T19:33:27.165+0000] {docker.py:436} INFO - 24/06/26 19:33:27 INFO Executor: Fetching file:///opt/bitnami/spark/.ivy2/jars/org.apache.spark_spark-token-provider-kafka-0-10_2.12-3.3.0.jar with timestamp 1719430405849
[2024-06-26T19:33:27.166+0000] {docker.py:436} INFO - 24/06/26 19:33:27 INFO Utils: /opt/bitnami/spark/.ivy2/jars/org.apache.spark_spark-token-provider-kafka-0-10_2.12-3.3.0.jar has been previously copied to /tmp/spark-494a32f9-6855-48c5-b72f-0e5d0a709bf3/userFiles-26051afc-e9ed-4ebb-b30f-6ab059040b3c/org.apache.spark_spark-token-provider-kafka-0-10_2.12-3.3.0.jar
[2024-06-26T19:33:27.170+0000] {docker.py:436} INFO - 24/06/26 19:33:27 INFO Executor: Fetching file:///opt/bitnami/spark/.ivy2/jars/org.slf4j_slf4j-api-1.7.32.jar with timestamp 1719430405849
[2024-06-26T19:33:27.171+0000] {docker.py:436} INFO - 24/06/26 19:33:27 INFO Utils: /opt/bitnami/spark/.ivy2/jars/org.slf4j_slf4j-api-1.7.32.jar has been previously copied to /tmp/spark-494a32f9-6855-48c5-b72f-0e5d0a709bf3/userFiles-26051afc-e9ed-4ebb-b30f-6ab059040b3c/org.slf4j_slf4j-api-1.7.32.jar
[2024-06-26T19:33:27.176+0000] {docker.py:436} INFO - 24/06/26 19:33:27 INFO Executor: Fetching file:///opt/bitnami/spark/.ivy2/jars/org.apache.spark_spark-sql-kafka-0-10_2.12-3.3.0.jar with timestamp 1719430405849
[2024-06-26T19:33:27.177+0000] {docker.py:436} INFO - 24/06/26 19:33:27 INFO Utils: /opt/bitnami/spark/.ivy2/jars/org.apache.spark_spark-sql-kafka-0-10_2.12-3.3.0.jar has been previously copied to /tmp/spark-494a32f9-6855-48c5-b72f-0e5d0a709bf3/userFiles-26051afc-e9ed-4ebb-b30f-6ab059040b3c/org.apache.spark_spark-sql-kafka-0-10_2.12-3.3.0.jar
[2024-06-26T19:33:27.181+0000] {docker.py:436} INFO - 24/06/26 19:33:27 INFO Executor: Fetching file:///opt/bitnami/spark/.ivy2/jars/com.google.code.findbugs_jsr305-3.0.0.jar with timestamp 1719430405849
[2024-06-26T19:33:27.183+0000] {docker.py:436} INFO - 24/06/26 19:33:27 INFO Utils: /opt/bitnami/spark/.ivy2/jars/com.google.code.findbugs_jsr305-3.0.0.jar has been previously copied to /tmp/spark-494a32f9-6855-48c5-b72f-0e5d0a709bf3/userFiles-26051afc-e9ed-4ebb-b30f-6ab059040b3c/com.google.code.findbugs_jsr305-3.0.0.jar
[2024-06-26T19:33:27.188+0000] {docker.py:436} INFO - 24/06/26 19:33:27 INFO Executor: Fetching file:///opt/bitnami/spark/.ivy2/jars/org.lz4_lz4-java-1.8.0.jar with timestamp 1719430405849
[2024-06-26T19:33:27.190+0000] {docker.py:436} INFO - 24/06/26 19:33:27 INFO Utils: /opt/bitnami/spark/.ivy2/jars/org.lz4_lz4-java-1.8.0.jar has been previously copied to /tmp/spark-494a32f9-6855-48c5-b72f-0e5d0a709bf3/userFiles-26051afc-e9ed-4ebb-b30f-6ab059040b3c/org.lz4_lz4-java-1.8.0.jar
[2024-06-26T19:33:27.200+0000] {docker.py:436} INFO - 24/06/26 19:33:27 INFO Executor: Fetching file:///opt/bitnami/spark/.ivy2/jars/commons-logging_commons-logging-1.1.3.jar with timestamp 1719430405849
24/06/26 19:33:27 INFO Utils: /opt/bitnami/spark/.ivy2/jars/commons-logging_commons-logging-1.1.3.jar has been previously copied to /tmp/spark-494a32f9-6855-48c5-b72f-0e5d0a709bf3/userFiles-26051afc-e9ed-4ebb-b30f-6ab059040b3c/commons-logging_commons-logging-1.1.3.jar
[2024-06-26T19:33:27.204+0000] {docker.py:436} INFO - 24/06/26 19:33:27 INFO Executor: Fetching file:///opt/bitnami/spark/.ivy2/jars/org.spark-project.spark_unused-1.0.0.jar with timestamp 1719430405849
[2024-06-26T19:33:27.205+0000] {docker.py:436} INFO - 24/06/26 19:33:27 INFO Utils: /opt/bitnami/spark/.ivy2/jars/org.spark-project.spark_unused-1.0.0.jar has been previously copied to /tmp/spark-494a32f9-6855-48c5-b72f-0e5d0a709bf3/userFiles-26051afc-e9ed-4ebb-b30f-6ab059040b3c/org.spark-project.spark_unused-1.0.0.jar
[2024-06-26T19:33:27.210+0000] {docker.py:436} INFO - 24/06/26 19:33:27 INFO Executor: Fetching file:///opt/bitnami/spark/.ivy2/jars/org.apache.kafka_kafka-clients-2.8.1.jar with timestamp 1719430405849
[2024-06-26T19:33:27.228+0000] {docker.py:436} INFO - 24/06/26 19:33:27 INFO Utils: /opt/bitnami/spark/.ivy2/jars/org.apache.kafka_kafka-clients-2.8.1.jar has been previously copied to /tmp/spark-494a32f9-6855-48c5-b72f-0e5d0a709bf3/userFiles-26051afc-e9ed-4ebb-b30f-6ab059040b3c/org.apache.kafka_kafka-clients-2.8.1.jar
[2024-06-26T19:33:27.235+0000] {docker.py:436} INFO - 24/06/26 19:33:27 INFO Executor: Fetching spark://localhost:40317/jars/org.apache.hadoop_hadoop-client-api-3.3.2.jar with timestamp 1719430405849
[2024-06-26T19:33:27.307+0000] {docker.py:436} INFO - 24/06/26 19:33:27 INFO TransportClientFactory: Successfully created connection to localhost/127.0.0.1:40317 after 53 ms (0 ms spent in bootstraps)
[2024-06-26T19:33:27.315+0000] {docker.py:436} INFO - 24/06/26 19:33:27 INFO Utils: Fetching spark://localhost:40317/jars/org.apache.hadoop_hadoop-client-api-3.3.2.jar to /tmp/spark-494a32f9-6855-48c5-b72f-0e5d0a709bf3/userFiles-26051afc-e9ed-4ebb-b30f-6ab059040b3c/fetchFileTemp629259671148955845.tmp
[2024-06-26T19:33:27.583+0000] {docker.py:436} INFO - 24/06/26 19:33:27 INFO Utils: /tmp/spark-494a32f9-6855-48c5-b72f-0e5d0a709bf3/userFiles-26051afc-e9ed-4ebb-b30f-6ab059040b3c/fetchFileTemp629259671148955845.tmp has been previously copied to /tmp/spark-494a32f9-6855-48c5-b72f-0e5d0a709bf3/userFiles-26051afc-e9ed-4ebb-b30f-6ab059040b3c/org.apache.hadoop_hadoop-client-api-3.3.2.jar
[2024-06-26T19:33:27.601+0000] {docker.py:436} INFO - 24/06/26 19:33:27 INFO Executor: Adding file:/tmp/spark-494a32f9-6855-48c5-b72f-0e5d0a709bf3/userFiles-26051afc-e9ed-4ebb-b30f-6ab059040b3c/org.apache.hadoop_hadoop-client-api-3.3.2.jar to class loader default
24/06/26 19:33:27 INFO Executor: Fetching spark://localhost:40317/jars/org.apache.spark_spark-token-provider-kafka-0-10_2.12-3.3.0.jar with timestamp 1719430405849
24/06/26 19:33:27 INFO Utils: Fetching spark://localhost:40317/jars/org.apache.spark_spark-token-provider-kafka-0-10_2.12-3.3.0.jar to /tmp/spark-494a32f9-6855-48c5-b72f-0e5d0a709bf3/userFiles-26051afc-e9ed-4ebb-b30f-6ab059040b3c/fetchFileTemp9674833850129085329.tmp
[2024-06-26T19:33:27.604+0000] {docker.py:436} INFO - 24/06/26 19:33:27 INFO Utils: /tmp/spark-494a32f9-6855-48c5-b72f-0e5d0a709bf3/userFiles-26051afc-e9ed-4ebb-b30f-6ab059040b3c/fetchFileTemp9674833850129085329.tmp has been previously copied to /tmp/spark-494a32f9-6855-48c5-b72f-0e5d0a709bf3/userFiles-26051afc-e9ed-4ebb-b30f-6ab059040b3c/org.apache.spark_spark-token-provider-kafka-0-10_2.12-3.3.0.jar
[2024-06-26T19:33:27.613+0000] {docker.py:436} INFO - 24/06/26 19:33:27 INFO Executor: Adding file:/tmp/spark-494a32f9-6855-48c5-b72f-0e5d0a709bf3/userFiles-26051afc-e9ed-4ebb-b30f-6ab059040b3c/org.apache.spark_spark-token-provider-kafka-0-10_2.12-3.3.0.jar to class loader default
[2024-06-26T19:33:27.614+0000] {docker.py:436} INFO - 24/06/26 19:33:27 INFO Executor: Fetching spark://localhost:40317/jars/org.apache.hadoop_hadoop-client-runtime-3.3.2.jar with timestamp 1719430405849
[2024-06-26T19:33:27.616+0000] {docker.py:436} INFO - 24/06/26 19:33:27 INFO Utils: Fetching spark://localhost:40317/jars/org.apache.hadoop_hadoop-client-runtime-3.3.2.jar to /tmp/spark-494a32f9-6855-48c5-b72f-0e5d0a709bf3/userFiles-26051afc-e9ed-4ebb-b30f-6ab059040b3c/fetchFileTemp14614796902502621936.tmp
[2024-06-26T19:33:27.883+0000] {docker.py:436} INFO - 24/06/26 19:33:27 INFO Utils: /tmp/spark-494a32f9-6855-48c5-b72f-0e5d0a709bf3/userFiles-26051afc-e9ed-4ebb-b30f-6ab059040b3c/fetchFileTemp14614796902502621936.tmp has been previously copied to /tmp/spark-494a32f9-6855-48c5-b72f-0e5d0a709bf3/userFiles-26051afc-e9ed-4ebb-b30f-6ab059040b3c/org.apache.hadoop_hadoop-client-runtime-3.3.2.jar
[2024-06-26T19:33:27.891+0000] {docker.py:436} INFO - 24/06/26 19:33:27 INFO Executor: Adding file:/tmp/spark-494a32f9-6855-48c5-b72f-0e5d0a709bf3/userFiles-26051afc-e9ed-4ebb-b30f-6ab059040b3c/org.apache.hadoop_hadoop-client-runtime-3.3.2.jar to class loader default
[2024-06-26T19:33:27.892+0000] {docker.py:436} INFO - 24/06/26 19:33:27 INFO Executor: Fetching spark://localhost:40317/jars/org.apache.spark_spark-sql-kafka-0-10_2.12-3.3.0.jar with timestamp 1719430405849
24/06/26 19:33:27 INFO Utils: Fetching spark://localhost:40317/jars/org.apache.spark_spark-sql-kafka-0-10_2.12-3.3.0.jar to /tmp/spark-494a32f9-6855-48c5-b72f-0e5d0a709bf3/userFiles-26051afc-e9ed-4ebb-b30f-6ab059040b3c/fetchFileTemp3879737601738336216.tmp
[2024-06-26T19:33:27.895+0000] {docker.py:436} INFO - 24/06/26 19:33:27 INFO Utils: /tmp/spark-494a32f9-6855-48c5-b72f-0e5d0a709bf3/userFiles-26051afc-e9ed-4ebb-b30f-6ab059040b3c/fetchFileTemp3879737601738336216.tmp has been previously copied to /tmp/spark-494a32f9-6855-48c5-b72f-0e5d0a709bf3/userFiles-26051afc-e9ed-4ebb-b30f-6ab059040b3c/org.apache.spark_spark-sql-kafka-0-10_2.12-3.3.0.jar
[2024-06-26T19:33:27.900+0000] {docker.py:436} INFO - 24/06/26 19:33:27 INFO Executor: Adding file:/tmp/spark-494a32f9-6855-48c5-b72f-0e5d0a709bf3/userFiles-26051afc-e9ed-4ebb-b30f-6ab059040b3c/org.apache.spark_spark-sql-kafka-0-10_2.12-3.3.0.jar to class loader default
[2024-06-26T19:33:27.900+0000] {docker.py:436} INFO - 24/06/26 19:33:27 INFO Executor: Fetching spark://localhost:40317/jars/org.apache.kafka_kafka-clients-2.8.1.jar with timestamp 1719430405849
[2024-06-26T19:33:27.901+0000] {docker.py:436} INFO - 24/06/26 19:33:27 INFO Utils: Fetching spark://localhost:40317/jars/org.apache.kafka_kafka-clients-2.8.1.jar to /tmp/spark-494a32f9-6855-48c5-b72f-0e5d0a709bf3/userFiles-26051afc-e9ed-4ebb-b30f-6ab059040b3c/fetchFileTemp6784404314025883568.tmp
[2024-06-26T19:33:27.920+0000] {docker.py:436} INFO - 24/06/26 19:33:27 INFO Utils: /tmp/spark-494a32f9-6855-48c5-b72f-0e5d0a709bf3/userFiles-26051afc-e9ed-4ebb-b30f-6ab059040b3c/fetchFileTemp6784404314025883568.tmp has been previously copied to /tmp/spark-494a32f9-6855-48c5-b72f-0e5d0a709bf3/userFiles-26051afc-e9ed-4ebb-b30f-6ab059040b3c/org.apache.kafka_kafka-clients-2.8.1.jar
[2024-06-26T19:33:27.926+0000] {docker.py:436} INFO - 24/06/26 19:33:27 INFO Executor: Adding file:/tmp/spark-494a32f9-6855-48c5-b72f-0e5d0a709bf3/userFiles-26051afc-e9ed-4ebb-b30f-6ab059040b3c/org.apache.kafka_kafka-clients-2.8.1.jar to class loader default
[2024-06-26T19:33:27.927+0000] {docker.py:436} INFO - 24/06/26 19:33:27 INFO Executor: Fetching spark://localhost:40317/jars/org.lz4_lz4-java-1.8.0.jar with timestamp 1719430405849
24/06/26 19:33:27 INFO Utils: Fetching spark://localhost:40317/jars/org.lz4_lz4-java-1.8.0.jar to /tmp/spark-494a32f9-6855-48c5-b72f-0e5d0a709bf3/userFiles-26051afc-e9ed-4ebb-b30f-6ab059040b3c/fetchFileTemp5657192023088550664.tmp
[2024-06-26T19:33:27.932+0000] {docker.py:436} INFO - 24/06/26 19:33:27 INFO Utils: /tmp/spark-494a32f9-6855-48c5-b72f-0e5d0a709bf3/userFiles-26051afc-e9ed-4ebb-b30f-6ab059040b3c/fetchFileTemp5657192023088550664.tmp has been previously copied to /tmp/spark-494a32f9-6855-48c5-b72f-0e5d0a709bf3/userFiles-26051afc-e9ed-4ebb-b30f-6ab059040b3c/org.lz4_lz4-java-1.8.0.jar
[2024-06-26T19:33:27.936+0000] {docker.py:436} INFO - 24/06/26 19:33:27 INFO Executor: Adding file:/tmp/spark-494a32f9-6855-48c5-b72f-0e5d0a709bf3/userFiles-26051afc-e9ed-4ebb-b30f-6ab059040b3c/org.lz4_lz4-java-1.8.0.jar to class loader default
[2024-06-26T19:33:27.937+0000] {docker.py:436} INFO - 24/06/26 19:33:27 INFO Executor: Fetching spark://localhost:40317/jars/org.apache.commons_commons-pool2-2.11.1.jar with timestamp 1719430405849
[2024-06-26T19:33:27.937+0000] {docker.py:436} INFO - 24/06/26 19:33:27 INFO Utils: Fetching spark://localhost:40317/jars/org.apache.commons_commons-pool2-2.11.1.jar to /tmp/spark-494a32f9-6855-48c5-b72f-0e5d0a709bf3/userFiles-26051afc-e9ed-4ebb-b30f-6ab059040b3c/fetchFileTemp15138115355558904457.tmp
[2024-06-26T19:33:27.940+0000] {docker.py:436} INFO - 24/06/26 19:33:27 INFO Utils: /tmp/spark-494a32f9-6855-48c5-b72f-0e5d0a709bf3/userFiles-26051afc-e9ed-4ebb-b30f-6ab059040b3c/fetchFileTemp15138115355558904457.tmp has been previously copied to /tmp/spark-494a32f9-6855-48c5-b72f-0e5d0a709bf3/userFiles-26051afc-e9ed-4ebb-b30f-6ab059040b3c/org.apache.commons_commons-pool2-2.11.1.jar
[2024-06-26T19:33:27.946+0000] {docker.py:436} INFO - 24/06/26 19:33:27 INFO Executor: Adding file:/tmp/spark-494a32f9-6855-48c5-b72f-0e5d0a709bf3/userFiles-26051afc-e9ed-4ebb-b30f-6ab059040b3c/org.apache.commons_commons-pool2-2.11.1.jar to class loader default
[2024-06-26T19:33:27.946+0000] {docker.py:436} INFO - 24/06/26 19:33:27 INFO Executor: Fetching spark://localhost:40317/jars/org.slf4j_slf4j-api-1.7.32.jar with timestamp 1719430405849
[2024-06-26T19:33:27.947+0000] {docker.py:436} INFO - 24/06/26 19:33:27 INFO Utils: Fetching spark://localhost:40317/jars/org.slf4j_slf4j-api-1.7.32.jar to /tmp/spark-494a32f9-6855-48c5-b72f-0e5d0a709bf3/userFiles-26051afc-e9ed-4ebb-b30f-6ab059040b3c/fetchFileTemp594133662330831929.tmp
[2024-06-26T19:33:27.949+0000] {docker.py:436} INFO - 24/06/26 19:33:27 INFO Utils: /tmp/spark-494a32f9-6855-48c5-b72f-0e5d0a709bf3/userFiles-26051afc-e9ed-4ebb-b30f-6ab059040b3c/fetchFileTemp594133662330831929.tmp has been previously copied to /tmp/spark-494a32f9-6855-48c5-b72f-0e5d0a709bf3/userFiles-26051afc-e9ed-4ebb-b30f-6ab059040b3c/org.slf4j_slf4j-api-1.7.32.jar
[2024-06-26T19:33:27.954+0000] {docker.py:436} INFO - 24/06/26 19:33:27 INFO Executor: Adding file:/tmp/spark-494a32f9-6855-48c5-b72f-0e5d0a709bf3/userFiles-26051afc-e9ed-4ebb-b30f-6ab059040b3c/org.slf4j_slf4j-api-1.7.32.jar to class loader default
[2024-06-26T19:33:27.955+0000] {docker.py:436} INFO - 24/06/26 19:33:27 INFO Executor: Fetching spark://localhost:40317/jars/commons-logging_commons-logging-1.1.3.jar with timestamp 1719430405849
[2024-06-26T19:33:27.955+0000] {docker.py:436} INFO - 24/06/26 19:33:27 INFO Utils: Fetching spark://localhost:40317/jars/commons-logging_commons-logging-1.1.3.jar to /tmp/spark-494a32f9-6855-48c5-b72f-0e5d0a709bf3/userFiles-26051afc-e9ed-4ebb-b30f-6ab059040b3c/fetchFileTemp2611239736977051064.tmp
[2024-06-26T19:33:27.957+0000] {docker.py:436} INFO - 24/06/26 19:33:27 INFO Utils: /tmp/spark-494a32f9-6855-48c5-b72f-0e5d0a709bf3/userFiles-26051afc-e9ed-4ebb-b30f-6ab059040b3c/fetchFileTemp2611239736977051064.tmp has been previously copied to /tmp/spark-494a32f9-6855-48c5-b72f-0e5d0a709bf3/userFiles-26051afc-e9ed-4ebb-b30f-6ab059040b3c/commons-logging_commons-logging-1.1.3.jar
[2024-06-26T19:33:27.962+0000] {docker.py:436} INFO - 24/06/26 19:33:27 INFO Executor: Adding file:/tmp/spark-494a32f9-6855-48c5-b72f-0e5d0a709bf3/userFiles-26051afc-e9ed-4ebb-b30f-6ab059040b3c/commons-logging_commons-logging-1.1.3.jar to class loader default
[2024-06-26T19:33:27.963+0000] {docker.py:436} INFO - 24/06/26 19:33:27 INFO Executor: Fetching spark://localhost:40317/jars/org.postgresql_postgresql-42.2.2.jar with timestamp 1719430405849
[2024-06-26T19:33:27.963+0000] {docker.py:436} INFO - 24/06/26 19:33:27 INFO Utils: Fetching spark://localhost:40317/jars/org.postgresql_postgresql-42.2.2.jar to /tmp/spark-494a32f9-6855-48c5-b72f-0e5d0a709bf3/userFiles-26051afc-e9ed-4ebb-b30f-6ab059040b3c/fetchFileTemp10807408638719926647.tmp
[2024-06-26T19:33:27.971+0000] {docker.py:436} INFO - 24/06/26 19:33:27 INFO Utils: /tmp/spark-494a32f9-6855-48c5-b72f-0e5d0a709bf3/userFiles-26051afc-e9ed-4ebb-b30f-6ab059040b3c/fetchFileTemp10807408638719926647.tmp has been previously copied to /tmp/spark-494a32f9-6855-48c5-b72f-0e5d0a709bf3/userFiles-26051afc-e9ed-4ebb-b30f-6ab059040b3c/org.postgresql_postgresql-42.2.2.jar
[2024-06-26T19:33:27.976+0000] {docker.py:436} INFO - 24/06/26 19:33:27 INFO Executor: Adding file:/tmp/spark-494a32f9-6855-48c5-b72f-0e5d0a709bf3/userFiles-26051afc-e9ed-4ebb-b30f-6ab059040b3c/org.postgresql_postgresql-42.2.2.jar to class loader default
[2024-06-26T19:33:27.977+0000] {docker.py:436} INFO - 24/06/26 19:33:27 INFO Executor: Fetching spark://localhost:40317/jars/org.xerial.snappy_snappy-java-1.1.8.4.jar with timestamp 1719430405849
[2024-06-26T19:33:27.979+0000] {docker.py:436} INFO - 24/06/26 19:33:27 INFO Utils: Fetching spark://localhost:40317/jars/org.xerial.snappy_snappy-java-1.1.8.4.jar to /tmp/spark-494a32f9-6855-48c5-b72f-0e5d0a709bf3/userFiles-26051afc-e9ed-4ebb-b30f-6ab059040b3c/fetchFileTemp267328930048995428.tmp
[2024-06-26T19:33:27.991+0000] {docker.py:436} INFO - 24/06/26 19:33:27 INFO Utils: /tmp/spark-494a32f9-6855-48c5-b72f-0e5d0a709bf3/userFiles-26051afc-e9ed-4ebb-b30f-6ab059040b3c/fetchFileTemp267328930048995428.tmp has been previously copied to /tmp/spark-494a32f9-6855-48c5-b72f-0e5d0a709bf3/userFiles-26051afc-e9ed-4ebb-b30f-6ab059040b3c/org.xerial.snappy_snappy-java-1.1.8.4.jar
[2024-06-26T19:33:27.997+0000] {docker.py:436} INFO - 24/06/26 19:33:27 INFO Executor: Adding file:/tmp/spark-494a32f9-6855-48c5-b72f-0e5d0a709bf3/userFiles-26051afc-e9ed-4ebb-b30f-6ab059040b3c/org.xerial.snappy_snappy-java-1.1.8.4.jar to class loader default
[2024-06-26T19:33:27.998+0000] {docker.py:436} INFO - 24/06/26 19:33:27 INFO Executor: Fetching spark://localhost:40317/jars/com.google.code.findbugs_jsr305-3.0.0.jar with timestamp 1719430405849
[2024-06-26T19:33:28.000+0000] {docker.py:436} INFO - 24/06/26 19:33:27 INFO Utils: Fetching spark://localhost:40317/jars/com.google.code.findbugs_jsr305-3.0.0.jar to /tmp/spark-494a32f9-6855-48c5-b72f-0e5d0a709bf3/userFiles-26051afc-e9ed-4ebb-b30f-6ab059040b3c/fetchFileTemp4152466379730278480.tmp
[2024-06-26T19:33:28.003+0000] {docker.py:436} INFO - 24/06/26 19:33:28 INFO Utils: /tmp/spark-494a32f9-6855-48c5-b72f-0e5d0a709bf3/userFiles-26051afc-e9ed-4ebb-b30f-6ab059040b3c/fetchFileTemp4152466379730278480.tmp has been previously copied to /tmp/spark-494a32f9-6855-48c5-b72f-0e5d0a709bf3/userFiles-26051afc-e9ed-4ebb-b30f-6ab059040b3c/com.google.code.findbugs_jsr305-3.0.0.jar
[2024-06-26T19:33:28.012+0000] {docker.py:436} INFO - 24/06/26 19:33:28 INFO Executor: Adding file:/tmp/spark-494a32f9-6855-48c5-b72f-0e5d0a709bf3/userFiles-26051afc-e9ed-4ebb-b30f-6ab059040b3c/com.google.code.findbugs_jsr305-3.0.0.jar to class loader default
[2024-06-26T19:33:28.013+0000] {docker.py:436} INFO - 24/06/26 19:33:28 INFO Executor: Fetching spark://localhost:40317/jars/org.spark-project.spark_unused-1.0.0.jar with timestamp 1719430405849
[2024-06-26T19:33:28.015+0000] {docker.py:436} INFO - 24/06/26 19:33:28 INFO Utils: Fetching spark://localhost:40317/jars/org.spark-project.spark_unused-1.0.0.jar to /tmp/spark-494a32f9-6855-48c5-b72f-0e5d0a709bf3/userFiles-26051afc-e9ed-4ebb-b30f-6ab059040b3c/fetchFileTemp15803791355105384471.tmp
[2024-06-26T19:33:28.017+0000] {docker.py:436} INFO - 24/06/26 19:33:28 INFO Utils: /tmp/spark-494a32f9-6855-48c5-b72f-0e5d0a709bf3/userFiles-26051afc-e9ed-4ebb-b30f-6ab059040b3c/fetchFileTemp15803791355105384471.tmp has been previously copied to /tmp/spark-494a32f9-6855-48c5-b72f-0e5d0a709bf3/userFiles-26051afc-e9ed-4ebb-b30f-6ab059040b3c/org.spark-project.spark_unused-1.0.0.jar
[2024-06-26T19:33:28.023+0000] {docker.py:436} INFO - 24/06/26 19:33:28 INFO Executor: Adding file:/tmp/spark-494a32f9-6855-48c5-b72f-0e5d0a709bf3/userFiles-26051afc-e9ed-4ebb-b30f-6ab059040b3c/org.spark-project.spark_unused-1.0.0.jar to class loader default
[2024-06-26T19:33:28.050+0000] {docker.py:436} INFO - 24/06/26 19:33:28 INFO Utils: Successfully started service 'org.apache.spark.network.netty.NettyBlockTransferService' on port 43203.
[2024-06-26T19:33:28.051+0000] {docker.py:436} INFO - 24/06/26 19:33:28 INFO NettyBlockTransferService: Server created on localhost:43203
[2024-06-26T19:33:28.055+0000] {docker.py:436} INFO - 24/06/26 19:33:28 INFO BlockManager: Using org.apache.spark.storage.RandomBlockReplicationPolicy for block replication policy
[2024-06-26T19:33:28.064+0000] {docker.py:436} INFO - 24/06/26 19:33:28 INFO BlockManagerMaster: Registering BlockManager BlockManagerId(driver, localhost, 43203, None)
[2024-06-26T19:33:28.068+0000] {docker.py:436} INFO - 24/06/26 19:33:28 INFO BlockManagerMasterEndpoint: Registering block manager localhost:43203 with 434.4 MiB RAM, BlockManagerId(driver, localhost, 43203, None)
[2024-06-26T19:33:28.071+0000] {docker.py:436} INFO - 24/06/26 19:33:28 INFO BlockManagerMaster: Registered BlockManager BlockManagerId(driver, localhost, 43203, None)
[2024-06-26T19:33:28.073+0000] {docker.py:436} INFO - 24/06/26 19:33:28 INFO BlockManager: Initialized BlockManager: BlockManagerId(driver, localhost, 43203, None)
[2024-06-26T19:33:28.574+0000] {docker.py:436} INFO - 2024-06-26 19:33:28,573:create_spark_session:INFO:Spark session created successfully
[2024-06-26T19:33:28.581+0000] {docker.py:436} INFO - 24/06/26 19:33:28 INFO SharedState: Setting hive.metastore.warehouse.dir ('null') to the value of spark.sql.warehouse.dir.
[2024-06-26T19:33:28.586+0000] {docker.py:436} INFO - 24/06/26 19:33:28 INFO SharedState: Warehouse path is 'file:/opt/bitnami/spark/spark-warehouse'.
[2024-06-26T19:33:30.291+0000] {docker.py:436} INFO - 2024-06-26 19:33:30,291:create_initial_dataframe:INFO:Initial dataframe created successfully:
[2024-06-26T19:33:30.703+0000] {docker.py:436} INFO - 24/06/26 19:33:30 INFO StateStoreCoordinatorRef: Registered StateStoreCoordinator endpoint
[2024-06-26T19:33:30.753+0000] {docker.py:436} INFO - 24/06/26 19:33:30 WARN ResolveWriteToStream: Temporary checkpoint location created which is deleted normally when the query didn't fail: /tmp/temporary-3b2add65-7f7a-41bc-8150-fb10eeaaf139. If it's required to delete it under any circumstances, please set spark.sql.streaming.forceDeleteTempCheckpointLocation to true. Important to know deleting temp checkpoint folder is best effort.
[2024-06-26T19:33:30.788+0000] {docker.py:436} INFO - 24/06/26 19:33:30 INFO ResolveWriteToStream: Checkpoint root file:///tmp/temporary-3b2add65-7f7a-41bc-8150-fb10eeaaf139 resolved to file:/tmp/temporary-3b2add65-7f7a-41bc-8150-fb10eeaaf139.
[2024-06-26T19:33:30.789+0000] {docker.py:436} INFO - 24/06/26 19:33:30 WARN ResolveWriteToStream: spark.sql.adaptive.enabled is not supported in streaming DataFrames/Datasets and will be disabled.
[2024-06-26T19:33:30.884+0000] {docker.py:436} INFO - 24/06/26 19:33:30 INFO CheckpointFileManager: Writing atomically to file:/tmp/temporary-3b2add65-7f7a-41bc-8150-fb10eeaaf139/metadata using temp file file:/tmp/temporary-3b2add65-7f7a-41bc-8150-fb10eeaaf139/.metadata.21b89104-92e1-4c84-9b1f-be7cea229722.tmp
[2024-06-26T19:33:31.004+0000] {docker.py:436} INFO - 24/06/26 19:33:31 INFO CheckpointFileManager: Renamed temp file file:/tmp/temporary-3b2add65-7f7a-41bc-8150-fb10eeaaf139/.metadata.21b89104-92e1-4c84-9b1f-be7cea229722.tmp to file:/tmp/temporary-3b2add65-7f7a-41bc-8150-fb10eeaaf139/metadata
[2024-06-26T19:33:31.040+0000] {docker.py:436} INFO - 24/06/26 19:33:31 INFO MicroBatchExecution: Starting [id = c367687c-8484-43ac-8746-f4e3f62be086, runId = c43a70b7-1141-4154-86cc-c80e14921fe5]. Use file:/tmp/temporary-3b2add65-7f7a-41bc-8150-fb10eeaaf139 to store the query checkpoint.
[2024-06-26T19:33:31.051+0000] {docker.py:436} INFO - 24/06/26 19:33:31 INFO MicroBatchExecution: Reading table [org.apache.spark.sql.kafka010.KafkaSourceProvider$KafkaTable@3f19a1c5] from DataSourceV2 named 'kafka' [org.apache.spark.sql.kafka010.KafkaSourceProvider@31bc046e]
[2024-06-26T19:33:31.088+0000] {docker.py:436} INFO - 24/06/26 19:33:31 INFO OffsetSeqLog: BatchIds found from listing:
[2024-06-26T19:33:31.090+0000] {docker.py:436} INFO - 24/06/26 19:33:31 INFO OffsetSeqLog: BatchIds found from listing:
[2024-06-26T19:33:31.094+0000] {docker.py:436} INFO - 24/06/26 19:33:31 INFO MicroBatchExecution: Starting new streaming query.
[2024-06-26T19:33:31.096+0000] {docker.py:436} INFO - 24/06/26 19:33:31 INFO MicroBatchExecution: Stream started from {}
[2024-06-26T19:33:31.510+0000] {docker.py:436} INFO - 24/06/26 19:33:31 INFO AdminClientConfig: AdminClientConfig values: 
	bootstrap.servers = [kafka:9092]
	client.dns.lookup = use_all_dns_ips
	client.id = 
	connections.max.idle.ms = 300000
	default.api.timeout.ms = 60000
	metadata.max.age.ms = 300000
	metric.reporters = []
	metrics.num.samples = 2
	metrics.recording.level = INFO
	metrics.sample.window.ms = 30000
	receive.buffer.bytes = 65536
	reconnect.backoff.max.ms = 1000
	reconnect.backoff.ms = 50
	request.timeout.ms = 30000
	retries = 2147483647
	retry.backoff.ms = 100
	sasl.client.callback.handler.class = null
	sasl.jaas.config = null
	sasl.kerberos.kinit.cmd = /usr/bin/kinit
	sasl.kerberos.min.time.before.relogin = 60000
	sasl.kerberos.service.name = null
	sasl.kerberos.ticket.renew.jitter = 0.05
	sasl.kerberos.ticket.renew.window.factor = 0.8
	sasl.login.callback.handler.class = null
	sasl.login.class = null
	sasl.login.refresh.buffer.seconds = 300
	sasl.login.refresh.min.period.seconds = 60
	sasl.login.refresh.window.factor = 0.8
	sasl.login.refresh.window.jitter = 0.05
	sasl.mechanism = GSSAPI
	security.protocol = PLAINTEXT
	security.providers = null
	send.buffer.bytes = 131072
	socket.connection.setup.timeout.max.ms = 30000
	socket.connection.setup.timeout.ms = 10000
	ssl.cipher.suites = null
	ssl.enabled.protocols = [TLSv1.2, TLSv1.3]
	ssl.endpoint.identification.algorithm = https
	ssl.engine.factory.class = null
	ssl.key.password = null
	ssl.keymanager.algorithm = SunX509
	ssl.keystore.certificate.chain = null
	ssl.keystore.key = null
	ssl.keystore.location = null
	ssl.keystore.password = null
	ssl.keystore.type = JKS
	ssl.protocol = TLSv1.3
	ssl.provider = null
	ssl.secure.random.implementation = null
	ssl.trustmanager.algorithm = PKIX
	ssl.truststore.certificates = null
	ssl.truststore.location = null
	ssl.truststore.password = null
	ssl.truststore.type = JKS
[2024-06-26T19:33:31.599+0000] {docker.py:436} INFO - 24/06/26 19:33:31 WARN AdminClientConfig: The configuration 'key.deserializer' was supplied but isn't a known config.
24/06/26 19:33:31 WARN AdminClientConfig: The configuration 'value.deserializer' was supplied but isn't a known config.
24/06/26 19:33:31 WARN AdminClientConfig: The configuration 'enable.auto.commit' was supplied but isn't a known config.
24/06/26 19:33:31 WARN AdminClientConfig: The configuration 'max.poll.records' was supplied but isn't a known config.
24/06/26 19:33:31 WARN AdminClientConfig: The configuration 'auto.offset.reset' was supplied but isn't a known config.
[2024-06-26T19:33:31.601+0000] {docker.py:436} INFO - 24/06/26 19:33:31 INFO AppInfoParser: Kafka version: 2.8.1
[2024-06-26T19:33:31.603+0000] {docker.py:436} INFO - 24/06/26 19:33:31 INFO AppInfoParser: Kafka commitId: 839b886f9b732b15
24/06/26 19:33:31 INFO AppInfoParser: Kafka startTimeMs: 1719430411597
[2024-06-26T19:33:32.094+0000] {docker.py:436} INFO - 24/06/26 19:33:32 INFO CheckpointFileManager: Writing atomically to file:/tmp/temporary-3b2add65-7f7a-41bc-8150-fb10eeaaf139/sources/0/0 using temp file file:/tmp/temporary-3b2add65-7f7a-41bc-8150-fb10eeaaf139/sources/0/.0.bf1ca88e-f4da-40fb-b21b-ad3ddbe1951f.tmp
[2024-06-26T19:33:32.126+0000] {docker.py:436} INFO - 24/06/26 19:33:32 INFO CheckpointFileManager: Renamed temp file file:/tmp/temporary-3b2add65-7f7a-41bc-8150-fb10eeaaf139/sources/0/.0.bf1ca88e-f4da-40fb-b21b-ad3ddbe1951f.tmp to file:/tmp/temporary-3b2add65-7f7a-41bc-8150-fb10eeaaf139/sources/0/0
[2024-06-26T19:33:32.127+0000] {docker.py:436} INFO - 24/06/26 19:33:32 INFO KafkaMicroBatchStream: Initial offsets: {"store_source_data":{"0":8}}
[2024-06-26T19:33:32.152+0000] {docker.py:436} INFO - 24/06/26 19:33:32 INFO CheckpointFileManager: Writing atomically to file:/tmp/temporary-3b2add65-7f7a-41bc-8150-fb10eeaaf139/offsets/0 using temp file file:/tmp/temporary-3b2add65-7f7a-41bc-8150-fb10eeaaf139/offsets/.0.a961396a-bfd8-4130-b00c-11c87f42361e.tmp
[2024-06-26T19:33:32.197+0000] {docker.py:436} INFO - 24/06/26 19:33:32 INFO CheckpointFileManager: Renamed temp file file:/tmp/temporary-3b2add65-7f7a-41bc-8150-fb10eeaaf139/offsets/.0.a961396a-bfd8-4130-b00c-11c87f42361e.tmp to file:/tmp/temporary-3b2add65-7f7a-41bc-8150-fb10eeaaf139/offsets/0
[2024-06-26T19:33:32.201+0000] {docker.py:436} INFO - 24/06/26 19:33:32 INFO MicroBatchExecution: Committed offsets for batch 0. Metadata OffsetSeqMetadata(0,1719430412140,Map(spark.sql.streaming.stateStore.providerClass -> org.apache.spark.sql.execution.streaming.state.HDFSBackedStateStoreProvider, spark.sql.streaming.join.stateFormatVersion -> 2, spark.sql.streaming.stateStore.compression.codec -> lz4, spark.sql.streaming.stateStore.rocksdb.formatVersion -> 5, spark.sql.streaming.statefulOperator.useStrictDistribution -> true, spark.sql.streaming.flatMapGroupsWithState.stateFormatVersion -> 2, spark.sql.streaming.multipleWatermarkPolicy -> min, spark.sql.streaming.aggregation.stateFormatVersion -> 2, spark.sql.shuffle.partitions -> 200))
[2024-06-26T19:33:32.709+0000] {docker.py:436} INFO - 24/06/26 19:33:32 INFO KafkaOffsetReaderAdmin: Partitions added: Map()
[2024-06-26T19:33:32.791+0000] {docker.py:436} INFO - 24/06/26 19:33:32 INFO KafkaOffsetReaderAdmin: Partitions added: Map()
[2024-06-26T19:33:32.884+0000] {docker.py:436} INFO - 24/06/26 19:33:32 INFO KafkaOffsetReaderAdmin: Partitions added: Map()
[2024-06-26T19:33:32.888+0000] {docker.py:436} INFO - 24/06/26 19:33:32 INFO KafkaOffsetReaderAdmin: Partitions added: Map()
[2024-06-26T19:33:32.971+0000] {docker.py:436} INFO - 24/06/26 19:33:32 INFO KafkaOffsetReaderAdmin: Partitions added: Map()
[2024-06-26T19:33:32.975+0000] {docker.py:436} INFO - 24/06/26 19:33:32 INFO KafkaOffsetReaderAdmin: Partitions added: Map()
[2024-06-26T19:33:33.477+0000] {docker.py:436} INFO - 24/06/26 19:33:33 INFO CodeGenerator: Code generated in 220.451876 ms
[2024-06-26T19:33:33.585+0000] {docker.py:436} INFO - 24/06/26 19:33:33 INFO WriteToDataSourceV2Exec: Start processing data source write support: MicroBatchWrite[epoch: 0, writer: ConsoleWriter[numRows=20, truncate=true]]. The input RDD has 1 partitions.
[2024-06-26T19:33:33.597+0000] {docker.py:436} INFO - 24/06/26 19:33:33 INFO SparkContext: Starting job: start at NativeMethodAccessorImpl.java:0
[2024-06-26T19:33:33.616+0000] {docker.py:436} INFO - 24/06/26 19:33:33 INFO DAGScheduler: Got job 0 (start at NativeMethodAccessorImpl.java:0) with 1 output partitions
[2024-06-26T19:33:33.616+0000] {docker.py:436} INFO - 24/06/26 19:33:33 INFO DAGScheduler: Final stage: ResultStage 0 (start at NativeMethodAccessorImpl.java:0)
[2024-06-26T19:33:33.616+0000] {docker.py:436} INFO - 24/06/26 19:33:33 INFO DAGScheduler: Parents of final stage: List()
[2024-06-26T19:33:33.618+0000] {docker.py:436} INFO - 24/06/26 19:33:33 INFO DAGScheduler: Missing parents: List()
[2024-06-26T19:33:33.621+0000] {docker.py:436} INFO - 24/06/26 19:33:33 INFO DAGScheduler: Submitting ResultStage 0 (MapPartitionsRDD[3] at start at NativeMethodAccessorImpl.java:0), which has no missing parents
[2024-06-26T19:33:33.890+0000] {docker.py:436} INFO - 24/06/26 19:33:33 INFO MemoryStore: Block broadcast_0 stored as values in memory (estimated size 23.8 KiB, free 434.4 MiB)
[2024-06-26T19:33:33.928+0000] {docker.py:436} INFO - 24/06/26 19:33:33 INFO MemoryStore: Block broadcast_0_piece0 stored as bytes in memory (estimated size 10.6 KiB, free 434.4 MiB)
[2024-06-26T19:33:33.930+0000] {docker.py:436} INFO - 24/06/26 19:33:33 INFO BlockManagerInfo: Added broadcast_0_piece0 in memory on localhost:43203 (size: 10.6 KiB, free: 434.4 MiB)
[2024-06-26T19:33:33.936+0000] {docker.py:436} INFO - 24/06/26 19:33:33 INFO SparkContext: Created broadcast 0 from broadcast at DAGScheduler.scala:1585
[2024-06-26T19:33:33.953+0000] {docker.py:436} INFO - 24/06/26 19:33:33 INFO DAGScheduler: Submitting 1 missing tasks from ResultStage 0 (MapPartitionsRDD[3] at start at NativeMethodAccessorImpl.java:0) (first 15 tasks are for partitions Vector(0))
[2024-06-26T19:33:33.954+0000] {docker.py:436} INFO - 24/06/26 19:33:33 INFO TaskSchedulerImpl: Adding task set 0.0 with 1 tasks resource profile 0
[2024-06-26T19:33:34.034+0000] {docker.py:436} INFO - 24/06/26 19:33:34 INFO TaskSetManager: Starting task 0.0 in stage 0.0 (TID 0) (localhost, executor driver, partition 0, PROCESS_LOCAL, 11072 bytes)
[2024-06-26T19:33:34.052+0000] {docker.py:436} INFO - 24/06/26 19:33:34 INFO Executor: Running task 0.0 in stage 0.0 (TID 0)
[2024-06-26T19:33:34.252+0000] {docker.py:436} INFO - 24/06/26 19:33:34 INFO CodeGenerator: Code generated in 50.004398 ms
[2024-06-26T19:33:34.278+0000] {docker.py:436} INFO - 24/06/26 19:33:34 INFO CodeGenerator: Code generated in 21.867159 ms
[2024-06-26T19:33:34.383+0000] {docker.py:436} INFO - 24/06/26 19:33:34 INFO CodeGenerator: Code generated in 30.897455 ms
[2024-06-26T19:33:34.415+0000] {docker.py:436} INFO - 24/06/26 19:33:34 INFO CodeGenerator: Code generated in 19.911397 ms
[2024-06-26T19:33:34.434+0000] {docker.py:436} INFO - 24/06/26 19:33:34 INFO ConsumerConfig: ConsumerConfig values: 
	allow.auto.create.topics = true
	auto.commit.interval.ms = 5000
	auto.offset.reset = none
	bootstrap.servers = [kafka:9092]
	check.crcs = true
	client.dns.lookup = use_all_dns_ips
	client.id = consumer-spark-kafka-source-e5502c05-5ae0-4554-a997-cc4e71222f8d--1893139543-executor-1
	client.rack = 
	connections.max.idle.ms = 540000
	default.api.timeout.ms = 60000
	enable.auto.commit = false
	exclude.internal.topics = true
	fetch.max.bytes = 52428800
	fetch.max.wait.ms = 500
	fetch.min.bytes = 1
	group.id = spark-kafka-source-e5502c05-5ae0-4554-a997-cc4e71222f8d--1893139543-executor
	group.instance.id = null
	heartbeat.interval.ms = 3000
	interceptor.classes = []
	internal.leave.group.on.close = true
	internal.throw.on.fetch.stable.offset.unsupported = false
	isolation.level = read_uncommitted
	key.deserializer = class org.apache.kafka.common.serialization.ByteArrayDeserializer
	max.partition.fetch.bytes = 1048576
	max.poll.interval.ms = 300000
	max.poll.records = 500
	metadata.max.age.ms = 300000
	metric.reporters = []
	metrics.num.samples = 2
	metrics.recording.level = INFO
	metrics.sample.window.ms = 30000
	partition.assignment.strategy = [class org.apache.kafka.clients.consumer.RangeAssignor]
	receive.buffer.bytes = 65536
	reconnect.backoff.max.ms = 1000
	reconnect.backoff.ms = 50
	request.timeout.ms = 30000
	retry.backoff.ms = 100
	sasl.client.callback.handler.class = null
	sasl.jaas.config = null
	sasl.kerberos.kinit.cmd = /usr/bin/kinit
	sasl.kerberos.min.time.before.relogin = 60000
	sasl.kerberos.service.name = null
	sasl.kerberos.ticket.renew.jitter = 0.05
	sasl.kerberos.ticket.renew.window.factor = 0.8
	sasl.login.callback.handler.class = null
	sasl.login.class = null
	sasl.login.refresh.buffer.seconds = 300
	sasl.login.refresh.min.period.seconds = 60
	sasl.login.refresh.window.factor = 0.8
	sasl.login.refresh.window.jitter = 0.05
	sasl.mechanism = GSSAPI
	security.protocol = PLAINTEXT
	security.providers = null
	send.buffer.bytes = 131072
	session.timeout.ms = 10000
	socket.connection.setup.timeout.max.ms = 30000
	socket.connection.setup.timeout.ms = 10000
	ssl.cipher.suites = null
	ssl.enabled.protocols = [TLSv1.2, TLSv1.3]
	ssl.endpoint.identification.algorithm = https
	ssl.engine.factory.class = null
	ssl.key.password = null
	ssl.keymanager.algorithm = SunX509
	ssl.keystore.certificate.chain = null
	ssl.keystore.key = null
	ssl.keystore.location = null
	ssl.keystore.password = null
	ssl.keystore.type = JKS
	ssl.protocol = TLSv1.3
	ssl.provider = null
	ssl.secure.random.implementation = null
	ssl.trustmanager.algorithm = PKIX
	ssl.truststore.certificates = null
	ssl.truststore.location = null
	ssl.truststore.password = null
	ssl.truststore.type = JKS
	value.deserializer = class org.apache.kafka.common.serialization.ByteArrayDeserializer
[2024-06-26T19:33:34.502+0000] {docker.py:436} INFO - 24/06/26 19:33:34 INFO AppInfoParser: Kafka version: 2.8.1
[2024-06-26T19:33:34.509+0000] {docker.py:436} INFO - 24/06/26 19:33:34 INFO AppInfoParser: Kafka commitId: 839b886f9b732b15
24/06/26 19:33:34 INFO AppInfoParser: Kafka startTimeMs: 1719430414502
[2024-06-26T19:33:34.513+0000] {docker.py:436} INFO - 24/06/26 19:33:34 INFO KafkaConsumer: [Consumer clientId=consumer-spark-kafka-source-e5502c05-5ae0-4554-a997-cc4e71222f8d--1893139543-executor-1, groupId=spark-kafka-source-e5502c05-5ae0-4554-a997-cc4e71222f8d--1893139543-executor] Subscribed to partition(s): store_source_data-0
[2024-06-26T19:33:34.522+0000] {docker.py:436} INFO - 24/06/26 19:33:34 INFO KafkaConsumer: [Consumer clientId=consumer-spark-kafka-source-e5502c05-5ae0-4554-a997-cc4e71222f8d--1893139543-executor-1, groupId=spark-kafka-source-e5502c05-5ae0-4554-a997-cc4e71222f8d--1893139543-executor] Seeking to offset 8 for partition store_source_data-0
[2024-06-26T19:33:34.534+0000] {docker.py:436} INFO - 24/06/26 19:33:34 INFO Metadata: [Consumer clientId=consumer-spark-kafka-source-e5502c05-5ae0-4554-a997-cc4e71222f8d--1893139543-executor-1, groupId=spark-kafka-source-e5502c05-5ae0-4554-a997-cc4e71222f8d--1893139543-executor] Cluster ID: DvxeahjVTmCRqiJU0Wz8qg
[2024-06-26T19:33:34.591+0000] {docker.py:436} INFO - 24/06/26 19:33:34 INFO SubscriptionState: [Consumer clientId=consumer-spark-kafka-source-e5502c05-5ae0-4554-a997-cc4e71222f8d--1893139543-executor-1, groupId=spark-kafka-source-e5502c05-5ae0-4554-a997-cc4e71222f8d--1893139543-executor] Seeking to EARLIEST offset of partition store_source_data-0
[2024-06-26T19:33:35.090+0000] {docker.py:436} INFO - 24/06/26 19:33:35 INFO SubscriptionState: [Consumer clientId=consumer-spark-kafka-source-e5502c05-5ae0-4554-a997-cc4e71222f8d--1893139543-executor-1, groupId=spark-kafka-source-e5502c05-5ae0-4554-a997-cc4e71222f8d--1893139543-executor] Resetting offset for partition store_source_data-0 to position FetchPosition{offset=8, offsetEpoch=Optional.empty, currentLeader=LeaderAndEpoch{leader=Optional[kafka:9092 (id: 0 rack: null)], epoch=6}}.
[2024-06-26T19:33:35.090+0000] {docker.py:436} INFO - 24/06/26 19:33:35 INFO SubscriptionState: [Consumer clientId=consumer-spark-kafka-source-e5502c05-5ae0-4554-a997-cc4e71222f8d--1893139543-executor-1, groupId=spark-kafka-source-e5502c05-5ae0-4554-a997-cc4e71222f8d--1893139543-executor] Seeking to LATEST offset of partition store_source_data-0
[2024-06-26T19:33:35.091+0000] {docker.py:436} INFO - 24/06/26 19:33:35 INFO SubscriptionState: [Consumer clientId=consumer-spark-kafka-source-e5502c05-5ae0-4554-a997-cc4e71222f8d--1893139543-executor-1, groupId=spark-kafka-source-e5502c05-5ae0-4554-a997-cc4e71222f8d--1893139543-executor] Resetting offset for partition store_source_data-0 to position FetchPosition{offset=15, offsetEpoch=Optional.empty, currentLeader=LeaderAndEpoch{leader=Optional[kafka:9092 (id: 0 rack: null)], epoch=6}}.
[2024-06-26T19:33:35.252+0000] {docker.py:436} INFO - 24/06/26 19:33:35 INFO DataWritingSparkTask: Writer for partition 0 is committing.
[2024-06-26T19:33:35.255+0000] {docker.py:436} INFO - 24/06/26 19:33:35 INFO DataWritingSparkTask: Committed partition 0 (task 0, attempt 0, stage 0.0)
[2024-06-26T19:33:35.281+0000] {docker.py:436} INFO - 24/06/26 19:33:35 INFO Executor: Finished task 0.0 in stage 0.0 (TID 0). 2610 bytes result sent to driver
[2024-06-26T19:33:35.295+0000] {docker.py:436} INFO - 24/06/26 19:33:35 INFO TaskSetManager: Finished task 0.0 in stage 0.0 (TID 0) in 1288 ms on localhost (executor driver) (1/1)
[2024-06-26T19:33:35.296+0000] {docker.py:436} INFO - 24/06/26 19:33:35 INFO TaskSchedulerImpl: Removed TaskSet 0.0, whose tasks have all completed, from pool
[2024-06-26T19:33:35.303+0000] {docker.py:436} INFO - 24/06/26 19:33:35 INFO DAGScheduler: ResultStage 0 (start at NativeMethodAccessorImpl.java:0) finished in 1.665 s
[2024-06-26T19:33:35.308+0000] {docker.py:436} INFO - 24/06/26 19:33:35 INFO DAGScheduler: Job 0 is finished. Cancelling potential speculative or zombie tasks for this job
[2024-06-26T19:33:35.309+0000] {docker.py:436} INFO - 24/06/26 19:33:35 INFO TaskSchedulerImpl: Killing all running tasks in stage 0: Stage finished
[2024-06-26T19:33:35.311+0000] {docker.py:436} INFO - 24/06/26 19:33:35 INFO DAGScheduler: Job 0 finished: start at NativeMethodAccessorImpl.java:0, took 1.713611 s
[2024-06-26T19:33:35.314+0000] {docker.py:436} INFO - 24/06/26 19:33:35 INFO WriteToDataSourceV2Exec: Data source write support MicroBatchWrite[epoch: 0, writer: ConsoleWriter[numRows=20, truncate=true]] is committing.
[2024-06-26T19:33:35.317+0000] {docker.py:436} INFO - -------------------------------------------
Batch: 0
-------------------------------------------
[2024-06-26T19:33:35.427+0000] {docker.py:436} INFO - 24/06/26 19:33:35 INFO CodeGenerator: Code generated in 12.844755 ms
[2024-06-26T19:33:36.865+0000] {docker.py:436} INFO - 24/06/26 19:33:36 INFO CodeGenerator: Code generated in 62.98238 ms
[2024-06-26T19:33:36.893+0000] {docker.py:436} INFO - +--------------+----------------+----+--------+------------+--------------+
|item_purchased|date_of_purchase|cost|quantity|purchased_by|payment_method|
+--------------+----------------+----+--------+------------+--------------+
|          NULL|            NULL|NULL|    NULL|        NULL|          NULL|
|          NULL|            NULL|NULL|    NULL|        NULL|          NULL|
|          NULL|            NULL|NULL|    NULL|        NULL|          NULL|
|          NULL|            NULL|NULL|    NULL|        NULL|          NULL|
|          NULL|            NULL|NULL|    NULL|        NULL|          NULL|
|          NULL|            NULL|NULL|    NULL|        NULL|          NULL|
|          NULL|            NULL|NULL|    NULL|        NULL|          NULL|
+--------------+----------------+----+--------+------------+--------------+
[2024-06-26T19:33:36.897+0000] {docker.py:436} INFO - 24/06/26 19:33:36 INFO WriteToDataSourceV2Exec: Data source write support MicroBatchWrite[epoch: 0, writer: ConsoleWriter[numRows=20, truncate=true]] committed.
[2024-06-26T19:33:36.918+0000] {docker.py:436} INFO - 24/06/26 19:33:36 INFO CheckpointFileManager: Writing atomically to file:/tmp/temporary-3b2add65-7f7a-41bc-8150-fb10eeaaf139/commits/0 using temp file file:/tmp/temporary-3b2add65-7f7a-41bc-8150-fb10eeaaf139/commits/.0.420dd3c9-bb38-4a9e-b134-72a867ca92e8.tmp
[2024-06-26T19:33:37.018+0000] {docker.py:436} INFO - 24/06/26 19:33:37 INFO CheckpointFileManager: Renamed temp file file:/tmp/temporary-3b2add65-7f7a-41bc-8150-fb10eeaaf139/commits/.0.420dd3c9-bb38-4a9e-b134-72a867ca92e8.tmp to file:/tmp/temporary-3b2add65-7f7a-41bc-8150-fb10eeaaf139/commits/0
[2024-06-26T19:33:37.073+0000] {docker.py:436} INFO - 24/06/26 19:33:37 INFO MicroBatchExecution: Streaming query made progress: {
  "id" : "c367687c-8484-43ac-8746-f4e3f62be086",
  "runId" : "c43a70b7-1141-4154-86cc-c80e14921fe5",
  "name" : null,
  "timestamp" : "2024-06-26T19:33:31.079Z",
  "batchId" : 0,
  "numInputRows" : 7,
  "inputRowsPerSecond" : 0.0,
  "processedRowsPerSecond" : 1.17864960431049,
  "durationMs" : {
    "addBatch" : 4062,
    "commitOffsets" : 121,
    "getBatch" : 20,
    "latestOffset" : 1040,
    "queryPlanning" : 603,
    "triggerExecution" : 5938,
    "walCommit" : 56
  },
  "stateOperators" : [ ],
  "sources" : [ {
    "description" : "KafkaV2[Subscribe[store_source_data]]",
    "startOffset" : null,
    "endOffset" : {
      "store_source_data" : {
        "0" : 15
      }
    },
    "latestOffset" : {
      "store_source_data" : {
        "0" : 15
      }
    },
    "numInputRows" : 7,
    "inputRowsPerSecond" : 0.0,
    "processedRowsPerSecond" : 1.17864960431049,
    "metrics" : {
      "avgOffsetsBehindLatest" : "0.0",
      "maxOffsetsBehindLatest" : "0",
      "minOffsetsBehindLatest" : "0"
    }
  } ],
  "sink" : {
    "description" : "org.apache.spark.sql.execution.streaming.ConsoleTable$@4ac7253",
    "numOutputRows" : 7
  }
}
[2024-06-26T19:33:41.398+0000] {docker.py:436} INFO - 24/06/26 19:33:41 INFO BlockManagerInfo: Removed broadcast_0_piece0 on localhost:43203 in memory (size: 10.6 KiB, free: 434.4 MiB)
[2024-06-26T19:33:47.053+0000] {docker.py:436} INFO - 24/06/26 19:33:47 INFO MicroBatchExecution: Streaming query has been idle and waiting for new data more than 10000 ms.
[2024-06-26T19:33:57.055+0000] {docker.py:436} INFO - 24/06/26 19:33:57 INFO MicroBatchExecution: Streaming query has been idle and waiting for new data more than 10000 ms.
[2024-06-26T19:34:07.056+0000] {docker.py:436} INFO - 24/06/26 19:34:07 INFO MicroBatchExecution: Streaming query has been idle and waiting for new data more than 10000 ms.
[2024-06-26T19:34:17.065+0000] {docker.py:436} INFO - 24/06/26 19:34:17 INFO MicroBatchExecution: Streaming query has been idle and waiting for new data more than 10000 ms.
[2024-06-26T19:34:27.066+0000] {docker.py:436} INFO - 24/06/26 19:34:27 INFO MicroBatchExecution: Streaming query has been idle and waiting for new data more than 10000 ms.
[2024-06-26T19:34:37.066+0000] {docker.py:436} INFO - 24/06/26 19:34:37 INFO MicroBatchExecution: Streaming query has been idle and waiting for new data more than 10000 ms.
[2024-06-26T19:34:47.083+0000] {docker.py:436} INFO - 24/06/26 19:34:47 INFO MicroBatchExecution: Streaming query has been idle and waiting for new data more than 10000 ms.
[2024-06-26T19:34:49.742+0000] {docker.py:436} INFO - 24/06/26 19:34:49 INFO CheckpointFileManager: Writing atomically to file:/tmp/temporary-3b2add65-7f7a-41bc-8150-fb10eeaaf139/offsets/1 using temp file file:/tmp/temporary-3b2add65-7f7a-41bc-8150-fb10eeaaf139/offsets/.1.de7e7c20-eeb6-4fd0-b3a6-a62c76e9886a.tmp
[2024-06-26T19:34:49.867+0000] {docker.py:436} INFO - 24/06/26 19:34:49 INFO CheckpointFileManager: Renamed temp file file:/tmp/temporary-3b2add65-7f7a-41bc-8150-fb10eeaaf139/offsets/.1.de7e7c20-eeb6-4fd0-b3a6-a62c76e9886a.tmp to file:/tmp/temporary-3b2add65-7f7a-41bc-8150-fb10eeaaf139/offsets/1
24/06/26 19:34:49 INFO MicroBatchExecution: Committed offsets for batch 1. Metadata OffsetSeqMetadata(0,1719430489726,Map(spark.sql.streaming.stateStore.providerClass -> org.apache.spark.sql.execution.streaming.state.HDFSBackedStateStoreProvider, spark.sql.streaming.join.stateFormatVersion -> 2, spark.sql.streaming.stateStore.compression.codec -> lz4, spark.sql.streaming.stateStore.rocksdb.formatVersion -> 5, spark.sql.streaming.statefulOperator.useStrictDistribution -> true, spark.sql.streaming.flatMapGroupsWithState.stateFormatVersion -> 2, spark.sql.streaming.multipleWatermarkPolicy -> min, spark.sql.streaming.aggregation.stateFormatVersion -> 2, spark.sql.shuffle.partitions -> 200))
[2024-06-26T19:34:49.967+0000] {docker.py:436} INFO - 24/06/26 19:34:49 INFO KafkaOffsetReaderAdmin: Partitions added: Map()
24/06/26 19:34:49 INFO KafkaOffsetReaderAdmin: Partitions added: Map()
[2024-06-26T19:34:50.016+0000] {docker.py:436} INFO - 24/06/26 19:34:50 INFO KafkaOffsetReaderAdmin: Partitions added: Map()
[2024-06-26T19:34:50.022+0000] {docker.py:436} INFO - 24/06/26 19:34:50 INFO KafkaOffsetReaderAdmin: Partitions added: Map()
[2024-06-26T19:34:50.091+0000] {docker.py:436} INFO - 24/06/26 19:34:50 INFO KafkaOffsetReaderAdmin: Partitions added: Map()
[2024-06-26T19:34:50.094+0000] {docker.py:436} INFO - 24/06/26 19:34:50 INFO KafkaOffsetReaderAdmin: Partitions added: Map()
[2024-06-26T19:34:50.122+0000] {docker.py:436} INFO - 24/06/26 19:34:50 INFO WriteToDataSourceV2Exec: Start processing data source write support: MicroBatchWrite[epoch: 1, writer: ConsoleWriter[numRows=20, truncate=true]]. The input RDD has 1 partitions.
[2024-06-26T19:34:50.125+0000] {docker.py:436} INFO - 24/06/26 19:34:50 INFO SparkContext: Starting job: start at NativeMethodAccessorImpl.java:0
[2024-06-26T19:34:50.127+0000] {docker.py:436} INFO - 24/06/26 19:34:50 INFO DAGScheduler: Got job 1 (start at NativeMethodAccessorImpl.java:0) with 1 output partitions
[2024-06-26T19:34:50.128+0000] {docker.py:436} INFO - 24/06/26 19:34:50 INFO DAGScheduler: Final stage: ResultStage 1 (start at NativeMethodAccessorImpl.java:0)
[2024-06-26T19:34:50.128+0000] {docker.py:436} INFO - 24/06/26 19:34:50 INFO DAGScheduler: Parents of final stage: List()
[2024-06-26T19:34:50.131+0000] {docker.py:436} INFO - 24/06/26 19:34:50 INFO DAGScheduler: Missing parents: List()
24/06/26 19:34:50 INFO DAGScheduler: Submitting ResultStage 1 (MapPartitionsRDD[7] at start at NativeMethodAccessorImpl.java:0), which has no missing parents
[2024-06-26T19:34:50.137+0000] {docker.py:436} INFO - 24/06/26 19:34:50 INFO MemoryStore: Block broadcast_1 stored as values in memory (estimated size 23.8 KiB, free 434.4 MiB)
[2024-06-26T19:34:50.149+0000] {docker.py:436} INFO - 24/06/26 19:34:50 INFO MemoryStore: Block broadcast_1_piece0 stored as bytes in memory (estimated size 10.6 KiB, free 434.4 MiB)
[2024-06-26T19:34:50.155+0000] {docker.py:436} INFO - 24/06/26 19:34:50 INFO BlockManagerInfo: Added broadcast_1_piece0 in memory on localhost:43203 (size: 10.6 KiB, free: 434.4 MiB)
[2024-06-26T19:34:50.159+0000] {docker.py:436} INFO - 24/06/26 19:34:50 INFO SparkContext: Created broadcast 1 from broadcast at DAGScheduler.scala:1585
[2024-06-26T19:34:50.161+0000] {docker.py:436} INFO - 24/06/26 19:34:50 INFO DAGScheduler: Submitting 1 missing tasks from ResultStage 1 (MapPartitionsRDD[7] at start at NativeMethodAccessorImpl.java:0) (first 15 tasks are for partitions Vector(0))
[2024-06-26T19:34:50.162+0000] {docker.py:436} INFO - 24/06/26 19:34:50 INFO TaskSchedulerImpl: Adding task set 1.0 with 1 tasks resource profile 0
[2024-06-26T19:34:50.173+0000] {docker.py:436} INFO - 24/06/26 19:34:50 INFO TaskSetManager: Starting task 0.0 in stage 1.0 (TID 1) (localhost, executor driver, partition 0, PROCESS_LOCAL, 11072 bytes)
[2024-06-26T19:34:50.186+0000] {docker.py:436} INFO - 24/06/26 19:34:50 INFO Executor: Running task 0.0 in stage 1.0 (TID 1)
[2024-06-26T19:34:50.234+0000] {docker.py:436} INFO - 24/06/26 19:34:50 INFO KafkaConsumer: [Consumer clientId=consumer-spark-kafka-source-e5502c05-5ae0-4554-a997-cc4e71222f8d--1893139543-executor-1, groupId=spark-kafka-source-e5502c05-5ae0-4554-a997-cc4e71222f8d--1893139543-executor] Seeking to offset 15 for partition store_source_data-0
[2024-06-26T19:34:50.258+0000] {docker.py:436} INFO - 24/06/26 19:34:50 INFO SubscriptionState: [Consumer clientId=consumer-spark-kafka-source-e5502c05-5ae0-4554-a997-cc4e71222f8d--1893139543-executor-1, groupId=spark-kafka-source-e5502c05-5ae0-4554-a997-cc4e71222f8d--1893139543-executor] Seeking to EARLIEST offset of partition store_source_data-0
[2024-06-26T19:34:50.760+0000] {docker.py:436} INFO - 24/06/26 19:34:50 INFO SubscriptionState: [Consumer clientId=consumer-spark-kafka-source-e5502c05-5ae0-4554-a997-cc4e71222f8d--1893139543-executor-1, groupId=spark-kafka-source-e5502c05-5ae0-4554-a997-cc4e71222f8d--1893139543-executor] Resetting offset for partition store_source_data-0 to position FetchPosition{offset=8, offsetEpoch=Optional.empty, currentLeader=LeaderAndEpoch{leader=Optional[kafka:9092 (id: 0 rack: null)], epoch=6}}.
[2024-06-26T19:34:50.761+0000] {docker.py:436} INFO - 24/06/26 19:34:50 INFO SubscriptionState: [Consumer clientId=consumer-spark-kafka-source-e5502c05-5ae0-4554-a997-cc4e71222f8d--1893139543-executor-1, groupId=spark-kafka-source-e5502c05-5ae0-4554-a997-cc4e71222f8d--1893139543-executor] Seeking to LATEST offset of partition store_source_data-0
[2024-06-26T19:34:50.764+0000] {docker.py:436} INFO - 24/06/26 19:34:50 INFO SubscriptionState: [Consumer clientId=consumer-spark-kafka-source-e5502c05-5ae0-4554-a997-cc4e71222f8d--1893139543-executor-1, groupId=spark-kafka-source-e5502c05-5ae0-4554-a997-cc4e71222f8d--1893139543-executor] Resetting offset for partition store_source_data-0 to position FetchPosition{offset=16, offsetEpoch=Optional.empty, currentLeader=LeaderAndEpoch{leader=Optional[kafka:9092 (id: 0 rack: null)], epoch=6}}.
[2024-06-26T19:34:50.769+0000] {docker.py:436} INFO - 24/06/26 19:34:50 INFO DataWritingSparkTask: Writer for partition 0 is committing.
24/06/26 19:34:50 INFO DataWritingSparkTask: Committed partition 0 (task 1, attempt 0, stage 1.0)
[2024-06-26T19:34:50.786+0000] {docker.py:436} INFO - 24/06/26 19:34:50 INFO Executor: Finished task 0.0 in stage 1.0 (TID 1). 2127 bytes result sent to driver
[2024-06-26T19:34:50.789+0000] {docker.py:436} INFO - 24/06/26 19:34:50 INFO TaskSetManager: Finished task 0.0 in stage 1.0 (TID 1) in 625 ms on localhost (executor driver) (1/1)
[2024-06-26T19:34:50.792+0000] {docker.py:436} INFO - 24/06/26 19:34:50 INFO DAGScheduler: ResultStage 1 (start at NativeMethodAccessorImpl.java:0) finished in 0.662 s
[2024-06-26T19:34:50.794+0000] {docker.py:436} INFO - 24/06/26 19:34:50 INFO DAGScheduler: Job 1 is finished. Cancelling potential speculative or zombie tasks for this job
[2024-06-26T19:34:50.795+0000] {docker.py:436} INFO - 24/06/26 19:34:50 INFO TaskSchedulerImpl: Removed TaskSet 1.0, whose tasks have all completed, from pool
[2024-06-26T19:34:50.797+0000] {docker.py:436} INFO - 24/06/26 19:34:50 INFO TaskSchedulerImpl: Killing all running tasks in stage 1: Stage finished
[2024-06-26T19:34:50.798+0000] {docker.py:436} INFO - 24/06/26 19:34:50 INFO DAGScheduler: Job 1 finished: start at NativeMethodAccessorImpl.java:0, took 0.672841 s
[2024-06-26T19:34:50.804+0000] {docker.py:436} INFO - 24/06/26 19:34:50 INFO WriteToDataSourceV2Exec: Data source write support MicroBatchWrite[epoch: 1, writer: ConsoleWriter[numRows=20, truncate=true]] is committing.
[2024-06-26T19:34:50.805+0000] {docker.py:436} INFO - -------------------------------------------
Batch: 1
-------------------------------------------
[2024-06-26T19:34:51.004+0000] {docker.py:436} INFO - +--------------+----------------+----+--------+------------+--------------+
|item_purchased|date_of_purchase|cost|quantity|purchased_by|payment_method|
+--------------+----------------+----+--------+------------+--------------+
|          NULL|            NULL|NULL|    NULL|        NULL|          NULL|
+--------------+----------------+----+--------+------------+--------------+
[2024-06-26T19:34:51.008+0000] {docker.py:436} INFO - 24/06/26 19:34:51 INFO WriteToDataSourceV2Exec: Data source write support MicroBatchWrite[epoch: 1, writer: ConsoleWriter[numRows=20, truncate=true]] committed.
[2024-06-26T19:34:51.028+0000] {docker.py:436} INFO - 24/06/26 19:34:51 INFO CheckpointFileManager: Writing atomically to file:/tmp/temporary-3b2add65-7f7a-41bc-8150-fb10eeaaf139/commits/1 using temp file file:/tmp/temporary-3b2add65-7f7a-41bc-8150-fb10eeaaf139/commits/.1.26811a4d-1bae-4d1c-807c-eb2c6223b10e.tmp
[2024-06-26T19:34:51.075+0000] {docker.py:436} INFO - 24/06/26 19:34:51 INFO CheckpointFileManager: Renamed temp file file:/tmp/temporary-3b2add65-7f7a-41bc-8150-fb10eeaaf139/commits/.1.26811a4d-1bae-4d1c-807c-eb2c6223b10e.tmp to file:/tmp/temporary-3b2add65-7f7a-41bc-8150-fb10eeaaf139/commits/1
[2024-06-26T19:34:51.084+0000] {docker.py:436} INFO - 24/06/26 19:34:51 INFO MicroBatchExecution: Streaming query made progress: {
  "id" : "c367687c-8484-43ac-8746-f4e3f62be086",
  "runId" : "c43a70b7-1141-4154-86cc-c80e14921fe5",
  "name" : null,
  "timestamp" : "2024-06-26T19:34:49.724Z",
  "batchId" : 1,
  "numInputRows" : 1,
  "inputRowsPerSecond" : 90.90909090909092,
  "processedRowsPerSecond" : 0.7396449704142012,
  "durationMs" : {
    "addBatch" : 1031,
    "commitOffsets" : 70,
    "getBatch" : 11,
    "latestOffset" : 2,
    "queryPlanning" : 96,
    "triggerExecution" : 1352,
    "walCommit" : 139
  },
  "stateOperators" : [ ],
  "sources" : [ {
    "description" : "KafkaV2[Subscribe[store_source_data]]",
    "startOffset" : {
      "store_source_data" : {
        "0" : 15
      }
    },
    "endOffset" : {
      "store_source_data" : {
        "0" : 16
      }
    },
    "latestOffset" : {
      "store_source_data" : {
        "0" : 16
      }
    },
    "numInputRows" : 1,
    "inputRowsPerSecond" : 90.90909090909092,
    "processedRowsPerSecond" : 0.7396449704142012,
    "metrics" : {
      "avgOffsetsBehindLatest" : "0.0",
      "maxOffsetsBehindLatest" : "0",
      "minOffsetsBehindLatest" : "0"
    }
  } ],
  "sink" : {
    "description" : "org.apache.spark.sql.execution.streaming.ConsoleTable$@4ac7253",
    "numOutputRows" : 1
  }
}
[2024-06-26T19:35:01.080+0000] {docker.py:436} INFO - 24/06/26 19:35:01 INFO MicroBatchExecution: Streaming query has been idle and waiting for new data more than 10000 ms.
[2024-06-26T19:35:01.959+0000] {docker.py:436} INFO - 24/06/26 19:35:01 INFO BlockManagerInfo: Removed broadcast_1_piece0 on localhost:43203 in memory (size: 10.6 KiB, free: 434.4 MiB)
[2024-06-26T19:35:11.080+0000] {docker.py:436} INFO - 24/06/26 19:35:11 INFO MicroBatchExecution: Streaming query has been idle and waiting for new data more than 10000 ms.
[2024-06-26T19:35:21.088+0000] {docker.py:436} INFO - 24/06/26 19:35:21 INFO MicroBatchExecution: Streaming query has been idle and waiting for new data more than 10000 ms.
[2024-06-26T19:35:31.100+0000] {docker.py:436} INFO - 24/06/26 19:35:31 INFO MicroBatchExecution: Streaming query has been idle and waiting for new data more than 10000 ms.
[2024-06-26T19:35:41.103+0000] {docker.py:436} INFO - 24/06/26 19:35:41 INFO MicroBatchExecution: Streaming query has been idle and waiting for new data more than 10000 ms.
[2024-06-26T19:35:51.106+0000] {docker.py:436} INFO - 24/06/26 19:35:51 INFO MicroBatchExecution: Streaming query has been idle and waiting for new data more than 10000 ms.
[2024-06-26T19:36:01.113+0000] {docker.py:436} INFO - 24/06/26 19:36:01 INFO MicroBatchExecution: Streaming query has been idle and waiting for new data more than 10000 ms.
[2024-06-26T19:36:11.114+0000] {docker.py:436} INFO - 24/06/26 19:36:11 INFO MicroBatchExecution: Streaming query has been idle and waiting for new data more than 10000 ms.
[2024-06-26T19:36:21.123+0000] {docker.py:436} INFO - 24/06/26 19:36:21 INFO MicroBatchExecution: Streaming query has been idle and waiting for new data more than 10000 ms.
[2024-06-26T19:36:31.132+0000] {docker.py:436} INFO - 24/06/26 19:36:31 INFO MicroBatchExecution: Streaming query has been idle and waiting for new data more than 10000 ms.
[2024-06-26T19:36:41.134+0000] {docker.py:436} INFO - 24/06/26 19:36:41 INFO MicroBatchExecution: Streaming query has been idle and waiting for new data more than 10000 ms.
[2024-06-26T19:36:51.139+0000] {docker.py:436} INFO - 24/06/26 19:36:51 INFO MicroBatchExecution: Streaming query has been idle and waiting for new data more than 10000 ms.
[2024-06-26T19:37:01.142+0000] {docker.py:436} INFO - 24/06/26 19:37:01 INFO MicroBatchExecution: Streaming query has been idle and waiting for new data more than 10000 ms.
[2024-06-26T19:37:11.144+0000] {docker.py:436} INFO - 24/06/26 19:37:11 INFO MicroBatchExecution: Streaming query has been idle and waiting for new data more than 10000 ms.
[2024-06-26T19:37:21.146+0000] {docker.py:436} INFO - 24/06/26 19:37:21 INFO MicroBatchExecution: Streaming query has been idle and waiting for new data more than 10000 ms.
[2024-06-26T19:37:31.149+0000] {docker.py:436} INFO - 24/06/26 19:37:31 INFO MicroBatchExecution: Streaming query has been idle and waiting for new data more than 10000 ms.
[2024-06-26T19:37:41.154+0000] {docker.py:436} INFO - 24/06/26 19:37:41 INFO MicroBatchExecution: Streaming query has been idle and waiting for new data more than 10000 ms.
[2024-06-26T19:37:51.155+0000] {docker.py:436} INFO - 24/06/26 19:37:51 INFO MicroBatchExecution: Streaming query has been idle and waiting for new data more than 10000 ms.
[2024-06-26T19:38:01.158+0000] {docker.py:436} INFO - 24/06/26 19:38:01 INFO MicroBatchExecution: Streaming query has been idle and waiting for new data more than 10000 ms.
[2024-06-26T19:38:11.166+0000] {docker.py:436} INFO - 24/06/26 19:38:11 INFO MicroBatchExecution: Streaming query has been idle and waiting for new data more than 10000 ms.
[2024-06-26T19:38:21.177+0000] {docker.py:436} INFO - 24/06/26 19:38:21 INFO MicroBatchExecution: Streaming query has been idle and waiting for new data more than 10000 ms.
[2024-06-26T19:38:31.183+0000] {docker.py:436} INFO - 24/06/26 19:38:31 INFO MicroBatchExecution: Streaming query has been idle and waiting for new data more than 10000 ms.
[2024-06-26T19:38:41.188+0000] {docker.py:436} INFO - 24/06/26 19:38:41 INFO MicroBatchExecution: Streaming query has been idle and waiting for new data more than 10000 ms.
[2024-06-26T19:38:51.058+0000] {docker.py:436} INFO - 24/06/26 19:38:51 INFO CheckpointFileManager: Writing atomically to file:/tmp/temporary-3b2add65-7f7a-41bc-8150-fb10eeaaf139/offsets/2 using temp file file:/tmp/temporary-3b2add65-7f7a-41bc-8150-fb10eeaaf139/offsets/.2.e7e84218-6773-4ea7-a563-8aa75be07e68.tmp
[2024-06-26T19:38:51.134+0000] {docker.py:436} INFO - 24/06/26 19:38:51 INFO CheckpointFileManager: Renamed temp file file:/tmp/temporary-3b2add65-7f7a-41bc-8150-fb10eeaaf139/offsets/.2.e7e84218-6773-4ea7-a563-8aa75be07e68.tmp to file:/tmp/temporary-3b2add65-7f7a-41bc-8150-fb10eeaaf139/offsets/2
[2024-06-26T19:38:51.135+0000] {docker.py:436} INFO - 24/06/26 19:38:51 INFO MicroBatchExecution: Committed offsets for batch 2. Metadata OffsetSeqMetadata(0,1719430731039,Map(spark.sql.streaming.stateStore.providerClass -> org.apache.spark.sql.execution.streaming.state.HDFSBackedStateStoreProvider, spark.sql.streaming.join.stateFormatVersion -> 2, spark.sql.streaming.stateStore.compression.codec -> lz4, spark.sql.streaming.stateStore.rocksdb.formatVersion -> 5, spark.sql.streaming.statefulOperator.useStrictDistribution -> true, spark.sql.streaming.flatMapGroupsWithState.stateFormatVersion -> 2, spark.sql.streaming.multipleWatermarkPolicy -> min, spark.sql.streaming.aggregation.stateFormatVersion -> 2, spark.sql.shuffle.partitions -> 200))
[2024-06-26T19:38:51.230+0000] {docker.py:436} INFO - 24/06/26 19:38:51 INFO KafkaOffsetReaderAdmin: Partitions added: Map()
[2024-06-26T19:38:51.231+0000] {docker.py:436} INFO - 24/06/26 19:38:51 INFO KafkaOffsetReaderAdmin: Partitions added: Map()
[2024-06-26T19:38:51.338+0000] {docker.py:436} INFO - 24/06/26 19:38:51 INFO KafkaOffsetReaderAdmin: Partitions added: Map()
[2024-06-26T19:38:51.345+0000] {docker.py:436} INFO - 24/06/26 19:38:51 INFO KafkaOffsetReaderAdmin: Partitions added: Map()
[2024-06-26T19:38:51.422+0000] {docker.py:436} INFO - 24/06/26 19:38:51 INFO KafkaOffsetReaderAdmin: Partitions added: Map()
[2024-06-26T19:38:51.439+0000] {docker.py:436} INFO - 24/06/26 19:38:51 INFO KafkaOffsetReaderAdmin: Partitions added: Map()
[2024-06-26T19:38:51.487+0000] {docker.py:436} INFO - 24/06/26 19:38:51 INFO WriteToDataSourceV2Exec: Start processing data source write support: MicroBatchWrite[epoch: 2, writer: ConsoleWriter[numRows=20, truncate=true]]. The input RDD has 1 partitions.
[2024-06-26T19:38:51.489+0000] {docker.py:436} INFO - 24/06/26 19:38:51 INFO SparkContext: Starting job: start at NativeMethodAccessorImpl.java:0
[2024-06-26T19:38:51.493+0000] {docker.py:436} INFO - 24/06/26 19:38:51 INFO DAGScheduler: Got job 2 (start at NativeMethodAccessorImpl.java:0) with 1 output partitions
[2024-06-26T19:38:51.494+0000] {docker.py:436} INFO - 24/06/26 19:38:51 INFO DAGScheduler: Final stage: ResultStage 2 (start at NativeMethodAccessorImpl.java:0)
[2024-06-26T19:38:51.494+0000] {docker.py:436} INFO - 24/06/26 19:38:51 INFO DAGScheduler: Parents of final stage: List()
[2024-06-26T19:38:51.495+0000] {docker.py:436} INFO - 24/06/26 19:38:51 INFO DAGScheduler: Missing parents: List()
[2024-06-26T19:38:51.502+0000] {docker.py:436} INFO - 24/06/26 19:38:51 INFO DAGScheduler: Submitting ResultStage 2 (MapPartitionsRDD[11] at start at NativeMethodAccessorImpl.java:0), which has no missing parents
[2024-06-26T19:38:51.513+0000] {docker.py:436} INFO - 24/06/26 19:38:51 INFO MemoryStore: Block broadcast_2 stored as values in memory (estimated size 23.8 KiB, free 434.4 MiB)
[2024-06-26T19:38:51.550+0000] {docker.py:436} INFO - 24/06/26 19:38:51 INFO MemoryStore: Block broadcast_2_piece0 stored as bytes in memory (estimated size 10.6 KiB, free 434.4 MiB)
[2024-06-26T19:38:51.554+0000] {docker.py:436} INFO - 24/06/26 19:38:51 INFO BlockManagerInfo: Added broadcast_2_piece0 in memory on localhost:43203 (size: 10.6 KiB, free: 434.4 MiB)
[2024-06-26T19:38:51.555+0000] {docker.py:436} INFO - 24/06/26 19:38:51 INFO SparkContext: Created broadcast 2 from broadcast at DAGScheduler.scala:1585
[2024-06-26T19:38:51.556+0000] {docker.py:436} INFO - 24/06/26 19:38:51 INFO DAGScheduler: Submitting 1 missing tasks from ResultStage 2 (MapPartitionsRDD[11] at start at NativeMethodAccessorImpl.java:0) (first 15 tasks are for partitions Vector(0))
[2024-06-26T19:38:51.556+0000] {docker.py:436} INFO - 24/06/26 19:38:51 INFO TaskSchedulerImpl: Adding task set 2.0 with 1 tasks resource profile 0
[2024-06-26T19:38:51.561+0000] {docker.py:436} INFO - 24/06/26 19:38:51 INFO TaskSetManager: Starting task 0.0 in stage 2.0 (TID 2) (localhost, executor driver, partition 0, PROCESS_LOCAL, 11072 bytes)
[2024-06-26T19:38:51.571+0000] {docker.py:436} INFO - 24/06/26 19:38:51 INFO Executor: Running task 0.0 in stage 2.0 (TID 2)
[2024-06-26T19:38:51.648+0000] {docker.py:436} INFO - 24/06/26 19:38:51 INFO KafkaConsumer: [Consumer clientId=consumer-spark-kafka-source-e5502c05-5ae0-4554-a997-cc4e71222f8d--1893139543-executor-1, groupId=spark-kafka-source-e5502c05-5ae0-4554-a997-cc4e71222f8d--1893139543-executor] Seeking to offset 16 for partition store_source_data-0
[2024-06-26T19:38:51.673+0000] {docker.py:436} INFO - 24/06/26 19:38:51 INFO SubscriptionState: [Consumer clientId=consumer-spark-kafka-source-e5502c05-5ae0-4554-a997-cc4e71222f8d--1893139543-executor-1, groupId=spark-kafka-source-e5502c05-5ae0-4554-a997-cc4e71222f8d--1893139543-executor] Seeking to EARLIEST offset of partition store_source_data-0
[2024-06-26T19:38:52.169+0000] {docker.py:436} INFO - 24/06/26 19:38:52 INFO SubscriptionState: [Consumer clientId=consumer-spark-kafka-source-e5502c05-5ae0-4554-a997-cc4e71222f8d--1893139543-executor-1, groupId=spark-kafka-source-e5502c05-5ae0-4554-a997-cc4e71222f8d--1893139543-executor] Resetting offset for partition store_source_data-0 to position FetchPosition{offset=8, offsetEpoch=Optional.empty, currentLeader=LeaderAndEpoch{leader=Optional[kafka:9092 (id: 0 rack: null)], epoch=6}}.
24/06/26 19:38:52 INFO SubscriptionState: [Consumer clientId=consumer-spark-kafka-source-e5502c05-5ae0-4554-a997-cc4e71222f8d--1893139543-executor-1, groupId=spark-kafka-source-e5502c05-5ae0-4554-a997-cc4e71222f8d--1893139543-executor] Seeking to LATEST offset of partition store_source_data-0
[2024-06-26T19:38:52.171+0000] {docker.py:436} INFO - 24/06/26 19:38:52 INFO SubscriptionState: [Consumer clientId=consumer-spark-kafka-source-e5502c05-5ae0-4554-a997-cc4e71222f8d--1893139543-executor-1, groupId=spark-kafka-source-e5502c05-5ae0-4554-a997-cc4e71222f8d--1893139543-executor] Resetting offset for partition store_source_data-0 to position FetchPosition{offset=17, offsetEpoch=Optional.empty, currentLeader=LeaderAndEpoch{leader=Optional[kafka:9092 (id: 0 rack: null)], epoch=6}}.
[2024-06-26T19:38:52.196+0000] {docker.py:436} INFO - 24/06/26 19:38:52 INFO DataWritingSparkTask: Writer for partition 0 is committing.
24/06/26 19:38:52 INFO DataWritingSparkTask: Committed partition 0 (task 2, attempt 0, stage 2.0)
[2024-06-26T19:38:52.221+0000] {docker.py:436} INFO - 24/06/26 19:38:52 INFO Executor: Finished task 0.0 in stage 2.0 (TID 2). 2170 bytes result sent to driver
[2024-06-26T19:38:52.228+0000] {docker.py:436} INFO - 24/06/26 19:38:52 INFO TaskSetManager: Finished task 0.0 in stage 2.0 (TID 2) in 667 ms on localhost (executor driver) (1/1)
[2024-06-26T19:38:52.229+0000] {docker.py:436} INFO - 24/06/26 19:38:52 INFO TaskSchedulerImpl: Removed TaskSet 2.0, whose tasks have all completed, from pool
[2024-06-26T19:38:52.238+0000] {docker.py:436} INFO - -------------------------------------------
Batch: 2
-------------------------------------------
[2024-06-26T19:38:52.238+0000] {docker.py:436} INFO - 24/06/26 19:38:52 INFO DAGScheduler: ResultStage 2 (start at NativeMethodAccessorImpl.java:0) finished in 0.735 s
24/06/26 19:38:52 INFO DAGScheduler: Job 2 is finished. Cancelling potential speculative or zombie tasks for this job
24/06/26 19:38:52 INFO TaskSchedulerImpl: Killing all running tasks in stage 2: Stage finished
24/06/26 19:38:52 INFO DAGScheduler: Job 2 finished: start at NativeMethodAccessorImpl.java:0, took 0.742832 s
24/06/26 19:38:52 INFO WriteToDataSourceV2Exec: Data source write support MicroBatchWrite[epoch: 2, writer: ConsoleWriter[numRows=20, truncate=true]] is committing.
[2024-06-26T19:38:52.340+0000] {docker.py:436} INFO - +--------------+----------------+----+--------+------------+--------------+
|item_purchased|date_of_purchase|cost|quantity|purchased_by|payment_method|
+--------------+----------------+----+--------+------------+--------------+
|          NULL|            NULL|NULL|    NULL|        NULL|          NULL|
+--------------+----------------+----+--------+------------+--------------+
[2024-06-26T19:38:52.341+0000] {docker.py:436} INFO - 24/06/26 19:38:52 INFO WriteToDataSourceV2Exec: Data source write support MicroBatchWrite[epoch: 2, writer: ConsoleWriter[numRows=20, truncate=true]] committed.
[2024-06-26T19:38:52.379+0000] {docker.py:436} INFO - 24/06/26 19:38:52 INFO CheckpointFileManager: Writing atomically to file:/tmp/temporary-3b2add65-7f7a-41bc-8150-fb10eeaaf139/commits/2 using temp file file:/tmp/temporary-3b2add65-7f7a-41bc-8150-fb10eeaaf139/commits/.2.6c350fd0-f262-4489-90bc-7e471dcd7999.tmp
[2024-06-26T19:38:52.523+0000] {docker.py:436} INFO - 24/06/26 19:38:52 INFO CheckpointFileManager: Renamed temp file file:/tmp/temporary-3b2add65-7f7a-41bc-8150-fb10eeaaf139/commits/.2.6c350fd0-f262-4489-90bc-7e471dcd7999.tmp to file:/tmp/temporary-3b2add65-7f7a-41bc-8150-fb10eeaaf139/commits/2
[2024-06-26T19:38:52.534+0000] {docker.py:436} INFO - 24/06/26 19:38:52 INFO MicroBatchExecution: Streaming query made progress: {
  "id" : "c367687c-8484-43ac-8746-f4e3f62be086",
  "runId" : "c43a70b7-1141-4154-86cc-c80e14921fe5",
  "name" : null,
  "timestamp" : "2024-06-26T19:38:51.038Z",
  "batchId" : 2,
  "numInputRows" : 1,
  "inputRowsPerSecond" : 90.90909090909092,
  "processedRowsPerSecond" : 0.6734006734006733,
  "durationMs" : {
    "addBatch" : 1106,
    "commitOffsets" : 182,
    "getBatch" : 0,
    "latestOffset" : 1,
    "queryPlanning" : 98,
    "triggerExecution" : 1485,
    "walCommit" : 96
  },
  "stateOperators" : [ ],
  "sources" : [ {
    "description" : "KafkaV2[Subscribe[store_source_data]]",
    "startOffset" : {
      "store_source_data" : {
        "0" : 16
      }
    },
    "endOffset" : {
      "store_source_data" : {
        "0" : 17
      }
    },
    "latestOffset" : {
      "store_source_data" : {
        "0" : 17
      }
    },
    "numInputRows" : 1,
    "inputRowsPerSecond" : 90.90909090909092,
    "processedRowsPerSecond" : 0.6734006734006733,
    "metrics" : {
      "avgOffsetsBehindLatest" : "0.0",
      "maxOffsetsBehindLatest" : "0",
      "minOffsetsBehindLatest" : "0"
    }
  } ],
  "sink" : {
    "description" : "org.apache.spark.sql.execution.streaming.ConsoleTable$@4ac7253",
    "numOutputRows" : 1
  }
}
[2024-06-26T19:39:02.527+0000] {docker.py:436} INFO - 24/06/26 19:39:02 INFO MicroBatchExecution: Streaming query has been idle and waiting for new data more than 10000 ms.
[2024-06-26T19:39:04.451+0000] {docker.py:436} INFO - 24/06/26 19:39:04 INFO BlockManagerInfo: Removed broadcast_2_piece0 on localhost:43203 in memory (size: 10.6 KiB, free: 434.4 MiB)
[2024-06-26T19:39:12.536+0000] {docker.py:436} INFO - 24/06/26 19:39:12 INFO MicroBatchExecution: Streaming query has been idle and waiting for new data more than 10000 ms.
[2024-06-26T19:39:22.541+0000] {docker.py:436} INFO - 24/06/26 19:39:22 INFO MicroBatchExecution: Streaming query has been idle and waiting for new data more than 10000 ms.
[2024-06-26T19:39:32.547+0000] {docker.py:436} INFO - 24/06/26 19:39:32 INFO MicroBatchExecution: Streaming query has been idle and waiting for new data more than 10000 ms.
[2024-06-26T19:39:42.546+0000] {docker.py:436} INFO - 24/06/26 19:39:42 INFO MicroBatchExecution: Streaming query has been idle and waiting for new data more than 10000 ms.
[2024-06-26T19:39:52.548+0000] {docker.py:436} INFO - 24/06/26 19:39:52 INFO MicroBatchExecution: Streaming query has been idle and waiting for new data more than 10000 ms.
[2024-06-26T19:40:02.550+0000] {docker.py:436} INFO - 24/06/26 19:40:02 INFO MicroBatchExecution: Streaming query has been idle and waiting for new data more than 10000 ms.
[2024-06-26T19:40:12.551+0000] {docker.py:436} INFO - 24/06/26 19:40:12 INFO MicroBatchExecution: Streaming query has been idle and waiting for new data more than 10000 ms.
[2024-06-26T19:40:15.555+0000] {docker.py:436} INFO - 24/06/26 19:40:15 INFO CheckpointFileManager: Writing atomically to file:/tmp/temporary-3b2add65-7f7a-41bc-8150-fb10eeaaf139/offsets/3 using temp file file:/tmp/temporary-3b2add65-7f7a-41bc-8150-fb10eeaaf139/offsets/.3.c4a5b639-cc50-408f-a96b-cf07b9df61bc.tmp
[2024-06-26T19:40:15.631+0000] {docker.py:436} INFO - 24/06/26 19:40:15 INFO CheckpointFileManager: Renamed temp file file:/tmp/temporary-3b2add65-7f7a-41bc-8150-fb10eeaaf139/offsets/.3.c4a5b639-cc50-408f-a96b-cf07b9df61bc.tmp to file:/tmp/temporary-3b2add65-7f7a-41bc-8150-fb10eeaaf139/offsets/3
[2024-06-26T19:40:15.631+0000] {docker.py:436} INFO - 24/06/26 19:40:15 INFO MicroBatchExecution: Committed offsets for batch 3. Metadata OffsetSeqMetadata(0,1719430815520,Map(spark.sql.streaming.stateStore.providerClass -> org.apache.spark.sql.execution.streaming.state.HDFSBackedStateStoreProvider, spark.sql.streaming.join.stateFormatVersion -> 2, spark.sql.streaming.stateStore.compression.codec -> lz4, spark.sql.streaming.stateStore.rocksdb.formatVersion -> 5, spark.sql.streaming.statefulOperator.useStrictDistribution -> true, spark.sql.streaming.flatMapGroupsWithState.stateFormatVersion -> 2, spark.sql.streaming.multipleWatermarkPolicy -> min, spark.sql.streaming.aggregation.stateFormatVersion -> 2, spark.sql.shuffle.partitions -> 200))
[2024-06-26T19:40:15.716+0000] {docker.py:436} INFO - 24/06/26 19:40:15 INFO KafkaOffsetReaderAdmin: Partitions added: Map()
[2024-06-26T19:40:15.721+0000] {docker.py:436} INFO - 24/06/26 19:40:15 INFO KafkaOffsetReaderAdmin: Partitions added: Map()
[2024-06-26T19:40:15.764+0000] {docker.py:436} INFO - 24/06/26 19:40:15 INFO KafkaOffsetReaderAdmin: Partitions added: Map()
[2024-06-26T19:40:15.776+0000] {docker.py:436} INFO - 24/06/26 19:40:15 INFO KafkaOffsetReaderAdmin: Partitions added: Map()
[2024-06-26T19:40:15.828+0000] {docker.py:436} INFO - 24/06/26 19:40:15 INFO KafkaOffsetReaderAdmin: Partitions added: Map()
[2024-06-26T19:40:15.837+0000] {docker.py:436} INFO - 24/06/26 19:40:15 INFO KafkaOffsetReaderAdmin: Partitions added: Map()
[2024-06-26T19:40:15.961+0000] {docker.py:436} INFO - 24/06/26 19:40:15 INFO WriteToDataSourceV2Exec: Start processing data source write support: MicroBatchWrite[epoch: 3, writer: ConsoleWriter[numRows=20, truncate=true]]. The input RDD has 1 partitions.
[2024-06-26T19:40:15.962+0000] {docker.py:436} INFO - 24/06/26 19:40:15 INFO SparkContext: Starting job: start at NativeMethodAccessorImpl.java:0
[2024-06-26T19:40:15.978+0000] {docker.py:436} INFO - 24/06/26 19:40:15 INFO DAGScheduler: Got job 3 (start at NativeMethodAccessorImpl.java:0) with 1 output partitions
24/06/26 19:40:15 INFO DAGScheduler: Final stage: ResultStage 3 (start at NativeMethodAccessorImpl.java:0)
[2024-06-26T19:40:15.979+0000] {docker.py:436} INFO - 24/06/26 19:40:15 INFO DAGScheduler: Parents of final stage: List()
[2024-06-26T19:40:15.980+0000] {docker.py:436} INFO - 24/06/26 19:40:15 INFO DAGScheduler: Missing parents: List()
[2024-06-26T19:40:15.980+0000] {docker.py:436} INFO - 24/06/26 19:40:15 INFO DAGScheduler: Submitting ResultStage 3 (MapPartitionsRDD[15] at start at NativeMethodAccessorImpl.java:0), which has no missing parents
[2024-06-26T19:40:15.980+0000] {docker.py:436} INFO - 24/06/26 19:40:15 INFO MemoryStore: Block broadcast_3 stored as values in memory (estimated size 23.8 KiB, free 434.4 MiB)
[2024-06-26T19:40:15.993+0000] {docker.py:436} INFO - 24/06/26 19:40:15 INFO MemoryStore: Block broadcast_3_piece0 stored as bytes in memory (estimated size 10.6 KiB, free 434.4 MiB)
[2024-06-26T19:40:15.995+0000] {docker.py:436} INFO - 24/06/26 19:40:15 INFO BlockManagerInfo: Added broadcast_3_piece0 in memory on localhost:43203 (size: 10.6 KiB, free: 434.4 MiB)
[2024-06-26T19:40:16.003+0000] {docker.py:436} INFO - 24/06/26 19:40:16 INFO SparkContext: Created broadcast 3 from broadcast at DAGScheduler.scala:1585
[2024-06-26T19:40:16.004+0000] {docker.py:436} INFO - 24/06/26 19:40:16 INFO DAGScheduler: Submitting 1 missing tasks from ResultStage 3 (MapPartitionsRDD[15] at start at NativeMethodAccessorImpl.java:0) (first 15 tasks are for partitions Vector(0))
[2024-06-26T19:40:16.007+0000] {docker.py:436} INFO - 24/06/26 19:40:16 INFO TaskSchedulerImpl: Adding task set 3.0 with 1 tasks resource profile 0
[2024-06-26T19:40:16.020+0000] {docker.py:436} INFO - 24/06/26 19:40:16 INFO TaskSetManager: Starting task 0.0 in stage 3.0 (TID 3) (localhost, executor driver, partition 0, PROCESS_LOCAL, 11072 bytes)
[2024-06-26T19:40:16.032+0000] {docker.py:436} INFO - 24/06/26 19:40:16 INFO Executor: Running task 0.0 in stage 3.0 (TID 3)
[2024-06-26T19:40:16.228+0000] {docker.py:436} INFO - 24/06/26 19:40:16 INFO KafkaConsumer: [Consumer clientId=consumer-spark-kafka-source-e5502c05-5ae0-4554-a997-cc4e71222f8d--1893139543-executor-1, groupId=spark-kafka-source-e5502c05-5ae0-4554-a997-cc4e71222f8d--1893139543-executor] Seeking to offset 17 for partition store_source_data-0
[2024-06-26T19:40:16.253+0000] {docker.py:436} INFO - 24/06/26 19:40:16 INFO SubscriptionState: [Consumer clientId=consumer-spark-kafka-source-e5502c05-5ae0-4554-a997-cc4e71222f8d--1893139543-executor-1, groupId=spark-kafka-source-e5502c05-5ae0-4554-a997-cc4e71222f8d--1893139543-executor] Seeking to EARLIEST offset of partition store_source_data-0
[2024-06-26T19:40:16.756+0000] {docker.py:436} INFO - 24/06/26 19:40:16 INFO SubscriptionState: [Consumer clientId=consumer-spark-kafka-source-e5502c05-5ae0-4554-a997-cc4e71222f8d--1893139543-executor-1, groupId=spark-kafka-source-e5502c05-5ae0-4554-a997-cc4e71222f8d--1893139543-executor] Resetting offset for partition store_source_data-0 to position FetchPosition{offset=8, offsetEpoch=Optional.empty, currentLeader=LeaderAndEpoch{leader=Optional[kafka:9092 (id: 0 rack: null)], epoch=6}}.
24/06/26 19:40:16 INFO SubscriptionState: [Consumer clientId=consumer-spark-kafka-source-e5502c05-5ae0-4554-a997-cc4e71222f8d--1893139543-executor-1, groupId=spark-kafka-source-e5502c05-5ae0-4554-a997-cc4e71222f8d--1893139543-executor] Seeking to LATEST offset of partition store_source_data-0
[2024-06-26T19:40:16.761+0000] {docker.py:436} INFO - 24/06/26 19:40:16 INFO SubscriptionState: [Consumer clientId=consumer-spark-kafka-source-e5502c05-5ae0-4554-a997-cc4e71222f8d--1893139543-executor-1, groupId=spark-kafka-source-e5502c05-5ae0-4554-a997-cc4e71222f8d--1893139543-executor] Resetting offset for partition store_source_data-0 to position FetchPosition{offset=18, offsetEpoch=Optional.empty, currentLeader=LeaderAndEpoch{leader=Optional[kafka:9092 (id: 0 rack: null)], epoch=6}}.
24/06/26 19:40:16 INFO DataWritingSparkTask: Writer for partition 0 is committing.
[2024-06-26T19:40:16.765+0000] {docker.py:436} INFO - 24/06/26 19:40:16 INFO DataWritingSparkTask: Committed partition 0 (task 3, attempt 0, stage 3.0)
[2024-06-26T19:40:16.788+0000] {docker.py:436} INFO - 24/06/26 19:40:16 INFO Executor: Finished task 0.0 in stage 3.0 (TID 3). 2170 bytes result sent to driver
[2024-06-26T19:40:16.803+0000] {docker.py:436} INFO - 24/06/26 19:40:16 INFO TaskSetManager: Finished task 0.0 in stage 3.0 (TID 3) in 784 ms on localhost (executor driver) (1/1)
[2024-06-26T19:40:16.804+0000] {docker.py:436} INFO - 24/06/26 19:40:16 INFO TaskSchedulerImpl: Removed TaskSet 3.0, whose tasks have all completed, from pool
[2024-06-26T19:40:16.804+0000] {docker.py:436} INFO - 24/06/26 19:40:16 INFO DAGScheduler: ResultStage 3 (start at NativeMethodAccessorImpl.java:0) finished in 0.831 s
[2024-06-26T19:40:16.805+0000] {docker.py:436} INFO - 24/06/26 19:40:16 INFO DAGScheduler: Job 3 is finished. Cancelling potential speculative or zombie tasks for this job
[2024-06-26T19:40:16.805+0000] {docker.py:436} INFO - 24/06/26 19:40:16 INFO TaskSchedulerImpl: Killing all running tasks in stage 3: Stage finished
[2024-06-26T19:40:16.810+0000] {docker.py:436} INFO - 24/06/26 19:40:16 INFO DAGScheduler: Job 3 finished: start at NativeMethodAccessorImpl.java:0, took 0.848337 s
[2024-06-26T19:40:16.822+0000] {docker.py:436} INFO - 24/06/26 19:40:16 INFO WriteToDataSourceV2Exec: Data source write support MicroBatchWrite[epoch: 3, writer: ConsoleWriter[numRows=20, truncate=true]] is committing.
[2024-06-26T19:40:16.822+0000] {docker.py:436} INFO - -------------------------------------------
[2024-06-26T19:40:16.823+0000] {docker.py:436} INFO - Batch: 3
[2024-06-26T19:40:16.823+0000] {docker.py:436} INFO - -------------------------------------------
[2024-06-26T19:40:16.937+0000] {docker.py:436} INFO - +--------------+----------------+----+--------+------------+--------------+
|item_purchased|date_of_purchase|cost|quantity|purchased_by|payment_method|
+--------------+----------------+----+--------+------------+--------------+
|          NULL|            NULL|NULL|    NULL|        NULL|          NULL|
+--------------+----------------+----+--------+------------+--------------+
[2024-06-26T19:40:16.937+0000] {docker.py:436} INFO - 24/06/26 19:40:16 INFO WriteToDataSourceV2Exec: Data source write support MicroBatchWrite[epoch: 3, writer: ConsoleWriter[numRows=20, truncate=true]] committed.
[2024-06-26T19:40:17.006+0000] {docker.py:436} INFO - 24/06/26 19:40:17 INFO CheckpointFileManager: Writing atomically to file:/tmp/temporary-3b2add65-7f7a-41bc-8150-fb10eeaaf139/commits/3 using temp file file:/tmp/temporary-3b2add65-7f7a-41bc-8150-fb10eeaaf139/commits/.3.73973e4e-da66-4416-a072-4e9f79b88ecd.tmp
[2024-06-26T19:40:17.167+0000] {docker.py:436} INFO - 24/06/26 19:40:17 INFO CheckpointFileManager: Renamed temp file file:/tmp/temporary-3b2add65-7f7a-41bc-8150-fb10eeaaf139/commits/.3.73973e4e-da66-4416-a072-4e9f79b88ecd.tmp to file:/tmp/temporary-3b2add65-7f7a-41bc-8150-fb10eeaaf139/commits/3
24/06/26 19:40:17 INFO MicroBatchExecution: Streaming query made progress: {
  "id" : "c367687c-8484-43ac-8746-f4e3f62be086",
  "runId" : "c43a70b7-1141-4154-86cc-c80e14921fe5",
  "name" : null,
  "timestamp" : "2024-06-26T19:40:15.517Z",
  "batchId" : 3,
  "numInputRows" : 1,
  "inputRowsPerSecond" : 83.33333333333333,
  "processedRowsPerSecond" : 0.607164541590771,
  "durationMs" : {
    "addBatch" : 1204,
    "commitOffsets" : 227,
    "getBatch" : 0,
    "latestOffset" : 3,
    "queryPlanning" : 103,
    "triggerExecution" : 1647,
    "walCommit" : 108
  },
  "stateOperators" : [ ],
  "sources" : [ {
    "description" : "KafkaV2[Subscribe[store_source_data]]",
    "startOffset" : {
      "store_source_data" : {
        "0" : 17
      }
    },
    "endOffset" : {
      "store_source_data" : {
        "0" : 18
      }
    },
    "latestOffset" : {
      "store_source_data" : {
        "0" : 18
      }
    },
    "numInputRows" : 1,
    "inputRowsPerSecond" : 83.33333333333333,
    "processedRowsPerSecond" : 0.607164541590771,
    "metrics" : {
      "avgOffsetsBehindLatest" : "0.0",
      "maxOffsetsBehindLatest" : "0",
      "minOffsetsBehindLatest" : "0"
    }
  } ],
  "sink" : {
    "description" : "org.apache.spark.sql.execution.streaming.ConsoleTable$@4ac7253",
    "numOutputRows" : 1
  }
}
[2024-06-26T19:40:27.168+0000] {docker.py:436} INFO - 24/06/26 19:40:27 INFO MicroBatchExecution: Streaming query has been idle and waiting for new data more than 10000 ms.
[2024-06-26T19:40:29.147+0000] {docker.py:436} INFO - 24/06/26 19:40:29 INFO BlockManagerInfo: Removed broadcast_3_piece0 on localhost:43203 in memory (size: 10.6 KiB, free: 434.4 MiB)
[2024-06-26T19:40:37.171+0000] {docker.py:436} INFO - 24/06/26 19:40:37 INFO MicroBatchExecution: Streaming query has been idle and waiting for new data more than 10000 ms.
[2024-06-26T19:40:47.177+0000] {docker.py:436} INFO - 24/06/26 19:40:47 INFO MicroBatchExecution: Streaming query has been idle and waiting for new data more than 10000 ms.
[2024-06-26T19:40:57.187+0000] {docker.py:436} INFO - 24/06/26 19:40:57 INFO MicroBatchExecution: Streaming query has been idle and waiting for new data more than 10000 ms.
[2024-06-26T19:41:07.200+0000] {docker.py:436} INFO - 24/06/26 19:41:07 INFO MicroBatchExecution: Streaming query has been idle and waiting for new data more than 10000 ms.
[2024-06-26T19:41:17.205+0000] {docker.py:436} INFO - 24/06/26 19:41:17 INFO MicroBatchExecution: Streaming query has been idle and waiting for new data more than 10000 ms.
[2024-06-26T19:41:27.208+0000] {docker.py:436} INFO - 24/06/26 19:41:27 INFO MicroBatchExecution: Streaming query has been idle and waiting for new data more than 10000 ms.
[2024-06-26T19:41:29.838+0000] {docker.py:436} INFO - 24/06/26 19:41:29 INFO CheckpointFileManager: Writing atomically to file:/tmp/temporary-3b2add65-7f7a-41bc-8150-fb10eeaaf139/offsets/4 using temp file file:/tmp/temporary-3b2add65-7f7a-41bc-8150-fb10eeaaf139/offsets/.4.28f2d602-2488-491e-b720-e5c7b9032bc3.tmp
[2024-06-26T19:41:29.894+0000] {docker.py:436} INFO - 24/06/26 19:41:29 INFO CheckpointFileManager: Renamed temp file file:/tmp/temporary-3b2add65-7f7a-41bc-8150-fb10eeaaf139/offsets/.4.28f2d602-2488-491e-b720-e5c7b9032bc3.tmp to file:/tmp/temporary-3b2add65-7f7a-41bc-8150-fb10eeaaf139/offsets/4
24/06/26 19:41:29 INFO MicroBatchExecution: Committed offsets for batch 4. Metadata OffsetSeqMetadata(0,1719430889817,Map(spark.sql.streaming.stateStore.providerClass -> org.apache.spark.sql.execution.streaming.state.HDFSBackedStateStoreProvider, spark.sql.streaming.join.stateFormatVersion -> 2, spark.sql.streaming.stateStore.compression.codec -> lz4, spark.sql.streaming.stateStore.rocksdb.formatVersion -> 5, spark.sql.streaming.statefulOperator.useStrictDistribution -> true, spark.sql.streaming.flatMapGroupsWithState.stateFormatVersion -> 2, spark.sql.streaming.multipleWatermarkPolicy -> min, spark.sql.streaming.aggregation.stateFormatVersion -> 2, spark.sql.shuffle.partitions -> 200))
[2024-06-26T19:41:29.954+0000] {docker.py:436} INFO - 24/06/26 19:41:29 INFO KafkaOffsetReaderAdmin: Partitions added: Map()
[2024-06-26T19:41:29.958+0000] {docker.py:436} INFO - 24/06/26 19:41:29 INFO KafkaOffsetReaderAdmin: Partitions added: Map()
[2024-06-26T19:41:30.001+0000] {docker.py:436} INFO - 24/06/26 19:41:30 INFO KafkaOffsetReaderAdmin: Partitions added: Map()
[2024-06-26T19:41:30.004+0000] {docker.py:436} INFO - 24/06/26 19:41:30 INFO KafkaOffsetReaderAdmin: Partitions added: Map()
[2024-06-26T19:41:30.069+0000] {docker.py:436} INFO - 24/06/26 19:41:30 INFO KafkaOffsetReaderAdmin: Partitions added: Map()
[2024-06-26T19:41:30.071+0000] {docker.py:436} INFO - 24/06/26 19:41:30 INFO KafkaOffsetReaderAdmin: Partitions added: Map()
[2024-06-26T19:41:30.096+0000] {docker.py:436} INFO - 24/06/26 19:41:30 INFO WriteToDataSourceV2Exec: Start processing data source write support: MicroBatchWrite[epoch: 4, writer: ConsoleWriter[numRows=20, truncate=true]]. The input RDD has 1 partitions.
[2024-06-26T19:41:30.099+0000] {docker.py:436} INFO - 24/06/26 19:41:30 INFO SparkContext: Starting job: start at NativeMethodAccessorImpl.java:0
[2024-06-26T19:41:30.100+0000] {docker.py:436} INFO - 24/06/26 19:41:30 INFO DAGScheduler: Got job 4 (start at NativeMethodAccessorImpl.java:0) with 1 output partitions
[2024-06-26T19:41:30.101+0000] {docker.py:436} INFO - 24/06/26 19:41:30 INFO DAGScheduler: Final stage: ResultStage 4 (start at NativeMethodAccessorImpl.java:0)
[2024-06-26T19:41:30.101+0000] {docker.py:436} INFO - 24/06/26 19:41:30 INFO DAGScheduler: Parents of final stage: List()
[2024-06-26T19:41:30.102+0000] {docker.py:436} INFO - 24/06/26 19:41:30 INFO DAGScheduler: Missing parents: List()
[2024-06-26T19:41:30.103+0000] {docker.py:436} INFO - 24/06/26 19:41:30 INFO DAGScheduler: Submitting ResultStage 4 (MapPartitionsRDD[19] at start at NativeMethodAccessorImpl.java:0), which has no missing parents
[2024-06-26T19:41:30.106+0000] {docker.py:436} INFO - 24/06/26 19:41:30 INFO MemoryStore: Block broadcast_4 stored as values in memory (estimated size 23.8 KiB, free 434.4 MiB)
[2024-06-26T19:41:30.121+0000] {docker.py:436} INFO - 24/06/26 19:41:30 INFO MemoryStore: Block broadcast_4_piece0 stored as bytes in memory (estimated size 10.6 KiB, free 434.4 MiB)
[2024-06-26T19:41:30.123+0000] {docker.py:436} INFO - 24/06/26 19:41:30 INFO BlockManagerInfo: Added broadcast_4_piece0 in memory on localhost:43203 (size: 10.6 KiB, free: 434.4 MiB)
[2024-06-26T19:41:30.124+0000] {docker.py:436} INFO - 24/06/26 19:41:30 INFO SparkContext: Created broadcast 4 from broadcast at DAGScheduler.scala:1585
[2024-06-26T19:41:30.125+0000] {docker.py:436} INFO - 24/06/26 19:41:30 INFO DAGScheduler: Submitting 1 missing tasks from ResultStage 4 (MapPartitionsRDD[19] at start at NativeMethodAccessorImpl.java:0) (first 15 tasks are for partitions Vector(0))
[2024-06-26T19:41:30.132+0000] {docker.py:436} INFO - 24/06/26 19:41:30 INFO TaskSchedulerImpl: Adding task set 4.0 with 1 tasks resource profile 0
[2024-06-26T19:41:30.135+0000] {docker.py:436} INFO - 24/06/26 19:41:30 INFO TaskSetManager: Starting task 0.0 in stage 4.0 (TID 4) (localhost, executor driver, partition 0, PROCESS_LOCAL, 11072 bytes)
[2024-06-26T19:41:30.190+0000] {docker.py:436} INFO - 24/06/26 19:41:30 INFO Executor: Running task 0.0 in stage 4.0 (TID 4)
[2024-06-26T19:41:30.310+0000] {docker.py:436} INFO - 24/06/26 19:41:30 INFO KafkaConsumer: [Consumer clientId=consumer-spark-kafka-source-e5502c05-5ae0-4554-a997-cc4e71222f8d--1893139543-executor-1, groupId=spark-kafka-source-e5502c05-5ae0-4554-a997-cc4e71222f8d--1893139543-executor] Seeking to offset 18 for partition store_source_data-0
[2024-06-26T19:41:30.317+0000] {docker.py:436} INFO - 24/06/26 19:41:30 INFO SubscriptionState: [Consumer clientId=consumer-spark-kafka-source-e5502c05-5ae0-4554-a997-cc4e71222f8d--1893139543-executor-1, groupId=spark-kafka-source-e5502c05-5ae0-4554-a997-cc4e71222f8d--1893139543-executor] Seeking to EARLIEST offset of partition store_source_data-0
[2024-06-26T19:41:30.827+0000] {docker.py:436} INFO - 24/06/26 19:41:30 INFO SubscriptionState: [Consumer clientId=consumer-spark-kafka-source-e5502c05-5ae0-4554-a997-cc4e71222f8d--1893139543-executor-1, groupId=spark-kafka-source-e5502c05-5ae0-4554-a997-cc4e71222f8d--1893139543-executor] Resetting offset for partition store_source_data-0 to position FetchPosition{offset=8, offsetEpoch=Optional.empty, currentLeader=LeaderAndEpoch{leader=Optional[kafka:9092 (id: 0 rack: null)], epoch=6}}.
[2024-06-26T19:41:30.828+0000] {docker.py:436} INFO - 24/06/26 19:41:30 INFO SubscriptionState: [Consumer clientId=consumer-spark-kafka-source-e5502c05-5ae0-4554-a997-cc4e71222f8d--1893139543-executor-1, groupId=spark-kafka-source-e5502c05-5ae0-4554-a997-cc4e71222f8d--1893139543-executor] Seeking to LATEST offset of partition store_source_data-0
[2024-06-26T19:41:30.839+0000] {docker.py:436} INFO - 24/06/26 19:41:30 INFO SubscriptionState: [Consumer clientId=consumer-spark-kafka-source-e5502c05-5ae0-4554-a997-cc4e71222f8d--1893139543-executor-1, groupId=spark-kafka-source-e5502c05-5ae0-4554-a997-cc4e71222f8d--1893139543-executor] Resetting offset for partition store_source_data-0 to position FetchPosition{offset=19, offsetEpoch=Optional.empty, currentLeader=LeaderAndEpoch{leader=Optional[kafka:9092 (id: 0 rack: null)], epoch=6}}.
[2024-06-26T19:41:30.853+0000] {docker.py:436} INFO - 24/06/26 19:41:30 INFO DataWritingSparkTask: Writer for partition 0 is committing.
[2024-06-26T19:41:30.854+0000] {docker.py:436} INFO - 24/06/26 19:41:30 INFO DataWritingSparkTask: Committed partition 0 (task 4, attempt 0, stage 4.0)
[2024-06-26T19:41:30.900+0000] {docker.py:436} INFO - 24/06/26 19:41:30 INFO Executor: Finished task 0.0 in stage 4.0 (TID 4). 2170 bytes result sent to driver
[2024-06-26T19:41:30.902+0000] {docker.py:436} INFO - 24/06/26 19:41:30 INFO TaskSetManager: Finished task 0.0 in stage 4.0 (TID 4) in 766 ms on localhost (executor driver) (1/1)
[2024-06-26T19:41:30.903+0000] {docker.py:436} INFO - 24/06/26 19:41:30 INFO DAGScheduler: ResultStage 4 (start at NativeMethodAccessorImpl.java:0) finished in 0.798 s
[2024-06-26T19:41:30.904+0000] {docker.py:436} INFO - 24/06/26 19:41:30 INFO DAGScheduler: Job 4 is finished. Cancelling potential speculative or zombie tasks for this job
[2024-06-26T19:41:30.904+0000] {docker.py:436} INFO - 24/06/26 19:41:30 INFO TaskSchedulerImpl: Removed TaskSet 4.0, whose tasks have all completed, from pool
[2024-06-26T19:41:30.905+0000] {docker.py:436} INFO - 24/06/26 19:41:30 INFO TaskSchedulerImpl: Killing all running tasks in stage 4: Stage finished
[2024-06-26T19:41:30.905+0000] {docker.py:436} INFO - 24/06/26 19:41:30 INFO DAGScheduler: Job 4 finished: start at NativeMethodAccessorImpl.java:0, took 0.803181 s
[2024-06-26T19:41:30.907+0000] {docker.py:436} INFO - 24/06/26 19:41:30 INFO WriteToDataSourceV2Exec: Data source write support MicroBatchWrite[epoch: 4, writer: ConsoleWriter[numRows=20, truncate=true]] is committing.
[2024-06-26T19:41:30.908+0000] {docker.py:436} INFO - -------------------------------------------
Batch: 4
[2024-06-26T19:41:30.910+0000] {docker.py:436} INFO - -------------------------------------------
[2024-06-26T19:41:31.000+0000] {docker.py:436} INFO - +--------------+----------------+----+--------+------------+--------------+
|item_purchased|date_of_purchase|cost|quantity|purchased_by|payment_method|
+--------------+----------------+----+--------+------------+--------------+
|          NULL|            NULL|NULL|    NULL|        NULL|          NULL|
+--------------+----------------+----+--------+------------+--------------+
[2024-06-26T19:41:31.001+0000] {docker.py:436} INFO - 24/06/26 19:41:31 INFO WriteToDataSourceV2Exec: Data source write support MicroBatchWrite[epoch: 4, writer: ConsoleWriter[numRows=20, truncate=true]] committed.
[2024-06-26T19:41:31.015+0000] {docker.py:436} INFO - 24/06/26 19:41:31 INFO CheckpointFileManager: Writing atomically to file:/tmp/temporary-3b2add65-7f7a-41bc-8150-fb10eeaaf139/commits/4 using temp file file:/tmp/temporary-3b2add65-7f7a-41bc-8150-fb10eeaaf139/commits/.4.55e29a29-1790-4a56-b429-b9364a82eca5.tmp
[2024-06-26T19:41:31.077+0000] {docker.py:436} INFO - 24/06/26 19:41:31 INFO CheckpointFileManager: Renamed temp file file:/tmp/temporary-3b2add65-7f7a-41bc-8150-fb10eeaaf139/commits/.4.55e29a29-1790-4a56-b429-b9364a82eca5.tmp to file:/tmp/temporary-3b2add65-7f7a-41bc-8150-fb10eeaaf139/commits/4
[2024-06-26T19:41:31.084+0000] {docker.py:436} INFO - 24/06/26 19:41:31 INFO MicroBatchExecution: Streaming query made progress: {
  "id" : "c367687c-8484-43ac-8746-f4e3f62be086",
  "runId" : "c43a70b7-1141-4154-86cc-c80e14921fe5",
  "name" : null,
  "timestamp" : "2024-06-26T19:41:29.812Z",
  "batchId" : 4,
  "numInputRows" : 1,
  "inputRowsPerSecond" : 71.42857142857143,
  "processedRowsPerSecond" : 0.790513833992095,
  "durationMs" : {
    "addBatch" : 1040,
    "commitOffsets" : 76,
    "getBatch" : 0,
    "latestOffset" : 5,
    "queryPlanning" : 66,
    "triggerExecution" : 1265,
    "walCommit" : 75
  },
  "stateOperators" : [ ],
  "sources" : [ {
    "description" : "KafkaV2[Subscribe[store_source_data]]",
    "startOffset" : {
      "store_source_data" : {
        "0" : 18
      }
    },
    "endOffset" : {
      "store_source_data" : {
        "0" : 19
      }
    },
    "latestOffset" : {
      "store_source_data" : {
        "0" : 19
      }
    },
    "numInputRows" : 1,
    "inputRowsPerSecond" : 71.42857142857143,
    "processedRowsPerSecond" : 0.790513833992095,
    "metrics" : {
      "avgOffsetsBehindLatest" : "0.0",
      "maxOffsetsBehindLatest" : "0",
      "minOffsetsBehindLatest" : "0"
    }
  } ],
  "sink" : {
    "description" : "org.apache.spark.sql.execution.streaming.ConsoleTable$@4ac7253",
    "numOutputRows" : 1
  }
}
[2024-06-26T19:41:41.089+0000] {docker.py:436} INFO - 24/06/26 19:41:41 INFO MicroBatchExecution: Streaming query has been idle and waiting for new data more than 10000 ms.
[2024-06-26T19:41:43.104+0000] {docker.py:436} INFO - 24/06/26 19:41:43 INFO BlockManagerInfo: Removed broadcast_4_piece0 on localhost:43203 in memory (size: 10.6 KiB, free: 434.4 MiB)
[2024-06-26T19:41:51.097+0000] {docker.py:436} INFO - 24/06/26 19:41:51 INFO MicroBatchExecution: Streaming query has been idle and waiting for new data more than 10000 ms.
[2024-06-26T19:42:01.100+0000] {docker.py:436} INFO - 24/06/26 19:42:01 INFO MicroBatchExecution: Streaming query has been idle and waiting for new data more than 10000 ms.
[2024-06-26T19:42:11.103+0000] {docker.py:436} INFO - 24/06/26 19:42:11 INFO MicroBatchExecution: Streaming query has been idle and waiting for new data more than 10000 ms.
[2024-06-26T19:42:21.109+0000] {docker.py:436} INFO - 24/06/26 19:42:21 INFO MicroBatchExecution: Streaming query has been idle and waiting for new data more than 10000 ms.
[2024-06-26T19:42:31.108+0000] {docker.py:436} INFO - 24/06/26 19:42:31 INFO MicroBatchExecution: Streaming query has been idle and waiting for new data more than 10000 ms.
[2024-06-26T19:42:41.114+0000] {docker.py:436} INFO - 24/06/26 19:42:41 INFO MicroBatchExecution: Streaming query has been idle and waiting for new data more than 10000 ms.
[2024-06-26T19:42:51.119+0000] {docker.py:436} INFO - 24/06/26 19:42:51 INFO MicroBatchExecution: Streaming query has been idle and waiting for new data more than 10000 ms.
[2024-06-26T19:43:01.126+0000] {docker.py:436} INFO - 24/06/26 19:43:01 INFO MicroBatchExecution: Streaming query has been idle and waiting for new data more than 10000 ms.
[2024-06-26T19:43:11.131+0000] {docker.py:436} INFO - 24/06/26 19:43:11 INFO MicroBatchExecution: Streaming query has been idle and waiting for new data more than 10000 ms.
[2024-06-26T19:43:21.133+0000] {docker.py:436} INFO - 24/06/26 19:43:21 INFO MicroBatchExecution: Streaming query has been idle and waiting for new data more than 10000 ms.
[2024-06-26T19:43:31.135+0000] {docker.py:436} INFO - 24/06/26 19:43:31 INFO MicroBatchExecution: Streaming query has been idle and waiting for new data more than 10000 ms.
[2024-06-26T19:43:41.145+0000] {docker.py:436} INFO - 24/06/26 19:43:41 INFO MicroBatchExecution: Streaming query has been idle and waiting for new data more than 10000 ms.
[2024-06-26T19:43:51.156+0000] {docker.py:436} INFO - 24/06/26 19:43:51 INFO MicroBatchExecution: Streaming query has been idle and waiting for new data more than 10000 ms.
[2024-06-26T19:44:01.164+0000] {docker.py:436} INFO - 24/06/26 19:44:01 INFO MicroBatchExecution: Streaming query has been idle and waiting for new data more than 10000 ms.
[2024-06-26T19:44:11.171+0000] {docker.py:436} INFO - 24/06/26 19:44:11 INFO MicroBatchExecution: Streaming query has been idle and waiting for new data more than 10000 ms.
[2024-06-26T19:44:21.174+0000] {docker.py:436} INFO - 24/06/26 19:44:21 INFO MicroBatchExecution: Streaming query has been idle and waiting for new data more than 10000 ms.
[2024-06-26T19:44:31.174+0000] {docker.py:436} INFO - 24/06/26 19:44:31 INFO MicroBatchExecution: Streaming query has been idle and waiting for new data more than 10000 ms.
[2024-06-26T19:44:41.177+0000] {docker.py:436} INFO - 24/06/26 19:44:41 INFO MicroBatchExecution: Streaming query has been idle and waiting for new data more than 10000 ms.
[2024-06-26T19:44:51.177+0000] {docker.py:436} INFO - 24/06/26 19:44:51 INFO MicroBatchExecution: Streaming query has been idle and waiting for new data more than 10000 ms.
[2024-06-26T19:45:01.179+0000] {docker.py:436} INFO - 24/06/26 19:45:01 INFO MicroBatchExecution: Streaming query has been idle and waiting for new data more than 10000 ms.
[2024-06-26T19:45:11.182+0000] {docker.py:436} INFO - 24/06/26 19:45:11 INFO MicroBatchExecution: Streaming query has been idle and waiting for new data more than 10000 ms.
[2024-06-26T19:45:17.602+0000] {docker.py:436} INFO - 24/06/26 19:45:17 INFO CheckpointFileManager: Writing atomically to file:/tmp/temporary-3b2add65-7f7a-41bc-8150-fb10eeaaf139/offsets/5 using temp file file:/tmp/temporary-3b2add65-7f7a-41bc-8150-fb10eeaaf139/offsets/.5.cfd24d8e-1254-45b8-8243-28af48890fb0.tmp
[2024-06-26T19:45:17.659+0000] {docker.py:436} INFO - 24/06/26 19:45:17 INFO CheckpointFileManager: Renamed temp file file:/tmp/temporary-3b2add65-7f7a-41bc-8150-fb10eeaaf139/offsets/.5.cfd24d8e-1254-45b8-8243-28af48890fb0.tmp to file:/tmp/temporary-3b2add65-7f7a-41bc-8150-fb10eeaaf139/offsets/5
24/06/26 19:45:17 INFO MicroBatchExecution: Committed offsets for batch 5. Metadata OffsetSeqMetadata(0,1719431117590,Map(spark.sql.streaming.stateStore.providerClass -> org.apache.spark.sql.execution.streaming.state.HDFSBackedStateStoreProvider, spark.sql.streaming.join.stateFormatVersion -> 2, spark.sql.streaming.stateStore.compression.codec -> lz4, spark.sql.streaming.stateStore.rocksdb.formatVersion -> 5, spark.sql.streaming.statefulOperator.useStrictDistribution -> true, spark.sql.streaming.flatMapGroupsWithState.stateFormatVersion -> 2, spark.sql.streaming.multipleWatermarkPolicy -> min, spark.sql.streaming.aggregation.stateFormatVersion -> 2, spark.sql.shuffle.partitions -> 200))
[2024-06-26T19:45:17.687+0000] {docker.py:436} INFO - 24/06/26 19:45:17 INFO KafkaOffsetReaderAdmin: Partitions added: Map()
[2024-06-26T19:45:17.688+0000] {docker.py:436} INFO - 24/06/26 19:45:17 INFO KafkaOffsetReaderAdmin: Partitions added: Map()
[2024-06-26T19:45:17.703+0000] {docker.py:436} INFO - 24/06/26 19:45:17 INFO KafkaOffsetReaderAdmin: Partitions added: Map()
[2024-06-26T19:45:17.704+0000] {docker.py:436} INFO - 24/06/26 19:45:17 INFO KafkaOffsetReaderAdmin: Partitions added: Map()
[2024-06-26T19:45:17.771+0000] {docker.py:436} INFO - 24/06/26 19:45:17 INFO KafkaOffsetReaderAdmin: Partitions added: Map()
[2024-06-26T19:45:17.786+0000] {docker.py:436} INFO - 24/06/26 19:45:17 INFO KafkaOffsetReaderAdmin: Partitions added: Map()
[2024-06-26T19:45:17.865+0000] {docker.py:436} INFO - 24/06/26 19:45:17 INFO WriteToDataSourceV2Exec: Start processing data source write support: MicroBatchWrite[epoch: 5, writer: ConsoleWriter[numRows=20, truncate=true]]. The input RDD has 1 partitions.
[2024-06-26T19:45:17.868+0000] {docker.py:436} INFO - 24/06/26 19:45:17 INFO SparkContext: Starting job: start at NativeMethodAccessorImpl.java:0
[2024-06-26T19:45:17.876+0000] {docker.py:436} INFO - 24/06/26 19:45:17 INFO DAGScheduler: Got job 5 (start at NativeMethodAccessorImpl.java:0) with 1 output partitions
[2024-06-26T19:45:17.878+0000] {docker.py:436} INFO - 24/06/26 19:45:17 INFO DAGScheduler: Final stage: ResultStage 5 (start at NativeMethodAccessorImpl.java:0)
24/06/26 19:45:17 INFO DAGScheduler: Parents of final stage: List()
[2024-06-26T19:45:17.881+0000] {docker.py:436} INFO - 24/06/26 19:45:17 INFO DAGScheduler: Missing parents: List()
24/06/26 19:45:17 INFO DAGScheduler: Submitting ResultStage 5 (MapPartitionsRDD[23] at start at NativeMethodAccessorImpl.java:0), which has no missing parents
[2024-06-26T19:45:17.905+0000] {docker.py:436} INFO - 24/06/26 19:45:17 INFO MemoryStore: Block broadcast_5 stored as values in memory (estimated size 23.8 KiB, free 434.4 MiB)
[2024-06-26T19:45:17.935+0000] {docker.py:436} INFO - 24/06/26 19:45:17 INFO MemoryStore: Block broadcast_5_piece0 stored as bytes in memory (estimated size 10.6 KiB, free 434.4 MiB)
[2024-06-26T19:45:17.961+0000] {docker.py:436} INFO - 24/06/26 19:45:17 INFO BlockManagerInfo: Added broadcast_5_piece0 in memory on localhost:43203 (size: 10.6 KiB, free: 434.4 MiB)
[2024-06-26T19:45:17.969+0000] {docker.py:436} INFO - 24/06/26 19:45:17 INFO SparkContext: Created broadcast 5 from broadcast at DAGScheduler.scala:1585
[2024-06-26T19:45:17.975+0000] {docker.py:436} INFO - 24/06/26 19:45:17 INFO DAGScheduler: Submitting 1 missing tasks from ResultStage 5 (MapPartitionsRDD[23] at start at NativeMethodAccessorImpl.java:0) (first 15 tasks are for partitions Vector(0))
[2024-06-26T19:45:18.005+0000] {docker.py:436} INFO - 24/06/26 19:45:18 INFO TaskSchedulerImpl: Adding task set 5.0 with 1 tasks resource profile 0
[2024-06-26T19:45:18.014+0000] {docker.py:436} INFO - 24/06/26 19:45:18 INFO TaskSetManager: Starting task 0.0 in stage 5.0 (TID 5) (localhost, executor driver, partition 0, PROCESS_LOCAL, 11072 bytes)
[2024-06-26T19:45:18.027+0000] {docker.py:436} INFO - 24/06/26 19:45:18 INFO Executor: Running task 0.0 in stage 5.0 (TID 5)
[2024-06-26T19:45:18.267+0000] {docker.py:436} INFO - 24/06/26 19:45:18 INFO KafkaConsumer: [Consumer clientId=consumer-spark-kafka-source-e5502c05-5ae0-4554-a997-cc4e71222f8d--1893139543-executor-1, groupId=spark-kafka-source-e5502c05-5ae0-4554-a997-cc4e71222f8d--1893139543-executor] Seeking to offset 19 for partition store_source_data-0
[2024-06-26T19:45:18.280+0000] {docker.py:436} INFO - 24/06/26 19:45:18 INFO SubscriptionState: [Consumer clientId=consumer-spark-kafka-source-e5502c05-5ae0-4554-a997-cc4e71222f8d--1893139543-executor-1, groupId=spark-kafka-source-e5502c05-5ae0-4554-a997-cc4e71222f8d--1893139543-executor] Seeking to EARLIEST offset of partition store_source_data-0
[2024-06-26T19:45:18.788+0000] {docker.py:436} INFO - 24/06/26 19:45:18 INFO SubscriptionState: [Consumer clientId=consumer-spark-kafka-source-e5502c05-5ae0-4554-a997-cc4e71222f8d--1893139543-executor-1, groupId=spark-kafka-source-e5502c05-5ae0-4554-a997-cc4e71222f8d--1893139543-executor] Resetting offset for partition store_source_data-0 to position FetchPosition{offset=8, offsetEpoch=Optional.empty, currentLeader=LeaderAndEpoch{leader=Optional[kafka:9092 (id: 0 rack: null)], epoch=6}}.
[2024-06-26T19:45:18.789+0000] {docker.py:436} INFO - 24/06/26 19:45:18 INFO SubscriptionState: [Consumer clientId=consumer-spark-kafka-source-e5502c05-5ae0-4554-a997-cc4e71222f8d--1893139543-executor-1, groupId=spark-kafka-source-e5502c05-5ae0-4554-a997-cc4e71222f8d--1893139543-executor] Seeking to LATEST offset of partition store_source_data-0
[2024-06-26T19:45:18.791+0000] {docker.py:436} INFO - 24/06/26 19:45:18 INFO SubscriptionState: [Consumer clientId=consumer-spark-kafka-source-e5502c05-5ae0-4554-a997-cc4e71222f8d--1893139543-executor-1, groupId=spark-kafka-source-e5502c05-5ae0-4554-a997-cc4e71222f8d--1893139543-executor] Resetting offset for partition store_source_data-0 to position FetchPosition{offset=20, offsetEpoch=Optional.empty, currentLeader=LeaderAndEpoch{leader=Optional[kafka:9092 (id: 0 rack: null)], epoch=6}}.
[2024-06-26T19:45:18.795+0000] {docker.py:436} INFO - 24/06/26 19:45:18 INFO DataWritingSparkTask: Writer for partition 0 is committing.
[2024-06-26T19:45:18.797+0000] {docker.py:436} INFO - 24/06/26 19:45:18 INFO DataWritingSparkTask: Committed partition 0 (task 5, attempt 0, stage 5.0)
[2024-06-26T19:45:18.808+0000] {docker.py:436} INFO - 24/06/26 19:45:18 INFO Executor: Finished task 0.0 in stage 5.0 (TID 5). 2170 bytes result sent to driver
[2024-06-26T19:45:18.811+0000] {docker.py:436} INFO - 24/06/26 19:45:18 INFO TaskSetManager: Finished task 0.0 in stage 5.0 (TID 5) in 797 ms on localhost (executor driver) (1/1)
[2024-06-26T19:45:18.812+0000] {docker.py:436} INFO - 24/06/26 19:45:18 INFO TaskSchedulerImpl: Removed TaskSet 5.0, whose tasks have all completed, from pool
[2024-06-26T19:45:18.814+0000] {docker.py:436} INFO - 24/06/26 19:45:18 INFO DAGScheduler: ResultStage 5 (start at NativeMethodAccessorImpl.java:0) finished in 0.924 s
[2024-06-26T19:45:18.815+0000] {docker.py:436} INFO - 24/06/26 19:45:18 INFO DAGScheduler: Job 5 is finished. Cancelling potential speculative or zombie tasks for this job
[2024-06-26T19:45:18.817+0000] {docker.py:436} INFO - 24/06/26 19:45:18 INFO TaskSchedulerImpl: Killing all running tasks in stage 5: Stage finished
[2024-06-26T19:45:18.819+0000] {docker.py:436} INFO - 24/06/26 19:45:18 INFO DAGScheduler: Job 5 finished: start at NativeMethodAccessorImpl.java:0, took 0.950206 s
[2024-06-26T19:45:18.822+0000] {docker.py:436} INFO - 24/06/26 19:45:18 INFO WriteToDataSourceV2Exec: Data source write support MicroBatchWrite[epoch: 5, writer: ConsoleWriter[numRows=20, truncate=true]] is committing.
[2024-06-26T19:45:18.823+0000] {docker.py:436} INFO - -------------------------------------------
[2024-06-26T19:45:18.824+0000] {docker.py:436} INFO - Batch: 5
[2024-06-26T19:45:18.825+0000] {docker.py:436} INFO - -------------------------------------------
[2024-06-26T19:45:19.001+0000] {docker.py:436} INFO - +--------------+----------------+----+--------+------------+--------------+
|item_purchased|date_of_purchase|cost|quantity|purchased_by|payment_method|
+--------------+----------------+----+--------+------------+--------------+
|          NULL|            NULL|NULL|    NULL|        NULL|          NULL|
+--------------+----------------+----+--------+------------+--------------+
[2024-06-26T19:45:19.002+0000] {docker.py:436} INFO - 24/06/26 19:45:19 INFO WriteToDataSourceV2Exec: Data source write support MicroBatchWrite[epoch: 5, writer: ConsoleWriter[numRows=20, truncate=true]] committed.
[2024-06-26T19:45:19.025+0000] {docker.py:436} INFO - 24/06/26 19:45:19 INFO CheckpointFileManager: Writing atomically to file:/tmp/temporary-3b2add65-7f7a-41bc-8150-fb10eeaaf139/commits/5 using temp file file:/tmp/temporary-3b2add65-7f7a-41bc-8150-fb10eeaaf139/commits/.5.ce273597-be55-4709-84c9-435db5c86472.tmp
[2024-06-26T19:45:19.076+0000] {docker.py:436} INFO - 24/06/26 19:45:19 INFO CheckpointFileManager: Renamed temp file file:/tmp/temporary-3b2add65-7f7a-41bc-8150-fb10eeaaf139/commits/.5.ce273597-be55-4709-84c9-435db5c86472.tmp to file:/tmp/temporary-3b2add65-7f7a-41bc-8150-fb10eeaaf139/commits/5
[2024-06-26T19:45:19.078+0000] {docker.py:436} INFO - 24/06/26 19:45:19 INFO MicroBatchExecution: Streaming query made progress: {
  "id" : "c367687c-8484-43ac-8746-f4e3f62be086",
  "runId" : "c43a70b7-1141-4154-86cc-c80e14921fe5",
  "name" : null,
  "timestamp" : "2024-06-26T19:45:17.589Z",
  "batchId" : 5,
  "numInputRows" : 1,
  "inputRowsPerSecond" : 90.90909090909092,
  "processedRowsPerSecond" : 0.6724949562878278,
  "durationMs" : {
    "addBatch" : 1318,
    "commitOffsets" : 70,
    "getBatch" : 0,
    "latestOffset" : 1,
    "queryPlanning" : 30,
    "triggerExecution" : 1487,
    "walCommit" : 67
  },
  "stateOperators" : [ ],
  "sources" : [ {
    "description" : "KafkaV2[Subscribe[store_source_data]]",
    "startOffset" : {
      "store_source_data" : {
        "0" : 19
      }
    },
    "endOffset" : {
      "store_source_data" : {
        "0" : 20
      }
    },
    "latestOffset" : {
      "store_source_data" : {
        "0" : 20
      }
    },
    "numInputRows" : 1,
    "inputRowsPerSecond" : 90.90909090909092,
    "processedRowsPerSecond" : 0.6724949562878278,
    "metrics" : {
      "avgOffsetsBehindLatest" : "0.0",
      "maxOffsetsBehindLatest" : "0",
      "minOffsetsBehindLatest" : "0"
    }
  } ],
  "sink" : {
    "description" : "org.apache.spark.sql.execution.streaming.ConsoleTable$@4ac7253",
    "numOutputRows" : 1
  }
}
[2024-06-26T19:45:29.086+0000] {docker.py:436} INFO - 24/06/26 19:45:29 INFO MicroBatchExecution: Streaming query has been idle and waiting for new data more than 10000 ms.
[2024-06-26T19:45:30.980+0000] {docker.py:436} INFO - 24/06/26 19:45:30 INFO BlockManagerInfo: Removed broadcast_5_piece0 on localhost:43203 in memory (size: 10.6 KiB, free: 434.4 MiB)
[2024-06-26T19:45:39.087+0000] {docker.py:436} INFO - 24/06/26 19:45:39 INFO MicroBatchExecution: Streaming query has been idle and waiting for new data more than 10000 ms.
[2024-06-26T19:45:49.094+0000] {docker.py:436} INFO - 24/06/26 19:45:49 INFO MicroBatchExecution: Streaming query has been idle and waiting for new data more than 10000 ms.
[2024-06-26T19:45:59.098+0000] {docker.py:436} INFO - 24/06/26 19:45:59 INFO MicroBatchExecution: Streaming query has been idle and waiting for new data more than 10000 ms.
[2024-06-26T19:46:09.109+0000] {docker.py:436} INFO - 24/06/26 19:46:09 INFO MicroBatchExecution: Streaming query has been idle and waiting for new data more than 10000 ms.
[2024-06-26T19:46:18.148+0000] {docker.py:436} INFO - 24/06/26 19:46:18 INFO CheckpointFileManager: Writing atomically to file:/tmp/temporary-3b2add65-7f7a-41bc-8150-fb10eeaaf139/offsets/6 using temp file file:/tmp/temporary-3b2add65-7f7a-41bc-8150-fb10eeaaf139/offsets/.6.4b485ce9-81e3-4fa4-b5a9-d36579d542c3.tmp
[2024-06-26T19:46:18.202+0000] {docker.py:436} INFO - 24/06/26 19:46:18 INFO CheckpointFileManager: Renamed temp file file:/tmp/temporary-3b2add65-7f7a-41bc-8150-fb10eeaaf139/offsets/.6.4b485ce9-81e3-4fa4-b5a9-d36579d542c3.tmp to file:/tmp/temporary-3b2add65-7f7a-41bc-8150-fb10eeaaf139/offsets/6
24/06/26 19:46:18 INFO MicroBatchExecution: Committed offsets for batch 6. Metadata OffsetSeqMetadata(0,1719431178124,Map(spark.sql.streaming.stateStore.providerClass -> org.apache.spark.sql.execution.streaming.state.HDFSBackedStateStoreProvider, spark.sql.streaming.join.stateFormatVersion -> 2, spark.sql.streaming.stateStore.compression.codec -> lz4, spark.sql.streaming.stateStore.rocksdb.formatVersion -> 5, spark.sql.streaming.statefulOperator.useStrictDistribution -> true, spark.sql.streaming.flatMapGroupsWithState.stateFormatVersion -> 2, spark.sql.streaming.multipleWatermarkPolicy -> min, spark.sql.streaming.aggregation.stateFormatVersion -> 2, spark.sql.shuffle.partitions -> 200))
[2024-06-26T19:46:18.250+0000] {docker.py:436} INFO - 24/06/26 19:46:18 INFO KafkaOffsetReaderAdmin: Partitions added: Map()
[2024-06-26T19:46:18.276+0000] {docker.py:436} INFO - 24/06/26 19:46:18 INFO KafkaOffsetReaderAdmin: Partitions added: Map()
[2024-06-26T19:46:18.341+0000] {docker.py:436} INFO - 24/06/26 19:46:18 INFO KafkaOffsetReaderAdmin: Partitions added: Map()
[2024-06-26T19:46:18.346+0000] {docker.py:436} INFO - 24/06/26 19:46:18 INFO KafkaOffsetReaderAdmin: Partitions added: Map()
[2024-06-26T19:46:18.383+0000] {docker.py:436} INFO - 24/06/26 19:46:18 INFO KafkaOffsetReaderAdmin: Partitions added: Map()
[2024-06-26T19:46:18.394+0000] {docker.py:436} INFO - 24/06/26 19:46:18 INFO KafkaOffsetReaderAdmin: Partitions added: Map()
[2024-06-26T19:46:18.421+0000] {docker.py:436} INFO - 24/06/26 19:46:18 INFO WriteToDataSourceV2Exec: Start processing data source write support: MicroBatchWrite[epoch: 6, writer: ConsoleWriter[numRows=20, truncate=true]]. The input RDD has 1 partitions.
24/06/26 19:46:18 INFO SparkContext: Starting job: start at NativeMethodAccessorImpl.java:0
[2024-06-26T19:46:18.424+0000] {docker.py:436} INFO - 24/06/26 19:46:18 INFO DAGScheduler: Got job 6 (start at NativeMethodAccessorImpl.java:0) with 1 output partitions
24/06/26 19:46:18 INFO DAGScheduler: Final stage: ResultStage 6 (start at NativeMethodAccessorImpl.java:0)
24/06/26 19:46:18 INFO DAGScheduler: Parents of final stage: List()
24/06/26 19:46:18 INFO DAGScheduler: Missing parents: List()
24/06/26 19:46:18 INFO DAGScheduler: Submitting ResultStage 6 (MapPartitionsRDD[27] at start at NativeMethodAccessorImpl.java:0), which has no missing parents
[2024-06-26T19:46:18.437+0000] {docker.py:436} INFO - 24/06/26 19:46:18 INFO MemoryStore: Block broadcast_6 stored as values in memory (estimated size 23.8 KiB, free 434.4 MiB)
[2024-06-26T19:46:18.461+0000] {docker.py:436} INFO - 24/06/26 19:46:18 INFO MemoryStore: Block broadcast_6_piece0 stored as bytes in memory (estimated size 10.6 KiB, free 434.4 MiB)
[2024-06-26T19:46:18.466+0000] {docker.py:436} INFO - 24/06/26 19:46:18 INFO BlockManagerInfo: Added broadcast_6_piece0 in memory on localhost:43203 (size: 10.6 KiB, free: 434.4 MiB)
[2024-06-26T19:46:18.466+0000] {docker.py:436} INFO - 24/06/26 19:46:18 INFO SparkContext: Created broadcast 6 from broadcast at DAGScheduler.scala:1585
[2024-06-26T19:46:18.467+0000] {docker.py:436} INFO - 24/06/26 19:46:18 INFO DAGScheduler: Submitting 1 missing tasks from ResultStage 6 (MapPartitionsRDD[27] at start at NativeMethodAccessorImpl.java:0) (first 15 tasks are for partitions Vector(0))
[2024-06-26T19:46:18.468+0000] {docker.py:436} INFO - 24/06/26 19:46:18 INFO TaskSchedulerImpl: Adding task set 6.0 with 1 tasks resource profile 0
[2024-06-26T19:46:18.469+0000] {docker.py:436} INFO - 24/06/26 19:46:18 INFO TaskSetManager: Starting task 0.0 in stage 6.0 (TID 6) (localhost, executor driver, partition 0, PROCESS_LOCAL, 11072 bytes)
[2024-06-26T19:46:18.470+0000] {docker.py:436} INFO - 24/06/26 19:46:18 INFO Executor: Running task 0.0 in stage 6.0 (TID 6)
[2024-06-26T19:46:18.554+0000] {docker.py:436} INFO - 24/06/26 19:46:18 INFO KafkaConsumer: [Consumer clientId=consumer-spark-kafka-source-e5502c05-5ae0-4554-a997-cc4e71222f8d--1893139543-executor-1, groupId=spark-kafka-source-e5502c05-5ae0-4554-a997-cc4e71222f8d--1893139543-executor] Seeking to offset 20 for partition store_source_data-0
[2024-06-26T19:46:18.559+0000] {docker.py:436} INFO - 24/06/26 19:46:18 INFO SubscriptionState: [Consumer clientId=consumer-spark-kafka-source-e5502c05-5ae0-4554-a997-cc4e71222f8d--1893139543-executor-1, groupId=spark-kafka-source-e5502c05-5ae0-4554-a997-cc4e71222f8d--1893139543-executor] Seeking to EARLIEST offset of partition store_source_data-0
[2024-06-26T19:46:19.058+0000] {docker.py:436} INFO - 24/06/26 19:46:19 INFO SubscriptionState: [Consumer clientId=consumer-spark-kafka-source-e5502c05-5ae0-4554-a997-cc4e71222f8d--1893139543-executor-1, groupId=spark-kafka-source-e5502c05-5ae0-4554-a997-cc4e71222f8d--1893139543-executor] Resetting offset for partition store_source_data-0 to position FetchPosition{offset=8, offsetEpoch=Optional.empty, currentLeader=LeaderAndEpoch{leader=Optional[kafka:9092 (id: 0 rack: null)], epoch=6}}.
24/06/26 19:46:19 INFO SubscriptionState: [Consumer clientId=consumer-spark-kafka-source-e5502c05-5ae0-4554-a997-cc4e71222f8d--1893139543-executor-1, groupId=spark-kafka-source-e5502c05-5ae0-4554-a997-cc4e71222f8d--1893139543-executor] Seeking to LATEST offset of partition store_source_data-0
[2024-06-26T19:46:19.058+0000] {docker.py:436} INFO - 24/06/26 19:46:19 INFO SubscriptionState: [Consumer clientId=consumer-spark-kafka-source-e5502c05-5ae0-4554-a997-cc4e71222f8d--1893139543-executor-1, groupId=spark-kafka-source-e5502c05-5ae0-4554-a997-cc4e71222f8d--1893139543-executor] Resetting offset for partition store_source_data-0 to position FetchPosition{offset=21, offsetEpoch=Optional.empty, currentLeader=LeaderAndEpoch{leader=Optional[kafka:9092 (id: 0 rack: null)], epoch=6}}.
[2024-06-26T19:46:19.060+0000] {docker.py:436} INFO - 24/06/26 19:46:19 INFO DataWritingSparkTask: Writer for partition 0 is committing.
[2024-06-26T19:46:19.062+0000] {docker.py:436} INFO - 24/06/26 19:46:19 INFO DataWritingSparkTask: Committed partition 0 (task 6, attempt 0, stage 6.0)
[2024-06-26T19:46:19.077+0000] {docker.py:436} INFO - 24/06/26 19:46:19 INFO Executor: Finished task 0.0 in stage 6.0 (TID 6). 2170 bytes result sent to driver
[2024-06-26T19:46:19.079+0000] {docker.py:436} INFO - 24/06/26 19:46:19 INFO TaskSetManager: Finished task 0.0 in stage 6.0 (TID 6) in 610 ms on localhost (executor driver) (1/1)
[2024-06-26T19:46:19.080+0000] {docker.py:436} INFO - 24/06/26 19:46:19 INFO DAGScheduler: ResultStage 6 (start at NativeMethodAccessorImpl.java:0) finished in 0.649 s
[2024-06-26T19:46:19.081+0000] {docker.py:436} INFO - 24/06/26 19:46:19 INFO DAGScheduler: Job 6 is finished. Cancelling potential speculative or zombie tasks for this job
[2024-06-26T19:46:19.082+0000] {docker.py:436} INFO - 24/06/26 19:46:19 INFO TaskSchedulerImpl: Removed TaskSet 6.0, whose tasks have all completed, from pool 
24/06/26 19:46:19 INFO TaskSchedulerImpl: Killing all running tasks in stage 6: Stage finished
[2024-06-26T19:46:19.084+0000] {docker.py:436} INFO - -------------------------------------------
Batch: 6
-------------------------------------------
[2024-06-26T19:46:19.085+0000] {docker.py:436} INFO - 24/06/26 19:46:19 INFO DAGScheduler: Job 6 finished: start at NativeMethodAccessorImpl.java:0, took 0.662018 s
24/06/26 19:46:19 INFO WriteToDataSourceV2Exec: Data source write support MicroBatchWrite[epoch: 6, writer: ConsoleWriter[numRows=20, truncate=true]] is committing.
[2024-06-26T19:46:19.145+0000] {docker.py:436} INFO - +--------------+----------------+----+--------+------------+--------------+
|item_purchased|date_of_purchase|cost|quantity|purchased_by|payment_method|
+--------------+----------------+----+--------+------------+--------------+
|          NULL|            NULL|NULL|    NULL|        NULL|          NULL|
+--------------+----------------+----+--------+------------+--------------+
[2024-06-26T19:46:19.146+0000] {docker.py:436} INFO - 24/06/26 19:46:19 INFO WriteToDataSourceV2Exec: Data source write support MicroBatchWrite[epoch: 6, writer: ConsoleWriter[numRows=20, truncate=true]] committed.
[2024-06-26T19:46:19.162+0000] {docker.py:436} INFO - 24/06/26 19:46:19 INFO CheckpointFileManager: Writing atomically to file:/tmp/temporary-3b2add65-7f7a-41bc-8150-fb10eeaaf139/commits/6 using temp file file:/tmp/temporary-3b2add65-7f7a-41bc-8150-fb10eeaaf139/commits/.6.069f85d5-5edd-4cd4-9b4d-9544cc127602.tmp
[2024-06-26T19:46:19.212+0000] {docker.py:436} INFO - 24/06/26 19:46:19 INFO CheckpointFileManager: Renamed temp file file:/tmp/temporary-3b2add65-7f7a-41bc-8150-fb10eeaaf139/commits/.6.069f85d5-5edd-4cd4-9b4d-9544cc127602.tmp to file:/tmp/temporary-3b2add65-7f7a-41bc-8150-fb10eeaaf139/commits/6
[2024-06-26T19:46:19.214+0000] {docker.py:436} INFO - 24/06/26 19:46:19 INFO MicroBatchExecution: Streaming query made progress: {
  "id" : "c367687c-8484-43ac-8746-f4e3f62be086",
  "runId" : "c43a70b7-1141-4154-86cc-c80e14921fe5",
  "name" : null,
  "timestamp" : "2024-06-26T19:46:18.123Z",
  "batchId" : 6,
  "numInputRows" : 1,
  "inputRowsPerSecond" : 83.33333333333333,
  "processedRowsPerSecond" : 0.9199632014719411,
  "durationMs" : {
    "addBatch" : 851,
    "commitOffsets" : 63,
    "getBatch" : 0,
    "latestOffset" : 1,
    "queryPlanning" : 91,
    "triggerExecution" : 1087,
    "walCommit" : 76
  },
  "stateOperators" : [ ],
  "sources" : [ {
    "description" : "KafkaV2[Subscribe[store_source_data]]",
    "startOffset" : {
      "store_source_data" : {
        "0" : 20
      }
    },
    "endOffset" : {
      "store_source_data" : {
        "0" : 21
      }
    },
    "latestOffset" : {
      "store_source_data" : {
        "0" : 21
      }
    },
    "numInputRows" : 1,
    "inputRowsPerSecond" : 83.33333333333333,
    "processedRowsPerSecond" : 0.9199632014719411,
    "metrics" : {
      "avgOffsetsBehindLatest" : "0.0",
      "maxOffsetsBehindLatest" : "0",
      "minOffsetsBehindLatest" : "0"
    }
  } ],
  "sink" : {
    "description" : "org.apache.spark.sql.execution.streaming.ConsoleTable$@4ac7253",
    "numOutputRows" : 1
  }
}
[2024-06-26T19:46:29.212+0000] {docker.py:436} INFO - 24/06/26 19:46:29 INFO MicroBatchExecution: Streaming query has been idle and waiting for new data more than 10000 ms.
[2024-06-26T19:46:30.817+0000] {docker.py:436} INFO - 24/06/26 19:46:30 INFO BlockManagerInfo: Removed broadcast_6_piece0 on localhost:43203 in memory (size: 10.6 KiB, free: 434.4 MiB)
[2024-06-26T19:46:39.214+0000] {docker.py:436} INFO - 24/06/26 19:46:39 INFO MicroBatchExecution: Streaming query has been idle and waiting for new data more than 10000 ms.
[2024-06-26T19:46:49.216+0000] {docker.py:436} INFO - 24/06/26 19:46:49 INFO MicroBatchExecution: Streaming query has been idle and waiting for new data more than 10000 ms.
[2024-06-26T19:46:59.225+0000] {docker.py:436} INFO - 24/06/26 19:46:59 INFO MicroBatchExecution: Streaming query has been idle and waiting for new data more than 10000 ms.
[2024-06-26T19:47:09.230+0000] {docker.py:436} INFO - 24/06/26 19:47:09 INFO MicroBatchExecution: Streaming query has been idle and waiting for new data more than 10000 ms.
[2024-06-26T19:47:19.239+0000] {docker.py:436} INFO - 24/06/26 19:47:19 INFO MicroBatchExecution: Streaming query has been idle and waiting for new data more than 10000 ms.
[2024-06-26T19:47:29.249+0000] {docker.py:436} INFO - 24/06/26 19:47:29 INFO MicroBatchExecution: Streaming query has been idle and waiting for new data more than 10000 ms.
[2024-06-26T19:47:39.254+0000] {docker.py:436} INFO - 24/06/26 19:47:39 INFO MicroBatchExecution: Streaming query has been idle and waiting for new data more than 10000 ms.
[2024-06-26T19:47:49.257+0000] {docker.py:436} INFO - 24/06/26 19:47:49 INFO MicroBatchExecution: Streaming query has been idle and waiting for new data more than 10000 ms.
[2024-06-26T19:47:55.708+0000] {docker.py:436} INFO - 24/06/26 19:47:55 WARN NetworkClient: [AdminClient clientId=adminclient-1] Connection to node 0 (kafka/172.18.0.2:9092) could not be established. Broker may not be available.
[2024-06-26T19:47:55.809+0000] {docker.py:436} INFO - 24/06/26 19:47:55 WARN NetworkClient: [AdminClient clientId=adminclient-1] Connection to node 0 (kafka/172.18.0.2:9092) could not be established. Broker may not be available.
[2024-06-26T19:47:56.010+0000] {docker.py:436} INFO - 24/06/26 19:47:56 WARN NetworkClient: [AdminClient clientId=adminclient-1] Connection to node 0 (kafka/172.18.0.2:9092) could not be established. Broker may not be available.
[2024-06-26T19:47:56.412+0000] {docker.py:436} INFO - 24/06/26 19:47:56 WARN NetworkClient: [AdminClient clientId=adminclient-1] Connection to node 0 (kafka/172.18.0.2:9092) could not be established. Broker may not be available.
[2024-06-26T19:47:59.896+0000] {local_task_job_runner.py:124} ERROR - Received SIGTERM. Terminating subprocesses
[2024-06-26T19:47:59.908+0000] {taskinstance.py:441} INFO - ::group::Post task execution logs
[2024-06-26T19:47:59.930+0000] {process_utils.py:132} INFO - Sending 15 to group 442. PIDs of all processes in the group: [442]
[2024-06-26T19:47:59.931+0000] {process_utils.py:87} INFO - Sending the signal 15 to group 442
[2024-06-26T19:47:59.942+0000] {taskinstance.py:2611} ERROR - Received SIGTERM. Terminating subprocesses.
[2024-06-26T19:47:59.943+0000] {docker.py:528} INFO - Stopping docker container
[2024-06-26T19:47:59.981+0000] {logging_mixin.py:188} WARNING - --- Logging error ---
[2024-06-26T19:48:00.095+0000] {logging_mixin.py:188} WARNING - Traceback (most recent call last):
[2024-06-26T19:48:00.095+0000] {logging_mixin.py:188} WARNING -   File "/home/***/.local/lib/python3.12/site-packages/docker/api/client.py", line 265, in _raise_for_status
    response.raise_for_status()
[2024-06-26T19:48:00.096+0000] {logging_mixin.py:188} WARNING -   File "/home/***/.local/lib/python3.12/site-packages/requests/models.py", line 1021, in raise_for_status
    raise HTTPError(http_error_msg, response=self)
[2024-06-26T19:48:00.096+0000] {logging_mixin.py:188} WARNING - requests.exceptions.HTTPError: 400 Client Error: Bad Request for url: http://docker-proxy:2375/v1.45/containers/create
[2024-06-26T19:48:00.097+0000] {logging_mixin.py:188} WARNING - 
The above exception was the direct cause of the following exception:
[2024-06-26T19:48:00.098+0000] {logging_mixin.py:188} WARNING - Traceback (most recent call last):
[2024-06-26T19:48:00.098+0000] {logging_mixin.py:188} WARNING -   File "/home/***/.local/lib/python3.12/site-packages/***/providers/docker/operators/docker.py", line 371, in _run_image
    return self._run_image_with_mounts([*self.mounts, tmp_mount], add_tmp_variable=True)
           ^^^^^^^^^^^^^^^^^^^^^^^^^^^^^^^^^^^^^^^^^^^^^^^^^^^^^^^^^^^^^^^^^^^^^^^^^^^^^
[2024-06-26T19:48:00.099+0000] {logging_mixin.py:188} WARNING -   File "/home/***/.local/lib/python3.12/site-packages/***/providers/docker/operators/docker.py", line 398, in _run_image_with_mounts
    self.container = self.cli.create_container(
                     ^^^^^^^^^^^^^^^^^^^^^^^^^^
[2024-06-26T19:48:00.099+0000] {logging_mixin.py:188} WARNING -   File "/home/***/.local/lib/python3.12/site-packages/docker/api/container.py", line 439, in create_container
    return self.create_container_from_config(config, name, platform)
           ^^^^^^^^^^^^^^^^^^^^^^^^^^^^^^^^^^^^^^^^^^^^^^^^^^^^^^^^^
[2024-06-26T19:48:00.100+0000] {logging_mixin.py:188} WARNING -   File "/home/***/.local/lib/python3.12/site-packages/docker/api/container.py", line 456, in create_container_from_config
    return self._result(res, True)
           ^^^^^^^^^^^^^^^^^^^^^^^
[2024-06-26T19:48:00.100+0000] {logging_mixin.py:188} WARNING -   File "/home/***/.local/lib/python3.12/site-packages/docker/api/client.py", line 271, in _result
    self._raise_for_status(response)
[2024-06-26T19:48:00.104+0000] {logging_mixin.py:188} WARNING -   File "/home/***/.local/lib/python3.12/site-packages/docker/api/client.py", line 267, in _raise_for_status
    raise create_api_error_from_http_exception(e) from e
          ^^^^^^^^^^^^^^^^^^^^^^^^^^^^^^^^^^^^^^^
[2024-06-26T19:48:00.104+0000] {logging_mixin.py:188} WARNING -   File "/home/***/.local/lib/python3.12/site-packages/docker/errors.py", line 39, in create_api_error_from_http_exception
    raise cls(e, response=response, explanation=explanation) from e
[2024-06-26T19:48:00.104+0000] {logging_mixin.py:188} WARNING - docker.errors.APIError: 400 Client Error for http://docker-proxy:2375/v1.45/containers/create: Bad Request ("invalid mount config for type "bind": bind source path does not exist: /tmp/***tmpglqeg8ty")
[2024-06-26T19:48:00.105+0000] {logging_mixin.py:188} WARNING - 
During handling of the above exception, another exception occurred:
[2024-06-26T19:48:00.105+0000] {logging_mixin.py:188} WARNING - Traceback (most recent call last):
[2024-06-26T19:48:00.106+0000] {logging_mixin.py:188} WARNING -   File "/home/***/.local/lib/python3.12/site-packages/urllib3/connection.py", line 198, in _new_conn
    sock = connection.create_connection(
           ^^^^^^^^^^^^^^^^^^^^^^^^^^^^^
[2024-06-26T19:48:00.106+0000] {logging_mixin.py:188} WARNING -   File "/home/***/.local/lib/python3.12/site-packages/urllib3/util/connection.py", line 85, in create_connection
    raise err
[2024-06-26T19:48:00.107+0000] {logging_mixin.py:188} WARNING -   File "/home/***/.local/lib/python3.12/site-packages/urllib3/util/connection.py", line 73, in create_connection
    sock.connect(sa)
[2024-06-26T19:48:00.107+0000] {logging_mixin.py:188} WARNING - ConnectionRefusedError: [Errno 111] Connection refused
[2024-06-26T19:48:00.107+0000] {logging_mixin.py:188} WARNING - 
The above exception was the direct cause of the following exception:
[2024-06-26T19:48:00.108+0000] {logging_mixin.py:188} WARNING - Traceback (most recent call last):
[2024-06-26T19:48:00.111+0000] {logging_mixin.py:188} WARNING -   File "/home/***/.local/lib/python3.12/site-packages/urllib3/connectionpool.py", line 793, in urlopen
    response = self._make_request(
               ^^^^^^^^^^^^^^^^^^^
[2024-06-26T19:48:00.112+0000] {logging_mixin.py:188} WARNING -   File "/home/***/.local/lib/python3.12/site-packages/urllib3/connectionpool.py", line 496, in _make_request
    conn.request(
[2024-06-26T19:48:00.112+0000] {logging_mixin.py:188} WARNING -   File "/home/***/.local/lib/python3.12/site-packages/urllib3/connection.py", line 400, in request
    self.endheaders()
[2024-06-26T19:48:00.113+0000] {logging_mixin.py:188} WARNING -   File "/usr/local/lib/python3.12/http/client.py", line 1331, in endheaders
    self._send_output(message_body, encode_chunked=encode_chunked)
[2024-06-26T19:48:00.113+0000] {logging_mixin.py:188} WARNING -   File "/usr/local/lib/python3.12/http/client.py", line 1091, in _send_output
    self.send(msg)
[2024-06-26T19:48:00.113+0000] {logging_mixin.py:188} WARNING -   File "/usr/local/lib/python3.12/http/client.py", line 1035, in send
    self.connect()
[2024-06-26T19:48:00.114+0000] {logging_mixin.py:188} WARNING -   File "/home/***/.local/lib/python3.12/site-packages/urllib3/connection.py", line 238, in connect
    self.sock = self._new_conn()
                ^^^^^^^^^^^^^^^^
[2024-06-26T19:48:00.114+0000] {logging_mixin.py:188} WARNING -   File "/home/***/.local/lib/python3.12/site-packages/urllib3/connection.py", line 213, in _new_conn
    raise NewConnectionError(
[2024-06-26T19:48:00.115+0000] {logging_mixin.py:188} WARNING - urllib3.exceptions.NewConnectionError: <urllib3.connection.HTTPConnection object at 0x73196130cf20>: Failed to establish a new connection: [Errno 111] Connection refused
[2024-06-26T19:48:00.115+0000] {logging_mixin.py:188} WARNING - 
The above exception was the direct cause of the following exception:
[2024-06-26T19:48:00.115+0000] {logging_mixin.py:188} WARNING - Traceback (most recent call last):
[2024-06-26T19:48:00.116+0000] {logging_mixin.py:188} WARNING -   File "/home/***/.local/lib/python3.12/site-packages/requests/adapters.py", line 486, in send
    resp = conn.urlopen(
           ^^^^^^^^^^^^^
[2024-06-26T19:48:00.116+0000] {logging_mixin.py:188} WARNING -   File "/home/***/.local/lib/python3.12/site-packages/urllib3/connectionpool.py", line 847, in urlopen
    retries = retries.increment(
              ^^^^^^^^^^^^^^^^^^
[2024-06-26T19:48:00.117+0000] {logging_mixin.py:188} WARNING -   File "/home/***/.local/lib/python3.12/site-packages/urllib3/util/retry.py", line 515, in increment
    raise MaxRetryError(_pool, url, reason) from reason  # type: ignore[arg-type]
    ^^^^^^^^^^^^^^^^^^^^^^^^^^^^^^^^^^^^^^^^^^^^^^^^^^^
[2024-06-26T19:48:00.117+0000] {logging_mixin.py:188} WARNING - urllib3.exceptions.MaxRetryError: HTTPConnectionPool(host='docker-proxy', port=2375): Max retries exceeded with url: /v1.45/containers/c04025f60608d2d57d9a38e77cf7747abf894e4b544cdd2fe50f815dcc839b5f/wait (Caused by NewConnectionError('<urllib3.connection.HTTPConnection object at 0x73196130cf20>: Failed to establish a new connection: [Errno 111] Connection refused'))
[2024-06-26T19:48:00.117+0000] {logging_mixin.py:188} WARNING - 
During handling of the above exception, another exception occurred:
[2024-06-26T19:48:00.118+0000] {logging_mixin.py:188} WARNING - Traceback (most recent call last):
[2024-06-26T19:48:00.119+0000] {logging_mixin.py:188} WARNING -   File "/home/***/.local/lib/python3.12/site-packages/***/providers/docker/operators/docker.py", line 438, in _run_image_with_mounts
    result = self.cli.wait(self.container["Id"])
             ^^^^^^^^^^^^^^^^^^^^^^^^^^^^^^^^^^^
[2024-06-26T19:48:00.119+0000] {logging_mixin.py:188} WARNING -   File "/home/***/.local/lib/python3.12/site-packages/docker/utils/decorators.py", line 19, in wrapped
    return f(self, resource_id, *args, **kwargs)
           ^^^^^^^^^^^^^^^^^^^^^^^^^^^^^^^^^^^^^
[2024-06-26T19:48:00.120+0000] {logging_mixin.py:188} WARNING -   File "/home/***/.local/lib/python3.12/site-packages/docker/api/container.py", line 1346, in wait
    res = self._post(url, timeout=timeout, params=params)
          ^^^^^^^^^^^^^^^^^^^^^^^^^^^^^^^^^^^^^^^^^^^^^^^
[2024-06-26T19:48:00.120+0000] {logging_mixin.py:188} WARNING -   File "/home/***/.local/lib/python3.12/site-packages/docker/utils/decorators.py", line 44, in inner
    return f(self, *args, **kwargs)
           ^^^^^^^^^^^^^^^^^^^^^^^^
[2024-06-26T19:48:00.120+0000] {logging_mixin.py:188} WARNING -   File "/home/***/.local/lib/python3.12/site-packages/docker/api/client.py", line 232, in _post
    return self.post(url, **self._set_request_timeout(kwargs))
           ^^^^^^^^^^^^^^^^^^^^^^^^^^^^^^^^^^^^^^^^^^^^^^^^^^^
[2024-06-26T19:48:00.121+0000] {logging_mixin.py:188} WARNING -   File "/home/***/.local/lib/python3.12/site-packages/requests/sessions.py", line 637, in post
    return self.request("POST", url, data=data, json=json, **kwargs)
           ^^^^^^^^^^^^^^^^^^^^^^^^^^^^^^^^^^^^^^^^^^^^^^^^^^^^^^^^^
[2024-06-26T19:48:00.121+0000] {logging_mixin.py:188} WARNING -   File "/home/***/.local/lib/python3.12/site-packages/requests/sessions.py", line 589, in request
    resp = self.send(prep, **send_kwargs)
           ^^^^^^^^^^^^^^^^^^^^^^^^^^^^^^
[2024-06-26T19:48:00.121+0000] {logging_mixin.py:188} WARNING -   File "/home/***/.local/lib/python3.12/site-packages/requests/sessions.py", line 703, in send
    r = adapter.send(request, **kwargs)
        ^^^^^^^^^^^^^^^^^^^^^^^^^^^^^^^
[2024-06-26T19:48:00.122+0000] {logging_mixin.py:188} WARNING -   File "/home/***/.local/lib/python3.12/site-packages/requests/adapters.py", line 519, in send
    raise ConnectionError(e, request=request)
[2024-06-26T19:48:00.122+0000] {logging_mixin.py:188} WARNING - requests.exceptions.ConnectionError: HTTPConnectionPool(host='docker-proxy', port=2375): Max retries exceeded with url: /v1.45/containers/c04025f60608d2d57d9a38e77cf7747abf894e4b544cdd2fe50f815dcc839b5f/wait (Caused by NewConnectionError('<urllib3.connection.HTTPConnection object at 0x73196130cf20>: Failed to establish a new connection: [Errno 111] Connection refused'))
[2024-06-26T19:48:00.123+0000] {logging_mixin.py:188} WARNING - 
During handling of the above exception, another exception occurred:
[2024-06-26T19:48:00.123+0000] {logging_mixin.py:188} WARNING - Traceback (most recent call last):
[2024-06-26T19:48:00.123+0000] {logging_mixin.py:188} WARNING -   File "/home/***/.local/lib/python3.12/site-packages/urllib3/connection.py", line 198, in _new_conn
    sock = connection.create_connection(
           ^^^^^^^^^^^^^^^^^^^^^^^^^^^^^
[2024-06-26T19:48:00.124+0000] {logging_mixin.py:188} WARNING -   File "/home/***/.local/lib/python3.12/site-packages/urllib3/util/connection.py", line 85, in create_connection
    raise err
[2024-06-26T19:48:00.124+0000] {logging_mixin.py:188} WARNING -   File "/home/***/.local/lib/python3.12/site-packages/urllib3/util/connection.py", line 73, in create_connection
    sock.connect(sa)
[2024-06-26T19:48:00.125+0000] {logging_mixin.py:188} WARNING - ConnectionRefusedError: [Errno 111] Connection refused
[2024-06-26T19:48:00.125+0000] {logging_mixin.py:188} WARNING - 
The above exception was the direct cause of the following exception:
[2024-06-26T19:48:00.125+0000] {logging_mixin.py:188} WARNING - Traceback (most recent call last):
[2024-06-26T19:48:00.126+0000] {logging_mixin.py:188} WARNING -   File "/home/***/.local/lib/python3.12/site-packages/urllib3/connectionpool.py", line 793, in urlopen
    response = self._make_request(
               ^^^^^^^^^^^^^^^^^^^
[2024-06-26T19:48:00.126+0000] {logging_mixin.py:188} WARNING -   File "/home/***/.local/lib/python3.12/site-packages/urllib3/connectionpool.py", line 496, in _make_request
    conn.request(
[2024-06-26T19:48:00.127+0000] {logging_mixin.py:188} WARNING -   File "/home/***/.local/lib/python3.12/site-packages/urllib3/connection.py", line 400, in request
    self.endheaders()
[2024-06-26T19:48:00.129+0000] {logging_mixin.py:188} WARNING -   File "/usr/local/lib/python3.12/http/client.py", line 1331, in endheaders
    self._send_output(message_body, encode_chunked=encode_chunked)
[2024-06-26T19:48:00.130+0000] {logging_mixin.py:188} WARNING -   File "/usr/local/lib/python3.12/http/client.py", line 1091, in _send_output
    self.send(msg)
[2024-06-26T19:48:00.131+0000] {logging_mixin.py:188} WARNING -   File "/usr/local/lib/python3.12/http/client.py", line 1035, in send
    self.connect()
[2024-06-26T19:48:00.131+0000] {logging_mixin.py:188} WARNING -   File "/home/***/.local/lib/python3.12/site-packages/urllib3/connection.py", line 238, in connect
    self.sock = self._new_conn()
                ^^^^^^^^^^^^^^^^
[2024-06-26T19:48:00.132+0000] {logging_mixin.py:188} WARNING -   File "/home/***/.local/lib/python3.12/site-packages/urllib3/connection.py", line 213, in _new_conn
    raise NewConnectionError(
[2024-06-26T19:48:00.132+0000] {logging_mixin.py:188} WARNING - urllib3.exceptions.NewConnectionError: <urllib3.connection.HTTPConnection object at 0x7319613479e0>: Failed to establish a new connection: [Errno 111] Connection refused
[2024-06-26T19:48:00.133+0000] {logging_mixin.py:188} WARNING - 
The above exception was the direct cause of the following exception:
[2024-06-26T19:48:00.133+0000] {logging_mixin.py:188} WARNING - Traceback (most recent call last):
[2024-06-26T19:48:00.134+0000] {logging_mixin.py:188} WARNING -   File "/home/***/.local/lib/python3.12/site-packages/requests/adapters.py", line 486, in send
    resp = conn.urlopen(
           ^^^^^^^^^^^^^
[2024-06-26T19:48:00.134+0000] {logging_mixin.py:188} WARNING -   File "/home/***/.local/lib/python3.12/site-packages/urllib3/connectionpool.py", line 847, in urlopen
    retries = retries.increment(
              ^^^^^^^^^^^^^^^^^^
[2024-06-26T19:48:00.134+0000] {logging_mixin.py:188} WARNING -   File "/home/***/.local/lib/python3.12/site-packages/urllib3/util/retry.py", line 515, in increment
    raise MaxRetryError(_pool, url, reason) from reason  # type: ignore[arg-type]
    ^^^^^^^^^^^^^^^^^^^^^^^^^^^^^^^^^^^^^^^^^^^^^^^^^^^
[2024-06-26T19:48:00.135+0000] {logging_mixin.py:188} WARNING - urllib3.exceptions.MaxRetryError: HTTPConnectionPool(host='docker-proxy', port=2375): Max retries exceeded with url: /v1.45/containers/c04025f60608d2d57d9a38e77cf7747abf894e4b544cdd2fe50f815dcc839b5f?v=False&link=False&force=False (Caused by NewConnectionError('<urllib3.connection.HTTPConnection object at 0x7319613479e0>: Failed to establish a new connection: [Errno 111] Connection refused'))
[2024-06-26T19:48:00.135+0000] {logging_mixin.py:188} WARNING - 
During handling of the above exception, another exception occurred:
[2024-06-26T19:48:00.135+0000] {logging_mixin.py:188} WARNING - Traceback (most recent call last):
[2024-06-26T19:48:00.137+0000] {logging_mixin.py:188} WARNING -   File "/home/***/.local/lib/python3.12/site-packages/***/models/taskinstance.py", line 2479, in _run_raw_task
    self._execute_task_with_callbacks(context, test_mode, session=session)
[2024-06-26T19:48:00.138+0000] {logging_mixin.py:188} WARNING -   File "/home/***/.local/lib/python3.12/site-packages/***/models/taskinstance.py", line 2676, in _execute_task_with_callbacks
    result = self._execute_task(context, task_orig)
             ^^^^^^^^^^^^^^^^^^^^^^^^^^^^^^^^^^^^^^
[2024-06-26T19:48:00.138+0000] {logging_mixin.py:188} WARNING -   File "/home/***/.local/lib/python3.12/site-packages/***/models/taskinstance.py", line 2701, in _execute_task
    return _execute_task(self, context, task_orig)
           ^^^^^^^^^^^^^^^^^^^^^^^^^^^^^^^^^^^^^^^
[2024-06-26T19:48:00.140+0000] {logging_mixin.py:188} WARNING -   File "/home/***/.local/lib/python3.12/site-packages/***/models/taskinstance.py", line 465, in _execute_task
    result = _execute_callable(context=context, **execute_callable_kwargs)
             ^^^^^^^^^^^^^^^^^^^^^^^^^^^^^^^^^^^^^^^^^^^^^^^^^^^^^^^^^^^^^
[2024-06-26T19:48:00.140+0000] {logging_mixin.py:188} WARNING -   File "/home/***/.local/lib/python3.12/site-packages/***/models/taskinstance.py", line 432, in _execute_callable
    return execute_callable(context=context, **execute_callable_kwargs)
           ^^^^^^^^^^^^^^^^^^^^^^^^^^^^^^^^^^^^^^^^^^^^^^^^^^^^^^^^^^^^
[2024-06-26T19:48:00.141+0000] {logging_mixin.py:188} WARNING -   File "/home/***/.local/lib/python3.12/site-packages/***/models/baseoperator.py", line 400, in wrapper
    return func(self, *args, **kwargs)
           ^^^^^^^^^^^^^^^^^^^^^^^^^^^
[2024-06-26T19:48:00.141+0000] {logging_mixin.py:188} WARNING -   File "/home/***/.local/lib/python3.12/site-packages/***/providers/docker/operators/docker.py", line 509, in execute
    return self._run_image()
           ^^^^^^^^^^^^^^^^^
[2024-06-26T19:48:00.142+0000] {logging_mixin.py:188} WARNING -   File "/home/***/.local/lib/python3.12/site-packages/***/providers/docker/operators/docker.py", line 380, in _run_image
    return self._run_image_with_mounts(self.mounts, add_tmp_variable=False)
           ^^^^^^^^^^^^^^^^^^^^^^^^^^^^^^^^^^^^^^^^^^^^^^^^^^^^^^^^^^^^^^^^
[2024-06-26T19:48:00.143+0000] {logging_mixin.py:188} WARNING -   File "/home/***/.local/lib/python3.12/site-packages/***/providers/docker/operators/docker.py", line 462, in _run_image_with_mounts
    self.cli.remove_container(self.container["Id"])
[2024-06-26T19:48:00.143+0000] {logging_mixin.py:188} WARNING -   File "/home/***/.local/lib/python3.12/site-packages/docker/utils/decorators.py", line 19, in wrapped
    return f(self, resource_id, *args, **kwargs)
           ^^^^^^^^^^^^^^^^^^^^^^^^^^^^^^^^^^^^^
[2024-06-26T19:48:00.144+0000] {logging_mixin.py:188} WARNING -   File "/home/***/.local/lib/python3.12/site-packages/docker/api/container.py", line 1033, in remove_container
    res = self._delete(
          ^^^^^^^^^^^^^
[2024-06-26T19:48:00.144+0000] {logging_mixin.py:188} WARNING -   File "/home/***/.local/lib/python3.12/site-packages/docker/utils/decorators.py", line 44, in inner
    return f(self, *args, **kwargs)
           ^^^^^^^^^^^^^^^^^^^^^^^^
[2024-06-26T19:48:00.145+0000] {logging_mixin.py:188} WARNING -   File "/home/***/.local/lib/python3.12/site-packages/docker/api/client.py", line 244, in _delete
    return self.delete(url, **self._set_request_timeout(kwargs))
           ^^^^^^^^^^^^^^^^^^^^^^^^^^^^^^^^^^^^^^^^^^^^^^^^^^^^^
[2024-06-26T19:48:00.145+0000] {logging_mixin.py:188} WARNING -   File "/home/***/.local/lib/python3.12/site-packages/requests/sessions.py", line 671, in delete
    return self.request("DELETE", url, **kwargs)
           ^^^^^^^^^^^^^^^^^^^^^^^^^^^^^^^^^^^^^
[2024-06-26T19:48:00.145+0000] {logging_mixin.py:188} WARNING -   File "/home/***/.local/lib/python3.12/site-packages/requests/sessions.py", line 589, in request
    resp = self.send(prep, **send_kwargs)
           ^^^^^^^^^^^^^^^^^^^^^^^^^^^^^^
[2024-06-26T19:48:00.146+0000] {logging_mixin.py:188} WARNING -   File "/home/***/.local/lib/python3.12/site-packages/requests/sessions.py", line 703, in send
    r = adapter.send(request, **kwargs)
        ^^^^^^^^^^^^^^^^^^^^^^^^^^^^^^^
[2024-06-26T19:48:00.150+0000] {logging_mixin.py:188} WARNING -   File "/home/***/.local/lib/python3.12/site-packages/requests/adapters.py", line 519, in send
    raise ConnectionError(e, request=request)
[2024-06-26T19:48:00.150+0000] {logging_mixin.py:188} WARNING - requests.exceptions.ConnectionError: HTTPConnectionPool(host='docker-proxy', port=2375): Max retries exceeded with url: /v1.45/containers/c04025f60608d2d57d9a38e77cf7747abf894e4b544cdd2fe50f815dcc839b5f?v=False&link=False&force=False (Caused by NewConnectionError('<urllib3.connection.HTTPConnection object at 0x7319613479e0>: Failed to establish a new connection: [Errno 111] Connection refused'))
[2024-06-26T19:48:00.150+0000] {logging_mixin.py:188} WARNING - 
During handling of the above exception, another exception occurred:
[2024-06-26T19:48:00.151+0000] {logging_mixin.py:188} WARNING - Traceback (most recent call last):
[2024-06-26T19:48:00.151+0000] {logging_mixin.py:188} WARNING -   File "/home/***/.local/lib/python3.12/site-packages/urllib3/connection.py", line 198, in _new_conn
    sock = connection.create_connection(
           ^^^^^^^^^^^^^^^^^^^^^^^^^^^^^
[2024-06-26T19:48:00.151+0000] {logging_mixin.py:188} WARNING -   File "/home/***/.local/lib/python3.12/site-packages/urllib3/util/connection.py", line 85, in create_connection
    raise err
[2024-06-26T19:48:00.152+0000] {logging_mixin.py:188} WARNING -   File "/home/***/.local/lib/python3.12/site-packages/urllib3/util/connection.py", line 73, in create_connection
    sock.connect(sa)
[2024-06-26T19:48:00.152+0000] {logging_mixin.py:188} WARNING - ConnectionRefusedError: [Errno 111] Connection refused
[2024-06-26T19:48:00.152+0000] {logging_mixin.py:188} WARNING - 
The above exception was the direct cause of the following exception:
[2024-06-26T19:48:00.153+0000] {logging_mixin.py:188} WARNING - Traceback (most recent call last):
[2024-06-26T19:48:00.153+0000] {logging_mixin.py:188} WARNING -   File "/home/***/.local/lib/python3.12/site-packages/urllib3/connectionpool.py", line 793, in urlopen
    response = self._make_request(
               ^^^^^^^^^^^^^^^^^^^
[2024-06-26T19:48:00.153+0000] {logging_mixin.py:188} WARNING -   File "/home/***/.local/lib/python3.12/site-packages/urllib3/connectionpool.py", line 496, in _make_request
    conn.request(
[2024-06-26T19:48:00.154+0000] {logging_mixin.py:188} WARNING -   File "/home/***/.local/lib/python3.12/site-packages/urllib3/connection.py", line 400, in request
    self.endheaders()
[2024-06-26T19:48:00.154+0000] {logging_mixin.py:188} WARNING -   File "/usr/local/lib/python3.12/http/client.py", line 1331, in endheaders
    self._send_output(message_body, encode_chunked=encode_chunked)
[2024-06-26T19:48:00.154+0000] {logging_mixin.py:188} WARNING -   File "/usr/local/lib/python3.12/http/client.py", line 1091, in _send_output
    self.send(msg)
[2024-06-26T19:48:00.155+0000] {logging_mixin.py:188} WARNING -   File "/usr/local/lib/python3.12/http/client.py", line 1035, in send
    self.connect()
[2024-06-26T19:48:00.155+0000] {logging_mixin.py:188} WARNING -   File "/home/***/.local/lib/python3.12/site-packages/urllib3/connection.py", line 238, in connect
    self.sock = self._new_conn()
                ^^^^^^^^^^^^^^^^
[2024-06-26T19:48:00.155+0000] {logging_mixin.py:188} WARNING -   File "/home/***/.local/lib/python3.12/site-packages/urllib3/connection.py", line 213, in _new_conn
    raise NewConnectionError(
[2024-06-26T19:48:00.156+0000] {logging_mixin.py:188} WARNING - urllib3.exceptions.NewConnectionError: <urllib3.connection.HTTPConnection object at 0x731961358110>: Failed to establish a new connection: [Errno 111] Connection refused
[2024-06-26T19:48:00.156+0000] {logging_mixin.py:188} WARNING - 
The above exception was the direct cause of the following exception:
[2024-06-26T19:48:00.156+0000] {logging_mixin.py:188} WARNING - Traceback (most recent call last):
[2024-06-26T19:48:00.157+0000] {logging_mixin.py:188} WARNING -   File "/home/***/.local/lib/python3.12/site-packages/requests/adapters.py", line 486, in send
    resp = conn.urlopen(
           ^^^^^^^^^^^^^
[2024-06-26T19:48:00.157+0000] {logging_mixin.py:188} WARNING -   File "/home/***/.local/lib/python3.12/site-packages/urllib3/connectionpool.py", line 847, in urlopen
    retries = retries.increment(
              ^^^^^^^^^^^^^^^^^^
[2024-06-26T19:48:00.158+0000] {logging_mixin.py:188} WARNING -   File "/home/***/.local/lib/python3.12/site-packages/urllib3/util/retry.py", line 515, in increment
    raise MaxRetryError(_pool, url, reason) from reason  # type: ignore[arg-type]
    ^^^^^^^^^^^^^^^^^^^^^^^^^^^^^^^^^^^^^^^^^^^^^^^^^^^
[2024-06-26T19:48:00.158+0000] {logging_mixin.py:188} WARNING - urllib3.exceptions.MaxRetryError: HTTPConnectionPool(host='docker-proxy', port=2375): Max retries exceeded with url: /v1.45/containers/c04025f60608d2d57d9a38e77cf7747abf894e4b544cdd2fe50f815dcc839b5f/stop (Caused by NewConnectionError('<urllib3.connection.HTTPConnection object at 0x731961358110>: Failed to establish a new connection: [Errno 111] Connection refused'))
[2024-06-26T19:48:00.159+0000] {logging_mixin.py:188} WARNING - 
During handling of the above exception, another exception occurred:
[2024-06-26T19:48:00.159+0000] {logging_mixin.py:188} WARNING - Traceback (most recent call last):
[2024-06-26T19:48:00.160+0000] {logging_mixin.py:188} WARNING -   File "/usr/local/lib/python3.12/logging/__init__.py", line 1160, in emit
    msg = self.format(record)
          ^^^^^^^^^^^^^^^^^^^
[2024-06-26T19:48:00.161+0000] {logging_mixin.py:188} WARNING -   File "/usr/local/lib/python3.12/logging/__init__.py", line 999, in format
    return fmt.format(record)
           ^^^^^^^^^^^^^^^^^^
[2024-06-26T19:48:00.161+0000] {logging_mixin.py:188} WARNING -   File "/usr/local/lib/python3.12/logging/__init__.py", line 711, in format
    record.exc_text = self.formatException(record.exc_info)
                      ^^^^^^^^^^^^^^^^^^^^^^^^^^^^^^^^^^^^^
[2024-06-26T19:48:00.161+0000] {logging_mixin.py:188} WARNING -   File "/usr/local/lib/python3.12/logging/__init__.py", line 661, in formatException
    traceback.print_exception(ei[0], ei[1], tb, None, sio)
[2024-06-26T19:48:00.161+0000] {logging_mixin.py:188} WARNING -   File "/usr/local/lib/python3.12/traceback.py", line 124, in print_exception
    te = TracebackException(type(value), value, tb, limit=limit, compact=True)
         ^^^^^^^^^^^^^^^^^^^^^^^^^^^^^^^^^^^^^^^^^^^^^^^^^^^^^^^^^^^^^^^^^^^^^
[2024-06-26T19:48:00.162+0000] {logging_mixin.py:188} WARNING -   File "/usr/local/lib/python3.12/traceback.py", line 733, in __init__
    self.stack = StackSummary._extract_from_extended_frame_gen(
                 ^^^^^^^^^^^^^^^^^^^^^^^^^^^^^^^^^^^^^^^^^^^^^^
[2024-06-26T19:48:00.162+0000] {logging_mixin.py:188} WARNING -   File "/usr/local/lib/python3.12/traceback.py", line 423, in _extract_from_extended_frame_gen
    fnames.add(filename)
[2024-06-26T19:48:00.162+0000] {logging_mixin.py:188} WARNING -   File "/home/***/.local/lib/python3.12/site-packages/***/models/taskinstance.py", line 2612, in signal_handler
    self.task.on_kill()
[2024-06-26T19:48:00.163+0000] {logging_mixin.py:188} WARNING -   File "/home/***/.local/lib/python3.12/site-packages/***/providers/docker/operators/docker.py", line 532, in on_kill
    self.cli.stop(self.container["Id"])
[2024-06-26T19:48:00.163+0000] {logging_mixin.py:188} WARNING -   File "/home/***/.local/lib/python3.12/site-packages/docker/utils/decorators.py", line 19, in wrapped
    return f(self, resource_id, *args, **kwargs)
           ^^^^^^^^^^^^^^^^^^^^^^^^^^^^^^^^^^^^^
[2024-06-26T19:48:00.163+0000] {logging_mixin.py:188} WARNING -   File "/home/***/.local/lib/python3.12/site-packages/docker/api/container.py", line 1210, in stop
    res = self._post(url, params=params, timeout=conn_timeout)
          ^^^^^^^^^^^^^^^^^^^^^^^^^^^^^^^^^^^^^^^^^^^^^^^^^^^^
[2024-06-26T19:48:00.164+0000] {logging_mixin.py:188} WARNING -   File "/home/***/.local/lib/python3.12/site-packages/docker/utils/decorators.py", line 44, in inner
    return f(self, *args, **kwargs)
           ^^^^^^^^^^^^^^^^^^^^^^^^
[2024-06-26T19:48:00.164+0000] {logging_mixin.py:188} WARNING -   File "/home/***/.local/lib/python3.12/site-packages/docker/api/client.py", line 232, in _post
    return self.post(url, **self._set_request_timeout(kwargs))
           ^^^^^^^^^^^^^^^^^^^^^^^^^^^^^^^^^^^^^^^^^^^^^^^^^^^
[2024-06-26T19:48:00.164+0000] {logging_mixin.py:188} WARNING -   File "/home/***/.local/lib/python3.12/site-packages/requests/sessions.py", line 637, in post
    return self.request("POST", url, data=data, json=json, **kwargs)
           ^^^^^^^^^^^^^^^^^^^^^^^^^^^^^^^^^^^^^^^^^^^^^^^^^^^^^^^^^
[2024-06-26T19:48:00.165+0000] {logging_mixin.py:188} WARNING -   File "/home/***/.local/lib/python3.12/site-packages/requests/sessions.py", line 589, in request
    resp = self.send(prep, **send_kwargs)
           ^^^^^^^^^^^^^^^^^^^^^^^^^^^^^^
[2024-06-26T19:48:00.165+0000] {logging_mixin.py:188} WARNING -   File "/home/***/.local/lib/python3.12/site-packages/requests/sessions.py", line 703, in send
    r = adapter.send(request, **kwargs)
        ^^^^^^^^^^^^^^^^^^^^^^^^^^^^^^^
[2024-06-26T19:48:00.165+0000] {logging_mixin.py:188} WARNING -   File "/home/***/.local/lib/python3.12/site-packages/requests/adapters.py", line 519, in send
    raise ConnectionError(e, request=request)
[2024-06-26T19:48:00.166+0000] {logging_mixin.py:188} WARNING - requests.exceptions.ConnectionError: HTTPConnectionPool(host='docker-proxy', port=2375): Max retries exceeded with url: /v1.45/containers/c04025f60608d2d57d9a38e77cf7747abf894e4b544cdd2fe50f815dcc839b5f/stop (Caused by NewConnectionError('<urllib3.connection.HTTPConnection object at 0x731961358110>: Failed to establish a new connection: [Errno 111] Connection refused'))
[2024-06-26T19:48:00.166+0000] {logging_mixin.py:188} WARNING - Call stack:
[2024-06-26T19:48:00.175+0000] {logging_mixin.py:188} WARNING -   File "/home/***/.local/bin/***", line 8, in <module>
    sys.exit(main())
[2024-06-26T19:48:00.175+0000] {logging_mixin.py:188} WARNING -   File "/home/***/.local/lib/python3.12/site-packages/***/__main__.py", line 58, in main
    args.func(args)
[2024-06-26T19:48:00.176+0000] {logging_mixin.py:188} WARNING -   File "/home/***/.local/lib/python3.12/site-packages/***/cli/cli_config.py", line 49, in command
    return func(*args, **kwargs)
[2024-06-26T19:48:00.176+0000] {logging_mixin.py:188} WARNING -   File "/home/***/.local/lib/python3.12/site-packages/***/utils/cli.py", line 114, in wrapper
    return f(*args, **kwargs)
[2024-06-26T19:48:00.176+0000] {logging_mixin.py:188} WARNING -   File "/home/***/.local/lib/python3.12/site-packages/***/utils/providers_configuration_loader.py", line 55, in wrapped_function
    return func(*args, **kwargs)
[2024-06-26T19:48:00.177+0000] {logging_mixin.py:188} WARNING -   File "/home/***/.local/lib/python3.12/site-packages/***/cli/commands/scheduler_command.py", line 58, in scheduler
    run_command_with_daemon_option(
[2024-06-26T19:48:00.177+0000] {logging_mixin.py:188} WARNING -   File "/home/***/.local/lib/python3.12/site-packages/***/cli/commands/daemon_utils.py", line 85, in run_command_with_daemon_option
    callback()
[2024-06-26T19:48:00.178+0000] {logging_mixin.py:188} WARNING -   File "/home/***/.local/lib/python3.12/site-packages/***/cli/commands/scheduler_command.py", line 61, in <lambda>
    callback=lambda: _run_scheduler_job(args),
[2024-06-26T19:48:00.178+0000] {logging_mixin.py:188} WARNING -   File "/home/***/.local/lib/python3.12/site-packages/***/cli/commands/scheduler_command.py", line 49, in _run_scheduler_job
    run_job(job=job_runner.job, execute_callable=job_runner._execute)
[2024-06-26T19:48:00.178+0000] {logging_mixin.py:188} WARNING -   File "/home/***/.local/lib/python3.12/site-packages/***/utils/session.py", line 79, in wrapper
    return func(*args, session=session, **kwargs)
[2024-06-26T19:48:00.179+0000] {logging_mixin.py:188} WARNING -   File "/home/***/.local/lib/python3.12/site-packages/***/jobs/job.py", line 402, in run_job
    return execute_job(job, execute_callable=execute_callable)
[2024-06-26T19:48:00.179+0000] {logging_mixin.py:188} WARNING -   File "/home/***/.local/lib/python3.12/site-packages/***/jobs/job.py", line 431, in execute_job
    ret = execute_callable()
[2024-06-26T19:48:00.179+0000] {logging_mixin.py:188} WARNING -   File "/home/***/.local/lib/python3.12/site-packages/***/jobs/scheduler_job_runner.py", line 834, in _execute
    self.job.executor.start()
[2024-06-26T19:48:00.180+0000] {logging_mixin.py:188} WARNING -   File "/home/***/.local/lib/python3.12/site-packages/***/executors/local_executor.py", line 373, in start
    self.impl.start()
[2024-06-26T19:48:00.180+0000] {logging_mixin.py:188} WARNING -   File "/home/***/.local/lib/python3.12/site-packages/***/executors/local_executor.py", line 312, in start
    worker.start()
[2024-06-26T19:48:00.180+0000] {logging_mixin.py:188} WARNING -   File "/usr/local/lib/python3.12/multiprocessing/process.py", line 121, in start
    self._popen = self._Popen(self)
[2024-06-26T19:48:00.181+0000] {logging_mixin.py:188} WARNING -   File "/usr/local/lib/python3.12/multiprocessing/context.py", line 224, in _Popen
    return _default_context.get_context().Process._Popen(process_obj)
[2024-06-26T19:48:00.181+0000] {logging_mixin.py:188} WARNING -   File "/usr/local/lib/python3.12/multiprocessing/context.py", line 282, in _Popen
    return Popen(process_obj)
[2024-06-26T19:48:00.181+0000] {logging_mixin.py:188} WARNING -   File "/usr/local/lib/python3.12/multiprocessing/popen_fork.py", line 19, in __init__
    self._launch(process_obj)
[2024-06-26T19:48:00.181+0000] {logging_mixin.py:188} WARNING -   File "/usr/local/lib/python3.12/multiprocessing/popen_fork.py", line 71, in _launch
    code = process_obj._bootstrap(parent_sentinel=child_r)
[2024-06-26T19:48:00.182+0000] {logging_mixin.py:188} WARNING -   File "/usr/local/lib/python3.12/multiprocessing/process.py", line 314, in _bootstrap
    self.run()
[2024-06-26T19:48:00.182+0000] {logging_mixin.py:188} WARNING -   File "/home/***/.local/lib/python3.12/site-packages/***/executors/local_executor.py", line 78, in run
    return super().run()
[2024-06-26T19:48:00.182+0000] {logging_mixin.py:188} WARNING -   File "/usr/local/lib/python3.12/multiprocessing/process.py", line 108, in run
    self._target(*self._args, **self._kwargs)
[2024-06-26T19:48:00.183+0000] {logging_mixin.py:188} WARNING -   File "/home/***/.local/lib/python3.12/site-packages/***/executors/local_executor.py", line 202, in do_work
    self.execute_work(key=key, command=command)
[2024-06-26T19:48:00.183+0000] {logging_mixin.py:188} WARNING -   File "/home/***/.local/lib/python3.12/site-packages/***/executors/local_executor.py", line 95, in execute_work
    state = self._execute_work_in_fork(command)
[2024-06-26T19:48:00.183+0000] {logging_mixin.py:188} WARNING -   File "/home/***/.local/lib/python3.12/site-packages/***/executors/local_executor.py", line 135, in _execute_work_in_fork
    args.func(args)
[2024-06-26T19:48:00.184+0000] {logging_mixin.py:188} WARNING -   File "/home/***/.local/lib/python3.12/site-packages/***/cli/cli_config.py", line 49, in command
    return func(*args, **kwargs)
[2024-06-26T19:48:00.184+0000] {logging_mixin.py:188} WARNING -   File "/home/***/.local/lib/python3.12/site-packages/***/utils/cli.py", line 114, in wrapper
    return f(*args, **kwargs)
[2024-06-26T19:48:00.184+0000] {logging_mixin.py:188} WARNING -   File "/home/***/.local/lib/python3.12/site-packages/***/cli/commands/task_command.py", line 441, in task_run
    task_return_code = _run_task_by_selected_method(args, _dag, ti)
[2024-06-26T19:48:00.185+0000] {logging_mixin.py:188} WARNING -   File "/home/***/.local/lib/python3.12/site-packages/***/cli/commands/task_command.py", line 219, in _run_task_by_selected_method
    return _run_task_by_local_task_job(args, ti)
[2024-06-26T19:48:00.185+0000] {logging_mixin.py:188} WARNING -   File "/home/***/.local/lib/python3.12/site-packages/***/cli/commands/task_command.py", line 281, in _run_task_by_local_task_job
    ret = run_job(job=job_runner.job, execute_callable=job_runner._execute)
[2024-06-26T19:48:00.185+0000] {logging_mixin.py:188} WARNING -   File "/home/***/.local/lib/python3.12/site-packages/***/utils/session.py", line 79, in wrapper
    return func(*args, session=session, **kwargs)
[2024-06-26T19:48:00.186+0000] {logging_mixin.py:188} WARNING -   File "/home/***/.local/lib/python3.12/site-packages/***/jobs/job.py", line 402, in run_job
    return execute_job(job, execute_callable=execute_callable)
[2024-06-26T19:48:00.186+0000] {logging_mixin.py:188} WARNING -   File "/home/***/.local/lib/python3.12/site-packages/***/jobs/job.py", line 431, in execute_job
    ret = execute_callable()
[2024-06-26T19:48:00.187+0000] {logging_mixin.py:188} WARNING -   File "/home/***/.local/lib/python3.12/site-packages/***/jobs/local_task_job_runner.py", line 168, in _execute
    self.task_runner.start()
[2024-06-26T19:48:00.187+0000] {logging_mixin.py:188} WARNING -   File "/home/***/.local/lib/python3.12/site-packages/***/task/task_runner/standard_task_runner.py", line 51, in start
    self.process = self._start_by_fork()
[2024-06-26T19:48:00.187+0000] {logging_mixin.py:188} WARNING -   File "/home/***/.local/lib/python3.12/site-packages/***/task/task_runner/standard_task_runner.py", line 103, in _start_by_fork
    ret = args.func(args, dag=self.dag)
[2024-06-26T19:48:00.188+0000] {logging_mixin.py:188} WARNING -   File "/home/***/.local/lib/python3.12/site-packages/***/cli/cli_config.py", line 49, in command
    return func(*args, **kwargs)
[2024-06-26T19:48:00.188+0000] {logging_mixin.py:188} WARNING -   File "/home/***/.local/lib/python3.12/site-packages/***/utils/cli.py", line 114, in wrapper
    return f(*args, **kwargs)
[2024-06-26T19:48:00.189+0000] {logging_mixin.py:188} WARNING -   File "/home/***/.local/lib/python3.12/site-packages/***/cli/commands/task_command.py", line 441, in task_run
    task_return_code = _run_task_by_selected_method(args, _dag, ti)
[2024-06-26T19:48:00.199+0000] {logging_mixin.py:188} WARNING -   File "/home/***/.local/lib/python3.12/site-packages/***/cli/commands/task_command.py", line 221, in _run_task_by_selected_method
    return _run_raw_task(args, ti)
[2024-06-26T19:48:00.199+0000] {logging_mixin.py:188} WARNING -   File "/home/***/.local/lib/python3.12/site-packages/***/cli/commands/task_command.py", line 300, in _run_raw_task
    return ti._run_raw_task(
[2024-06-26T19:48:00.200+0000] {logging_mixin.py:188} WARNING -   File "/home/***/.local/lib/python3.12/site-packages/***/utils/session.py", line 79, in wrapper
    return func(*args, session=session, **kwargs)
[2024-06-26T19:48:00.200+0000] {logging_mixin.py:188} WARNING -   File "/home/***/.local/lib/python3.12/site-packages/***/models/taskinstance.py", line 2545, in _run_raw_task
    self.handle_failure(e, test_mode, context, session=session)
[2024-06-26T19:48:00.201+0000] {logging_mixin.py:188} WARNING -   File "/home/***/.local/lib/python3.12/site-packages/***/utils/session.py", line 76, in wrapper
    return func(*args, **kwargs)
[2024-06-26T19:48:00.201+0000] {logging_mixin.py:188} WARNING -   File "/home/***/.local/lib/python3.12/site-packages/***/models/taskinstance.py", line 3003, in handle_failure
    _handle_failure(
[2024-06-26T19:48:00.203+0000] {logging_mixin.py:188} WARNING -   File "/home/***/.local/lib/python3.12/site-packages/***/models/taskinstance.py", line 861, in _handle_failure
    failure_context = TaskInstance.fetch_handle_failure_context(
[2024-06-26T19:48:00.203+0000] {logging_mixin.py:188} WARNING -   File "/home/***/.local/lib/python3.12/site-packages/***/api_internal/internal_api_call.py", line 115, in wrapper
    return func(*args, **kwargs)
[2024-06-26T19:48:00.204+0000] {logging_mixin.py:188} WARNING -   File "/home/***/.local/lib/python3.12/site-packages/***/utils/session.py", line 76, in wrapper
    return func(*args, **kwargs)
[2024-06-26T19:48:00.204+0000] {logging_mixin.py:188} WARNING -   File "/home/***/.local/lib/python3.12/site-packages/***/models/taskinstance.py", line 2905, in fetch_handle_failure_context
    cls.logger().error("Task failed with exception", exc_info=(type(error), error, tb))
[2024-06-26T19:48:00.205+0000] {logging_mixin.py:188} WARNING -   File "/usr/local/lib/python3.12/logging/__init__.py", line 1568, in error
    self._log(ERROR, msg, args, **kwargs)
[2024-06-26T19:48:00.205+0000] {logging_mixin.py:188} WARNING -   File "/usr/local/lib/python3.12/logging/__init__.py", line 1684, in _log
    self.handle(record)
[2024-06-26T19:48:00.206+0000] {logging_mixin.py:188} WARNING -   File "/usr/local/lib/python3.12/logging/__init__.py", line 1700, in handle
    self.callHandlers(record)
[2024-06-26T19:48:00.206+0000] {logging_mixin.py:188} WARNING -   File "/usr/local/lib/python3.12/logging/__init__.py", line 1762, in callHandlers
    hdlr.handle(record)
[2024-06-26T19:48:00.207+0000] {logging_mixin.py:188} WARNING -   File "/usr/local/lib/python3.12/logging/__init__.py", line 1028, in handle
    self.emit(record)
[2024-06-26T19:48:00.208+0000] {logging_mixin.py:188} WARNING -   File "/home/***/.local/lib/python3.12/site-packages/***/utils/log/file_task_handler.py", line 248, in emit
    self.handler.emit(record)
[2024-06-26T19:48:00.209+0000] {logging_mixin.py:188} WARNING - Message: 'Task failed with exception'
Arguments: ()
[2024-06-26T19:48:00.230+0000] {taskinstance.py:1206} INFO - Marking task as FAILED. dag_id=Stage_1, task_id=run_bronze_job, run_id=manual__2024-06-26T19:32:54.613394+00:00, execution_date=20240626T193254, start_date=20240626T193300, end_date=20240626T194800
[2024-06-26T19:48:00.292+0000] {standard_task_runner.py:110} ERROR - Failed to execute job 70 for task run_bronze_job (HTTPConnectionPool(host='docker-proxy', port=2375): Max retries exceeded with url: /v1.45/containers/c04025f60608d2d57d9a38e77cf7747abf894e4b544cdd2fe50f815dcc839b5f?v=False&link=False&force=False (Caused by NewConnectionError('<urllib3.connection.HTTPConnection object at 0x7319613479e0>: Failed to establish a new connection: [Errno 111] Connection refused')); 442)
[2024-06-26T19:48:00.347+0000] {process_utils.py:80} INFO - Process psutil.Process(pid=442, status='terminated', exitcode=1, started='19:33:00') (442) terminated with exit code 1
[2024-06-26T19:48:00.350+0000] {local_task_job_runner.py:240} INFO - Task exited with return code 143
[2024-06-26T19:48:00.376+0000] {taskinstance.py:3498} INFO - 0 downstream tasks scheduled from follow-on schedule check
[2024-06-26T19:48:00.774+0000] {local_task_job_runner.py:222} INFO - ::endgroup::
