[2024-06-27T11:31:25.180+0000] {local_task_job_runner.py:120} INFO - ::group::Pre task execution logs
[2024-06-27T11:31:25.219+0000] {taskinstance.py:2076} INFO - Dependencies all met for dep_context=non-requeueable deps ti=<TaskInstance: Stage_1.run_bronze_job manual__2024-06-27T11:31:17.834653+00:00 [queued]>
[2024-06-27T11:31:25.231+0000] {taskinstance.py:2076} INFO - Dependencies all met for dep_context=requeueable deps ti=<TaskInstance: Stage_1.run_bronze_job manual__2024-06-27T11:31:17.834653+00:00 [queued]>
[2024-06-27T11:31:25.232+0000] {taskinstance.py:2306} INFO - Starting attempt 1 of 1
[2024-06-27T11:31:25.248+0000] {taskinstance.py:2330} INFO - Executing <Task(DockerOperator): run_bronze_job> on 2024-06-27 11:31:17.834653+00:00
[2024-06-27T11:31:25.255+0000] {logging_mixin.py:188} WARNING - /home/***/.local/lib/python3.12/site-packages/***/task/task_runner/standard_task_runner.py:61 DeprecationWarning: This process (pid=708) is multi-threaded, use of fork() may lead to deadlocks in the child.
[2024-06-27T11:31:25.257+0000] {standard_task_runner.py:63} INFO - Started process 709 to run task
[2024-06-27T11:31:25.255+0000] {standard_task_runner.py:90} INFO - Running: ['***', 'tasks', 'run', 'Stage_1', 'run_bronze_job', 'manual__2024-06-27T11:31:17.834653+00:00', '--job-id', '383', '--raw', '--subdir', 'DAGS_FOLDER/kafka_dag.py', '--cfg-path', '/tmp/tmpwdji3r1b']
[2024-06-27T11:31:25.258+0000] {standard_task_runner.py:91} INFO - Job 383: Subtask run_bronze_job
[2024-06-27T11:31:25.273+0000] {logging_mixin.py:188} WARNING - /home/***/.local/lib/python3.12/site-packages/***/settings.py:195 DeprecationWarning: The sql_alchemy_conn option in [core] has been moved to the sql_alchemy_conn option in [database] - the old setting has been used, but please update your config.
[2024-06-27T11:31:25.307+0000] {task_command.py:426} INFO - Running <TaskInstance: Stage_1.run_bronze_job manual__2024-06-27T11:31:17.834653+00:00 [running]> on host 3d646c49e37a
[2024-06-27T11:31:25.411+0000] {taskinstance.py:2648} INFO - Exporting env vars: AIRFLOW_CTX_DAG_OWNER='***' AIRFLOW_CTX_DAG_ID='Stage_1' AIRFLOW_CTX_TASK_ID='run_bronze_job' AIRFLOW_CTX_EXECUTION_DATE='2024-06-27T11:31:17.834653+00:00' AIRFLOW_CTX_TRY_NUMBER='1' AIRFLOW_CTX_DAG_RUN_ID='manual__2024-06-27T11:31:17.834653+00:00'
[2024-06-27T11:31:25.412+0000] {taskinstance.py:430} INFO - ::endgroup::
[2024-06-27T11:31:25.446+0000] {docker.py:366} INFO - Starting docker container from image bitnami/spark:latest
[2024-06-27T11:31:25.449+0000] {docker.py:374} WARNING - Using remote engine or docker-in-docker and mounting temporary volume from host is not supported. Falling back to `mount_tmp_dir=False` mode. You can set `mount_tmp_dir` parameter to False to disable mounting and remove the warning
[2024-06-27T11:31:26.016+0000] {docker.py:436} INFO - [38;5;6mspark [38;5;5m11:31:26.01 [0m[38;5;2mINFO [0m ==>
[2024-06-27T11:31:26.017+0000] {docker.py:436} INFO - [38;5;6mspark [38;5;5m11:31:26.01 [0m[38;5;2mINFO [0m ==> [1mWelcome to the Bitnami spark container[0m
[2024-06-27T11:31:26.019+0000] {docker.py:436} INFO - [38;5;6mspark [38;5;5m11:31:26.01 [0m[38;5;2mINFO [0m ==> Subscribe to project updates by watching [1mhttps://github.com/bitnami/containers[0m
[2024-06-27T11:31:26.023+0000] {docker.py:436} INFO - [38;5;6mspark [38;5;5m11:31:26.02 [0m[38;5;2mINFO [0m ==> Submit issues and feature requests at [1mhttps://github.com/bitnami/containers/issues[0m
[2024-06-27T11:31:26.024+0000] {docker.py:436} INFO - [38;5;6mspark [38;5;5m11:31:26.02 [0m[38;5;2mINFO [0m ==> Upgrade to Tanzu Application Catalog for production environments to access custom-configured and pre-packaged software components. Gain enhanced features, including Software Bill of Materials (SBOM), CVE scan result reports, and VEX documents. To learn more, visit [1mhttps://bitnami.com/enterprise[0m
[2024-06-27T11:31:26.027+0000] {docker.py:436} INFO - [38;5;6mspark [38;5;5m11:31:26.02 [0m[38;5;2mINFO [0m ==>
[2024-06-27T11:31:26.039+0000] {docker.py:436} INFO - 
[2024-06-27T11:31:28.380+0000] {docker.py:436} INFO - :: loading settings :: url = jar:file:/opt/bitnami/spark/jars/ivy-2.5.1.jar!/org/apache/ivy/core/settings/ivysettings.xml
[2024-06-27T11:31:28.465+0000] {docker.py:436} INFO - Ivy Default Cache set to: /opt/bitnami/spark/.ivy2/cache
The jars for the packages stored in: /opt/bitnami/spark/.ivy2/jars
[2024-06-27T11:31:28.474+0000] {docker.py:436} INFO - org.apache.spark#spark-sql-kafka-0-10_2.12 added as a dependency
[2024-06-27T11:31:28.475+0000] {docker.py:436} INFO - org.postgresql#postgresql added as a dependency
[2024-06-27T11:31:28.480+0000] {docker.py:436} INFO - :: resolving dependencies :: org.apache.spark#spark-submit-parent-45eecc2f-29e8-458b-9033-0214efbb5b72;1.0
[2024-06-27T11:31:28.481+0000] {docker.py:436} INFO - confs: [default]
[2024-06-27T11:31:30.496+0000] {docker.py:436} INFO - found org.apache.spark#spark-sql-kafka-0-10_2.12;3.3.0 in central
[2024-06-27T11:31:30.879+0000] {docker.py:436} INFO - found org.apache.spark#spark-token-provider-kafka-0-10_2.12;3.3.0 in central
[2024-06-27T11:31:30.992+0000] {docker.py:436} INFO - found org.apache.kafka#kafka-clients;2.8.1 in central
[2024-06-27T11:31:31.094+0000] {docker.py:436} INFO - found org.lz4#lz4-java;1.8.0 in central
[2024-06-27T11:31:31.193+0000] {docker.py:436} INFO - found org.xerial.snappy#snappy-java;1.1.8.4 in central
[2024-06-27T11:31:31.637+0000] {docker.py:436} INFO - found org.slf4j#slf4j-api;1.7.32 in central
[2024-06-27T11:31:33.293+0000] {docker.py:436} INFO - found org.apache.hadoop#hadoop-client-runtime;3.3.2 in central
[2024-06-27T11:31:34.233+0000] {docker.py:436} INFO - found org.spark-project.spark#unused;1.0.0 in central
[2024-06-27T11:31:34.417+0000] {docker.py:436} INFO - found org.apache.hadoop#hadoop-client-api;3.3.2 in central
[2024-06-27T11:31:35.446+0000] {docker.py:436} INFO - found commons-logging#commons-logging;1.1.3 in central
[2024-06-27T11:31:35.506+0000] {docker.py:436} INFO - found com.google.code.findbugs#jsr305;3.0.0 in central
[2024-06-27T11:31:36.979+0000] {docker.py:436} INFO - found org.apache.commons#commons-pool2;2.11.1 in central
[2024-06-27T11:31:38.101+0000] {docker.py:436} INFO - found org.postgresql#postgresql;42.2.2 in central
[2024-06-27T11:31:38.139+0000] {docker.py:436} INFO - downloading https://repo1.maven.org/maven2/org/apache/spark/spark-sql-kafka-0-10_2.12/3.3.0/spark-sql-kafka-0-10_2.12-3.3.0.jar ...
[2024-06-27T11:31:38.279+0000] {docker.py:436} INFO - [SUCCESSFUL ] org.apache.spark#spark-sql-kafka-0-10_2.12;3.3.0!spark-sql-kafka-0-10_2.12.jar (165ms)
[2024-06-27T11:31:38.290+0000] {docker.py:436} INFO - downloading https://repo1.maven.org/maven2/org/postgresql/postgresql/42.2.2/postgresql-42.2.2.jar ...
[2024-06-27T11:31:38.604+0000] {docker.py:436} INFO - [SUCCESSFUL ] org.postgresql#postgresql;42.2.2!postgresql.jar(bundle) (323ms)
[2024-06-27T11:31:38.663+0000] {docker.py:436} INFO - downloading https://repo1.maven.org/maven2/org/apache/spark/spark-token-provider-kafka-0-10_2.12/3.3.0/spark-token-provider-kafka-0-10_2.12-3.3.0.jar ...
[2024-06-27T11:31:38.752+0000] {docker.py:436} INFO - [SUCCESSFUL ] org.apache.spark#spark-token-provider-kafka-0-10_2.12;3.3.0!spark-token-provider-kafka-0-10_2.12.jar (148ms)
[2024-06-27T11:31:38.770+0000] {docker.py:436} INFO - downloading https://repo1.maven.org/maven2/org/apache/kafka/kafka-clients/2.8.1/kafka-clients-2.8.1.jar ...
[2024-06-27T11:31:40.144+0000] {docker.py:436} INFO - [SUCCESSFUL ] org.apache.kafka#kafka-clients;2.8.1!kafka-clients.jar (1391ms)
[2024-06-27T11:31:40.155+0000] {docker.py:436} INFO - downloading https://repo1.maven.org/maven2/com/google/code/findbugs/jsr305/3.0.0/jsr305-3.0.0.jar ...
[2024-06-27T11:31:40.177+0000] {docker.py:436} INFO - [SUCCESSFUL ] com.google.code.findbugs#jsr305;3.0.0!jsr305.jar (32ms)
[2024-06-27T11:31:40.187+0000] {docker.py:436} INFO - downloading https://repo1.maven.org/maven2/org/apache/commons/commons-pool2/2.11.1/commons-pool2-2.11.1.jar ...
[2024-06-27T11:31:40.229+0000] {docker.py:436} INFO - [SUCCESSFUL ] org.apache.commons#commons-pool2;2.11.1!commons-pool2.jar (50ms)
[2024-06-27T11:31:40.238+0000] {docker.py:436} INFO - downloading https://repo1.maven.org/maven2/org/spark-project/spark/unused/1.0.0/unused-1.0.0.jar ...
[2024-06-27T11:31:40.251+0000] {docker.py:436} INFO - [SUCCESSFUL ] org.spark-project.spark#unused;1.0.0!unused.jar (21ms)
[2024-06-27T11:31:40.269+0000] {docker.py:436} INFO - downloading https://repo1.maven.org/maven2/org/apache/hadoop/hadoop-client-runtime/3.3.2/hadoop-client-runtime-3.3.2.jar ...
[2024-06-27T11:31:49.094+0000] {docker.py:436} INFO - [SUCCESSFUL ] org.apache.hadoop#hadoop-client-runtime;3.3.2!hadoop-client-runtime.jar (8842ms)
[2024-06-27T11:31:49.106+0000] {docker.py:436} INFO - downloading https://repo1.maven.org/maven2/org/lz4/lz4-java/1.8.0/lz4-java-1.8.0.jar ...
[2024-06-27T11:31:49.273+0000] {docker.py:436} INFO - [SUCCESSFUL ] org.lz4#lz4-java;1.8.0!lz4-java.jar (177ms)
[2024-06-27T11:31:49.291+0000] {docker.py:436} INFO - downloading https://repo1.maven.org/maven2/org/xerial/snappy/snappy-java/1.1.8.4/snappy-java-1.1.8.4.jar ...
[2024-06-27T11:31:49.734+0000] {docker.py:436} INFO - [SUCCESSFUL ] org.xerial.snappy#snappy-java;1.1.8.4!snappy-java.jar(bundle) (459ms)
[2024-06-27T11:31:49.748+0000] {docker.py:436} INFO - downloading https://repo1.maven.org/maven2/org/slf4j/slf4j-api/1.7.32/slf4j-api-1.7.32.jar ...
[2024-06-27T11:31:49.772+0000] {docker.py:436} INFO - [SUCCESSFUL ] org.slf4j#slf4j-api;1.7.32!slf4j-api.jar (33ms)
[2024-06-27T11:31:49.781+0000] {docker.py:436} INFO - downloading https://repo1.maven.org/maven2/org/apache/hadoop/hadoop-client-api/3.3.2/hadoop-client-api-3.3.2.jar ...
[2024-06-27T11:31:55.450+0000] {docker.py:436} INFO - [SUCCESSFUL ] org.apache.hadoop#hadoop-client-api;3.3.2!hadoop-client-api.jar (5682ms)
[2024-06-27T11:31:55.460+0000] {docker.py:436} INFO - downloading https://repo1.maven.org/maven2/commons-logging/commons-logging/1.1.3/commons-logging-1.1.3.jar ...
[2024-06-27T11:31:55.488+0000] {docker.py:436} INFO - [SUCCESSFUL ] commons-logging#commons-logging;1.1.3!commons-logging.jar (37ms)
[2024-06-27T11:31:55.489+0000] {docker.py:436} INFO - :: resolution report :: resolve 9633ms :: artifacts dl 17376ms
[2024-06-27T11:31:55.489+0000] {docker.py:436} INFO - :: modules in use:
[2024-06-27T11:31:55.490+0000] {docker.py:436} INFO - com.google.code.findbugs#jsr305;3.0.0 from central in [default]
[2024-06-27T11:31:55.490+0000] {docker.py:436} INFO - commons-logging#commons-logging;1.1.3 from central in [default]
[2024-06-27T11:31:55.491+0000] {docker.py:436} INFO - org.apache.commons#commons-pool2;2.11.1 from central in [default]
[2024-06-27T11:31:55.492+0000] {docker.py:436} INFO - org.apache.hadoop#hadoop-client-api;3.3.2 from central in [default]
[2024-06-27T11:31:55.492+0000] {docker.py:436} INFO - org.apache.hadoop#hadoop-client-runtime;3.3.2 from central in [default]
[2024-06-27T11:31:55.493+0000] {docker.py:436} INFO - org.apache.kafka#kafka-clients;2.8.1 from central in [default]
	org.apache.spark#spark-sql-kafka-0-10_2.12;3.3.0 from central in [default]
	org.apache.spark#spark-token-provider-kafka-0-10_2.12;3.3.0 from central in [default]
	org.lz4#lz4-java;1.8.0 from central in [default]
[2024-06-27T11:31:55.493+0000] {docker.py:436} INFO - org.postgresql#postgresql;42.2.2 from central in [default]
[2024-06-27T11:31:55.493+0000] {docker.py:436} INFO - org.slf4j#slf4j-api;1.7.32 from central in [default]
[2024-06-27T11:31:55.494+0000] {docker.py:436} INFO - org.spark-project.spark#unused;1.0.0 from central in [default]
	org.xerial.snappy#snappy-java;1.1.8.4 from central in [default]
[2024-06-27T11:31:55.494+0000] {docker.py:436} INFO - ---------------------------------------------------------------------
[2024-06-27T11:31:55.495+0000] {docker.py:436} INFO - |                  |            modules            ||   artifacts   |
[2024-06-27T11:31:55.495+0000] {docker.py:436} INFO - |       conf       | number| search|dwnlded|evicted|| number|dwnlded|
	---------------------------------------------------------------------
[2024-06-27T11:31:55.496+0000] {docker.py:436} INFO - |      default     |   13  |   13  |   13  |   0   ||   13  |   13  |
	---------------------------------------------------------------------
[2024-06-27T11:31:55.498+0000] {docker.py:436} INFO - :: retrieving :: org.apache.spark#spark-submit-parent-45eecc2f-29e8-458b-9033-0214efbb5b72
[2024-06-27T11:31:55.499+0000] {docker.py:436} INFO - confs: [default]
[2024-06-27T11:31:55.583+0000] {docker.py:436} INFO - 13 artifacts copied, 0 already retrieved (57403kB/85ms)
[2024-06-27T11:31:55.884+0000] {docker.py:436} INFO - 24/06/27 11:31:55 WARN NativeCodeLoader: Unable to load native-hadoop library for your platform... using builtin-java classes where applicable
[2024-06-27T11:31:57.478+0000] {docker.py:436} INFO - 24/06/27 11:31:57 INFO SparkContext: Running Spark version 3.5.1
[2024-06-27T11:31:57.479+0000] {docker.py:436} INFO - 24/06/27 11:31:57 INFO SparkContext: OS info Linux, 6.5.0-41-generic, amd64
[2024-06-27T11:31:57.480+0000] {docker.py:436} INFO - 24/06/27 11:31:57 INFO SparkContext: Java version 17.0.11
[2024-06-27T11:31:57.524+0000] {docker.py:436} INFO - 24/06/27 11:31:57 INFO ResourceUtils: ==============================================================
[2024-06-27T11:31:57.525+0000] {docker.py:436} INFO - 24/06/27 11:31:57 INFO ResourceUtils: No custom resources configured for spark.driver.
[2024-06-27T11:31:57.526+0000] {docker.py:436} INFO - 24/06/27 11:31:57 INFO ResourceUtils: ==============================================================
[2024-06-27T11:31:57.527+0000] {docker.py:436} INFO - 24/06/27 11:31:57 INFO SparkContext: Submitted application: PostgreSQL Connection with PySpark
[2024-06-27T11:31:57.563+0000] {docker.py:436} INFO - 24/06/27 11:31:57 INFO ResourceProfile: Default ResourceProfile created, executor resources: Map(cores -> name: cores, amount: 1, script: , vendor: , memory -> name: memory, amount: 1024, script: , vendor: , offHeap -> name: offHeap, amount: 0, script: , vendor: ), task resources: Map(cpus -> name: cpus, amount: 1.0)
[2024-06-27T11:31:57.580+0000] {docker.py:436} INFO - 24/06/27 11:31:57 INFO ResourceProfile: Limiting resource is cpu
[2024-06-27T11:31:57.582+0000] {docker.py:436} INFO - 24/06/27 11:31:57 INFO ResourceProfileManager: Added ResourceProfile id: 0
[2024-06-27T11:31:57.717+0000] {docker.py:436} INFO - 24/06/27 11:31:57 INFO SecurityManager: Changing view acls to: spark
[2024-06-27T11:31:57.718+0000] {docker.py:436} INFO - 24/06/27 11:31:57 INFO SecurityManager: Changing modify acls to: spark
[2024-06-27T11:31:57.723+0000] {docker.py:436} INFO - 24/06/27 11:31:57 INFO SecurityManager: Changing view acls groups to: 
24/06/27 11:31:57 INFO SecurityManager: Changing modify acls groups to: 
24/06/27 11:31:57 INFO SecurityManager: SecurityManager: authentication disabled; ui acls disabled; users with view permissions: spark; groups with view permissions: EMPTY; users with modify permissions: spark; groups with modify permissions: EMPTY
[2024-06-27T11:31:58.082+0000] {docker.py:436} INFO - 24/06/27 11:31:58 INFO Utils: Successfully started service 'sparkDriver' on port 37713.
[2024-06-27T11:31:58.119+0000] {docker.py:436} INFO - 24/06/27 11:31:58 INFO SparkEnv: Registering MapOutputTracker
[2024-06-27T11:31:58.176+0000] {docker.py:436} INFO - 24/06/27 11:31:58 INFO SparkEnv: Registering BlockManagerMaster
[2024-06-27T11:31:58.200+0000] {docker.py:436} INFO - 24/06/27 11:31:58 INFO BlockManagerMasterEndpoint: Using org.apache.spark.storage.DefaultTopologyMapper for getting topology information
[2024-06-27T11:31:58.200+0000] {docker.py:436} INFO - 24/06/27 11:31:58 INFO BlockManagerMasterEndpoint: BlockManagerMasterEndpoint up
[2024-06-27T11:31:58.204+0000] {docker.py:436} INFO - 24/06/27 11:31:58 INFO SparkEnv: Registering BlockManagerMasterHeartbeat
[2024-06-27T11:31:58.224+0000] {docker.py:436} INFO - 24/06/27 11:31:58 INFO DiskBlockManager: Created local directory at /tmp/blockmgr-43e27fc4-a6d7-4b21-a93a-ea3649a44d5b
[2024-06-27T11:31:58.240+0000] {docker.py:436} INFO - 24/06/27 11:31:58 INFO MemoryStore: MemoryStore started with capacity 434.4 MiB
[2024-06-27T11:31:58.259+0000] {docker.py:436} INFO - 24/06/27 11:31:58 INFO SparkEnv: Registering OutputCommitCoordinator
[2024-06-27T11:31:58.434+0000] {docker.py:436} INFO - 24/06/27 11:31:58 INFO JettyUtils: Start Jetty 0.0.0.0:4040 for SparkUI
[2024-06-27T11:31:58.530+0000] {docker.py:436} INFO - 24/06/27 11:31:58 INFO Utils: Successfully started service 'SparkUI' on port 4040.
[2024-06-27T11:31:58.579+0000] {docker.py:436} INFO - 24/06/27 11:31:58 INFO SparkContext: Added JAR file:///opt/bitnami/spark/.ivy2/jars/org.apache.spark_spark-sql-kafka-0-10_2.12-3.3.0.jar at spark://localhost:37713/jars/org.apache.spark_spark-sql-kafka-0-10_2.12-3.3.0.jar with timestamp 1719487917467
[2024-06-27T11:31:58.580+0000] {docker.py:436} INFO - 24/06/27 11:31:58 INFO SparkContext: Added JAR file:///opt/bitnami/spark/.ivy2/jars/org.postgresql_postgresql-42.2.2.jar at spark://localhost:37713/jars/org.postgresql_postgresql-42.2.2.jar with timestamp 1719487917467
[2024-06-27T11:31:58.580+0000] {docker.py:436} INFO - 24/06/27 11:31:58 INFO SparkContext: Added JAR file:///opt/bitnami/spark/.ivy2/jars/org.apache.spark_spark-token-provider-kafka-0-10_2.12-3.3.0.jar at spark://localhost:37713/jars/org.apache.spark_spark-token-provider-kafka-0-10_2.12-3.3.0.jar with timestamp 1719487917467
[2024-06-27T11:31:58.582+0000] {docker.py:436} INFO - 24/06/27 11:31:58 INFO SparkContext: Added JAR file:///opt/bitnami/spark/.ivy2/jars/org.apache.kafka_kafka-clients-2.8.1.jar at spark://localhost:37713/jars/org.apache.kafka_kafka-clients-2.8.1.jar with timestamp 1719487917467
24/06/27 11:31:58 INFO SparkContext: Added JAR file:///opt/bitnami/spark/.ivy2/jars/com.google.code.findbugs_jsr305-3.0.0.jar at spark://localhost:37713/jars/com.google.code.findbugs_jsr305-3.0.0.jar with timestamp 1719487917467
24/06/27 11:31:58 INFO SparkContext: Added JAR file:///opt/bitnami/spark/.ivy2/jars/org.apache.commons_commons-pool2-2.11.1.jar at spark://localhost:37713/jars/org.apache.commons_commons-pool2-2.11.1.jar with timestamp 1719487917467
24/06/27 11:31:58 INFO SparkContext: Added JAR file:///opt/bitnami/spark/.ivy2/jars/org.spark-project.spark_unused-1.0.0.jar at spark://localhost:37713/jars/org.spark-project.spark_unused-1.0.0.jar with timestamp 1719487917467
[2024-06-27T11:31:58.583+0000] {docker.py:436} INFO - 24/06/27 11:31:58 INFO SparkContext: Added JAR file:///opt/bitnami/spark/.ivy2/jars/org.apache.hadoop_hadoop-client-runtime-3.3.2.jar at spark://localhost:37713/jars/org.apache.hadoop_hadoop-client-runtime-3.3.2.jar with timestamp 1719487917467
24/06/27 11:31:58 INFO SparkContext: Added JAR file:///opt/bitnami/spark/.ivy2/jars/org.lz4_lz4-java-1.8.0.jar at spark://localhost:37713/jars/org.lz4_lz4-java-1.8.0.jar with timestamp 1719487917467
[2024-06-27T11:31:58.584+0000] {docker.py:436} INFO - 24/06/27 11:31:58 INFO SparkContext: Added JAR file:///opt/bitnami/spark/.ivy2/jars/org.xerial.snappy_snappy-java-1.1.8.4.jar at spark://localhost:37713/jars/org.xerial.snappy_snappy-java-1.1.8.4.jar with timestamp 1719487917467
[2024-06-27T11:31:58.585+0000] {docker.py:436} INFO - 24/06/27 11:31:58 INFO SparkContext: Added JAR file:///opt/bitnami/spark/.ivy2/jars/org.slf4j_slf4j-api-1.7.32.jar at spark://localhost:37713/jars/org.slf4j_slf4j-api-1.7.32.jar with timestamp 1719487917467
[2024-06-27T11:31:58.586+0000] {docker.py:436} INFO - 24/06/27 11:31:58 INFO SparkContext: Added JAR file:///opt/bitnami/spark/.ivy2/jars/org.apache.hadoop_hadoop-client-api-3.3.2.jar at spark://localhost:37713/jars/org.apache.hadoop_hadoop-client-api-3.3.2.jar with timestamp 1719487917467
24/06/27 11:31:58 INFO SparkContext: Added JAR file:///opt/bitnami/spark/.ivy2/jars/commons-logging_commons-logging-1.1.3.jar at spark://localhost:37713/jars/commons-logging_commons-logging-1.1.3.jar with timestamp 1719487917467
[2024-06-27T11:31:58.590+0000] {docker.py:436} INFO - 24/06/27 11:31:58 INFO SparkContext: Added file file:///opt/bitnami/spark/.ivy2/jars/org.apache.spark_spark-sql-kafka-0-10_2.12-3.3.0.jar at file:///opt/bitnami/spark/.ivy2/jars/org.apache.spark_spark-sql-kafka-0-10_2.12-3.3.0.jar with timestamp 1719487917467
[2024-06-27T11:31:58.592+0000] {docker.py:436} INFO - 24/06/27 11:31:58 INFO Utils: Copying /opt/bitnami/spark/.ivy2/jars/org.apache.spark_spark-sql-kafka-0-10_2.12-3.3.0.jar to /tmp/spark-154eb6b7-ed04-402b-be0b-7ede32cbcb36/userFiles-58d7c340-344c-4f09-8f9c-0be6d19794c8/org.apache.spark_spark-sql-kafka-0-10_2.12-3.3.0.jar
[2024-06-27T11:31:58.603+0000] {docker.py:436} INFO - 24/06/27 11:31:58 INFO SparkContext: Added file file:///opt/bitnami/spark/.ivy2/jars/org.postgresql_postgresql-42.2.2.jar at file:///opt/bitnami/spark/.ivy2/jars/org.postgresql_postgresql-42.2.2.jar with timestamp 1719487917467
[2024-06-27T11:31:58.603+0000] {docker.py:436} INFO - 24/06/27 11:31:58 INFO Utils: Copying /opt/bitnami/spark/.ivy2/jars/org.postgresql_postgresql-42.2.2.jar to /tmp/spark-154eb6b7-ed04-402b-be0b-7ede32cbcb36/userFiles-58d7c340-344c-4f09-8f9c-0be6d19794c8/org.postgresql_postgresql-42.2.2.jar
[2024-06-27T11:31:58.609+0000] {docker.py:436} INFO - 24/06/27 11:31:58 INFO SparkContext: Added file file:///opt/bitnami/spark/.ivy2/jars/org.apache.spark_spark-token-provider-kafka-0-10_2.12-3.3.0.jar at file:///opt/bitnami/spark/.ivy2/jars/org.apache.spark_spark-token-provider-kafka-0-10_2.12-3.3.0.jar with timestamp 1719487917467
[2024-06-27T11:31:58.609+0000] {docker.py:436} INFO - 24/06/27 11:31:58 INFO Utils: Copying /opt/bitnami/spark/.ivy2/jars/org.apache.spark_spark-token-provider-kafka-0-10_2.12-3.3.0.jar to /tmp/spark-154eb6b7-ed04-402b-be0b-7ede32cbcb36/userFiles-58d7c340-344c-4f09-8f9c-0be6d19794c8/org.apache.spark_spark-token-provider-kafka-0-10_2.12-3.3.0.jar
[2024-06-27T11:31:58.616+0000] {docker.py:436} INFO - 24/06/27 11:31:58 INFO SparkContext: Added file file:///opt/bitnami/spark/.ivy2/jars/org.apache.kafka_kafka-clients-2.8.1.jar at file:///opt/bitnami/spark/.ivy2/jars/org.apache.kafka_kafka-clients-2.8.1.jar with timestamp 1719487917467
[2024-06-27T11:31:58.617+0000] {docker.py:436} INFO - 24/06/27 11:31:58 INFO Utils: Copying /opt/bitnami/spark/.ivy2/jars/org.apache.kafka_kafka-clients-2.8.1.jar to /tmp/spark-154eb6b7-ed04-402b-be0b-7ede32cbcb36/userFiles-58d7c340-344c-4f09-8f9c-0be6d19794c8/org.apache.kafka_kafka-clients-2.8.1.jar
[2024-06-27T11:31:58.626+0000] {docker.py:436} INFO - 24/06/27 11:31:58 INFO SparkContext: Added file file:///opt/bitnami/spark/.ivy2/jars/com.google.code.findbugs_jsr305-3.0.0.jar at file:///opt/bitnami/spark/.ivy2/jars/com.google.code.findbugs_jsr305-3.0.0.jar with timestamp 1719487917467
[2024-06-27T11:31:58.626+0000] {docker.py:436} INFO - 24/06/27 11:31:58 INFO Utils: Copying /opt/bitnami/spark/.ivy2/jars/com.google.code.findbugs_jsr305-3.0.0.jar to /tmp/spark-154eb6b7-ed04-402b-be0b-7ede32cbcb36/userFiles-58d7c340-344c-4f09-8f9c-0be6d19794c8/com.google.code.findbugs_jsr305-3.0.0.jar
[2024-06-27T11:31:58.630+0000] {docker.py:436} INFO - 24/06/27 11:31:58 INFO SparkContext: Added file file:///opt/bitnami/spark/.ivy2/jars/org.apache.commons_commons-pool2-2.11.1.jar at file:///opt/bitnami/spark/.ivy2/jars/org.apache.commons_commons-pool2-2.11.1.jar with timestamp 1719487917467
[2024-06-27T11:31:58.631+0000] {docker.py:436} INFO - 24/06/27 11:31:58 INFO Utils: Copying /opt/bitnami/spark/.ivy2/jars/org.apache.commons_commons-pool2-2.11.1.jar to /tmp/spark-154eb6b7-ed04-402b-be0b-7ede32cbcb36/userFiles-58d7c340-344c-4f09-8f9c-0be6d19794c8/org.apache.commons_commons-pool2-2.11.1.jar
[2024-06-27T11:31:58.635+0000] {docker.py:436} INFO - 24/06/27 11:31:58 INFO SparkContext: Added file file:///opt/bitnami/spark/.ivy2/jars/org.spark-project.spark_unused-1.0.0.jar at file:///opt/bitnami/spark/.ivy2/jars/org.spark-project.spark_unused-1.0.0.jar with timestamp 1719487917467
[2024-06-27T11:31:58.636+0000] {docker.py:436} INFO - 24/06/27 11:31:58 INFO Utils: Copying /opt/bitnami/spark/.ivy2/jars/org.spark-project.spark_unused-1.0.0.jar to /tmp/spark-154eb6b7-ed04-402b-be0b-7ede32cbcb36/userFiles-58d7c340-344c-4f09-8f9c-0be6d19794c8/org.spark-project.spark_unused-1.0.0.jar
[2024-06-27T11:31:58.640+0000] {docker.py:436} INFO - 24/06/27 11:31:58 INFO SparkContext: Added file file:///opt/bitnami/spark/.ivy2/jars/org.apache.hadoop_hadoop-client-runtime-3.3.2.jar at file:///opt/bitnami/spark/.ivy2/jars/org.apache.hadoop_hadoop-client-runtime-3.3.2.jar with timestamp 1719487917467
[2024-06-27T11:31:58.641+0000] {docker.py:436} INFO - 24/06/27 11:31:58 INFO Utils: Copying /opt/bitnami/spark/.ivy2/jars/org.apache.hadoop_hadoop-client-runtime-3.3.2.jar to /tmp/spark-154eb6b7-ed04-402b-be0b-7ede32cbcb36/userFiles-58d7c340-344c-4f09-8f9c-0be6d19794c8/org.apache.hadoop_hadoop-client-runtime-3.3.2.jar
[2024-06-27T11:31:58.668+0000] {docker.py:436} INFO - 24/06/27 11:31:58 INFO SparkContext: Added file file:///opt/bitnami/spark/.ivy2/jars/org.lz4_lz4-java-1.8.0.jar at file:///opt/bitnami/spark/.ivy2/jars/org.lz4_lz4-java-1.8.0.jar with timestamp 1719487917467
[2024-06-27T11:31:58.668+0000] {docker.py:436} INFO - 24/06/27 11:31:58 INFO Utils: Copying /opt/bitnami/spark/.ivy2/jars/org.lz4_lz4-java-1.8.0.jar to /tmp/spark-154eb6b7-ed04-402b-be0b-7ede32cbcb36/userFiles-58d7c340-344c-4f09-8f9c-0be6d19794c8/org.lz4_lz4-java-1.8.0.jar
[2024-06-27T11:31:58.673+0000] {docker.py:436} INFO - 24/06/27 11:31:58 INFO SparkContext: Added file file:///opt/bitnami/spark/.ivy2/jars/org.xerial.snappy_snappy-java-1.1.8.4.jar at file:///opt/bitnami/spark/.ivy2/jars/org.xerial.snappy_snappy-java-1.1.8.4.jar with timestamp 1719487917467
[2024-06-27T11:31:58.674+0000] {docker.py:436} INFO - 24/06/27 11:31:58 INFO Utils: Copying /opt/bitnami/spark/.ivy2/jars/org.xerial.snappy_snappy-java-1.1.8.4.jar to /tmp/spark-154eb6b7-ed04-402b-be0b-7ede32cbcb36/userFiles-58d7c340-344c-4f09-8f9c-0be6d19794c8/org.xerial.snappy_snappy-java-1.1.8.4.jar
[2024-06-27T11:31:58.680+0000] {docker.py:436} INFO - 24/06/27 11:31:58 INFO SparkContext: Added file file:///opt/bitnami/spark/.ivy2/jars/org.slf4j_slf4j-api-1.7.32.jar at file:///opt/bitnami/spark/.ivy2/jars/org.slf4j_slf4j-api-1.7.32.jar with timestamp 1719487917467
[2024-06-27T11:31:58.681+0000] {docker.py:436} INFO - 24/06/27 11:31:58 INFO Utils: Copying /opt/bitnami/spark/.ivy2/jars/org.slf4j_slf4j-api-1.7.32.jar to /tmp/spark-154eb6b7-ed04-402b-be0b-7ede32cbcb36/userFiles-58d7c340-344c-4f09-8f9c-0be6d19794c8/org.slf4j_slf4j-api-1.7.32.jar
[2024-06-27T11:31:58.686+0000] {docker.py:436} INFO - 24/06/27 11:31:58 INFO SparkContext: Added file file:///opt/bitnami/spark/.ivy2/jars/org.apache.hadoop_hadoop-client-api-3.3.2.jar at file:///opt/bitnami/spark/.ivy2/jars/org.apache.hadoop_hadoop-client-api-3.3.2.jar with timestamp 1719487917467
[2024-06-27T11:31:58.687+0000] {docker.py:436} INFO - 24/06/27 11:31:58 INFO Utils: Copying /opt/bitnami/spark/.ivy2/jars/org.apache.hadoop_hadoop-client-api-3.3.2.jar to /tmp/spark-154eb6b7-ed04-402b-be0b-7ede32cbcb36/userFiles-58d7c340-344c-4f09-8f9c-0be6d19794c8/org.apache.hadoop_hadoop-client-api-3.3.2.jar
[2024-06-27T11:31:58.708+0000] {docker.py:436} INFO - 24/06/27 11:31:58 INFO SparkContext: Added file file:///opt/bitnami/spark/.ivy2/jars/commons-logging_commons-logging-1.1.3.jar at file:///opt/bitnami/spark/.ivy2/jars/commons-logging_commons-logging-1.1.3.jar with timestamp 1719487917467
[2024-06-27T11:31:58.709+0000] {docker.py:436} INFO - 24/06/27 11:31:58 INFO Utils: Copying /opt/bitnami/spark/.ivy2/jars/commons-logging_commons-logging-1.1.3.jar to /tmp/spark-154eb6b7-ed04-402b-be0b-7ede32cbcb36/userFiles-58d7c340-344c-4f09-8f9c-0be6d19794c8/commons-logging_commons-logging-1.1.3.jar
[2024-06-27T11:31:58.816+0000] {docker.py:436} INFO - 24/06/27 11:31:58 INFO Executor: Starting executor ID driver on host localhost
[2024-06-27T11:31:58.817+0000] {docker.py:436} INFO - 24/06/27 11:31:58 INFO Executor: OS info Linux, 6.5.0-41-generic, amd64
[2024-06-27T11:31:58.817+0000] {docker.py:436} INFO - 24/06/27 11:31:58 INFO Executor: Java version 17.0.11
[2024-06-27T11:31:58.826+0000] {docker.py:436} INFO - 24/06/27 11:31:58 INFO Executor: Starting executor with user classpath (userClassPathFirst = false): ''
[2024-06-27T11:31:58.828+0000] {docker.py:436} INFO - 24/06/27 11:31:58 INFO Executor: Created or updated repl class loader org.apache.spark.util.MutableURLClassLoader@43b70f22 for default.
[2024-06-27T11:31:58.854+0000] {docker.py:436} INFO - 24/06/27 11:31:58 INFO Executor: Fetching file:///opt/bitnami/spark/.ivy2/jars/org.postgresql_postgresql-42.2.2.jar with timestamp 1719487917467
[2024-06-27T11:31:58.876+0000] {docker.py:436} INFO - 24/06/27 11:31:58 INFO Utils: /opt/bitnami/spark/.ivy2/jars/org.postgresql_postgresql-42.2.2.jar has been previously copied to /tmp/spark-154eb6b7-ed04-402b-be0b-7ede32cbcb36/userFiles-58d7c340-344c-4f09-8f9c-0be6d19794c8/org.postgresql_postgresql-42.2.2.jar
[2024-06-27T11:31:58.879+0000] {docker.py:436} INFO - 24/06/27 11:31:58 INFO Executor: Fetching file:///opt/bitnami/spark/.ivy2/jars/org.apache.hadoop_hadoop-client-api-3.3.2.jar with timestamp 1719487917467
[2024-06-27T11:31:58.902+0000] {docker.py:436} INFO - 24/06/27 11:31:58 INFO Utils: /opt/bitnami/spark/.ivy2/jars/org.apache.hadoop_hadoop-client-api-3.3.2.jar has been previously copied to /tmp/spark-154eb6b7-ed04-402b-be0b-7ede32cbcb36/userFiles-58d7c340-344c-4f09-8f9c-0be6d19794c8/org.apache.hadoop_hadoop-client-api-3.3.2.jar
[2024-06-27T11:31:58.906+0000] {docker.py:436} INFO - 24/06/27 11:31:58 INFO Executor: Fetching file:///opt/bitnami/spark/.ivy2/jars/org.xerial.snappy_snappy-java-1.1.8.4.jar with timestamp 1719487917467
[2024-06-27T11:31:58.909+0000] {docker.py:436} INFO - 24/06/27 11:31:58 INFO Utils: /opt/bitnami/spark/.ivy2/jars/org.xerial.snappy_snappy-java-1.1.8.4.jar has been previously copied to /tmp/spark-154eb6b7-ed04-402b-be0b-7ede32cbcb36/userFiles-58d7c340-344c-4f09-8f9c-0be6d19794c8/org.xerial.snappy_snappy-java-1.1.8.4.jar
[2024-06-27T11:31:58.912+0000] {docker.py:436} INFO - 24/06/27 11:31:58 INFO Executor: Fetching file:///opt/bitnami/spark/.ivy2/jars/org.apache.hadoop_hadoop-client-runtime-3.3.2.jar with timestamp 1719487917467
[2024-06-27T11:31:58.941+0000] {docker.py:436} INFO - 24/06/27 11:31:58 INFO Utils: /opt/bitnami/spark/.ivy2/jars/org.apache.hadoop_hadoop-client-runtime-3.3.2.jar has been previously copied to /tmp/spark-154eb6b7-ed04-402b-be0b-7ede32cbcb36/userFiles-58d7c340-344c-4f09-8f9c-0be6d19794c8/org.apache.hadoop_hadoop-client-runtime-3.3.2.jar
[2024-06-27T11:31:58.944+0000] {docker.py:436} INFO - 24/06/27 11:31:58 INFO Executor: Fetching file:///opt/bitnami/spark/.ivy2/jars/org.apache.commons_commons-pool2-2.11.1.jar with timestamp 1719487917467
[2024-06-27T11:31:58.945+0000] {docker.py:436} INFO - 24/06/27 11:31:58 INFO Utils: /opt/bitnami/spark/.ivy2/jars/org.apache.commons_commons-pool2-2.11.1.jar has been previously copied to /tmp/spark-154eb6b7-ed04-402b-be0b-7ede32cbcb36/userFiles-58d7c340-344c-4f09-8f9c-0be6d19794c8/org.apache.commons_commons-pool2-2.11.1.jar
[2024-06-27T11:31:58.949+0000] {docker.py:436} INFO - 24/06/27 11:31:58 INFO Executor: Fetching file:///opt/bitnami/spark/.ivy2/jars/org.apache.spark_spark-token-provider-kafka-0-10_2.12-3.3.0.jar with timestamp 1719487917467
[2024-06-27T11:31:58.950+0000] {docker.py:436} INFO - 24/06/27 11:31:58 INFO Utils: /opt/bitnami/spark/.ivy2/jars/org.apache.spark_spark-token-provider-kafka-0-10_2.12-3.3.0.jar has been previously copied to /tmp/spark-154eb6b7-ed04-402b-be0b-7ede32cbcb36/userFiles-58d7c340-344c-4f09-8f9c-0be6d19794c8/org.apache.spark_spark-token-provider-kafka-0-10_2.12-3.3.0.jar
[2024-06-27T11:31:58.953+0000] {docker.py:436} INFO - 24/06/27 11:31:58 INFO Executor: Fetching file:///opt/bitnami/spark/.ivy2/jars/org.slf4j_slf4j-api-1.7.32.jar with timestamp 1719487917467
[2024-06-27T11:31:58.954+0000] {docker.py:436} INFO - 24/06/27 11:31:58 INFO Utils: /opt/bitnami/spark/.ivy2/jars/org.slf4j_slf4j-api-1.7.32.jar has been previously copied to /tmp/spark-154eb6b7-ed04-402b-be0b-7ede32cbcb36/userFiles-58d7c340-344c-4f09-8f9c-0be6d19794c8/org.slf4j_slf4j-api-1.7.32.jar
[2024-06-27T11:31:58.958+0000] {docker.py:436} INFO - 24/06/27 11:31:58 INFO Executor: Fetching file:///opt/bitnami/spark/.ivy2/jars/org.apache.spark_spark-sql-kafka-0-10_2.12-3.3.0.jar with timestamp 1719487917467
[2024-06-27T11:31:58.959+0000] {docker.py:436} INFO - 24/06/27 11:31:58 INFO Utils: /opt/bitnami/spark/.ivy2/jars/org.apache.spark_spark-sql-kafka-0-10_2.12-3.3.0.jar has been previously copied to /tmp/spark-154eb6b7-ed04-402b-be0b-7ede32cbcb36/userFiles-58d7c340-344c-4f09-8f9c-0be6d19794c8/org.apache.spark_spark-sql-kafka-0-10_2.12-3.3.0.jar
[2024-06-27T11:31:58.962+0000] {docker.py:436} INFO - 24/06/27 11:31:58 INFO Executor: Fetching file:///opt/bitnami/spark/.ivy2/jars/com.google.code.findbugs_jsr305-3.0.0.jar with timestamp 1719487917467
[2024-06-27T11:31:58.963+0000] {docker.py:436} INFO - 24/06/27 11:31:58 INFO Utils: /opt/bitnami/spark/.ivy2/jars/com.google.code.findbugs_jsr305-3.0.0.jar has been previously copied to /tmp/spark-154eb6b7-ed04-402b-be0b-7ede32cbcb36/userFiles-58d7c340-344c-4f09-8f9c-0be6d19794c8/com.google.code.findbugs_jsr305-3.0.0.jar
[2024-06-27T11:31:58.967+0000] {docker.py:436} INFO - 24/06/27 11:31:58 INFO Executor: Fetching file:///opt/bitnami/spark/.ivy2/jars/org.lz4_lz4-java-1.8.0.jar with timestamp 1719487917467
[2024-06-27T11:31:58.968+0000] {docker.py:436} INFO - 24/06/27 11:31:58 INFO Utils: /opt/bitnami/spark/.ivy2/jars/org.lz4_lz4-java-1.8.0.jar has been previously copied to /tmp/spark-154eb6b7-ed04-402b-be0b-7ede32cbcb36/userFiles-58d7c340-344c-4f09-8f9c-0be6d19794c8/org.lz4_lz4-java-1.8.0.jar
[2024-06-27T11:31:58.971+0000] {docker.py:436} INFO - 24/06/27 11:31:58 INFO Executor: Fetching file:///opt/bitnami/spark/.ivy2/jars/commons-logging_commons-logging-1.1.3.jar with timestamp 1719487917467
[2024-06-27T11:31:58.972+0000] {docker.py:436} INFO - 24/06/27 11:31:58 INFO Utils: /opt/bitnami/spark/.ivy2/jars/commons-logging_commons-logging-1.1.3.jar has been previously copied to /tmp/spark-154eb6b7-ed04-402b-be0b-7ede32cbcb36/userFiles-58d7c340-344c-4f09-8f9c-0be6d19794c8/commons-logging_commons-logging-1.1.3.jar
[2024-06-27T11:31:58.976+0000] {docker.py:436} INFO - 24/06/27 11:31:58 INFO Executor: Fetching file:///opt/bitnami/spark/.ivy2/jars/org.spark-project.spark_unused-1.0.0.jar with timestamp 1719487917467
[2024-06-27T11:31:58.977+0000] {docker.py:436} INFO - 24/06/27 11:31:58 INFO Utils: /opt/bitnami/spark/.ivy2/jars/org.spark-project.spark_unused-1.0.0.jar has been previously copied to /tmp/spark-154eb6b7-ed04-402b-be0b-7ede32cbcb36/userFiles-58d7c340-344c-4f09-8f9c-0be6d19794c8/org.spark-project.spark_unused-1.0.0.jar
[2024-06-27T11:31:58.981+0000] {docker.py:436} INFO - 24/06/27 11:31:58 INFO Executor: Fetching file:///opt/bitnami/spark/.ivy2/jars/org.apache.kafka_kafka-clients-2.8.1.jar with timestamp 1719487917467
[2024-06-27T11:31:58.985+0000] {docker.py:436} INFO - 24/06/27 11:31:58 INFO Utils: /opt/bitnami/spark/.ivy2/jars/org.apache.kafka_kafka-clients-2.8.1.jar has been previously copied to /tmp/spark-154eb6b7-ed04-402b-be0b-7ede32cbcb36/userFiles-58d7c340-344c-4f09-8f9c-0be6d19794c8/org.apache.kafka_kafka-clients-2.8.1.jar
[2024-06-27T11:31:58.991+0000] {docker.py:436} INFO - 24/06/27 11:31:58 INFO Executor: Fetching spark://localhost:37713/jars/org.slf4j_slf4j-api-1.7.32.jar with timestamp 1719487917467
[2024-06-27T11:31:59.040+0000] {docker.py:436} INFO - 24/06/27 11:31:59 INFO TransportClientFactory: Successfully created connection to localhost/127.0.0.1:37713 after 35 ms (0 ms spent in bootstraps)
[2024-06-27T11:31:59.047+0000] {docker.py:436} INFO - 24/06/27 11:31:59 INFO Utils: Fetching spark://localhost:37713/jars/org.slf4j_slf4j-api-1.7.32.jar to /tmp/spark-154eb6b7-ed04-402b-be0b-7ede32cbcb36/userFiles-58d7c340-344c-4f09-8f9c-0be6d19794c8/fetchFileTemp14490128588282587229.tmp
[2024-06-27T11:31:59.079+0000] {docker.py:436} INFO - 24/06/27 11:31:59 INFO Utils: /tmp/spark-154eb6b7-ed04-402b-be0b-7ede32cbcb36/userFiles-58d7c340-344c-4f09-8f9c-0be6d19794c8/fetchFileTemp14490128588282587229.tmp has been previously copied to /tmp/spark-154eb6b7-ed04-402b-be0b-7ede32cbcb36/userFiles-58d7c340-344c-4f09-8f9c-0be6d19794c8/org.slf4j_slf4j-api-1.7.32.jar
[2024-06-27T11:31:59.086+0000] {docker.py:436} INFO - 24/06/27 11:31:59 INFO Executor: Adding file:/tmp/spark-154eb6b7-ed04-402b-be0b-7ede32cbcb36/userFiles-58d7c340-344c-4f09-8f9c-0be6d19794c8/org.slf4j_slf4j-api-1.7.32.jar to class loader default
[2024-06-27T11:31:59.087+0000] {docker.py:436} INFO - 24/06/27 11:31:59 INFO Executor: Fetching spark://localhost:37713/jars/org.apache.commons_commons-pool2-2.11.1.jar with timestamp 1719487917467
[2024-06-27T11:31:59.089+0000] {docker.py:436} INFO - 24/06/27 11:31:59 INFO Utils: Fetching spark://localhost:37713/jars/org.apache.commons_commons-pool2-2.11.1.jar to /tmp/spark-154eb6b7-ed04-402b-be0b-7ede32cbcb36/userFiles-58d7c340-344c-4f09-8f9c-0be6d19794c8/fetchFileTemp13008351390098760841.tmp
[2024-06-27T11:31:59.094+0000] {docker.py:436} INFO - 24/06/27 11:31:59 INFO Utils: /tmp/spark-154eb6b7-ed04-402b-be0b-7ede32cbcb36/userFiles-58d7c340-344c-4f09-8f9c-0be6d19794c8/fetchFileTemp13008351390098760841.tmp has been previously copied to /tmp/spark-154eb6b7-ed04-402b-be0b-7ede32cbcb36/userFiles-58d7c340-344c-4f09-8f9c-0be6d19794c8/org.apache.commons_commons-pool2-2.11.1.jar
[2024-06-27T11:31:59.110+0000] {docker.py:436} INFO - 24/06/27 11:31:59 INFO Executor: Adding file:/tmp/spark-154eb6b7-ed04-402b-be0b-7ede32cbcb36/userFiles-58d7c340-344c-4f09-8f9c-0be6d19794c8/org.apache.commons_commons-pool2-2.11.1.jar to class loader default
[2024-06-27T11:31:59.111+0000] {docker.py:436} INFO - 24/06/27 11:31:59 INFO Executor: Fetching spark://localhost:37713/jars/org.xerial.snappy_snappy-java-1.1.8.4.jar with timestamp 1719487917467
[2024-06-27T11:31:59.112+0000] {docker.py:436} INFO - 24/06/27 11:31:59 INFO Utils: Fetching spark://localhost:37713/jars/org.xerial.snappy_snappy-java-1.1.8.4.jar to /tmp/spark-154eb6b7-ed04-402b-be0b-7ede32cbcb36/userFiles-58d7c340-344c-4f09-8f9c-0be6d19794c8/fetchFileTemp18050889139872412782.tmp
[2024-06-27T11:31:59.130+0000] {docker.py:436} INFO - 24/06/27 11:31:59 INFO Utils: /tmp/spark-154eb6b7-ed04-402b-be0b-7ede32cbcb36/userFiles-58d7c340-344c-4f09-8f9c-0be6d19794c8/fetchFileTemp18050889139872412782.tmp has been previously copied to /tmp/spark-154eb6b7-ed04-402b-be0b-7ede32cbcb36/userFiles-58d7c340-344c-4f09-8f9c-0be6d19794c8/org.xerial.snappy_snappy-java-1.1.8.4.jar
[2024-06-27T11:31:59.135+0000] {docker.py:436} INFO - 24/06/27 11:31:59 INFO Executor: Adding file:/tmp/spark-154eb6b7-ed04-402b-be0b-7ede32cbcb36/userFiles-58d7c340-344c-4f09-8f9c-0be6d19794c8/org.xerial.snappy_snappy-java-1.1.8.4.jar to class loader default
[2024-06-27T11:31:59.135+0000] {docker.py:436} INFO - 24/06/27 11:31:59 INFO Executor: Fetching spark://localhost:37713/jars/org.postgresql_postgresql-42.2.2.jar with timestamp 1719487917467
[2024-06-27T11:31:59.137+0000] {docker.py:436} INFO - 24/06/27 11:31:59 INFO Utils: Fetching spark://localhost:37713/jars/org.postgresql_postgresql-42.2.2.jar to /tmp/spark-154eb6b7-ed04-402b-be0b-7ede32cbcb36/userFiles-58d7c340-344c-4f09-8f9c-0be6d19794c8/fetchFileTemp3470327133144062851.tmp
[2024-06-27T11:31:59.150+0000] {docker.py:436} INFO - 24/06/27 11:31:59 INFO Utils: /tmp/spark-154eb6b7-ed04-402b-be0b-7ede32cbcb36/userFiles-58d7c340-344c-4f09-8f9c-0be6d19794c8/fetchFileTemp3470327133144062851.tmp has been previously copied to /tmp/spark-154eb6b7-ed04-402b-be0b-7ede32cbcb36/userFiles-58d7c340-344c-4f09-8f9c-0be6d19794c8/org.postgresql_postgresql-42.2.2.jar
[2024-06-27T11:31:59.154+0000] {docker.py:436} INFO - 24/06/27 11:31:59 INFO Executor: Adding file:/tmp/spark-154eb6b7-ed04-402b-be0b-7ede32cbcb36/userFiles-58d7c340-344c-4f09-8f9c-0be6d19794c8/org.postgresql_postgresql-42.2.2.jar to class loader default
24/06/27 11:31:59 INFO Executor: Fetching spark://localhost:37713/jars/org.lz4_lz4-java-1.8.0.jar with timestamp 1719487917467
24/06/27 11:31:59 INFO Utils: Fetching spark://localhost:37713/jars/org.lz4_lz4-java-1.8.0.jar to /tmp/spark-154eb6b7-ed04-402b-be0b-7ede32cbcb36/userFiles-58d7c340-344c-4f09-8f9c-0be6d19794c8/fetchFileTemp4144251362101387916.tmp
[2024-06-27T11:31:59.164+0000] {docker.py:436} INFO - 24/06/27 11:31:59 INFO Utils: /tmp/spark-154eb6b7-ed04-402b-be0b-7ede32cbcb36/userFiles-58d7c340-344c-4f09-8f9c-0be6d19794c8/fetchFileTemp4144251362101387916.tmp has been previously copied to /tmp/spark-154eb6b7-ed04-402b-be0b-7ede32cbcb36/userFiles-58d7c340-344c-4f09-8f9c-0be6d19794c8/org.lz4_lz4-java-1.8.0.jar
[2024-06-27T11:31:59.170+0000] {docker.py:436} INFO - 24/06/27 11:31:59 INFO Executor: Adding file:/tmp/spark-154eb6b7-ed04-402b-be0b-7ede32cbcb36/userFiles-58d7c340-344c-4f09-8f9c-0be6d19794c8/org.lz4_lz4-java-1.8.0.jar to class loader default
[2024-06-27T11:31:59.171+0000] {docker.py:436} INFO - 24/06/27 11:31:59 INFO Executor: Fetching spark://localhost:37713/jars/com.google.code.findbugs_jsr305-3.0.0.jar with timestamp 1719487917467
[2024-06-27T11:31:59.171+0000] {docker.py:436} INFO - 24/06/27 11:31:59 INFO Utils: Fetching spark://localhost:37713/jars/com.google.code.findbugs_jsr305-3.0.0.jar to /tmp/spark-154eb6b7-ed04-402b-be0b-7ede32cbcb36/userFiles-58d7c340-344c-4f09-8f9c-0be6d19794c8/fetchFileTemp3858647561352891462.tmp
[2024-06-27T11:31:59.173+0000] {docker.py:436} INFO - 24/06/27 11:31:59 INFO Utils: /tmp/spark-154eb6b7-ed04-402b-be0b-7ede32cbcb36/userFiles-58d7c340-344c-4f09-8f9c-0be6d19794c8/fetchFileTemp3858647561352891462.tmp has been previously copied to /tmp/spark-154eb6b7-ed04-402b-be0b-7ede32cbcb36/userFiles-58d7c340-344c-4f09-8f9c-0be6d19794c8/com.google.code.findbugs_jsr305-3.0.0.jar
[2024-06-27T11:31:59.178+0000] {docker.py:436} INFO - 24/06/27 11:31:59 INFO Executor: Adding file:/tmp/spark-154eb6b7-ed04-402b-be0b-7ede32cbcb36/userFiles-58d7c340-344c-4f09-8f9c-0be6d19794c8/com.google.code.findbugs_jsr305-3.0.0.jar to class loader default
[2024-06-27T11:31:59.179+0000] {docker.py:436} INFO - 24/06/27 11:31:59 INFO Executor: Fetching spark://localhost:37713/jars/org.apache.hadoop_hadoop-client-runtime-3.3.2.jar with timestamp 1719487917467
[2024-06-27T11:31:59.180+0000] {docker.py:436} INFO - 24/06/27 11:31:59 INFO Utils: Fetching spark://localhost:37713/jars/org.apache.hadoop_hadoop-client-runtime-3.3.2.jar to /tmp/spark-154eb6b7-ed04-402b-be0b-7ede32cbcb36/userFiles-58d7c340-344c-4f09-8f9c-0be6d19794c8/fetchFileTemp11697662006882399446.tmp
[2024-06-27T11:31:59.369+0000] {docker.py:436} INFO - 24/06/27 11:31:59 INFO Utils: /tmp/spark-154eb6b7-ed04-402b-be0b-7ede32cbcb36/userFiles-58d7c340-344c-4f09-8f9c-0be6d19794c8/fetchFileTemp11697662006882399446.tmp has been previously copied to /tmp/spark-154eb6b7-ed04-402b-be0b-7ede32cbcb36/userFiles-58d7c340-344c-4f09-8f9c-0be6d19794c8/org.apache.hadoop_hadoop-client-runtime-3.3.2.jar
[2024-06-27T11:31:59.380+0000] {docker.py:436} INFO - 24/06/27 11:31:59 INFO Executor: Adding file:/tmp/spark-154eb6b7-ed04-402b-be0b-7ede32cbcb36/userFiles-58d7c340-344c-4f09-8f9c-0be6d19794c8/org.apache.hadoop_hadoop-client-runtime-3.3.2.jar to class loader default
[2024-06-27T11:31:59.381+0000] {docker.py:436} INFO - 24/06/27 11:31:59 INFO Executor: Fetching spark://localhost:37713/jars/org.apache.spark_spark-token-provider-kafka-0-10_2.12-3.3.0.jar with timestamp 1719487917467
[2024-06-27T11:31:59.383+0000] {docker.py:436} INFO - 24/06/27 11:31:59 INFO Utils: Fetching spark://localhost:37713/jars/org.apache.spark_spark-token-provider-kafka-0-10_2.12-3.3.0.jar to /tmp/spark-154eb6b7-ed04-402b-be0b-7ede32cbcb36/userFiles-58d7c340-344c-4f09-8f9c-0be6d19794c8/fetchFileTemp13463693323304090369.tmp
[2024-06-27T11:31:59.389+0000] {docker.py:436} INFO - 24/06/27 11:31:59 INFO Utils: /tmp/spark-154eb6b7-ed04-402b-be0b-7ede32cbcb36/userFiles-58d7c340-344c-4f09-8f9c-0be6d19794c8/fetchFileTemp13463693323304090369.tmp has been previously copied to /tmp/spark-154eb6b7-ed04-402b-be0b-7ede32cbcb36/userFiles-58d7c340-344c-4f09-8f9c-0be6d19794c8/org.apache.spark_spark-token-provider-kafka-0-10_2.12-3.3.0.jar
[2024-06-27T11:31:59.394+0000] {docker.py:436} INFO - 24/06/27 11:31:59 INFO Executor: Adding file:/tmp/spark-154eb6b7-ed04-402b-be0b-7ede32cbcb36/userFiles-58d7c340-344c-4f09-8f9c-0be6d19794c8/org.apache.spark_spark-token-provider-kafka-0-10_2.12-3.3.0.jar to class loader default
[2024-06-27T11:31:59.395+0000] {docker.py:436} INFO - 24/06/27 11:31:59 INFO Executor: Fetching spark://localhost:37713/jars/org.spark-project.spark_unused-1.0.0.jar with timestamp 1719487917467
[2024-06-27T11:31:59.396+0000] {docker.py:436} INFO - 24/06/27 11:31:59 INFO Utils: Fetching spark://localhost:37713/jars/org.spark-project.spark_unused-1.0.0.jar to /tmp/spark-154eb6b7-ed04-402b-be0b-7ede32cbcb36/userFiles-58d7c340-344c-4f09-8f9c-0be6d19794c8/fetchFileTemp12499867514481627260.tmp
[2024-06-27T11:31:59.397+0000] {docker.py:436} INFO - 24/06/27 11:31:59 INFO Utils: /tmp/spark-154eb6b7-ed04-402b-be0b-7ede32cbcb36/userFiles-58d7c340-344c-4f09-8f9c-0be6d19794c8/fetchFileTemp12499867514481627260.tmp has been previously copied to /tmp/spark-154eb6b7-ed04-402b-be0b-7ede32cbcb36/userFiles-58d7c340-344c-4f09-8f9c-0be6d19794c8/org.spark-project.spark_unused-1.0.0.jar
[2024-06-27T11:31:59.404+0000] {docker.py:436} INFO - 24/06/27 11:31:59 INFO Executor: Adding file:/tmp/spark-154eb6b7-ed04-402b-be0b-7ede32cbcb36/userFiles-58d7c340-344c-4f09-8f9c-0be6d19794c8/org.spark-project.spark_unused-1.0.0.jar to class loader default
[2024-06-27T11:31:59.404+0000] {docker.py:436} INFO - 24/06/27 11:31:59 INFO Executor: Fetching spark://localhost:37713/jars/org.apache.kafka_kafka-clients-2.8.1.jar with timestamp 1719487917467
[2024-06-27T11:31:59.406+0000] {docker.py:436} INFO - 24/06/27 11:31:59 INFO Utils: Fetching spark://localhost:37713/jars/org.apache.kafka_kafka-clients-2.8.1.jar to /tmp/spark-154eb6b7-ed04-402b-be0b-7ede32cbcb36/userFiles-58d7c340-344c-4f09-8f9c-0be6d19794c8/fetchFileTemp2388491531618386533.tmp
[2024-06-27T11:31:59.439+0000] {docker.py:436} INFO - 24/06/27 11:31:59 INFO Utils: /tmp/spark-154eb6b7-ed04-402b-be0b-7ede32cbcb36/userFiles-58d7c340-344c-4f09-8f9c-0be6d19794c8/fetchFileTemp2388491531618386533.tmp has been previously copied to /tmp/spark-154eb6b7-ed04-402b-be0b-7ede32cbcb36/userFiles-58d7c340-344c-4f09-8f9c-0be6d19794c8/org.apache.kafka_kafka-clients-2.8.1.jar
[2024-06-27T11:31:59.446+0000] {docker.py:436} INFO - 24/06/27 11:31:59 INFO Executor: Adding file:/tmp/spark-154eb6b7-ed04-402b-be0b-7ede32cbcb36/userFiles-58d7c340-344c-4f09-8f9c-0be6d19794c8/org.apache.kafka_kafka-clients-2.8.1.jar to class loader default
[2024-06-27T11:31:59.446+0000] {docker.py:436} INFO - 24/06/27 11:31:59 INFO Executor: Fetching spark://localhost:37713/jars/commons-logging_commons-logging-1.1.3.jar with timestamp 1719487917467
[2024-06-27T11:31:59.447+0000] {docker.py:436} INFO - 24/06/27 11:31:59 INFO Utils: Fetching spark://localhost:37713/jars/commons-logging_commons-logging-1.1.3.jar to /tmp/spark-154eb6b7-ed04-402b-be0b-7ede32cbcb36/userFiles-58d7c340-344c-4f09-8f9c-0be6d19794c8/fetchFileTemp17483885153165344166.tmp
[2024-06-27T11:31:59.451+0000] {docker.py:436} INFO - 24/06/27 11:31:59 INFO Utils: /tmp/spark-154eb6b7-ed04-402b-be0b-7ede32cbcb36/userFiles-58d7c340-344c-4f09-8f9c-0be6d19794c8/fetchFileTemp17483885153165344166.tmp has been previously copied to /tmp/spark-154eb6b7-ed04-402b-be0b-7ede32cbcb36/userFiles-58d7c340-344c-4f09-8f9c-0be6d19794c8/commons-logging_commons-logging-1.1.3.jar
[2024-06-27T11:31:59.459+0000] {docker.py:436} INFO - 24/06/27 11:31:59 INFO Executor: Adding file:/tmp/spark-154eb6b7-ed04-402b-be0b-7ede32cbcb36/userFiles-58d7c340-344c-4f09-8f9c-0be6d19794c8/commons-logging_commons-logging-1.1.3.jar to class loader default
[2024-06-27T11:31:59.460+0000] {docker.py:436} INFO - 24/06/27 11:31:59 INFO Executor: Fetching spark://localhost:37713/jars/org.apache.spark_spark-sql-kafka-0-10_2.12-3.3.0.jar with timestamp 1719487917467
[2024-06-27T11:31:59.470+0000] {docker.py:436} INFO - 24/06/27 11:31:59 INFO Utils: Fetching spark://localhost:37713/jars/org.apache.spark_spark-sql-kafka-0-10_2.12-3.3.0.jar to /tmp/spark-154eb6b7-ed04-402b-be0b-7ede32cbcb36/userFiles-58d7c340-344c-4f09-8f9c-0be6d19794c8/fetchFileTemp14458717938196121018.tmp
[2024-06-27T11:31:59.471+0000] {docker.py:436} INFO - 24/06/27 11:31:59 INFO Utils: /tmp/spark-154eb6b7-ed04-402b-be0b-7ede32cbcb36/userFiles-58d7c340-344c-4f09-8f9c-0be6d19794c8/fetchFileTemp14458717938196121018.tmp has been previously copied to /tmp/spark-154eb6b7-ed04-402b-be0b-7ede32cbcb36/userFiles-58d7c340-344c-4f09-8f9c-0be6d19794c8/org.apache.spark_spark-sql-kafka-0-10_2.12-3.3.0.jar
[2024-06-27T11:31:59.475+0000] {docker.py:436} INFO - 24/06/27 11:31:59 INFO Executor: Adding file:/tmp/spark-154eb6b7-ed04-402b-be0b-7ede32cbcb36/userFiles-58d7c340-344c-4f09-8f9c-0be6d19794c8/org.apache.spark_spark-sql-kafka-0-10_2.12-3.3.0.jar to class loader default
[2024-06-27T11:31:59.476+0000] {docker.py:436} INFO - 24/06/27 11:31:59 INFO Executor: Fetching spark://localhost:37713/jars/org.apache.hadoop_hadoop-client-api-3.3.2.jar with timestamp 1719487917467
[2024-06-27T11:31:59.477+0000] {docker.py:436} INFO - 24/06/27 11:31:59 INFO Utils: Fetching spark://localhost:37713/jars/org.apache.hadoop_hadoop-client-api-3.3.2.jar to /tmp/spark-154eb6b7-ed04-402b-be0b-7ede32cbcb36/userFiles-58d7c340-344c-4f09-8f9c-0be6d19794c8/fetchFileTemp7119707151682552711.tmp
[2024-06-27T11:31:59.636+0000] {docker.py:436} INFO - 24/06/27 11:31:59 INFO Utils: /tmp/spark-154eb6b7-ed04-402b-be0b-7ede32cbcb36/userFiles-58d7c340-344c-4f09-8f9c-0be6d19794c8/fetchFileTemp7119707151682552711.tmp has been previously copied to /tmp/spark-154eb6b7-ed04-402b-be0b-7ede32cbcb36/userFiles-58d7c340-344c-4f09-8f9c-0be6d19794c8/org.apache.hadoop_hadoop-client-api-3.3.2.jar
[2024-06-27T11:31:59.642+0000] {docker.py:436} INFO - 24/06/27 11:31:59 INFO Executor: Adding file:/tmp/spark-154eb6b7-ed04-402b-be0b-7ede32cbcb36/userFiles-58d7c340-344c-4f09-8f9c-0be6d19794c8/org.apache.hadoop_hadoop-client-api-3.3.2.jar to class loader default
[2024-06-27T11:31:59.653+0000] {docker.py:436} INFO - 24/06/27 11:31:59 INFO Utils: Successfully started service 'org.apache.spark.network.netty.NettyBlockTransferService' on port 37917.
[2024-06-27T11:31:59.653+0000] {docker.py:436} INFO - 24/06/27 11:31:59 INFO NettyBlockTransferService: Server created on localhost:37917
[2024-06-27T11:31:59.655+0000] {docker.py:436} INFO - 24/06/27 11:31:59 INFO BlockManager: Using org.apache.spark.storage.RandomBlockReplicationPolicy for block replication policy
[2024-06-27T11:31:59.663+0000] {docker.py:436} INFO - 24/06/27 11:31:59 INFO BlockManagerMaster: Registering BlockManager BlockManagerId(driver, localhost, 37917, None)
[2024-06-27T11:31:59.668+0000] {docker.py:436} INFO - 24/06/27 11:31:59 INFO BlockManagerMasterEndpoint: Registering block manager localhost:37917 with 434.4 MiB RAM, BlockManagerId(driver, localhost, 37917, None)
[2024-06-27T11:31:59.671+0000] {docker.py:436} INFO - 24/06/27 11:31:59 INFO BlockManagerMaster: Registered BlockManager BlockManagerId(driver, localhost, 37917, None)
[2024-06-27T11:31:59.672+0000] {docker.py:436} INFO - 24/06/27 11:31:59 INFO BlockManager: Initialized BlockManager: BlockManagerId(driver, localhost, 37917, None)
[2024-06-27T11:32:00.232+0000] {docker.py:436} INFO - 2024-06-27 11:32:00,231:create_spark_session:INFO:Spark session created successfully
[2024-06-27T11:32:00.241+0000] {docker.py:436} INFO - 24/06/27 11:32:00 INFO SharedState: Setting hive.metastore.warehouse.dir ('null') to the value of spark.sql.warehouse.dir.
[2024-06-27T11:32:00.245+0000] {docker.py:436} INFO - 24/06/27 11:32:00 INFO SharedState: Warehouse path is 'file:/opt/bitnami/spark/spark-warehouse'.
[2024-06-27T11:32:02.065+0000] {docker.py:436} INFO - 2024-06-27 11:32:02,064:create_initial_dataframe:INFO:Initial dataframe created successfully:
[2024-06-27T11:32:02.839+0000] {docker.py:436} INFO - 24/06/27 11:32:02 INFO StateStoreCoordinatorRef: Registered StateStoreCoordinator endpoint
[2024-06-27T11:32:02.899+0000] {docker.py:436} INFO - 24/06/27 11:32:02 WARN ResolveWriteToStream: Temporary checkpoint location created which is deleted normally when the query didn't fail: /tmp/temporary-5db1b38a-e7b5-48ce-8def-2a19460b5015. If it's required to delete it under any circumstances, please set spark.sql.streaming.forceDeleteTempCheckpointLocation to true. Important to know deleting temp checkpoint folder is best effort.
[2024-06-27T11:32:02.936+0000] {docker.py:436} INFO - 24/06/27 11:32:02 INFO ResolveWriteToStream: Checkpoint root file:///tmp/temporary-5db1b38a-e7b5-48ce-8def-2a19460b5015 resolved to file:/tmp/temporary-5db1b38a-e7b5-48ce-8def-2a19460b5015.
[2024-06-27T11:32:02.937+0000] {docker.py:436} INFO - 24/06/27 11:32:02 WARN ResolveWriteToStream: spark.sql.adaptive.enabled is not supported in streaming DataFrames/Datasets and will be disabled.
[2024-06-27T11:32:03.044+0000] {docker.py:436} INFO - 24/06/27 11:32:03 INFO CheckpointFileManager: Writing atomically to file:/tmp/temporary-5db1b38a-e7b5-48ce-8def-2a19460b5015/metadata using temp file file:/tmp/temporary-5db1b38a-e7b5-48ce-8def-2a19460b5015/.metadata.75fc513d-dd27-47e7-8615-c8a56f729e46.tmp
[2024-06-27T11:32:03.163+0000] {docker.py:436} INFO - 24/06/27 11:32:03 INFO CheckpointFileManager: Renamed temp file file:/tmp/temporary-5db1b38a-e7b5-48ce-8def-2a19460b5015/.metadata.75fc513d-dd27-47e7-8615-c8a56f729e46.tmp to file:/tmp/temporary-5db1b38a-e7b5-48ce-8def-2a19460b5015/metadata
[2024-06-27T11:32:03.206+0000] {docker.py:436} INFO - 24/06/27 11:32:03 INFO MicroBatchExecution: Starting [id = 91e512bf-52c1-4b74-a009-5d1a58a2d3c8, runId = eade3d83-a7a0-4a27-aaa0-ec2e4d52fc1d]. Use file:/tmp/temporary-5db1b38a-e7b5-48ce-8def-2a19460b5015 to store the query checkpoint.
[2024-06-27T11:32:03.223+0000] {docker.py:436} INFO - 24/06/27 11:32:03 INFO MicroBatchExecution: Reading table [org.apache.spark.sql.kafka010.KafkaSourceProvider$KafkaTable@2b15d56a] from DataSourceV2 named 'kafka' [org.apache.spark.sql.kafka010.KafkaSourceProvider@416ce799]
[2024-06-27T11:32:03.262+0000] {docker.py:436} INFO - 24/06/27 11:32:03 INFO OffsetSeqLog: BatchIds found from listing:
[2024-06-27T11:32:03.267+0000] {docker.py:436} INFO - 24/06/27 11:32:03 INFO OffsetSeqLog: BatchIds found from listing: 
24/06/27 11:32:03 INFO MicroBatchExecution: Starting new streaming query.
[2024-06-27T11:32:03.269+0000] {docker.py:436} INFO - 24/06/27 11:32:03 INFO MicroBatchExecution: Stream started from {}
[2024-06-27T11:32:03.783+0000] {docker.py:436} INFO - 24/06/27 11:32:03 INFO AdminClientConfig: AdminClientConfig values: 
	bootstrap.servers = [kafka:9092]
	client.dns.lookup = use_all_dns_ips
	client.id = 
	connections.max.idle.ms = 300000
	default.api.timeout.ms = 60000
	metadata.max.age.ms = 300000
	metric.reporters = []
	metrics.num.samples = 2
	metrics.recording.level = INFO
	metrics.sample.window.ms = 30000
	receive.buffer.bytes = 65536
	reconnect.backoff.max.ms = 1000
	reconnect.backoff.ms = 50
	request.timeout.ms = 30000
	retries = 2147483647
	retry.backoff.ms = 100
	sasl.client.callback.handler.class = null
	sasl.jaas.config = null
	sasl.kerberos.kinit.cmd = /usr/bin/kinit
	sasl.kerberos.min.time.before.relogin = 60000
	sasl.kerberos.service.name = null
	sasl.kerberos.ticket.renew.jitter = 0.05
	sasl.kerberos.ticket.renew.window.factor = 0.8
	sasl.login.callback.handler.class = null
	sasl.login.class = null
	sasl.login.refresh.buffer.seconds = 300
	sasl.login.refresh.min.period.seconds = 60
	sasl.login.refresh.window.factor = 0.8
	sasl.login.refresh.window.jitter = 0.05
	sasl.mechanism = GSSAPI
	security.protocol = PLAINTEXT
	security.providers = null
	send.buffer.bytes = 131072
	socket.connection.setup.timeout.max.ms = 30000
	socket.connection.setup.timeout.ms = 10000
	ssl.cipher.suites = null
	ssl.enabled.protocols = [TLSv1.2, TLSv1.3]
	ssl.endpoint.identification.algorithm = https
	ssl.engine.factory.class = null
	ssl.key.password = null
	ssl.keymanager.algorithm = SunX509
	ssl.keystore.certificate.chain = null
	ssl.keystore.key = null
	ssl.keystore.location = null
	ssl.keystore.password = null
	ssl.keystore.type = JKS
	ssl.protocol = TLSv1.3
	ssl.provider = null
	ssl.secure.random.implementation = null
	ssl.trustmanager.algorithm = PKIX
	ssl.truststore.certificates = null
	ssl.truststore.location = null
	ssl.truststore.password = null
	ssl.truststore.type = JKS
[2024-06-27T11:32:03.972+0000] {docker.py:436} INFO - 24/06/27 11:32:03 WARN AdminClientConfig: The configuration 'key.deserializer' was supplied but isn't a known config.
24/06/27 11:32:03 WARN AdminClientConfig: The configuration 'value.deserializer' was supplied but isn't a known config.
[2024-06-27T11:32:03.972+0000] {docker.py:436} INFO - 24/06/27 11:32:03 WARN AdminClientConfig: The configuration 'enable.auto.commit' was supplied but isn't a known config.
24/06/27 11:32:03 WARN AdminClientConfig: The configuration 'max.poll.records' was supplied but isn't a known config.
[2024-06-27T11:32:03.973+0000] {docker.py:436} INFO - 24/06/27 11:32:03 WARN AdminClientConfig: The configuration 'auto.offset.reset' was supplied but isn't a known config.
[2024-06-27T11:32:03.975+0000] {docker.py:436} INFO - 24/06/27 11:32:03 INFO AppInfoParser: Kafka version: 2.8.1
[2024-06-27T11:32:03.975+0000] {docker.py:436} INFO - 24/06/27 11:32:03 INFO AppInfoParser: Kafka commitId: 839b886f9b732b15
[2024-06-27T11:32:03.976+0000] {docker.py:436} INFO - 24/06/27 11:32:03 INFO AppInfoParser: Kafka startTimeMs: 1719487923971
[2024-06-27T11:32:04.363+0000] {docker.py:436} INFO - 24/06/27 11:32:04 INFO CheckpointFileManager: Writing atomically to file:/tmp/temporary-5db1b38a-e7b5-48ce-8def-2a19460b5015/sources/0/0 using temp file file:/tmp/temporary-5db1b38a-e7b5-48ce-8def-2a19460b5015/sources/0/.0.b47d0b74-3992-4c8a-a51d-0a1a4d3db23e.tmp
[2024-06-27T11:32:04.398+0000] {docker.py:436} INFO - 24/06/27 11:32:04 INFO CheckpointFileManager: Renamed temp file file:/tmp/temporary-5db1b38a-e7b5-48ce-8def-2a19460b5015/sources/0/.0.b47d0b74-3992-4c8a-a51d-0a1a4d3db23e.tmp to file:/tmp/temporary-5db1b38a-e7b5-48ce-8def-2a19460b5015/sources/0/0
[2024-06-27T11:32:04.400+0000] {docker.py:436} INFO - 24/06/27 11:32:04 INFO KafkaMicroBatchStream: Initial offsets: {"store_source_data":{"0":8}}
[2024-06-27T11:32:04.426+0000] {docker.py:436} INFO - 24/06/27 11:32:04 INFO CheckpointFileManager: Writing atomically to file:/tmp/temporary-5db1b38a-e7b5-48ce-8def-2a19460b5015/offsets/0 using temp file file:/tmp/temporary-5db1b38a-e7b5-48ce-8def-2a19460b5015/offsets/.0.651776cc-7f11-4e4d-9c53-673db2a2ad4b.tmp
[2024-06-27T11:32:04.476+0000] {docker.py:436} INFO - 24/06/27 11:32:04 INFO CheckpointFileManager: Renamed temp file file:/tmp/temporary-5db1b38a-e7b5-48ce-8def-2a19460b5015/offsets/.0.651776cc-7f11-4e4d-9c53-673db2a2ad4b.tmp to file:/tmp/temporary-5db1b38a-e7b5-48ce-8def-2a19460b5015/offsets/0
[2024-06-27T11:32:04.477+0000] {docker.py:436} INFO - 24/06/27 11:32:04 INFO MicroBatchExecution: Committed offsets for batch 0. Metadata OffsetSeqMetadata(0,1719487924412,Map(spark.sql.streaming.stateStore.providerClass -> org.apache.spark.sql.execution.streaming.state.HDFSBackedStateStoreProvider, spark.sql.streaming.join.stateFormatVersion -> 2, spark.sql.streaming.stateStore.compression.codec -> lz4, spark.sql.streaming.stateStore.rocksdb.formatVersion -> 5, spark.sql.streaming.statefulOperator.useStrictDistribution -> true, spark.sql.streaming.flatMapGroupsWithState.stateFormatVersion -> 2, spark.sql.streaming.multipleWatermarkPolicy -> min, spark.sql.streaming.aggregation.stateFormatVersion -> 2, spark.sql.shuffle.partitions -> 200))
[2024-06-27T11:32:05.168+0000] {docker.py:436} INFO - 24/06/27 11:32:05 INFO KafkaOffsetReaderAdmin: Partitions added: Map()
[2024-06-27T11:32:05.236+0000] {docker.py:436} INFO - 24/06/27 11:32:05 INFO KafkaOffsetReaderAdmin: Partitions added: Map()
[2024-06-27T11:32:05.361+0000] {docker.py:436} INFO - 24/06/27 11:32:05 INFO KafkaOffsetReaderAdmin: Partitions added: Map()
[2024-06-27T11:32:05.366+0000] {docker.py:436} INFO - 24/06/27 11:32:05 INFO KafkaOffsetReaderAdmin: Partitions added: Map()
[2024-06-27T11:32:05.469+0000] {docker.py:436} INFO - 24/06/27 11:32:05 INFO KafkaOffsetReaderAdmin: Partitions added: Map()
[2024-06-27T11:32:05.474+0000] {docker.py:436} INFO - 24/06/27 11:32:05 INFO KafkaOffsetReaderAdmin: Partitions added: Map()
[2024-06-27T11:32:05.941+0000] {docker.py:436} INFO - 24/06/27 11:32:05 INFO CodeGenerator: Code generated in 314.624193 ms
[2024-06-27T11:32:06.049+0000] {docker.py:436} INFO - 24/06/27 11:32:06 INFO WriteToDataSourceV2Exec: Start processing data source write support: MicroBatchWrite[epoch: 0, writer: ConsoleWriter[numRows=20, truncate=false]]. The input RDD has 1 partitions.
[2024-06-27T11:32:06.062+0000] {docker.py:436} INFO - 24/06/27 11:32:06 INFO SparkContext: Starting job: start at NativeMethodAccessorImpl.java:0
[2024-06-27T11:32:06.080+0000] {docker.py:436} INFO - 24/06/27 11:32:06 INFO DAGScheduler: Got job 0 (start at NativeMethodAccessorImpl.java:0) with 1 output partitions
[2024-06-27T11:32:06.081+0000] {docker.py:436} INFO - 24/06/27 11:32:06 INFO DAGScheduler: Final stage: ResultStage 0 (start at NativeMethodAccessorImpl.java:0)
[2024-06-27T11:32:06.082+0000] {docker.py:436} INFO - 24/06/27 11:32:06 INFO DAGScheduler: Parents of final stage: List()
[2024-06-27T11:32:06.083+0000] {docker.py:436} INFO - 24/06/27 11:32:06 INFO DAGScheduler: Missing parents: List()
[2024-06-27T11:32:06.088+0000] {docker.py:436} INFO - 24/06/27 11:32:06 INFO DAGScheduler: Submitting ResultStage 0 (MapPartitionsRDD[4] at start at NativeMethodAccessorImpl.java:0), which has no missing parents
[2024-06-27T11:32:06.348+0000] {docker.py:436} INFO - 24/06/27 11:32:06 INFO MemoryStore: Block broadcast_0 stored as values in memory (estimated size 27.2 KiB, free 434.4 MiB)
[2024-06-27T11:32:06.386+0000] {docker.py:436} INFO - 24/06/27 11:32:06 INFO MemoryStore: Block broadcast_0_piece0 stored as bytes in memory (estimated size 11.8 KiB, free 434.4 MiB)
[2024-06-27T11:32:06.389+0000] {docker.py:436} INFO - 24/06/27 11:32:06 INFO BlockManagerInfo: Added broadcast_0_piece0 in memory on localhost:37917 (size: 11.8 KiB, free: 434.4 MiB)
[2024-06-27T11:32:06.396+0000] {docker.py:436} INFO - 24/06/27 11:32:06 INFO SparkContext: Created broadcast 0 from broadcast at DAGScheduler.scala:1585
[2024-06-27T11:32:06.421+0000] {docker.py:436} INFO - 24/06/27 11:32:06 INFO DAGScheduler: Submitting 1 missing tasks from ResultStage 0 (MapPartitionsRDD[4] at start at NativeMethodAccessorImpl.java:0) (first 15 tasks are for partitions Vector(0))
[2024-06-27T11:32:06.422+0000] {docker.py:436} INFO - 24/06/27 11:32:06 INFO TaskSchedulerImpl: Adding task set 0.0 with 1 tasks resource profile 0
[2024-06-27T11:32:06.509+0000] {docker.py:436} INFO - 24/06/27 11:32:06 INFO TaskSetManager: Starting task 0.0 in stage 0.0 (TID 0) (localhost, executor driver, partition 0, PROCESS_LOCAL, 11071 bytes)
[2024-06-27T11:32:06.528+0000] {docker.py:436} INFO - 24/06/27 11:32:06 INFO Executor: Running task 0.0 in stage 0.0 (TID 0)
[2024-06-27T11:32:06.717+0000] {docker.py:436} INFO - 24/06/27 11:32:06 INFO CodeGenerator: Code generated in 30.742941 ms
[2024-06-27T11:32:06.773+0000] {docker.py:436} INFO - 24/06/27 11:32:06 INFO CodeGenerator: Code generated in 36.422192 ms
[2024-06-27T11:32:06.813+0000] {docker.py:436} INFO - 24/06/27 11:32:06 INFO CodeGenerator: Code generated in 37.77487 ms
[2024-06-27T11:32:06.901+0000] {docker.py:436} INFO - 24/06/27 11:32:06 INFO CodeGenerator: Code generated in 27.837451 ms
[2024-06-27T11:32:06.969+0000] {docker.py:436} INFO - 24/06/27 11:32:06 INFO CodeGenerator: Code generated in 52.585684 ms
[2024-06-27T11:32:06.999+0000] {docker.py:436} INFO - 24/06/27 11:32:06 INFO ConsumerConfig: ConsumerConfig values: 
	allow.auto.create.topics = true
	auto.commit.interval.ms = 5000
	auto.offset.reset = none
	bootstrap.servers = [kafka:9092]
	check.crcs = true
	client.dns.lookup = use_all_dns_ips
	client.id = consumer-spark-kafka-source-6c2593e8-5071-4bea-81a4-36a06387def2-1062556773-executor-1
	client.rack = 
	connections.max.idle.ms = 540000
	default.api.timeout.ms = 60000
	enable.auto.commit = false
	exclude.internal.topics = true
	fetch.max.bytes = 52428800
	fetch.max.wait.ms = 500
	fetch.min.bytes = 1
	group.id = spark-kafka-source-6c2593e8-5071-4bea-81a4-36a06387def2-1062556773-executor
	group.instance.id = null
	heartbeat.interval.ms = 3000
	interceptor.classes = []
	internal.leave.group.on.close = true
	internal.throw.on.fetch.stable.offset.unsupported = false
	isolation.level = read_uncommitted
	key.deserializer = class org.apache.kafka.common.serialization.ByteArrayDeserializer
	max.partition.fetch.bytes = 1048576
	max.poll.interval.ms = 300000
	max.poll.records = 500
	metadata.max.age.ms = 300000
	metric.reporters = []
	metrics.num.samples = 2
	metrics.recording.level = INFO
	metrics.sample.window.ms = 30000
	partition.assignment.strategy = [class org.apache.kafka.clients.consumer.RangeAssignor]
	receive.buffer.bytes = 65536
	reconnect.backoff.max.ms = 1000
	reconnect.backoff.ms = 50
	request.timeout.ms = 30000
	retry.backoff.ms = 100
	sasl.client.callback.handler.class = null
	sasl.jaas.config = null
	sasl.kerberos.kinit.cmd = /usr/bin/kinit
	sasl.kerberos.min.time.before.relogin = 60000
	sasl.kerberos.service.name = null
	sasl.kerberos.ticket.renew.jitter = 0.05
	sasl.kerberos.ticket.renew.window.factor = 0.8
	sasl.login.callback.handler.class = null
	sasl.login.class = null
	sasl.login.refresh.buffer.seconds = 300
	sasl.login.refresh.min.period.seconds = 60
	sasl.login.refresh.window.factor = 0.8
	sasl.login.refresh.window.jitter = 0.05
	sasl.mechanism = GSSAPI
	security.protocol = PLAINTEXT
	security.providers = null
	send.buffer.bytes = 131072
	session.timeout.ms = 10000
	socket.connection.setup.timeout.max.ms = 30000
	socket.connection.setup.timeout.ms = 10000
	ssl.cipher.suites = null
	ssl.enabled.protocols = [TLSv1.2, TLSv1.3]
	ssl.endpoint.identification.algorithm = https
	ssl.engine.factory.class = null
	ssl.key.password = null
	ssl.keymanager.algorithm = SunX509
	ssl.keystore.certificate.chain = null
	ssl.keystore.key = null
	ssl.keystore.location = null
	ssl.keystore.password = null
	ssl.keystore.type = JKS
	ssl.protocol = TLSv1.3
	ssl.provider = null
	ssl.secure.random.implementation = null
	ssl.trustmanager.algorithm = PKIX
	ssl.truststore.certificates = null
	ssl.truststore.location = null
	ssl.truststore.password = null
	ssl.truststore.type = JKS
	value.deserializer = class org.apache.kafka.common.serialization.ByteArrayDeserializer
[2024-06-27T11:32:07.070+0000] {docker.py:436} INFO - 24/06/27 11:32:07 INFO AppInfoParser: Kafka version: 2.8.1
24/06/27 11:32:07 INFO AppInfoParser: Kafka commitId: 839b886f9b732b15
[2024-06-27T11:32:07.071+0000] {docker.py:436} INFO - 24/06/27 11:32:07 INFO AppInfoParser: Kafka startTimeMs: 1719487927069
[2024-06-27T11:32:07.073+0000] {docker.py:436} INFO - 24/06/27 11:32:07 INFO KafkaConsumer: [Consumer clientId=consumer-spark-kafka-source-6c2593e8-5071-4bea-81a4-36a06387def2-1062556773-executor-1, groupId=spark-kafka-source-6c2593e8-5071-4bea-81a4-36a06387def2-1062556773-executor] Subscribed to partition(s): store_source_data-0
[2024-06-27T11:32:07.091+0000] {docker.py:436} INFO - 24/06/27 11:32:07 INFO KafkaConsumer: [Consumer clientId=consumer-spark-kafka-source-6c2593e8-5071-4bea-81a4-36a06387def2-1062556773-executor-1, groupId=spark-kafka-source-6c2593e8-5071-4bea-81a4-36a06387def2-1062556773-executor] Seeking to offset 8 for partition store_source_data-0
[2024-06-27T11:32:07.107+0000] {docker.py:436} INFO - 24/06/27 11:32:07 INFO Metadata: [Consumer clientId=consumer-spark-kafka-source-6c2593e8-5071-4bea-81a4-36a06387def2-1062556773-executor-1, groupId=spark-kafka-source-6c2593e8-5071-4bea-81a4-36a06387def2-1062556773-executor] Cluster ID: DvxeahjVTmCRqiJU0Wz8qg
[2024-06-27T11:32:07.181+0000] {docker.py:436} INFO - 24/06/27 11:32:07 INFO SubscriptionState: [Consumer clientId=consumer-spark-kafka-source-6c2593e8-5071-4bea-81a4-36a06387def2-1062556773-executor-1, groupId=spark-kafka-source-6c2593e8-5071-4bea-81a4-36a06387def2-1062556773-executor] Seeking to EARLIEST offset of partition store_source_data-0
[2024-06-27T11:32:07.685+0000] {docker.py:436} INFO - 24/06/27 11:32:07 INFO SubscriptionState: [Consumer clientId=consumer-spark-kafka-source-6c2593e8-5071-4bea-81a4-36a06387def2-1062556773-executor-1, groupId=spark-kafka-source-6c2593e8-5071-4bea-81a4-36a06387def2-1062556773-executor] Resetting offset for partition store_source_data-0 to position FetchPosition{offset=8, offsetEpoch=Optional.empty, currentLeader=LeaderAndEpoch{leader=Optional[kafka:9092 (id: 0 rack: null)], epoch=10}}.
[2024-06-27T11:32:07.685+0000] {docker.py:436} INFO - 24/06/27 11:32:07 INFO SubscriptionState: [Consumer clientId=consumer-spark-kafka-source-6c2593e8-5071-4bea-81a4-36a06387def2-1062556773-executor-1, groupId=spark-kafka-source-6c2593e8-5071-4bea-81a4-36a06387def2-1062556773-executor] Seeking to LATEST offset of partition store_source_data-0
[2024-06-27T11:32:07.686+0000] {docker.py:436} INFO - 24/06/27 11:32:07 INFO SubscriptionState: [Consumer clientId=consumer-spark-kafka-source-6c2593e8-5071-4bea-81a4-36a06387def2-1062556773-executor-1, groupId=spark-kafka-source-6c2593e8-5071-4bea-81a4-36a06387def2-1062556773-executor] Resetting offset for partition store_source_data-0 to position FetchPosition{offset=77, offsetEpoch=Optional.empty, currentLeader=LeaderAndEpoch{leader=Optional[kafka:9092 (id: 0 rack: null)], epoch=10}}.
[2024-06-27T11:32:08.202+0000] {docker.py:436} INFO - 24/06/27 11:32:08 INFO DataWritingSparkTask: Writer for partition 0 is committing.
[2024-06-27T11:32:08.202+0000] {docker.py:436} INFO - 24/06/27 11:32:08 INFO DataWritingSparkTask: Committed partition 0 (task 0, attempt 0, stage 0.0)
[2024-06-27T11:32:08.257+0000] {docker.py:436} INFO - 24/06/27 11:32:08 INFO Executor: Finished task 0.0 in stage 0.0 (TID 0). 279694 bytes result sent to driver
[2024-06-27T11:32:08.292+0000] {docker.py:436} INFO - 24/06/27 11:32:08 INFO TaskSetManager: Finished task 0.0 in stage 0.0 (TID 0) in 1810 ms on localhost (executor driver) (1/1)
[2024-06-27T11:32:08.302+0000] {docker.py:436} INFO - 24/06/27 11:32:08 INFO TaskSchedulerImpl: Removed TaskSet 0.0, whose tasks have all completed, from pool
[2024-06-27T11:32:08.308+0000] {docker.py:436} INFO - 24/06/27 11:32:08 INFO DAGScheduler: ResultStage 0 (start at NativeMethodAccessorImpl.java:0) finished in 2.202 s
[2024-06-27T11:32:08.318+0000] {docker.py:436} INFO - 24/06/27 11:32:08 INFO DAGScheduler: Job 0 is finished. Cancelling potential speculative or zombie tasks for this job
[2024-06-27T11:32:08.320+0000] {docker.py:436} INFO - 24/06/27 11:32:08 INFO TaskSchedulerImpl: Killing all running tasks in stage 0: Stage finished
[2024-06-27T11:32:08.325+0000] {docker.py:436} INFO - 24/06/27 11:32:08 INFO DAGScheduler: Job 0 finished: start at NativeMethodAccessorImpl.java:0, took 2.262926 s
[2024-06-27T11:32:08.330+0000] {docker.py:436} INFO - 24/06/27 11:32:08 INFO WriteToDataSourceV2Exec: Data source write support MicroBatchWrite[epoch: 0, writer: ConsoleWriter[numRows=20, truncate=false]] is committing.
[2024-06-27T11:32:08.333+0000] {docker.py:436} INFO - -------------------------------------------
Batch: 0
-------------------------------------------
[2024-06-27T11:32:08.541+0000] {docker.py:436} INFO - 24/06/27 11:32:08 INFO CodeGenerator: Code generated in 20.048539 ms
[2024-06-27T11:32:09.519+0000] {docker.py:436} INFO - 24/06/27 11:32:09 INFO BlockManagerInfo: Removed broadcast_0_piece0 on localhost:37917 in memory (size: 11.8 KiB, free: 434.4 MiB)
[2024-06-27T11:32:09.843+0000] {docker.py:436} INFO - 24/06/27 11:32:09 INFO CodeGenerator: Code generated in 24.905522 ms
[2024-06-27T11:32:09.859+0000] {docker.py:436} INFO - +-------------------+----------------+------+--------+------------+--------------+
|item_purchased     |date_of_purchase|cost  |quantity|purchased_by|payment_method|
+-------------------+----------------+------+--------+------------+--------------+
|Laptop             |2023-01-01      |1200.0|1       |Father      |Card          |
|Smartphone         |2023-01-02      |800.0 |1       |Mother      |Cash          |
|Headphones         |2023-01-03      |150.0 |2       |Father      |Card          |
|Tablet             |2023-01-04      |300.0 |1       |Mother      |Cash          |
|Office Chair       |2023-01-05      |200.0 |1       |Father      |Card          |
|Monitor            |2023-01-06      |250.0 |1       |Mother      |Cash          |
|Keyboard           |2023-01-07      |50.0  |1       |Father      |Card          |
|Mouse              |2023-01-08      |30.0  |1       |Mother      |Cash          |
|Printer            |2023-01-09      |120.0 |1       |Father      |Card          |
|Webcam             |2023-01-10      |80.0  |1       |Mother      |Cash          |
|Desk Lamp          |2023-01-11      |40.0  |1       |Father      |Card          |
|External Hard Drive|2023-01-12      |100.0 |1       |Mother      |Cash          |
|Router             |2023-01-13      |90.0  |1       |Father      |Card          |
|Smartwatch         |2023-01-14      |200.0 |1       |Mother      |Cash          |
|Bluetooth Speaker  |2023-01-15      |150.0 |1       |Father      |Card          |
|Coffee Maker       |2023-01-16      |80.0  |1       |Mother      |Cash          |
|Electric Kettle    |2023-01-17      |40.0  |1       |Father      |Card          |
|Blender            |2023-01-18      |60.0  |1       |Mother      |Cash          |
|Microwave Oven     |2023-01-19      |150.0 |1       |Father      |Card          |
|Toaster            |2023-01-20      |30.0  |1       |Mother      |Cash          |
+-------------------+----------------+------+--------+------------+--------------+
only showing top 20 rows
[2024-06-27T11:32:09.860+0000] {docker.py:436} INFO - 24/06/27 11:32:09 INFO WriteToDataSourceV2Exec: Data source write support MicroBatchWrite[epoch: 0, writer: ConsoleWriter[numRows=20, truncate=false]] committed.
[2024-06-27T11:32:09.874+0000] {docker.py:436} INFO - 24/06/27 11:32:09 INFO CheckpointFileManager: Writing atomically to file:/tmp/temporary-5db1b38a-e7b5-48ce-8def-2a19460b5015/commits/0 using temp file file:/tmp/temporary-5db1b38a-e7b5-48ce-8def-2a19460b5015/commits/.0.4d0abf29-3c7c-4ad4-98ca-e488a63a1985.tmp
[2024-06-27T11:32:09.911+0000] {docker.py:436} INFO - 24/06/27 11:32:09 INFO CheckpointFileManager: Renamed temp file file:/tmp/temporary-5db1b38a-e7b5-48ce-8def-2a19460b5015/commits/.0.4d0abf29-3c7c-4ad4-98ca-e488a63a1985.tmp to file:/tmp/temporary-5db1b38a-e7b5-48ce-8def-2a19460b5015/commits/0
[2024-06-27T11:32:09.953+0000] {docker.py:436} INFO - 24/06/27 11:32:09 INFO MicroBatchExecution: Streaming query made progress: {
  "id" : "91e512bf-52c1-4b74-a009-5d1a58a2d3c8",
  "runId" : "eade3d83-a7a0-4a27-aaa0-ec2e4d52fc1d",
  "name" : null,
  "timestamp" : "2024-06-27T11:32:03.253Z",
  "batchId" : 0,
  "numInputRows" : 69,
  "inputRowsPerSecond" : 0.0,
  "processedRowsPerSecond" : 10.36347251426855,
  "durationMs" : {
    "addBatch" : 4579,
    "commitOffsets" : 47,
    "getBatch" : 23,
    "latestOffset" : 1139,
    "queryPlanning" : 774,
    "triggerExecution" : 6656,
    "walCommit" : 60
  },
  "stateOperators" : [ ],
  "sources" : [ {
    "description" : "KafkaV2[Subscribe[store_source_data]]",
    "startOffset" : null,
    "endOffset" : {
      "store_source_data" : {
        "0" : 77
      }
    },
    "latestOffset" : {
      "store_source_data" : {
        "0" : 77
      }
    },
    "numInputRows" : 69,
    "inputRowsPerSecond" : 0.0,
    "processedRowsPerSecond" : 10.36347251426855,
    "metrics" : {
      "avgOffsetsBehindLatest" : "0.0",
      "maxOffsetsBehindLatest" : "0",
      "minOffsetsBehindLatest" : "0"
    }
  } ],
  "sink" : {
    "description" : "org.apache.spark.sql.execution.streaming.ConsoleTable$@380ef468",
    "numOutputRows" : 2346
  }
}
[2024-06-27T11:32:19.941+0000] {docker.py:436} INFO - 24/06/27 11:32:19 INFO MicroBatchExecution: Streaming query has been idle and waiting for new data more than 10000 ms.
[2024-06-27T11:32:29.948+0000] {docker.py:436} INFO - 24/06/27 11:32:29 INFO MicroBatchExecution: Streaming query has been idle and waiting for new data more than 10000 ms.
[2024-06-27T11:32:39.956+0000] {docker.py:436} INFO - 24/06/27 11:32:39 INFO MicroBatchExecution: Streaming query has been idle and waiting for new data more than 10000 ms.
[2024-06-27T11:32:49.957+0000] {docker.py:436} INFO - 24/06/27 11:32:49 INFO MicroBatchExecution: Streaming query has been idle and waiting for new data more than 10000 ms.
[2024-06-27T11:32:59.961+0000] {docker.py:436} INFO - 24/06/27 11:32:59 INFO MicroBatchExecution: Streaming query has been idle and waiting for new data more than 10000 ms.
[2024-06-27T11:33:09.966+0000] {docker.py:436} INFO - 24/06/27 11:33:09 INFO MicroBatchExecution: Streaming query has been idle and waiting for new data more than 10000 ms.
[2024-06-27T11:33:19.980+0000] {docker.py:436} INFO - 24/06/27 11:33:19 INFO MicroBatchExecution: Streaming query has been idle and waiting for new data more than 10000 ms.
[2024-06-27T11:33:29.983+0000] {docker.py:436} INFO - 24/06/27 11:33:29 INFO MicroBatchExecution: Streaming query has been idle and waiting for new data more than 10000 ms.
[2024-06-27T11:33:39.991+0000] {docker.py:436} INFO - 24/06/27 11:33:39 INFO MicroBatchExecution: Streaming query has been idle and waiting for new data more than 10000 ms.
[2024-06-27T11:33:49.994+0000] {docker.py:436} INFO - 24/06/27 11:33:49 INFO MicroBatchExecution: Streaming query has been idle and waiting for new data more than 10000 ms.
[2024-06-27T11:33:59.995+0000] {docker.py:436} INFO - 24/06/27 11:33:59 INFO MicroBatchExecution: Streaming query has been idle and waiting for new data more than 10000 ms.
[2024-06-27T11:34:09.997+0000] {docker.py:436} INFO - 24/06/27 11:34:09 INFO MicroBatchExecution: Streaming query has been idle and waiting for new data more than 10000 ms.
[2024-06-27T11:34:19.999+0000] {docker.py:436} INFO - 24/06/27 11:34:19 INFO MicroBatchExecution: Streaming query has been idle and waiting for new data more than 10000 ms.
[2024-06-27T11:34:30.001+0000] {docker.py:436} INFO - 24/06/27 11:34:30 INFO MicroBatchExecution: Streaming query has been idle and waiting for new data more than 10000 ms.
[2024-06-27T11:34:40.003+0000] {docker.py:436} INFO - 24/06/27 11:34:40 INFO MicroBatchExecution: Streaming query has been idle and waiting for new data more than 10000 ms.
[2024-06-27T11:34:50.007+0000] {docker.py:436} INFO - 24/06/27 11:34:50 INFO MicroBatchExecution: Streaming query has been idle and waiting for new data more than 10000 ms.
[2024-06-27T11:35:00.008+0000] {docker.py:436} INFO - 24/06/27 11:35:00 INFO MicroBatchExecution: Streaming query has been idle and waiting for new data more than 10000 ms.
[2024-06-27T11:35:10.019+0000] {docker.py:436} INFO - 24/06/27 11:35:10 INFO MicroBatchExecution: Streaming query has been idle and waiting for new data more than 10000 ms.
[2024-06-27T11:35:20.031+0000] {docker.py:436} INFO - 24/06/27 11:35:20 INFO MicroBatchExecution: Streaming query has been idle and waiting for new data more than 10000 ms.
[2024-06-27T11:35:30.029+0000] {docker.py:436} INFO - 24/06/27 11:35:30 INFO MicroBatchExecution: Streaming query has been idle and waiting for new data more than 10000 ms.
[2024-06-27T11:35:40.037+0000] {docker.py:436} INFO - 24/06/27 11:35:40 INFO MicroBatchExecution: Streaming query has been idle and waiting for new data more than 10000 ms.
[2024-06-27T11:35:50.043+0000] {docker.py:436} INFO - 24/06/27 11:35:50 INFO MicroBatchExecution: Streaming query has been idle and waiting for new data more than 10000 ms.
[2024-06-27T11:36:00.044+0000] {docker.py:436} INFO - 24/06/27 11:36:00 INFO MicroBatchExecution: Streaming query has been idle and waiting for new data more than 10000 ms.
[2024-06-27T11:36:10.052+0000] {docker.py:436} INFO - 24/06/27 11:36:10 INFO MicroBatchExecution: Streaming query has been idle and waiting for new data more than 10000 ms.
[2024-06-27T11:36:20.056+0000] {docker.py:436} INFO - 24/06/27 11:36:20 INFO MicroBatchExecution: Streaming query has been idle and waiting for new data more than 10000 ms.
[2024-06-27T11:36:30.060+0000] {docker.py:436} INFO - 24/06/27 11:36:30 INFO MicroBatchExecution: Streaming query has been idle and waiting for new data more than 10000 ms.
[2024-06-27T11:36:40.066+0000] {docker.py:436} INFO - 24/06/27 11:36:40 INFO MicroBatchExecution: Streaming query has been idle and waiting for new data more than 10000 ms.
[2024-06-27T11:36:50.071+0000] {docker.py:436} INFO - 24/06/27 11:36:50 INFO MicroBatchExecution: Streaming query has been idle and waiting for new data more than 10000 ms.
[2024-06-27T11:37:00.076+0000] {docker.py:436} INFO - 24/06/27 11:37:00 INFO MicroBatchExecution: Streaming query has been idle and waiting for new data more than 10000 ms.
[2024-06-27T11:37:10.080+0000] {docker.py:436} INFO - 24/06/27 11:37:10 INFO MicroBatchExecution: Streaming query has been idle and waiting for new data more than 10000 ms.
[2024-06-27T11:37:20.086+0000] {docker.py:436} INFO - 24/06/27 11:37:20 INFO MicroBatchExecution: Streaming query has been idle and waiting for new data more than 10000 ms.
[2024-06-27T11:37:30.086+0000] {docker.py:436} INFO - 24/06/27 11:37:30 INFO MicroBatchExecution: Streaming query has been idle and waiting for new data more than 10000 ms.
[2024-06-27T11:37:40.090+0000] {docker.py:436} INFO - 24/06/27 11:37:40 INFO MicroBatchExecution: Streaming query has been idle and waiting for new data more than 10000 ms.
[2024-06-27T11:37:50.099+0000] {docker.py:436} INFO - 24/06/27 11:37:50 INFO MicroBatchExecution: Streaming query has been idle and waiting for new data more than 10000 ms.
[2024-06-27T11:38:00.102+0000] {docker.py:436} INFO - 24/06/27 11:38:00 INFO MicroBatchExecution: Streaming query has been idle and waiting for new data more than 10000 ms.
[2024-06-27T11:38:03.331+0000] {docker.py:436} INFO - 24/06/27 11:38:03 INFO CheckpointFileManager: Writing atomically to file:/tmp/temporary-5db1b38a-e7b5-48ce-8def-2a19460b5015/offsets/1 using temp file file:/tmp/temporary-5db1b38a-e7b5-48ce-8def-2a19460b5015/offsets/.1.660ae6a8-54f8-4c1b-aed8-ca7f7f19d12b.tmp
[2024-06-27T11:38:03.366+0000] {docker.py:436} INFO - 24/06/27 11:38:03 INFO CheckpointFileManager: Renamed temp file file:/tmp/temporary-5db1b38a-e7b5-48ce-8def-2a19460b5015/offsets/.1.660ae6a8-54f8-4c1b-aed8-ca7f7f19d12b.tmp to file:/tmp/temporary-5db1b38a-e7b5-48ce-8def-2a19460b5015/offsets/1
[2024-06-27T11:38:03.367+0000] {docker.py:436} INFO - 24/06/27 11:38:03 INFO MicroBatchExecution: Committed offsets for batch 1. Metadata OffsetSeqMetadata(0,1719488283321,Map(spark.sql.streaming.stateStore.providerClass -> org.apache.spark.sql.execution.streaming.state.HDFSBackedStateStoreProvider, spark.sql.streaming.join.stateFormatVersion -> 2, spark.sql.streaming.stateStore.compression.codec -> lz4, spark.sql.streaming.stateStore.rocksdb.formatVersion -> 5, spark.sql.streaming.statefulOperator.useStrictDistribution -> true, spark.sql.streaming.flatMapGroupsWithState.stateFormatVersion -> 2, spark.sql.streaming.multipleWatermarkPolicy -> min, spark.sql.streaming.aggregation.stateFormatVersion -> 2, spark.sql.shuffle.partitions -> 200))
[2024-06-27T11:38:03.453+0000] {docker.py:436} INFO - 24/06/27 11:38:03 INFO KafkaOffsetReaderAdmin: Partitions added: Map()
[2024-06-27T11:38:03.462+0000] {docker.py:436} INFO - 24/06/27 11:38:03 INFO KafkaOffsetReaderAdmin: Partitions added: Map()
[2024-06-27T11:38:03.521+0000] {docker.py:436} INFO - 24/06/27 11:38:03 INFO KafkaOffsetReaderAdmin: Partitions added: Map()
[2024-06-27T11:38:03.525+0000] {docker.py:436} INFO - 24/06/27 11:38:03 INFO KafkaOffsetReaderAdmin: Partitions added: Map()
[2024-06-27T11:38:03.592+0000] {docker.py:436} INFO - 24/06/27 11:38:03 INFO KafkaOffsetReaderAdmin: Partitions added: Map()
[2024-06-27T11:38:03.594+0000] {docker.py:436} INFO - 24/06/27 11:38:03 INFO KafkaOffsetReaderAdmin: Partitions added: Map()
[2024-06-27T11:38:03.678+0000] {docker.py:436} INFO - 24/06/27 11:38:03 INFO WriteToDataSourceV2Exec: Start processing data source write support: MicroBatchWrite[epoch: 1, writer: ConsoleWriter[numRows=20, truncate=false]]. The input RDD has 1 partitions.
[2024-06-27T11:38:03.680+0000] {docker.py:436} INFO - 24/06/27 11:38:03 INFO SparkContext: Starting job: start at NativeMethodAccessorImpl.java:0
[2024-06-27T11:38:03.702+0000] {docker.py:436} INFO - 24/06/27 11:38:03 INFO DAGScheduler: Got job 1 (start at NativeMethodAccessorImpl.java:0) with 1 output partitions
24/06/27 11:38:03 INFO DAGScheduler: Final stage: ResultStage 1 (start at NativeMethodAccessorImpl.java:0)
[2024-06-27T11:38:03.703+0000] {docker.py:436} INFO - 24/06/27 11:38:03 INFO DAGScheduler: Parents of final stage: List()
[2024-06-27T11:38:03.704+0000] {docker.py:436} INFO - 24/06/27 11:38:03 INFO DAGScheduler: Missing parents: List()
24/06/27 11:38:03 INFO DAGScheduler: Submitting ResultStage 1 (MapPartitionsRDD[9] at start at NativeMethodAccessorImpl.java:0), which has no missing parents
[2024-06-27T11:38:03.722+0000] {docker.py:436} INFO - 24/06/27 11:38:03 INFO MemoryStore: Block broadcast_1 stored as values in memory (estimated size 27.2 KiB, free 434.4 MiB)
[2024-06-27T11:38:03.732+0000] {docker.py:436} INFO - 24/06/27 11:38:03 INFO MemoryStore: Block broadcast_1_piece0 stored as bytes in memory (estimated size 11.8 KiB, free 434.4 MiB)
[2024-06-27T11:38:03.736+0000] {docker.py:436} INFO - 24/06/27 11:38:03 INFO BlockManagerInfo: Added broadcast_1_piece0 in memory on localhost:37917 (size: 11.8 KiB, free: 434.4 MiB)
[2024-06-27T11:38:03.738+0000] {docker.py:436} INFO - 24/06/27 11:38:03 INFO SparkContext: Created broadcast 1 from broadcast at DAGScheduler.scala:1585
[2024-06-27T11:38:03.747+0000] {docker.py:436} INFO - 24/06/27 11:38:03 INFO DAGScheduler: Submitting 1 missing tasks from ResultStage 1 (MapPartitionsRDD[9] at start at NativeMethodAccessorImpl.java:0) (first 15 tasks are for partitions Vector(0))
24/06/27 11:38:03 INFO TaskSchedulerImpl: Adding task set 1.0 with 1 tasks resource profile 0
24/06/27 11:38:03 INFO TaskSetManager: Starting task 0.0 in stage 1.0 (TID 1) (localhost, executor driver, partition 0, PROCESS_LOCAL, 11071 bytes)
[2024-06-27T11:38:03.752+0000] {docker.py:436} INFO - 24/06/27 11:38:03 INFO Executor: Running task 0.0 in stage 1.0 (TID 1)
[2024-06-27T11:38:03.812+0000] {docker.py:436} INFO - 24/06/27 11:38:03 INFO KafkaConsumer: [Consumer clientId=consumer-spark-kafka-source-6c2593e8-5071-4bea-81a4-36a06387def2-1062556773-executor-1, groupId=spark-kafka-source-6c2593e8-5071-4bea-81a4-36a06387def2-1062556773-executor] Seeking to offset 77 for partition store_source_data-0
[2024-06-27T11:38:03.832+0000] {docker.py:436} INFO - 24/06/27 11:38:03 INFO SubscriptionState: [Consumer clientId=consumer-spark-kafka-source-6c2593e8-5071-4bea-81a4-36a06387def2-1062556773-executor-1, groupId=spark-kafka-source-6c2593e8-5071-4bea-81a4-36a06387def2-1062556773-executor] Seeking to EARLIEST offset of partition store_source_data-0
[2024-06-27T11:38:04.334+0000] {docker.py:436} INFO - 24/06/27 11:38:04 INFO SubscriptionState: [Consumer clientId=consumer-spark-kafka-source-6c2593e8-5071-4bea-81a4-36a06387def2-1062556773-executor-1, groupId=spark-kafka-source-6c2593e8-5071-4bea-81a4-36a06387def2-1062556773-executor] Resetting offset for partition store_source_data-0 to position FetchPosition{offset=8, offsetEpoch=Optional.empty, currentLeader=LeaderAndEpoch{leader=Optional[kafka:9092 (id: 0 rack: null)], epoch=10}}.
[2024-06-27T11:38:04.335+0000] {docker.py:436} INFO - 24/06/27 11:38:04 INFO SubscriptionState: [Consumer clientId=consumer-spark-kafka-source-6c2593e8-5071-4bea-81a4-36a06387def2-1062556773-executor-1, groupId=spark-kafka-source-6c2593e8-5071-4bea-81a4-36a06387def2-1062556773-executor] Seeking to LATEST offset of partition store_source_data-0
[2024-06-27T11:38:04.336+0000] {docker.py:436} INFO - 24/06/27 11:38:04 INFO SubscriptionState: [Consumer clientId=consumer-spark-kafka-source-6c2593e8-5071-4bea-81a4-36a06387def2-1062556773-executor-1, groupId=spark-kafka-source-6c2593e8-5071-4bea-81a4-36a06387def2-1062556773-executor] Resetting offset for partition store_source_data-0 to position FetchPosition{offset=78, offsetEpoch=Optional.empty, currentLeader=LeaderAndEpoch{leader=Optional[kafka:9092 (id: 0 rack: null)], epoch=10}}.
[2024-06-27T11:38:04.342+0000] {docker.py:436} INFO - 24/06/27 11:38:04 INFO DataWritingSparkTask: Writer for partition 0 is committing.
[2024-06-27T11:38:04.343+0000] {docker.py:436} INFO - 24/06/27 11:38:04 INFO DataWritingSparkTask: Committed partition 0 (task 1, attempt 0, stage 1.0)
[2024-06-27T11:38:04.351+0000] {docker.py:436} INFO - 24/06/27 11:38:04 INFO Executor: Finished task 0.0 in stage 1.0 (TID 1). 6231 bytes result sent to driver
[2024-06-27T11:38:04.354+0000] {docker.py:436} INFO - 24/06/27 11:38:04 INFO TaskSetManager: Finished task 0.0 in stage 1.0 (TID 1) in 613 ms on localhost (executor driver) (1/1)
[2024-06-27T11:38:04.355+0000] {docker.py:436} INFO - 24/06/27 11:38:04 INFO TaskSchedulerImpl: Removed TaskSet 1.0, whose tasks have all completed, from pool
[2024-06-27T11:38:04.361+0000] {docker.py:436} INFO - 24/06/27 11:38:04 INFO DAGScheduler: ResultStage 1 (start at NativeMethodAccessorImpl.java:0) finished in 0.648 s
[2024-06-27T11:38:04.363+0000] {docker.py:436} INFO - 24/06/27 11:38:04 INFO DAGScheduler: Job 1 is finished. Cancelling potential speculative or zombie tasks for this job
[2024-06-27T11:38:04.363+0000] {docker.py:436} INFO - 24/06/27 11:38:04 INFO TaskSchedulerImpl: Killing all running tasks in stage 1: Stage finished
[2024-06-27T11:38:04.365+0000] {docker.py:436} INFO - 24/06/27 11:38:04 INFO DAGScheduler: Job 1 finished: start at NativeMethodAccessorImpl.java:0, took 0.684257 s
[2024-06-27T11:38:04.367+0000] {docker.py:436} INFO - 24/06/27 11:38:04 INFO WriteToDataSourceV2Exec: Data source write support MicroBatchWrite[epoch: 1, writer: ConsoleWriter[numRows=20, truncate=false]] is committing.
[2024-06-27T11:38:04.368+0000] {docker.py:436} INFO - -------------------------------------------
Batch: 1
-------------------------------------------
[2024-06-27T11:38:04.471+0000] {docker.py:436} INFO - 24/06/27 11:38:04 INFO WriteToDataSourceV2Exec: Data source write support MicroBatchWrite[epoch: 1, writer: ConsoleWriter[numRows=20, truncate=false]] committed.
[2024-06-27T11:38:04.472+0000] {docker.py:436} INFO - +-------------------+----------------+------+--------+------------+--------------+
|item_purchased     |date_of_purchase|cost  |quantity|purchased_by|payment_method|
+-------------------+----------------+------+--------+------------+--------------+
|Laptop             |2023-01-01      |1200.0|1       |Father      |Card          |
|Smartphone         |2023-01-02      |800.0 |1       |Mother      |Cash          |
|Headphones         |2023-01-03      |150.0 |2       |Father      |Card          |
|Tablet             |2023-01-04      |300.0 |1       |Mother      |Cash          |
|Office Chair       |2023-01-05      |200.0 |1       |Father      |Card          |
|Monitor            |2023-01-06      |250.0 |1       |Mother      |Cash          |
|Keyboard           |2023-01-07      |50.0  |1       |Father      |Card          |
|Mouse              |2023-01-08      |30.0  |1       |Mother      |Cash          |
|Printer            |2023-01-09      |120.0 |1       |Father      |Card          |
|Webcam             |2023-01-10      |80.0  |1       |Mother      |Cash          |
|Desk Lamp          |2023-01-11      |40.0  |1       |Father      |Card          |
|External Hard Drive|2023-01-12      |100.0 |1       |Mother      |Cash          |
|Router             |2023-01-13      |90.0  |1       |Father      |Card          |
|Smartwatch         |2023-01-14      |200.0 |1       |Mother      |Cash          |
|Bluetooth Speaker  |2023-01-15      |150.0 |1       |Father      |Card          |
|Coffee Maker       |2023-01-16      |80.0  |1       |Mother      |Cash          |
|Electric Kettle    |2023-01-17      |40.0  |1       |Father      |Card          |
|Blender            |2023-01-18      |60.0  |1       |Mother      |Cash          |
|Microwave Oven     |2023-01-19      |150.0 |1       |Father      |Card          |
|Toaster            |2023-01-20      |30.0  |1       |Mother      |Cash          |
+-------------------+----------------+------+--------+------------+--------------+
only showing top 20 rows
[2024-06-27T11:38:04.502+0000] {docker.py:436} INFO - 24/06/27 11:38:04 INFO CheckpointFileManager: Writing atomically to file:/tmp/temporary-5db1b38a-e7b5-48ce-8def-2a19460b5015/commits/1 using temp file file:/tmp/temporary-5db1b38a-e7b5-48ce-8def-2a19460b5015/commits/.1.d28ecda3-1b99-43c4-b3df-d803032ec7a4.tmp
[2024-06-27T11:38:04.626+0000] {docker.py:436} INFO - 24/06/27 11:38:04 INFO CheckpointFileManager: Renamed temp file file:/tmp/temporary-5db1b38a-e7b5-48ce-8def-2a19460b5015/commits/.1.d28ecda3-1b99-43c4-b3df-d803032ec7a4.tmp to file:/tmp/temporary-5db1b38a-e7b5-48ce-8def-2a19460b5015/commits/1
[2024-06-27T11:38:04.630+0000] {docker.py:436} INFO - 24/06/27 11:38:04 INFO MicroBatchExecution: Streaming query made progress: {
  "id" : "91e512bf-52c1-4b74-a009-5d1a58a2d3c8",
  "runId" : "eade3d83-a7a0-4a27-aaa0-ec2e4d52fc1d",
  "name" : null,
  "timestamp" : "2024-06-27T11:38:03.320Z",
  "batchId" : 1,
  "numInputRows" : 1,
  "inputRowsPerSecond" : 83.33333333333333,
  "processedRowsPerSecond" : 0.7656967840735068,
  "durationMs" : {
    "addBatch" : 1000,
    "commitOffsets" : 159,
    "getBatch" : 0,
    "latestOffset" : 1,
    "queryPlanning" : 97,
    "triggerExecution" : 1306,
    "walCommit" : 47
  },
  "stateOperators" : [ ],
  "sources" : [ {
    "description" : "KafkaV2[Subscribe[store_source_data]]",
    "startOffset" : {
      "store_source_data" : {
        "0" : 77
      }
    },
    "endOffset" : {
      "store_source_data" : {
        "0" : 78
      }
    },
    "latestOffset" : {
      "store_source_data" : {
        "0" : 78
      }
    },
    "numInputRows" : 1,
    "inputRowsPerSecond" : 83.33333333333333,
    "processedRowsPerSecond" : 0.7656967840735068,
    "metrics" : {
      "avgOffsetsBehindLatest" : "0.0",
      "maxOffsetsBehindLatest" : "0",
      "minOffsetsBehindLatest" : "0"
    }
  } ],
  "sink" : {
    "description" : "org.apache.spark.sql.execution.streaming.ConsoleTable$@380ef468",
    "numOutputRows" : 34
  }
}
[2024-06-27T11:38:14.635+0000] {docker.py:436} INFO - 24/06/27 11:38:14 INFO MicroBatchExecution: Streaming query has been idle and waiting for new data more than 10000 ms.
[2024-06-27T11:38:15.928+0000] {docker.py:436} INFO - 24/06/27 11:38:15 INFO BlockManagerInfo: Removed broadcast_1_piece0 on localhost:37917 in memory (size: 11.8 KiB, free: 434.4 MiB)
[2024-06-27T11:38:24.635+0000] {docker.py:436} INFO - 24/06/27 11:38:24 INFO MicroBatchExecution: Streaming query has been idle and waiting for new data more than 10000 ms.
[2024-06-27T11:38:34.644+0000] {docker.py:436} INFO - 24/06/27 11:38:34 INFO MicroBatchExecution: Streaming query has been idle and waiting for new data more than 10000 ms.
[2024-06-27T11:38:44.649+0000] {docker.py:436} INFO - 24/06/27 11:38:44 INFO MicroBatchExecution: Streaming query has been idle and waiting for new data more than 10000 ms.
[2024-06-27T11:38:54.654+0000] {docker.py:436} INFO - 24/06/27 11:38:54 INFO MicroBatchExecution: Streaming query has been idle and waiting for new data more than 10000 ms.
[2024-06-27T11:39:04.656+0000] {docker.py:436} INFO - 24/06/27 11:39:04 INFO MicroBatchExecution: Streaming query has been idle and waiting for new data more than 10000 ms.
[2024-06-27T11:39:14.664+0000] {docker.py:436} INFO - 24/06/27 11:39:14 INFO MicroBatchExecution: Streaming query has been idle and waiting for new data more than 10000 ms.
[2024-06-27T11:39:24.665+0000] {docker.py:436} INFO - 24/06/27 11:39:24 INFO MicroBatchExecution: Streaming query has been idle and waiting for new data more than 10000 ms.
[2024-06-27T11:39:34.672+0000] {docker.py:436} INFO - 24/06/27 11:39:34 INFO MicroBatchExecution: Streaming query has been idle and waiting for new data more than 10000 ms.
[2024-06-27T11:39:44.673+0000] {docker.py:436} INFO - 24/06/27 11:39:44 INFO MicroBatchExecution: Streaming query has been idle and waiting for new data more than 10000 ms.
[2024-06-27T11:39:54.674+0000] {docker.py:436} INFO - 24/06/27 11:39:54 INFO MicroBatchExecution: Streaming query has been idle and waiting for new data more than 10000 ms.
[2024-06-27T11:40:04.680+0000] {docker.py:436} INFO - 24/06/27 11:40:04 INFO MicroBatchExecution: Streaming query has been idle and waiting for new data more than 10000 ms.
[2024-06-27T11:40:14.690+0000] {docker.py:436} INFO - 24/06/27 11:40:14 INFO MicroBatchExecution: Streaming query has been idle and waiting for new data more than 10000 ms.
[2024-06-27T11:40:24.697+0000] {docker.py:436} INFO - 24/06/27 11:40:24 INFO MicroBatchExecution: Streaming query has been idle and waiting for new data more than 10000 ms.
[2024-06-27T11:40:34.701+0000] {docker.py:436} INFO - 24/06/27 11:40:34 INFO MicroBatchExecution: Streaming query has been idle and waiting for new data more than 10000 ms.
[2024-06-27T11:40:44.334+0000] {docker.py:436} INFO - 24/06/27 11:40:44 INFO CheckpointFileManager: Writing atomically to file:/tmp/temporary-5db1b38a-e7b5-48ce-8def-2a19460b5015/offsets/2 using temp file file:/tmp/temporary-5db1b38a-e7b5-48ce-8def-2a19460b5015/offsets/.2.f4c9ef56-c6cf-476d-a2e5-2a1a66c994a2.tmp
[2024-06-27T11:40:44.367+0000] {docker.py:436} INFO - 24/06/27 11:40:44 INFO CheckpointFileManager: Renamed temp file file:/tmp/temporary-5db1b38a-e7b5-48ce-8def-2a19460b5015/offsets/.2.f4c9ef56-c6cf-476d-a2e5-2a1a66c994a2.tmp to file:/tmp/temporary-5db1b38a-e7b5-48ce-8def-2a19460b5015/offsets/2
[2024-06-27T11:40:44.368+0000] {docker.py:436} INFO - 24/06/27 11:40:44 INFO MicroBatchExecution: Committed offsets for batch 2. Metadata OffsetSeqMetadata(0,1719488444325,Map(spark.sql.streaming.stateStore.providerClass -> org.apache.spark.sql.execution.streaming.state.HDFSBackedStateStoreProvider, spark.sql.streaming.join.stateFormatVersion -> 2, spark.sql.streaming.stateStore.compression.codec -> lz4, spark.sql.streaming.stateStore.rocksdb.formatVersion -> 5, spark.sql.streaming.statefulOperator.useStrictDistribution -> true, spark.sql.streaming.flatMapGroupsWithState.stateFormatVersion -> 2, spark.sql.streaming.multipleWatermarkPolicy -> min, spark.sql.streaming.aggregation.stateFormatVersion -> 2, spark.sql.shuffle.partitions -> 200))
[2024-06-27T11:40:44.411+0000] {docker.py:436} INFO - 24/06/27 11:40:44 INFO KafkaOffsetReaderAdmin: Partitions added: Map()
[2024-06-27T11:40:44.417+0000] {docker.py:436} INFO - 24/06/27 11:40:44 INFO KafkaOffsetReaderAdmin: Partitions added: Map()
[2024-06-27T11:40:44.455+0000] {docker.py:436} INFO - 24/06/27 11:40:44 INFO KafkaOffsetReaderAdmin: Partitions added: Map()
[2024-06-27T11:40:44.461+0000] {docker.py:436} INFO - 24/06/27 11:40:44 INFO KafkaOffsetReaderAdmin: Partitions added: Map()
[2024-06-27T11:40:44.506+0000] {docker.py:436} INFO - 24/06/27 11:40:44 INFO KafkaOffsetReaderAdmin: Partitions added: Map()
[2024-06-27T11:40:44.509+0000] {docker.py:436} INFO - 24/06/27 11:40:44 INFO KafkaOffsetReaderAdmin: Partitions added: Map()
[2024-06-27T11:40:44.530+0000] {docker.py:436} INFO - 24/06/27 11:40:44 INFO WriteToDataSourceV2Exec: Start processing data source write support: MicroBatchWrite[epoch: 2, writer: ConsoleWriter[numRows=20, truncate=false]]. The input RDD has 1 partitions.
[2024-06-27T11:40:44.531+0000] {docker.py:436} INFO - 24/06/27 11:40:44 INFO SparkContext: Starting job: start at NativeMethodAccessorImpl.java:0
[2024-06-27T11:40:44.533+0000] {docker.py:436} INFO - 24/06/27 11:40:44 INFO DAGScheduler: Got job 2 (start at NativeMethodAccessorImpl.java:0) with 1 output partitions
[2024-06-27T11:40:44.534+0000] {docker.py:436} INFO - 24/06/27 11:40:44 INFO DAGScheduler: Final stage: ResultStage 2 (start at NativeMethodAccessorImpl.java:0)
24/06/27 11:40:44 INFO DAGScheduler: Parents of final stage: List()
24/06/27 11:40:44 INFO DAGScheduler: Missing parents: List()
[2024-06-27T11:40:44.535+0000] {docker.py:436} INFO - 24/06/27 11:40:44 INFO DAGScheduler: Submitting ResultStage 2 (MapPartitionsRDD[14] at start at NativeMethodAccessorImpl.java:0), which has no missing parents
[2024-06-27T11:40:44.541+0000] {docker.py:436} INFO - 24/06/27 11:40:44 INFO MemoryStore: Block broadcast_2 stored as values in memory (estimated size 27.2 KiB, free 434.4 MiB)
[2024-06-27T11:40:44.546+0000] {docker.py:436} INFO - 24/06/27 11:40:44 INFO MemoryStore: Block broadcast_2_piece0 stored as bytes in memory (estimated size 11.8 KiB, free 434.4 MiB)
[2024-06-27T11:40:44.547+0000] {docker.py:436} INFO - 24/06/27 11:40:44 INFO BlockManagerInfo: Added broadcast_2_piece0 in memory on localhost:37917 (size: 11.8 KiB, free: 434.4 MiB)
[2024-06-27T11:40:44.549+0000] {docker.py:436} INFO - 24/06/27 11:40:44 INFO SparkContext: Created broadcast 2 from broadcast at DAGScheduler.scala:1585
[2024-06-27T11:40:44.552+0000] {docker.py:436} INFO - 24/06/27 11:40:44 INFO DAGScheduler: Submitting 1 missing tasks from ResultStage 2 (MapPartitionsRDD[14] at start at NativeMethodAccessorImpl.java:0) (first 15 tasks are for partitions Vector(0))
24/06/27 11:40:44 INFO TaskSchedulerImpl: Adding task set 2.0 with 1 tasks resource profile 0
[2024-06-27T11:40:44.554+0000] {docker.py:436} INFO - 24/06/27 11:40:44 INFO TaskSetManager: Starting task 0.0 in stage 2.0 (TID 2) (localhost, executor driver, partition 0, PROCESS_LOCAL, 11071 bytes)
[2024-06-27T11:40:44.555+0000] {docker.py:436} INFO - 24/06/27 11:40:44 INFO Executor: Running task 0.0 in stage 2.0 (TID 2)
[2024-06-27T11:40:44.592+0000] {docker.py:436} INFO - 24/06/27 11:40:44 INFO KafkaConsumer: [Consumer clientId=consumer-spark-kafka-source-6c2593e8-5071-4bea-81a4-36a06387def2-1062556773-executor-1, groupId=spark-kafka-source-6c2593e8-5071-4bea-81a4-36a06387def2-1062556773-executor] Seeking to offset 78 for partition store_source_data-0
[2024-06-27T11:40:44.598+0000] {docker.py:436} INFO - 24/06/27 11:40:44 INFO SubscriptionState: [Consumer clientId=consumer-spark-kafka-source-6c2593e8-5071-4bea-81a4-36a06387def2-1062556773-executor-1, groupId=spark-kafka-source-6c2593e8-5071-4bea-81a4-36a06387def2-1062556773-executor] Seeking to EARLIEST offset of partition store_source_data-0
[2024-06-27T11:40:45.105+0000] {docker.py:436} INFO - 24/06/27 11:40:45 INFO SubscriptionState: [Consumer clientId=consumer-spark-kafka-source-6c2593e8-5071-4bea-81a4-36a06387def2-1062556773-executor-1, groupId=spark-kafka-source-6c2593e8-5071-4bea-81a4-36a06387def2-1062556773-executor] Resetting offset for partition store_source_data-0 to position FetchPosition{offset=8, offsetEpoch=Optional.empty, currentLeader=LeaderAndEpoch{leader=Optional[kafka:9092 (id: 0 rack: null)], epoch=10}}.
24/06/27 11:40:45 INFO SubscriptionState: [Consumer clientId=consumer-spark-kafka-source-6c2593e8-5071-4bea-81a4-36a06387def2-1062556773-executor-1, groupId=spark-kafka-source-6c2593e8-5071-4bea-81a4-36a06387def2-1062556773-executor] Seeking to LATEST offset of partition store_source_data-0
[2024-06-27T11:40:45.105+0000] {docker.py:436} INFO - 24/06/27 11:40:45 INFO SubscriptionState: [Consumer clientId=consumer-spark-kafka-source-6c2593e8-5071-4bea-81a4-36a06387def2-1062556773-executor-1, groupId=spark-kafka-source-6c2593e8-5071-4bea-81a4-36a06387def2-1062556773-executor] Resetting offset for partition store_source_data-0 to position FetchPosition{offset=79, offsetEpoch=Optional.empty, currentLeader=LeaderAndEpoch{leader=Optional[kafka:9092 (id: 0 rack: null)], epoch=10}}.
[2024-06-27T11:40:45.129+0000] {docker.py:436} INFO - 24/06/27 11:40:45 INFO DataWritingSparkTask: Writer for partition 0 is committing.
[2024-06-27T11:40:45.135+0000] {docker.py:436} INFO - 24/06/27 11:40:45 INFO DataWritingSparkTask: Committed partition 0 (task 2, attempt 0, stage 2.0)
[2024-06-27T11:40:45.160+0000] {docker.py:436} INFO - 24/06/27 11:40:45 INFO Executor: Finished task 0.0 in stage 2.0 (TID 2). 6231 bytes result sent to driver
[2024-06-27T11:40:45.172+0000] {docker.py:436} INFO - 24/06/27 11:40:45 INFO TaskSetManager: Finished task 0.0 in stage 2.0 (TID 2) in 618 ms on localhost (executor driver) (1/1)
[2024-06-27T11:40:45.174+0000] {docker.py:436} INFO - 24/06/27 11:40:45 INFO DAGScheduler: ResultStage 2 (start at NativeMethodAccessorImpl.java:0) finished in 0.638 s
[2024-06-27T11:40:45.176+0000] {docker.py:436} INFO - 24/06/27 11:40:45 INFO DAGScheduler: Job 2 is finished. Cancelling potential speculative or zombie tasks for this job
[2024-06-27T11:40:45.182+0000] {docker.py:436} INFO - 24/06/27 11:40:45 INFO TaskSchedulerImpl: Removed TaskSet 2.0, whose tasks have all completed, from pool
[2024-06-27T11:40:45.183+0000] {docker.py:436} INFO - 24/06/27 11:40:45 INFO TaskSchedulerImpl: Killing all running tasks in stage 2: Stage finished
[2024-06-27T11:40:45.184+0000] {docker.py:436} INFO - 24/06/27 11:40:45 INFO DAGScheduler: Job 2 finished: start at NativeMethodAccessorImpl.java:0, took 0.653137 s
[2024-06-27T11:40:45.186+0000] {docker.py:436} INFO - 24/06/27 11:40:45 INFO WriteToDataSourceV2Exec: Data source write support MicroBatchWrite[epoch: 2, writer: ConsoleWriter[numRows=20, truncate=false]] is committing.
[2024-06-27T11:40:45.187+0000] {docker.py:436} INFO - -------------------------------------------
[2024-06-27T11:40:45.188+0000] {docker.py:436} INFO - Batch: 2
[2024-06-27T11:40:45.189+0000] {docker.py:436} INFO - -------------------------------------------
[2024-06-27T11:40:45.362+0000] {docker.py:436} INFO - +-------------------+----------------+------+--------+------------+--------------+
|item_purchased     |date_of_purchase|cost  |quantity|purchased_by|payment_method|
+-------------------+----------------+------+--------+------------+--------------+
|Laptop             |2023-01-01      |1200.0|1       |Father      |Card          |
|Smartphone         |2023-01-02      |800.0 |1       |Mother      |Cash          |
|Headphones         |2023-01-03      |150.0 |2       |Father      |Card          |
|Tablet             |2023-01-04      |300.0 |1       |Mother      |Cash          |
|Office Chair       |2023-01-05      |200.0 |1       |Father      |Card          |
|Monitor            |2023-01-06      |250.0 |1       |Mother      |Cash          |
|Keyboard           |2023-01-07      |50.0  |1       |Father      |Card          |
|Mouse              |2023-01-08      |30.0  |1       |Mother      |Cash          |
|Printer            |2023-01-09      |120.0 |1       |Father      |Card          |
|Webcam             |2023-01-10      |80.0  |1       |Mother      |Cash          |
|Desk Lamp          |2023-01-11      |40.0  |1       |Father      |Card          |
|External Hard Drive|2023-01-12      |100.0 |1       |Mother      |Cash          |
|Router             |2023-01-13      |90.0  |1       |Father      |Card          |
|Smartwatch         |2023-01-14      |200.0 |1       |Mother      |Cash          |
|Bluetooth Speaker  |2023-01-15      |150.0 |1       |Father      |Card          |
|Coffee Maker       |2023-01-16      |80.0  |1       |Mother      |Cash          |
|Electric Kettle    |2023-01-17      |40.0  |1       |Father      |Card          |
|Blender            |2023-01-18      |60.0  |1       |Mother      |Cash          |
|Microwave Oven     |2023-01-19      |150.0 |1       |Father      |Card          |
|Toaster            |2023-01-20      |30.0  |1       |Mother      |Cash          |
+-------------------+----------------+------+--------+------------+--------------+
only showing top 20 rows
[2024-06-27T11:40:45.362+0000] {docker.py:436} INFO - 24/06/27 11:40:45 INFO WriteToDataSourceV2Exec: Data source write support MicroBatchWrite[epoch: 2, writer: ConsoleWriter[numRows=20, truncate=false]] committed.
[2024-06-27T11:40:45.394+0000] {docker.py:436} INFO - 24/06/27 11:40:45 INFO CheckpointFileManager: Writing atomically to file:/tmp/temporary-5db1b38a-e7b5-48ce-8def-2a19460b5015/commits/2 using temp file file:/tmp/temporary-5db1b38a-e7b5-48ce-8def-2a19460b5015/commits/.2.8326f1c8-5fd5-4261-af6c-be4b4970dabd.tmp
[2024-06-27T11:40:45.476+0000] {docker.py:436} INFO - 24/06/27 11:40:45 INFO CheckpointFileManager: Renamed temp file file:/tmp/temporary-5db1b38a-e7b5-48ce-8def-2a19460b5015/commits/.2.8326f1c8-5fd5-4261-af6c-be4b4970dabd.tmp to file:/tmp/temporary-5db1b38a-e7b5-48ce-8def-2a19460b5015/commits/2
[2024-06-27T11:40:45.477+0000] {docker.py:436} INFO - 24/06/27 11:40:45 INFO MicroBatchExecution: Streaming query made progress: {
  "id" : "91e512bf-52c1-4b74-a009-5d1a58a2d3c8",
  "runId" : "eade3d83-a7a0-4a27-aaa0-ec2e4d52fc1d",
  "name" : null,
  "timestamp" : "2024-06-27T11:40:44.323Z",
  "batchId" : 2,
  "numInputRows" : 1,
  "inputRowsPerSecond" : 90.90909090909092,
  "processedRowsPerSecond" : 0.8688097306689835,
  "durationMs" : {
    "addBatch" : 937,
    "commitOffsets" : 117,
    "getBatch" : 0,
    "latestOffset" : 2,
    "queryPlanning" : 50,
    "triggerExecution" : 1151,
    "walCommit" : 42
  },
  "stateOperators" : [ ],
  "sources" : [ {
    "description" : "KafkaV2[Subscribe[store_source_data]]",
    "startOffset" : {
      "store_source_data" : {
        "0" : 78
      }
    },
    "endOffset" : {
      "store_source_data" : {
        "0" : 79
      }
    },
    "latestOffset" : {
      "store_source_data" : {
        "0" : 79
      }
    },
    "numInputRows" : 1,
    "inputRowsPerSecond" : 90.90909090909092,
    "processedRowsPerSecond" : 0.8688097306689835,
    "metrics" : {
      "avgOffsetsBehindLatest" : "0.0",
      "maxOffsetsBehindLatest" : "0",
      "minOffsetsBehindLatest" : "0"
    }
  } ],
  "sink" : {
    "description" : "org.apache.spark.sql.execution.streaming.ConsoleTable$@380ef468",
    "numOutputRows" : 34
  }
}
[2024-06-27T11:40:55.477+0000] {docker.py:436} INFO - 24/06/27 11:40:55 INFO MicroBatchExecution: Streaming query has been idle and waiting for new data more than 10000 ms.
[2024-06-27T11:40:56.871+0000] {docker.py:436} INFO - 24/06/27 11:40:56 INFO BlockManagerInfo: Removed broadcast_2_piece0 on localhost:37917 in memory (size: 11.8 KiB, free: 434.4 MiB)
[2024-06-27T11:41:05.479+0000] {docker.py:436} INFO - 24/06/27 11:41:05 INFO MicroBatchExecution: Streaming query has been idle and waiting for new data more than 10000 ms.
[2024-06-27T11:41:15.489+0000] {docker.py:436} INFO - 24/06/27 11:41:15 INFO MicroBatchExecution: Streaming query has been idle and waiting for new data more than 10000 ms.
[2024-06-27T11:41:25.500+0000] {docker.py:436} INFO - 24/06/27 11:41:25 INFO MicroBatchExecution: Streaming query has been idle and waiting for new data more than 10000 ms.
[2024-06-27T11:41:35.503+0000] {docker.py:436} INFO - 24/06/27 11:41:35 INFO MicroBatchExecution: Streaming query has been idle and waiting for new data more than 10000 ms.
[2024-06-27T11:41:45.510+0000] {docker.py:436} INFO - 24/06/27 11:41:45 INFO MicroBatchExecution: Streaming query has been idle and waiting for new data more than 10000 ms.
[2024-06-27T11:41:55.514+0000] {docker.py:436} INFO - 24/06/27 11:41:55 INFO MicroBatchExecution: Streaming query has been idle and waiting for new data more than 10000 ms.
[2024-06-27T11:42:05.517+0000] {docker.py:436} INFO - 24/06/27 11:42:05 INFO MicroBatchExecution: Streaming query has been idle and waiting for new data more than 10000 ms.
[2024-06-27T11:42:15.523+0000] {docker.py:436} INFO - 24/06/27 11:42:15 INFO MicroBatchExecution: Streaming query has been idle and waiting for new data more than 10000 ms.
[2024-06-27T11:42:25.529+0000] {docker.py:436} INFO - 24/06/27 11:42:25 INFO MicroBatchExecution: Streaming query has been idle and waiting for new data more than 10000 ms.
[2024-06-27T11:42:25.997+0000] {docker.py:436} INFO - 24/06/27 11:42:25 INFO CheckpointFileManager: Writing atomically to file:/tmp/temporary-5db1b38a-e7b5-48ce-8def-2a19460b5015/offsets/3 using temp file file:/tmp/temporary-5db1b38a-e7b5-48ce-8def-2a19460b5015/offsets/.3.dbe62fbd-a901-4a77-b94e-fdb83e118ca8.tmp
[2024-06-27T11:42:26.029+0000] {docker.py:436} INFO - 24/06/27 11:42:26 INFO CheckpointFileManager: Renamed temp file file:/tmp/temporary-5db1b38a-e7b5-48ce-8def-2a19460b5015/offsets/.3.dbe62fbd-a901-4a77-b94e-fdb83e118ca8.tmp to file:/tmp/temporary-5db1b38a-e7b5-48ce-8def-2a19460b5015/offsets/3
[2024-06-27T11:42:26.030+0000] {docker.py:436} INFO - 24/06/27 11:42:26 INFO MicroBatchExecution: Committed offsets for batch 3. Metadata OffsetSeqMetadata(0,1719488545983,Map(spark.sql.streaming.stateStore.providerClass -> org.apache.spark.sql.execution.streaming.state.HDFSBackedStateStoreProvider, spark.sql.streaming.join.stateFormatVersion -> 2, spark.sql.streaming.stateStore.compression.codec -> lz4, spark.sql.streaming.stateStore.rocksdb.formatVersion -> 5, spark.sql.streaming.statefulOperator.useStrictDistribution -> true, spark.sql.streaming.flatMapGroupsWithState.stateFormatVersion -> 2, spark.sql.streaming.multipleWatermarkPolicy -> min, spark.sql.streaming.aggregation.stateFormatVersion -> 2, spark.sql.shuffle.partitions -> 200))
[2024-06-27T11:42:26.069+0000] {docker.py:436} INFO - 24/06/27 11:42:26 INFO KafkaOffsetReaderAdmin: Partitions added: Map()
[2024-06-27T11:42:26.072+0000] {docker.py:436} INFO - 24/06/27 11:42:26 INFO KafkaOffsetReaderAdmin: Partitions added: Map()
[2024-06-27T11:42:26.107+0000] {docker.py:436} INFO - 24/06/27 11:42:26 INFO KafkaOffsetReaderAdmin: Partitions added: Map()
[2024-06-27T11:42:26.111+0000] {docker.py:436} INFO - 24/06/27 11:42:26 INFO KafkaOffsetReaderAdmin: Partitions added: Map()
[2024-06-27T11:42:26.161+0000] {docker.py:436} INFO - 24/06/27 11:42:26 INFO KafkaOffsetReaderAdmin: Partitions added: Map()
[2024-06-27T11:42:26.165+0000] {docker.py:436} INFO - 24/06/27 11:42:26 INFO KafkaOffsetReaderAdmin: Partitions added: Map()
[2024-06-27T11:42:26.196+0000] {docker.py:436} INFO - 24/06/27 11:42:26 INFO WriteToDataSourceV2Exec: Start processing data source write support: MicroBatchWrite[epoch: 3, writer: ConsoleWriter[numRows=20, truncate=false]]. The input RDD has 1 partitions.
24/06/27 11:42:26 INFO SparkContext: Starting job: start at NativeMethodAccessorImpl.java:0
24/06/27 11:42:26 INFO DAGScheduler: Got job 3 (start at NativeMethodAccessorImpl.java:0) with 1 output partitions
24/06/27 11:42:26 INFO DAGScheduler: Final stage: ResultStage 3 (start at NativeMethodAccessorImpl.java:0)
24/06/27 11:42:26 INFO DAGScheduler: Parents of final stage: List()
24/06/27 11:42:26 INFO DAGScheduler: Missing parents: List()
24/06/27 11:42:26 INFO DAGScheduler: Submitting ResultStage 3 (MapPartitionsRDD[19] at start at NativeMethodAccessorImpl.java:0), which has no missing parents
[2024-06-27T11:42:26.201+0000] {docker.py:436} INFO - 24/06/27 11:42:26 INFO MemoryStore: Block broadcast_3 stored as values in memory (estimated size 27.2 KiB, free 434.4 MiB)
[2024-06-27T11:42:26.205+0000] {docker.py:436} INFO - 24/06/27 11:42:26 INFO MemoryStore: Block broadcast_3_piece0 stored as bytes in memory (estimated size 11.8 KiB, free 434.4 MiB)
[2024-06-27T11:42:26.205+0000] {docker.py:436} INFO - 24/06/27 11:42:26 INFO BlockManagerInfo: Added broadcast_3_piece0 in memory on localhost:37917 (size: 11.8 KiB, free: 434.4 MiB)
[2024-06-27T11:42:26.206+0000] {docker.py:436} INFO - 24/06/27 11:42:26 INFO SparkContext: Created broadcast 3 from broadcast at DAGScheduler.scala:1585
[2024-06-27T11:42:26.207+0000] {docker.py:436} INFO - 24/06/27 11:42:26 INFO DAGScheduler: Submitting 1 missing tasks from ResultStage 3 (MapPartitionsRDD[19] at start at NativeMethodAccessorImpl.java:0) (first 15 tasks are for partitions Vector(0))
[2024-06-27T11:42:26.208+0000] {docker.py:436} INFO - 24/06/27 11:42:26 INFO TaskSchedulerImpl: Adding task set 3.0 with 1 tasks resource profile 0
[2024-06-27T11:42:26.210+0000] {docker.py:436} INFO - 24/06/27 11:42:26 INFO TaskSetManager: Starting task 0.0 in stage 3.0 (TID 3) (localhost, executor driver, partition 0, PROCESS_LOCAL, 11071 bytes)
[2024-06-27T11:42:26.211+0000] {docker.py:436} INFO - 24/06/27 11:42:26 INFO Executor: Running task 0.0 in stage 3.0 (TID 3)
[2024-06-27T11:42:26.246+0000] {docker.py:436} INFO - 24/06/27 11:42:26 INFO KafkaConsumer: [Consumer clientId=consumer-spark-kafka-source-6c2593e8-5071-4bea-81a4-36a06387def2-1062556773-executor-1, groupId=spark-kafka-source-6c2593e8-5071-4bea-81a4-36a06387def2-1062556773-executor] Seeking to offset 79 for partition store_source_data-0
[2024-06-27T11:42:26.249+0000] {docker.py:436} INFO - 24/06/27 11:42:26 INFO SubscriptionState: [Consumer clientId=consumer-spark-kafka-source-6c2593e8-5071-4bea-81a4-36a06387def2-1062556773-executor-1, groupId=spark-kafka-source-6c2593e8-5071-4bea-81a4-36a06387def2-1062556773-executor] Seeking to EARLIEST offset of partition store_source_data-0
[2024-06-27T11:42:26.752+0000] {docker.py:436} INFO - 24/06/27 11:42:26 INFO SubscriptionState: [Consumer clientId=consumer-spark-kafka-source-6c2593e8-5071-4bea-81a4-36a06387def2-1062556773-executor-1, groupId=spark-kafka-source-6c2593e8-5071-4bea-81a4-36a06387def2-1062556773-executor] Resetting offset for partition store_source_data-0 to position FetchPosition{offset=8, offsetEpoch=Optional.empty, currentLeader=LeaderAndEpoch{leader=Optional[kafka:9092 (id: 0 rack: null)], epoch=10}}.
[2024-06-27T11:42:26.753+0000] {docker.py:436} INFO - 24/06/27 11:42:26 INFO SubscriptionState: [Consumer clientId=consumer-spark-kafka-source-6c2593e8-5071-4bea-81a4-36a06387def2-1062556773-executor-1, groupId=spark-kafka-source-6c2593e8-5071-4bea-81a4-36a06387def2-1062556773-executor] Seeking to LATEST offset of partition store_source_data-0
[2024-06-27T11:42:26.754+0000] {docker.py:436} INFO - 24/06/27 11:42:26 INFO SubscriptionState: [Consumer clientId=consumer-spark-kafka-source-6c2593e8-5071-4bea-81a4-36a06387def2-1062556773-executor-1, groupId=spark-kafka-source-6c2593e8-5071-4bea-81a4-36a06387def2-1062556773-executor] Resetting offset for partition store_source_data-0 to position FetchPosition{offset=80, offsetEpoch=Optional.empty, currentLeader=LeaderAndEpoch{leader=Optional[kafka:9092 (id: 0 rack: null)], epoch=10}}.
[2024-06-27T11:42:26.758+0000] {docker.py:436} INFO - 24/06/27 11:42:26 INFO DataWritingSparkTask: Writer for partition 0 is committing.
[2024-06-27T11:42:26.759+0000] {docker.py:436} INFO - 24/06/27 11:42:26 INFO DataWritingSparkTask: Committed partition 0 (task 3, attempt 0, stage 3.0)
[2024-06-27T11:42:26.766+0000] {docker.py:436} INFO - 24/06/27 11:42:26 INFO Executor: Finished task 0.0 in stage 3.0 (TID 3). 6231 bytes result sent to driver
[2024-06-27T11:42:26.769+0000] {docker.py:436} INFO - 24/06/27 11:42:26 INFO TaskSetManager: Finished task 0.0 in stage 3.0 (TID 3) in 559 ms on localhost (executor driver) (1/1)
[2024-06-27T11:42:26.770+0000] {docker.py:436} INFO - 24/06/27 11:42:26 INFO TaskSchedulerImpl: Removed TaskSet 3.0, whose tasks have all completed, from pool
[2024-06-27T11:42:26.770+0000] {docker.py:436} INFO - 24/06/27 11:42:26 INFO DAGScheduler: ResultStage 3 (start at NativeMethodAccessorImpl.java:0) finished in 0.575 s
[2024-06-27T11:42:26.771+0000] {docker.py:436} INFO - 24/06/27 11:42:26 INFO DAGScheduler: Job 3 is finished. Cancelling potential speculative or zombie tasks for this job
[2024-06-27T11:42:26.771+0000] {docker.py:436} INFO - 24/06/27 11:42:26 INFO TaskSchedulerImpl: Killing all running tasks in stage 3: Stage finished
[2024-06-27T11:42:26.772+0000] {docker.py:436} INFO - 24/06/27 11:42:26 INFO DAGScheduler: Job 3 finished: start at NativeMethodAccessorImpl.java:0, took 0.579150 s
[2024-06-27T11:42:26.774+0000] {docker.py:436} INFO - 24/06/27 11:42:26 INFO WriteToDataSourceV2Exec: Data source write support MicroBatchWrite[epoch: 3, writer: ConsoleWriter[numRows=20, truncate=false]] is committing.
[2024-06-27T11:42:26.774+0000] {docker.py:436} INFO - -------------------------------------------
[2024-06-27T11:42:26.775+0000] {docker.py:436} INFO - Batch: 3
[2024-06-27T11:42:26.775+0000] {docker.py:436} INFO - -------------------------------------------
[2024-06-27T11:42:26.829+0000] {docker.py:436} INFO - +-------------------+----------------+------+--------+------------+--------------+
|item_purchased     |date_of_purchase|cost  |quantity|purchased_by|payment_method|
+-------------------+----------------+------+--------+------------+--------------+
|Laptop             |2023-01-01      |1200.0|1       |Father      |Card          |
|Smartphone         |2023-01-02      |800.0 |1       |Mother      |Cash          |
|Headphones         |2023-01-03      |150.0 |2       |Father      |Card          |
|Tablet             |2023-01-04      |300.0 |1       |Mother      |Cash          |
|Office Chair       |2023-01-05      |200.0 |1       |Father      |Card          |
|Monitor            |2023-01-06      |250.0 |1       |Mother      |Cash          |
|Keyboard           |2023-01-07      |50.0  |1       |Father      |Card          |
|Mouse              |2023-01-08      |30.0  |1       |Mother      |Cash          |
|Printer            |2023-01-09      |120.0 |1       |Father      |Card          |
|Webcam             |2023-01-10      |80.0  |1       |Mother      |Cash          |
|Desk Lamp          |2023-01-11      |40.0  |1       |Father      |Card          |
|External Hard Drive|2023-01-12      |100.0 |1       |Mother      |Cash          |
|Router             |2023-01-13      |90.0  |1       |Father      |Card          |
|Smartwatch         |2023-01-14      |200.0 |1       |Mother      |Cash          |
|Bluetooth Speaker  |2023-01-15      |150.0 |1       |Father      |Card          |
|Coffee Maker       |2023-01-16      |80.0  |1       |Mother      |Cash          |
|Electric Kettle    |2023-01-17      |40.0  |1       |Father      |Card          |
|Blender            |2023-01-18      |60.0  |1       |Mother      |Cash          |
|Microwave Oven     |2023-01-19      |150.0 |1       |Father      |Card          |
|Toaster            |2023-01-20      |30.0  |1       |Mother      |Cash          |
+-------------------+----------------+------+--------+------------+--------------+
only showing top 20 rows
[2024-06-27T11:42:26.829+0000] {docker.py:436} INFO - 24/06/27 11:42:26 INFO WriteToDataSourceV2Exec: Data source write support MicroBatchWrite[epoch: 3, writer: ConsoleWriter[numRows=20, truncate=false]] committed.
[2024-06-27T11:42:26.876+0000] {docker.py:436} INFO - 24/06/27 11:42:26 INFO CheckpointFileManager: Writing atomically to file:/tmp/temporary-5db1b38a-e7b5-48ce-8def-2a19460b5015/commits/3 using temp file file:/tmp/temporary-5db1b38a-e7b5-48ce-8def-2a19460b5015/commits/.3.2961709c-d521-43e1-a2b9-67a1f0bc5b86.tmp
[2024-06-27T11:42:26.945+0000] {docker.py:436} INFO - 24/06/27 11:42:26 INFO CheckpointFileManager: Renamed temp file file:/tmp/temporary-5db1b38a-e7b5-48ce-8def-2a19460b5015/commits/.3.2961709c-d521-43e1-a2b9-67a1f0bc5b86.tmp to file:/tmp/temporary-5db1b38a-e7b5-48ce-8def-2a19460b5015/commits/3
[2024-06-27T11:42:26.958+0000] {docker.py:436} INFO - 24/06/27 11:42:26 INFO MicroBatchExecution: Streaming query made progress: {
  "id" : "91e512bf-52c1-4b74-a009-5d1a58a2d3c8",
  "runId" : "eade3d83-a7a0-4a27-aaa0-ec2e4d52fc1d",
  "name" : null,
  "timestamp" : "2024-06-27T11:42:25.982Z",
  "batchId" : 3,
  "numInputRows" : 1,
  "inputRowsPerSecond" : 90.90909090909092,
  "processedRowsPerSecond" : 1.0395010395010396,
  "durationMs" : {
    "addBatch" : 757,
    "commitOffsets" : 112,
    "getBatch" : 0,
    "latestOffset" : 1,
    "queryPlanning" : 45,
    "triggerExecution" : 962,
    "walCommit" : 46
  },
  "stateOperators" : [ ],
  "sources" : [ {
    "description" : "KafkaV2[Subscribe[store_source_data]]",
    "startOffset" : {
      "store_source_data" : {
        "0" : 79
      }
    },
    "endOffset" : {
      "store_source_data" : {
        "0" : 80
      }
    },
    "latestOffset" : {
      "store_source_data" : {
        "0" : 80
      }
    },
    "numInputRows" : 1,
    "inputRowsPerSecond" : 90.90909090909092,
    "processedRowsPerSecond" : 1.0395010395010396,
    "metrics" : {
      "avgOffsetsBehindLatest" : "0.0",
      "maxOffsetsBehindLatest" : "0",
      "minOffsetsBehindLatest" : "0"
    }
  } ],
  "sink" : {
    "description" : "org.apache.spark.sql.execution.streaming.ConsoleTable$@380ef468",
    "numOutputRows" : 34
  }
}
[2024-06-27T11:42:36.949+0000] {docker.py:436} INFO - 24/06/27 11:42:36 INFO MicroBatchExecution: Streaming query has been idle and waiting for new data more than 10000 ms.
[2024-06-27T11:42:38.775+0000] {docker.py:436} INFO - 24/06/27 11:42:38 INFO BlockManagerInfo: Removed broadcast_3_piece0 on localhost:37917 in memory (size: 11.8 KiB, free: 434.4 MiB)
[2024-06-27T11:42:46.956+0000] {docker.py:436} INFO - 24/06/27 11:42:46 INFO MicroBatchExecution: Streaming query has been idle and waiting for new data more than 10000 ms.
[2024-06-27T11:42:56.957+0000] {docker.py:436} INFO - 24/06/27 11:42:56 INFO MicroBatchExecution: Streaming query has been idle and waiting for new data more than 10000 ms.
[2024-06-27T11:43:06.959+0000] {docker.py:436} INFO - 24/06/27 11:43:06 INFO MicroBatchExecution: Streaming query has been idle and waiting for new data more than 10000 ms.
[2024-06-27T11:43:16.961+0000] {docker.py:436} INFO - 24/06/27 11:43:16 INFO MicroBatchExecution: Streaming query has been idle and waiting for new data more than 10000 ms.
[2024-06-27T11:43:26.968+0000] {docker.py:436} INFO - 24/06/27 11:43:26 INFO MicroBatchExecution: Streaming query has been idle and waiting for new data more than 10000 ms.
[2024-06-27T11:43:36.969+0000] {docker.py:436} INFO - 24/06/27 11:43:36 INFO MicroBatchExecution: Streaming query has been idle and waiting for new data more than 10000 ms.
[2024-06-27T11:43:46.974+0000] {docker.py:436} INFO - 24/06/27 11:43:46 INFO MicroBatchExecution: Streaming query has been idle and waiting for new data more than 10000 ms.
[2024-06-27T11:43:56.979+0000] {docker.py:436} INFO - 24/06/27 11:43:56 INFO MicroBatchExecution: Streaming query has been idle and waiting for new data more than 10000 ms.
[2024-06-27T11:44:06.984+0000] {docker.py:436} INFO - 24/06/27 11:44:06 INFO MicroBatchExecution: Streaming query has been idle and waiting for new data more than 10000 ms.
[2024-06-27T11:44:16.987+0000] {docker.py:436} INFO - 24/06/27 11:44:16 INFO MicroBatchExecution: Streaming query has been idle and waiting for new data more than 10000 ms.
[2024-06-27T11:44:26.988+0000] {docker.py:436} INFO - 24/06/27 11:44:26 INFO MicroBatchExecution: Streaming query has been idle and waiting for new data more than 10000 ms.
[2024-06-27T11:44:36.987+0000] {docker.py:436} INFO - 24/06/27 11:44:36 INFO MicroBatchExecution: Streaming query has been idle and waiting for new data more than 10000 ms.
[2024-06-27T11:44:39.576+0000] {docker.py:436} INFO - 24/06/27 11:44:39 INFO CheckpointFileManager: Writing atomically to file:/tmp/temporary-5db1b38a-e7b5-48ce-8def-2a19460b5015/offsets/4 using temp file file:/tmp/temporary-5db1b38a-e7b5-48ce-8def-2a19460b5015/offsets/.4.a762d449-6534-4c8b-a0e5-c6eb03203410.tmp
[2024-06-27T11:44:39.609+0000] {docker.py:436} INFO - 24/06/27 11:44:39 INFO CheckpointFileManager: Renamed temp file file:/tmp/temporary-5db1b38a-e7b5-48ce-8def-2a19460b5015/offsets/.4.a762d449-6534-4c8b-a0e5-c6eb03203410.tmp to file:/tmp/temporary-5db1b38a-e7b5-48ce-8def-2a19460b5015/offsets/4
24/06/27 11:44:39 INFO MicroBatchExecution: Committed offsets for batch 4. Metadata OffsetSeqMetadata(0,1719488679568,Map(spark.sql.streaming.stateStore.providerClass -> org.apache.spark.sql.execution.streaming.state.HDFSBackedStateStoreProvider, spark.sql.streaming.join.stateFormatVersion -> 2, spark.sql.streaming.stateStore.compression.codec -> lz4, spark.sql.streaming.stateStore.rocksdb.formatVersion -> 5, spark.sql.streaming.statefulOperator.useStrictDistribution -> true, spark.sql.streaming.flatMapGroupsWithState.stateFormatVersion -> 2, spark.sql.streaming.multipleWatermarkPolicy -> min, spark.sql.streaming.aggregation.stateFormatVersion -> 2, spark.sql.shuffle.partitions -> 200))
[2024-06-27T11:44:39.644+0000] {docker.py:436} INFO - 24/06/27 11:44:39 INFO KafkaOffsetReaderAdmin: Partitions added: Map()
[2024-06-27T11:44:39.647+0000] {docker.py:436} INFO - 24/06/27 11:44:39 INFO KafkaOffsetReaderAdmin: Partitions added: Map()
[2024-06-27T11:44:39.679+0000] {docker.py:436} INFO - 24/06/27 11:44:39 INFO KafkaOffsetReaderAdmin: Partitions added: Map()
[2024-06-27T11:44:39.683+0000] {docker.py:436} INFO - 24/06/27 11:44:39 INFO KafkaOffsetReaderAdmin: Partitions added: Map()
[2024-06-27T11:44:39.739+0000] {docker.py:436} INFO - 24/06/27 11:44:39 INFO KafkaOffsetReaderAdmin: Partitions added: Map()
[2024-06-27T11:44:39.742+0000] {docker.py:436} INFO - 24/06/27 11:44:39 INFO KafkaOffsetReaderAdmin: Partitions added: Map()
[2024-06-27T11:44:39.766+0000] {docker.py:436} INFO - 24/06/27 11:44:39 INFO WriteToDataSourceV2Exec: Start processing data source write support: MicroBatchWrite[epoch: 4, writer: ConsoleWriter[numRows=20, truncate=false]]. The input RDD has 1 partitions.
24/06/27 11:44:39 INFO SparkContext: Starting job: start at NativeMethodAccessorImpl.java:0
[2024-06-27T11:44:39.768+0000] {docker.py:436} INFO - 24/06/27 11:44:39 INFO DAGScheduler: Got job 4 (start at NativeMethodAccessorImpl.java:0) with 1 output partitions
[2024-06-27T11:44:39.769+0000] {docker.py:436} INFO - 24/06/27 11:44:39 INFO DAGScheduler: Final stage: ResultStage 4 (start at NativeMethodAccessorImpl.java:0)
24/06/27 11:44:39 INFO DAGScheduler: Parents of final stage: List()
24/06/27 11:44:39 INFO DAGScheduler: Missing parents: List()
[2024-06-27T11:44:39.770+0000] {docker.py:436} INFO - 24/06/27 11:44:39 INFO DAGScheduler: Submitting ResultStage 4 (MapPartitionsRDD[24] at start at NativeMethodAccessorImpl.java:0), which has no missing parents
[2024-06-27T11:44:39.773+0000] {docker.py:436} INFO - 24/06/27 11:44:39 INFO MemoryStore: Block broadcast_4 stored as values in memory (estimated size 27.2 KiB, free 434.4 MiB)
[2024-06-27T11:44:39.783+0000] {docker.py:436} INFO - 24/06/27 11:44:39 INFO MemoryStore: Block broadcast_4_piece0 stored as bytes in memory (estimated size 11.8 KiB, free 434.4 MiB)
[2024-06-27T11:44:39.786+0000] {docker.py:436} INFO - 24/06/27 11:44:39 INFO BlockManagerInfo: Added broadcast_4_piece0 in memory on localhost:37917 (size: 11.8 KiB, free: 434.4 MiB)
[2024-06-27T11:44:39.789+0000] {docker.py:436} INFO - 24/06/27 11:44:39 INFO SparkContext: Created broadcast 4 from broadcast at DAGScheduler.scala:1585
[2024-06-27T11:44:39.791+0000] {docker.py:436} INFO - 24/06/27 11:44:39 INFO DAGScheduler: Submitting 1 missing tasks from ResultStage 4 (MapPartitionsRDD[24] at start at NativeMethodAccessorImpl.java:0) (first 15 tasks are for partitions Vector(0))
[2024-06-27T11:44:39.796+0000] {docker.py:436} INFO - 24/06/27 11:44:39 INFO TaskSchedulerImpl: Adding task set 4.0 with 1 tasks resource profile 0
[2024-06-27T11:44:39.799+0000] {docker.py:436} INFO - 24/06/27 11:44:39 INFO TaskSetManager: Starting task 0.0 in stage 4.0 (TID 4) (localhost, executor driver, partition 0, PROCESS_LOCAL, 11071 bytes)
[2024-06-27T11:44:39.804+0000] {docker.py:436} INFO - 24/06/27 11:44:39 INFO Executor: Running task 0.0 in stage 4.0 (TID 4)
[2024-06-27T11:44:39.853+0000] {docker.py:436} INFO - 24/06/27 11:44:39 INFO KafkaConsumer: [Consumer clientId=consumer-spark-kafka-source-6c2593e8-5071-4bea-81a4-36a06387def2-1062556773-executor-1, groupId=spark-kafka-source-6c2593e8-5071-4bea-81a4-36a06387def2-1062556773-executor] Seeking to offset 80 for partition store_source_data-0
[2024-06-27T11:44:39.860+0000] {docker.py:436} INFO - 24/06/27 11:44:39 INFO SubscriptionState: [Consumer clientId=consumer-spark-kafka-source-6c2593e8-5071-4bea-81a4-36a06387def2-1062556773-executor-1, groupId=spark-kafka-source-6c2593e8-5071-4bea-81a4-36a06387def2-1062556773-executor] Seeking to EARLIEST offset of partition store_source_data-0
[2024-06-27T11:44:40.360+0000] {docker.py:436} INFO - 24/06/27 11:44:40 INFO SubscriptionState: [Consumer clientId=consumer-spark-kafka-source-6c2593e8-5071-4bea-81a4-36a06387def2-1062556773-executor-1, groupId=spark-kafka-source-6c2593e8-5071-4bea-81a4-36a06387def2-1062556773-executor] Resetting offset for partition store_source_data-0 to position FetchPosition{offset=8, offsetEpoch=Optional.empty, currentLeader=LeaderAndEpoch{leader=Optional[kafka:9092 (id: 0 rack: null)], epoch=10}}.
[2024-06-27T11:44:40.361+0000] {docker.py:436} INFO - 24/06/27 11:44:40 INFO SubscriptionState: [Consumer clientId=consumer-spark-kafka-source-6c2593e8-5071-4bea-81a4-36a06387def2-1062556773-executor-1, groupId=spark-kafka-source-6c2593e8-5071-4bea-81a4-36a06387def2-1062556773-executor] Seeking to LATEST offset of partition store_source_data-0
[2024-06-27T11:44:40.362+0000] {docker.py:436} INFO - 24/06/27 11:44:40 INFO SubscriptionState: [Consumer clientId=consumer-spark-kafka-source-6c2593e8-5071-4bea-81a4-36a06387def2-1062556773-executor-1, groupId=spark-kafka-source-6c2593e8-5071-4bea-81a4-36a06387def2-1062556773-executor] Resetting offset for partition store_source_data-0 to position FetchPosition{offset=81, offsetEpoch=Optional.empty, currentLeader=LeaderAndEpoch{leader=Optional[kafka:9092 (id: 0 rack: null)], epoch=10}}.
[2024-06-27T11:44:40.370+0000] {docker.py:436} INFO - 24/06/27 11:44:40 INFO DataWritingSparkTask: Writer for partition 0 is committing.
24/06/27 11:44:40 INFO DataWritingSparkTask: Committed partition 0 (task 4, attempt 0, stage 4.0)
[2024-06-27T11:44:40.378+0000] {docker.py:436} INFO - 24/06/27 11:44:40 INFO Executor: Finished task 0.0 in stage 4.0 (TID 4). 6231 bytes result sent to driver
[2024-06-27T11:44:40.381+0000] {docker.py:436} INFO - 24/06/27 11:44:40 INFO TaskSetManager: Finished task 0.0 in stage 4.0 (TID 4) in 585 ms on localhost (executor driver) (1/1)
[2024-06-27T11:44:40.382+0000] {docker.py:436} INFO - 24/06/27 11:44:40 INFO TaskSchedulerImpl: Removed TaskSet 4.0, whose tasks have all completed, from pool
[2024-06-27T11:44:40.383+0000] {docker.py:436} INFO - 24/06/27 11:44:40 INFO DAGScheduler: ResultStage 4 (start at NativeMethodAccessorImpl.java:0) finished in 0.612 s
[2024-06-27T11:44:40.384+0000] {docker.py:436} INFO - 24/06/27 11:44:40 INFO DAGScheduler: Job 4 is finished. Cancelling potential speculative or zombie tasks for this job
[2024-06-27T11:44:40.384+0000] {docker.py:436} INFO - 24/06/27 11:44:40 INFO TaskSchedulerImpl: Killing all running tasks in stage 4: Stage finished
[2024-06-27T11:44:40.385+0000] {docker.py:436} INFO - 24/06/27 11:44:40 INFO DAGScheduler: Job 4 finished: start at NativeMethodAccessorImpl.java:0, took 0.619427 s
[2024-06-27T11:44:40.386+0000] {docker.py:436} INFO - 24/06/27 11:44:40 INFO WriteToDataSourceV2Exec: Data source write support MicroBatchWrite[epoch: 4, writer: ConsoleWriter[numRows=20, truncate=false]] is committing.
[2024-06-27T11:44:40.387+0000] {docker.py:436} INFO - -------------------------------------------
[2024-06-27T11:44:40.387+0000] {docker.py:436} INFO - Batch: 4
[2024-06-27T11:44:40.388+0000] {docker.py:436} INFO - -------------------------------------------
[2024-06-27T11:44:40.490+0000] {docker.py:436} INFO - +-------------------+----------------+------+--------+------------+--------------+
|item_purchased     |date_of_purchase|cost  |quantity|purchased_by|payment_method|
+-------------------+----------------+------+--------+------------+--------------+
|Laptop             |2023-01-01      |1200.0|1       |Father      |Card          |
|Smartphone         |2023-01-02      |800.0 |1       |Mother      |Cash          |
|Headphones         |2023-01-03      |150.0 |2       |Father      |Card          |
|Tablet             |2023-01-04      |300.0 |1       |Mother      |Cash          |
|Office Chair       |2023-01-05      |200.0 |1       |Father      |Card          |
|Monitor            |2023-01-06      |250.0 |1       |Mother      |Cash          |
|Keyboard           |2023-01-07      |50.0  |1       |Father      |Card          |
|Mouse              |2023-01-08      |30.0  |1       |Mother      |Cash          |
|Printer            |2023-01-09      |120.0 |1       |Father      |Card          |
|Webcam             |2023-01-10      |80.0  |1       |Mother      |Cash          |
|Desk Lamp          |2023-01-11      |40.0  |1       |Father      |Card          |
|External Hard Drive|2023-01-12      |100.0 |1       |Mother      |Cash          |
|Router             |2023-01-13      |90.0  |1       |Father      |Card          |
|Smartwatch         |2023-01-14      |200.0 |1       |Mother      |Cash          |
|Bluetooth Speaker  |2023-01-15      |150.0 |1       |Father      |Card          |
|Coffee Maker       |2023-01-16      |80.0  |1       |Mother      |Cash          |
|Electric Kettle    |2023-01-17      |40.0  |1       |Father      |Card          |
|Blender            |2023-01-18      |60.0  |1       |Mother      |Cash          |
|Microwave Oven     |2023-01-19      |150.0 |1       |Father      |Card          |
|Toaster            |2023-01-20      |30.0  |1       |Mother      |Cash          |
+-------------------+----------------+------+--------+------------+--------------+
only showing top 20 rows
[2024-06-27T11:44:40.491+0000] {docker.py:436} INFO - 24/06/27 11:44:40 INFO WriteToDataSourceV2Exec: Data source write support MicroBatchWrite[epoch: 4, writer: ConsoleWriter[numRows=20, truncate=false]] committed.
[2024-06-27T11:44:40.507+0000] {docker.py:436} INFO - 24/06/27 11:44:40 INFO CheckpointFileManager: Writing atomically to file:/tmp/temporary-5db1b38a-e7b5-48ce-8def-2a19460b5015/commits/4 using temp file file:/tmp/temporary-5db1b38a-e7b5-48ce-8def-2a19460b5015/commits/.4.c886e99a-4a2f-47e9-aa96-48c5da14034d.tmp
[2024-06-27T11:44:40.619+0000] {docker.py:436} INFO - 24/06/27 11:44:40 INFO CheckpointFileManager: Renamed temp file file:/tmp/temporary-5db1b38a-e7b5-48ce-8def-2a19460b5015/commits/.4.c886e99a-4a2f-47e9-aa96-48c5da14034d.tmp to file:/tmp/temporary-5db1b38a-e7b5-48ce-8def-2a19460b5015/commits/4
[2024-06-27T11:44:40.627+0000] {docker.py:436} INFO - 24/06/27 11:44:40 INFO MicroBatchExecution: Streaming query made progress: {
  "id" : "91e512bf-52c1-4b74-a009-5d1a58a2d3c8",
  "runId" : "eade3d83-a7a0-4a27-aaa0-ec2e4d52fc1d",
  "name" : null,
  "timestamp" : "2024-06-27T11:44:39.566Z",
  "batchId" : 4,
  "numInputRows" : 1,
  "inputRowsPerSecond" : 90.90909090909092,
  "processedRowsPerSecond" : 0.9496676163342831,
  "durationMs" : {
    "addBatch" : 839,
    "commitOffsets" : 128,
    "getBatch" : 0,
    "latestOffset" : 1,
    "queryPlanning" : 44,
    "triggerExecution" : 1053,
    "walCommit" : 40
  },
  "stateOperators" : [ ],
  "sources" : [ {
    "description" : "KafkaV2[Subscribe[store_source_data]]",
    "startOffset" : {
      "store_source_data" : {
        "0" : 80
      }
    },
    "endOffset" : {
      "store_source_data" : {
        "0" : 81
      }
    },
    "latestOffset" : {
      "store_source_data" : {
        "0" : 81
      }
    },
    "numInputRows" : 1,
    "inputRowsPerSecond" : 90.90909090909092,
    "processedRowsPerSecond" : 0.9496676163342831,
    "metrics" : {
      "avgOffsetsBehindLatest" : "0.0",
      "maxOffsetsBehindLatest" : "0",
      "minOffsetsBehindLatest" : "0"
    }
  } ],
  "sink" : {
    "description" : "org.apache.spark.sql.execution.streaming.ConsoleTable$@380ef468",
    "numOutputRows" : 34
  }
}
[2024-06-27T11:44:50.623+0000] {docker.py:436} INFO - 24/06/27 11:44:50 INFO MicroBatchExecution: Streaming query has been idle and waiting for new data more than 10000 ms.
[2024-06-27T11:44:52.312+0000] {docker.py:436} INFO - 24/06/27 11:44:52 INFO BlockManagerInfo: Removed broadcast_4_piece0 on localhost:37917 in memory (size: 11.8 KiB, free: 434.4 MiB)
[2024-06-27T11:45:00.630+0000] {docker.py:436} INFO - 24/06/27 11:45:00 INFO MicroBatchExecution: Streaming query has been idle and waiting for new data more than 10000 ms.
[2024-06-27T11:45:10.640+0000] {docker.py:436} INFO - 24/06/27 11:45:10 INFO MicroBatchExecution: Streaming query has been idle and waiting for new data more than 10000 ms.
[2024-06-27T11:45:20.645+0000] {docker.py:436} INFO - 24/06/27 11:45:20 INFO MicroBatchExecution: Streaming query has been idle and waiting for new data more than 10000 ms.
[2024-06-27T11:45:30.646+0000] {docker.py:436} INFO - 24/06/27 11:45:30 INFO MicroBatchExecution: Streaming query has been idle and waiting for new data more than 10000 ms.
[2024-06-27T11:45:40.645+0000] {docker.py:436} INFO - 24/06/27 11:45:40 INFO MicroBatchExecution: Streaming query has been idle and waiting for new data more than 10000 ms.
[2024-06-27T11:45:50.657+0000] {docker.py:436} INFO - 24/06/27 11:45:50 INFO MicroBatchExecution: Streaming query has been idle and waiting for new data more than 10000 ms.
[2024-06-27T11:46:00.660+0000] {docker.py:436} INFO - 24/06/27 11:46:00 INFO MicroBatchExecution: Streaming query has been idle and waiting for new data more than 10000 ms.
[2024-06-27T11:46:10.668+0000] {docker.py:436} INFO - 24/06/27 11:46:10 INFO MicroBatchExecution: Streaming query has been idle and waiting for new data more than 10000 ms.
[2024-06-27T11:46:20.678+0000] {docker.py:436} INFO - 24/06/27 11:46:20 INFO MicroBatchExecution: Streaming query has been idle and waiting for new data more than 10000 ms.
[2024-06-27T11:46:30.682+0000] {docker.py:436} INFO - 24/06/27 11:46:30 INFO MicroBatchExecution: Streaming query has been idle and waiting for new data more than 10000 ms.
[2024-06-27T11:46:40.692+0000] {docker.py:436} INFO - 24/06/27 11:46:40 INFO MicroBatchExecution: Streaming query has been idle and waiting for new data more than 10000 ms.
[2024-06-27T11:46:50.695+0000] {docker.py:436} INFO - 24/06/27 11:46:50 INFO MicroBatchExecution: Streaming query has been idle and waiting for new data more than 10000 ms.
[2024-06-27T11:47:00.707+0000] {docker.py:436} INFO - 24/06/27 11:47:00 INFO MicroBatchExecution: Streaming query has been idle and waiting for new data more than 10000 ms.
[2024-06-27T11:47:09.808+0000] {local_task_job_runner.py:124} ERROR - Received SIGTERM. Terminating subprocesses
[2024-06-27T11:47:09.831+0000] {process_utils.py:132} INFO - Sending 15 to group 709. PIDs of all processes in the group: [709]
[2024-06-27T11:47:09.909+0000] {taskinstance.py:441} INFO - ::group::Post task execution logs
[2024-06-27T11:47:09.897+0000] {process_utils.py:87} INFO - Sending the signal 15 to group 709
[2024-06-27T11:47:09.912+0000] {taskinstance.py:2611} ERROR - Received SIGTERM. Terminating subprocesses.
[2024-06-27T11:47:09.913+0000] {docker.py:528} INFO - Stopping docker container
[2024-06-27T11:47:09.916+0000] {logging_mixin.py:188} WARNING - --- Logging error ---
[2024-06-27T11:47:09.975+0000] {logging_mixin.py:188} WARNING - Traceback (most recent call last):
[2024-06-27T11:47:09.976+0000] {logging_mixin.py:188} WARNING -   File "/home/***/.local/lib/python3.12/site-packages/docker/api/client.py", line 265, in _raise_for_status
    response.raise_for_status()
[2024-06-27T11:47:09.977+0000] {logging_mixin.py:188} WARNING -   File "/home/***/.local/lib/python3.12/site-packages/requests/models.py", line 1021, in raise_for_status
    raise HTTPError(http_error_msg, response=self)
[2024-06-27T11:47:09.977+0000] {logging_mixin.py:188} WARNING - requests.exceptions.HTTPError: 400 Client Error: Bad Request for url: http://docker-proxy:2375/v1.45/containers/create
[2024-06-27T11:47:09.977+0000] {logging_mixin.py:188} WARNING - 
The above exception was the direct cause of the following exception:
[2024-06-27T11:47:09.978+0000] {logging_mixin.py:188} WARNING - Traceback (most recent call last):
[2024-06-27T11:47:09.979+0000] {logging_mixin.py:188} WARNING -   File "/home/***/.local/lib/python3.12/site-packages/***/providers/docker/operators/docker.py", line 371, in _run_image
    return self._run_image_with_mounts([*self.mounts, tmp_mount], add_tmp_variable=True)
           ^^^^^^^^^^^^^^^^^^^^^^^^^^^^^^^^^^^^^^^^^^^^^^^^^^^^^^^^^^^^^^^^^^^^^^^^^^^^^
[2024-06-27T11:47:09.979+0000] {logging_mixin.py:188} WARNING -   File "/home/***/.local/lib/python3.12/site-packages/***/providers/docker/operators/docker.py", line 398, in _run_image_with_mounts
    self.container = self.cli.create_container(
                     ^^^^^^^^^^^^^^^^^^^^^^^^^^
[2024-06-27T11:47:09.979+0000] {logging_mixin.py:188} WARNING -   File "/home/***/.local/lib/python3.12/site-packages/docker/api/container.py", line 439, in create_container
    return self.create_container_from_config(config, name, platform)
           ^^^^^^^^^^^^^^^^^^^^^^^^^^^^^^^^^^^^^^^^^^^^^^^^^^^^^^^^^
[2024-06-27T11:47:09.980+0000] {logging_mixin.py:188} WARNING -   File "/home/***/.local/lib/python3.12/site-packages/docker/api/container.py", line 456, in create_container_from_config
    return self._result(res, True)
           ^^^^^^^^^^^^^^^^^^^^^^^
[2024-06-27T11:47:09.980+0000] {logging_mixin.py:188} WARNING -   File "/home/***/.local/lib/python3.12/site-packages/docker/api/client.py", line 271, in _result
    self._raise_for_status(response)
[2024-06-27T11:47:09.980+0000] {logging_mixin.py:188} WARNING -   File "/home/***/.local/lib/python3.12/site-packages/docker/api/client.py", line 267, in _raise_for_status
    raise create_api_error_from_http_exception(e) from e
          ^^^^^^^^^^^^^^^^^^^^^^^^^^^^^^^^^^^^^^^
[2024-06-27T11:47:09.981+0000] {logging_mixin.py:188} WARNING -   File "/home/***/.local/lib/python3.12/site-packages/docker/errors.py", line 39, in create_api_error_from_http_exception
    raise cls(e, response=response, explanation=explanation) from e
[2024-06-27T11:47:09.981+0000] {logging_mixin.py:188} WARNING - docker.errors.APIError: 400 Client Error for http://docker-proxy:2375/v1.45/containers/create: Bad Request ("invalid mount config for type "bind": bind source path does not exist: /tmp/***tmpv8ui5lg4")
[2024-06-27T11:47:09.982+0000] {logging_mixin.py:188} WARNING - 
During handling of the above exception, another exception occurred:
[2024-06-27T11:47:09.982+0000] {logging_mixin.py:188} WARNING - Traceback (most recent call last):
[2024-06-27T11:47:09.982+0000] {logging_mixin.py:188} WARNING -   File "/home/***/.local/lib/python3.12/site-packages/urllib3/connection.py", line 198, in _new_conn
    sock = connection.create_connection(
           ^^^^^^^^^^^^^^^^^^^^^^^^^^^^^
[2024-06-27T11:47:09.983+0000] {logging_mixin.py:188} WARNING -   File "/home/***/.local/lib/python3.12/site-packages/urllib3/util/connection.py", line 85, in create_connection
    raise err
[2024-06-27T11:47:09.983+0000] {logging_mixin.py:188} WARNING -   File "/home/***/.local/lib/python3.12/site-packages/urllib3/util/connection.py", line 73, in create_connection
    sock.connect(sa)
[2024-06-27T11:47:09.983+0000] {logging_mixin.py:188} WARNING - ConnectionRefusedError: [Errno 111] Connection refused
[2024-06-27T11:47:09.984+0000] {logging_mixin.py:188} WARNING - 
The above exception was the direct cause of the following exception:
[2024-06-27T11:47:09.984+0000] {logging_mixin.py:188} WARNING - Traceback (most recent call last):
[2024-06-27T11:47:09.985+0000] {logging_mixin.py:188} WARNING -   File "/home/***/.local/lib/python3.12/site-packages/urllib3/connectionpool.py", line 793, in urlopen
    response = self._make_request(
               ^^^^^^^^^^^^^^^^^^^
[2024-06-27T11:47:09.985+0000] {logging_mixin.py:188} WARNING -   File "/home/***/.local/lib/python3.12/site-packages/urllib3/connectionpool.py", line 496, in _make_request
    conn.request(
[2024-06-27T11:47:09.986+0000] {logging_mixin.py:188} WARNING -   File "/home/***/.local/lib/python3.12/site-packages/urllib3/connection.py", line 400, in request
    self.endheaders()
[2024-06-27T11:47:09.986+0000] {logging_mixin.py:188} WARNING -   File "/usr/local/lib/python3.12/http/client.py", line 1331, in endheaders
    self._send_output(message_body, encode_chunked=encode_chunked)
[2024-06-27T11:47:09.986+0000] {logging_mixin.py:188} WARNING -   File "/usr/local/lib/python3.12/http/client.py", line 1091, in _send_output
    self.send(msg)
[2024-06-27T11:47:09.986+0000] {logging_mixin.py:188} WARNING -   File "/usr/local/lib/python3.12/http/client.py", line 1035, in send
    self.connect()
[2024-06-27T11:47:09.987+0000] {logging_mixin.py:188} WARNING -   File "/home/***/.local/lib/python3.12/site-packages/urllib3/connection.py", line 238, in connect
    self.sock = self._new_conn()
                ^^^^^^^^^^^^^^^^
[2024-06-27T11:47:09.987+0000] {logging_mixin.py:188} WARNING -   File "/home/***/.local/lib/python3.12/site-packages/urllib3/connection.py", line 213, in _new_conn
    raise NewConnectionError(
[2024-06-27T11:47:09.989+0000] {logging_mixin.py:188} WARNING - urllib3.exceptions.NewConnectionError: <urllib3.connection.HTTPConnection object at 0x7dc0185fa1b0>: Failed to establish a new connection: [Errno 111] Connection refused
[2024-06-27T11:47:09.990+0000] {logging_mixin.py:188} WARNING - 
The above exception was the direct cause of the following exception:
[2024-06-27T11:47:09.990+0000] {logging_mixin.py:188} WARNING - Traceback (most recent call last):
[2024-06-27T11:47:09.990+0000] {logging_mixin.py:188} WARNING -   File "/home/***/.local/lib/python3.12/site-packages/requests/adapters.py", line 486, in send
    resp = conn.urlopen(
           ^^^^^^^^^^^^^
[2024-06-27T11:47:09.991+0000] {logging_mixin.py:188} WARNING -   File "/home/***/.local/lib/python3.12/site-packages/urllib3/connectionpool.py", line 847, in urlopen
    retries = retries.increment(
              ^^^^^^^^^^^^^^^^^^
[2024-06-27T11:47:09.991+0000] {logging_mixin.py:188} WARNING -   File "/home/***/.local/lib/python3.12/site-packages/urllib3/util/retry.py", line 515, in increment
    raise MaxRetryError(_pool, url, reason) from reason  # type: ignore[arg-type]
    ^^^^^^^^^^^^^^^^^^^^^^^^^^^^^^^^^^^^^^^^^^^^^^^^^^^
[2024-06-27T11:47:09.992+0000] {logging_mixin.py:188} WARNING - urllib3.exceptions.MaxRetryError: HTTPConnectionPool(host='docker-proxy', port=2375): Max retries exceeded with url: /v1.45/containers/8d9673c0661c517917c05f86cfdcc58163efa3c70a7f3566a449c14b03f6a2e7/wait (Caused by NewConnectionError('<urllib3.connection.HTTPConnection object at 0x7dc0185fa1b0>: Failed to establish a new connection: [Errno 111] Connection refused'))
[2024-06-27T11:47:09.992+0000] {logging_mixin.py:188} WARNING - 
During handling of the above exception, another exception occurred:
[2024-06-27T11:47:09.993+0000] {logging_mixin.py:188} WARNING - Traceback (most recent call last):
[2024-06-27T11:47:09.994+0000] {logging_mixin.py:188} WARNING -   File "/home/***/.local/lib/python3.12/site-packages/***/providers/docker/operators/docker.py", line 438, in _run_image_with_mounts
    result = self.cli.wait(self.container["Id"])
             ^^^^^^^^^^^^^^^^^^^^^^^^^^^^^^^^^^^
[2024-06-27T11:47:09.994+0000] {logging_mixin.py:188} WARNING -   File "/home/***/.local/lib/python3.12/site-packages/docker/utils/decorators.py", line 19, in wrapped
    return f(self, resource_id, *args, **kwargs)
           ^^^^^^^^^^^^^^^^^^^^^^^^^^^^^^^^^^^^^
[2024-06-27T11:47:09.995+0000] {logging_mixin.py:188} WARNING -   File "/home/***/.local/lib/python3.12/site-packages/docker/api/container.py", line 1346, in wait
    res = self._post(url, timeout=timeout, params=params)
          ^^^^^^^^^^^^^^^^^^^^^^^^^^^^^^^^^^^^^^^^^^^^^^^
[2024-06-27T11:47:09.995+0000] {logging_mixin.py:188} WARNING -   File "/home/***/.local/lib/python3.12/site-packages/docker/utils/decorators.py", line 44, in inner
    return f(self, *args, **kwargs)
           ^^^^^^^^^^^^^^^^^^^^^^^^
[2024-06-27T11:47:09.996+0000] {logging_mixin.py:188} WARNING -   File "/home/***/.local/lib/python3.12/site-packages/docker/api/client.py", line 232, in _post
    return self.post(url, **self._set_request_timeout(kwargs))
           ^^^^^^^^^^^^^^^^^^^^^^^^^^^^^^^^^^^^^^^^^^^^^^^^^^^
[2024-06-27T11:47:09.996+0000] {logging_mixin.py:188} WARNING -   File "/home/***/.local/lib/python3.12/site-packages/requests/sessions.py", line 637, in post
    return self.request("POST", url, data=data, json=json, **kwargs)
           ^^^^^^^^^^^^^^^^^^^^^^^^^^^^^^^^^^^^^^^^^^^^^^^^^^^^^^^^^
[2024-06-27T11:47:09.997+0000] {logging_mixin.py:188} WARNING -   File "/home/***/.local/lib/python3.12/site-packages/requests/sessions.py", line 589, in request
    resp = self.send(prep, **send_kwargs)
           ^^^^^^^^^^^^^^^^^^^^^^^^^^^^^^
[2024-06-27T11:47:09.997+0000] {logging_mixin.py:188} WARNING -   File "/home/***/.local/lib/python3.12/site-packages/requests/sessions.py", line 703, in send
    r = adapter.send(request, **kwargs)
        ^^^^^^^^^^^^^^^^^^^^^^^^^^^^^^^
[2024-06-27T11:47:09.998+0000] {logging_mixin.py:188} WARNING -   File "/home/***/.local/lib/python3.12/site-packages/requests/adapters.py", line 519, in send
    raise ConnectionError(e, request=request)
[2024-06-27T11:47:09.998+0000] {logging_mixin.py:188} WARNING - requests.exceptions.ConnectionError: HTTPConnectionPool(host='docker-proxy', port=2375): Max retries exceeded with url: /v1.45/containers/8d9673c0661c517917c05f86cfdcc58163efa3c70a7f3566a449c14b03f6a2e7/wait (Caused by NewConnectionError('<urllib3.connection.HTTPConnection object at 0x7dc0185fa1b0>: Failed to establish a new connection: [Errno 111] Connection refused'))
[2024-06-27T11:47:10.000+0000] {logging_mixin.py:188} WARNING - 
During handling of the above exception, another exception occurred:
[2024-06-27T11:47:10.000+0000] {logging_mixin.py:188} WARNING - Traceback (most recent call last):
[2024-06-27T11:47:10.001+0000] {logging_mixin.py:188} WARNING -   File "/home/***/.local/lib/python3.12/site-packages/urllib3/connection.py", line 198, in _new_conn
    sock = connection.create_connection(
           ^^^^^^^^^^^^^^^^^^^^^^^^^^^^^
[2024-06-27T11:47:10.001+0000] {logging_mixin.py:188} WARNING -   File "/home/***/.local/lib/python3.12/site-packages/urllib3/util/connection.py", line 85, in create_connection
    raise err
[2024-06-27T11:47:10.003+0000] {logging_mixin.py:188} WARNING -   File "/home/***/.local/lib/python3.12/site-packages/urllib3/util/connection.py", line 73, in create_connection
    sock.connect(sa)
[2024-06-27T11:47:10.003+0000] {logging_mixin.py:188} WARNING - ConnectionRefusedError: [Errno 111] Connection refused
[2024-06-27T11:47:10.004+0000] {logging_mixin.py:188} WARNING - 
The above exception was the direct cause of the following exception:
[2024-06-27T11:47:10.004+0000] {logging_mixin.py:188} WARNING - Traceback (most recent call last):
[2024-06-27T11:47:10.005+0000] {logging_mixin.py:188} WARNING -   File "/home/***/.local/lib/python3.12/site-packages/urllib3/connectionpool.py", line 793, in urlopen
    response = self._make_request(
               ^^^^^^^^^^^^^^^^^^^
[2024-06-27T11:47:10.006+0000] {logging_mixin.py:188} WARNING -   File "/home/***/.local/lib/python3.12/site-packages/urllib3/connectionpool.py", line 496, in _make_request
    conn.request(
[2024-06-27T11:47:10.006+0000] {logging_mixin.py:188} WARNING -   File "/home/***/.local/lib/python3.12/site-packages/urllib3/connection.py", line 400, in request
    self.endheaders()
[2024-06-27T11:47:10.007+0000] {logging_mixin.py:188} WARNING -   File "/usr/local/lib/python3.12/http/client.py", line 1331, in endheaders
    self._send_output(message_body, encode_chunked=encode_chunked)
[2024-06-27T11:47:10.007+0000] {logging_mixin.py:188} WARNING -   File "/usr/local/lib/python3.12/http/client.py", line 1091, in _send_output
    self.send(msg)
[2024-06-27T11:47:10.007+0000] {logging_mixin.py:188} WARNING -   File "/usr/local/lib/python3.12/http/client.py", line 1035, in send
    self.connect()
[2024-06-27T11:47:10.008+0000] {logging_mixin.py:188} WARNING -   File "/home/***/.local/lib/python3.12/site-packages/urllib3/connection.py", line 238, in connect
    self.sock = self._new_conn()
                ^^^^^^^^^^^^^^^^
[2024-06-27T11:47:10.008+0000] {logging_mixin.py:188} WARNING -   File "/home/***/.local/lib/python3.12/site-packages/urllib3/connection.py", line 213, in _new_conn
    raise NewConnectionError(
[2024-06-27T11:47:10.009+0000] {logging_mixin.py:188} WARNING - urllib3.exceptions.NewConnectionError: <urllib3.connection.HTTPConnection object at 0x7dc018444500>: Failed to establish a new connection: [Errno 111] Connection refused
[2024-06-27T11:47:10.009+0000] {logging_mixin.py:188} WARNING - 
The above exception was the direct cause of the following exception:
[2024-06-27T11:47:10.009+0000] {logging_mixin.py:188} WARNING - Traceback (most recent call last):
[2024-06-27T11:47:10.010+0000] {logging_mixin.py:188} WARNING -   File "/home/***/.local/lib/python3.12/site-packages/requests/adapters.py", line 486, in send
    resp = conn.urlopen(
           ^^^^^^^^^^^^^
[2024-06-27T11:47:10.011+0000] {logging_mixin.py:188} WARNING -   File "/home/***/.local/lib/python3.12/site-packages/urllib3/connectionpool.py", line 847, in urlopen
    retries = retries.increment(
              ^^^^^^^^^^^^^^^^^^
[2024-06-27T11:47:10.011+0000] {logging_mixin.py:188} WARNING -   File "/home/***/.local/lib/python3.12/site-packages/urllib3/util/retry.py", line 515, in increment
    raise MaxRetryError(_pool, url, reason) from reason  # type: ignore[arg-type]
    ^^^^^^^^^^^^^^^^^^^^^^^^^^^^^^^^^^^^^^^^^^^^^^^^^^^
[2024-06-27T11:47:10.011+0000] {logging_mixin.py:188} WARNING - urllib3.exceptions.MaxRetryError: HTTPConnectionPool(host='docker-proxy', port=2375): Max retries exceeded with url: /v1.45/containers/8d9673c0661c517917c05f86cfdcc58163efa3c70a7f3566a449c14b03f6a2e7?v=False&link=False&force=False (Caused by NewConnectionError('<urllib3.connection.HTTPConnection object at 0x7dc018444500>: Failed to establish a new connection: [Errno 111] Connection refused'))
[2024-06-27T11:47:10.012+0000] {logging_mixin.py:188} WARNING - 
During handling of the above exception, another exception occurred:
[2024-06-27T11:47:10.014+0000] {logging_mixin.py:188} WARNING - Traceback (most recent call last):
[2024-06-27T11:47:10.015+0000] {logging_mixin.py:188} WARNING -   File "/home/***/.local/lib/python3.12/site-packages/***/models/taskinstance.py", line 2479, in _run_raw_task
    self._execute_task_with_callbacks(context, test_mode, session=session)
[2024-06-27T11:47:10.016+0000] {logging_mixin.py:188} WARNING -   File "/home/***/.local/lib/python3.12/site-packages/***/models/taskinstance.py", line 2676, in _execute_task_with_callbacks
    result = self._execute_task(context, task_orig)
             ^^^^^^^^^^^^^^^^^^^^^^^^^^^^^^^^^^^^^^
[2024-06-27T11:47:10.016+0000] {logging_mixin.py:188} WARNING -   File "/home/***/.local/lib/python3.12/site-packages/***/models/taskinstance.py", line 2701, in _execute_task
    return _execute_task(self, context, task_orig)
           ^^^^^^^^^^^^^^^^^^^^^^^^^^^^^^^^^^^^^^^
[2024-06-27T11:47:10.017+0000] {logging_mixin.py:188} WARNING -   File "/home/***/.local/lib/python3.12/site-packages/***/models/taskinstance.py", line 465, in _execute_task
    result = _execute_callable(context=context, **execute_callable_kwargs)
             ^^^^^^^^^^^^^^^^^^^^^^^^^^^^^^^^^^^^^^^^^^^^^^^^^^^^^^^^^^^^^
[2024-06-27T11:47:10.017+0000] {logging_mixin.py:188} WARNING -   File "/home/***/.local/lib/python3.12/site-packages/***/models/taskinstance.py", line 432, in _execute_callable
    return execute_callable(context=context, **execute_callable_kwargs)
           ^^^^^^^^^^^^^^^^^^^^^^^^^^^^^^^^^^^^^^^^^^^^^^^^^^^^^^^^^^^^
[2024-06-27T11:47:10.018+0000] {logging_mixin.py:188} WARNING -   File "/home/***/.local/lib/python3.12/site-packages/***/models/baseoperator.py", line 400, in wrapper
    return func(self, *args, **kwargs)
           ^^^^^^^^^^^^^^^^^^^^^^^^^^^
[2024-06-27T11:47:10.018+0000] {logging_mixin.py:188} WARNING -   File "/home/***/.local/lib/python3.12/site-packages/***/providers/docker/operators/docker.py", line 509, in execute
    return self._run_image()
           ^^^^^^^^^^^^^^^^^
[2024-06-27T11:47:10.019+0000] {logging_mixin.py:188} WARNING -   File "/home/***/.local/lib/python3.12/site-packages/***/providers/docker/operators/docker.py", line 380, in _run_image
    return self._run_image_with_mounts(self.mounts, add_tmp_variable=False)
           ^^^^^^^^^^^^^^^^^^^^^^^^^^^^^^^^^^^^^^^^^^^^^^^^^^^^^^^^^^^^^^^^
[2024-06-27T11:47:10.019+0000] {logging_mixin.py:188} WARNING -   File "/home/***/.local/lib/python3.12/site-packages/***/providers/docker/operators/docker.py", line 462, in _run_image_with_mounts
    self.cli.remove_container(self.container["Id"])
[2024-06-27T11:47:10.020+0000] {logging_mixin.py:188} WARNING -   File "/home/***/.local/lib/python3.12/site-packages/docker/utils/decorators.py", line 19, in wrapped
    return f(self, resource_id, *args, **kwargs)
           ^^^^^^^^^^^^^^^^^^^^^^^^^^^^^^^^^^^^^
[2024-06-27T11:47:10.020+0000] {logging_mixin.py:188} WARNING -   File "/home/***/.local/lib/python3.12/site-packages/docker/api/container.py", line 1033, in remove_container
    res = self._delete(
          ^^^^^^^^^^^^^
[2024-06-27T11:47:10.020+0000] {logging_mixin.py:188} WARNING -   File "/home/***/.local/lib/python3.12/site-packages/docker/utils/decorators.py", line 44, in inner
    return f(self, *args, **kwargs)
           ^^^^^^^^^^^^^^^^^^^^^^^^
[2024-06-27T11:47:10.021+0000] {logging_mixin.py:188} WARNING -   File "/home/***/.local/lib/python3.12/site-packages/docker/api/client.py", line 244, in _delete
    return self.delete(url, **self._set_request_timeout(kwargs))
           ^^^^^^^^^^^^^^^^^^^^^^^^^^^^^^^^^^^^^^^^^^^^^^^^^^^^^
[2024-06-27T11:47:10.021+0000] {logging_mixin.py:188} WARNING -   File "/home/***/.local/lib/python3.12/site-packages/requests/sessions.py", line 671, in delete
    return self.request("DELETE", url, **kwargs)
           ^^^^^^^^^^^^^^^^^^^^^^^^^^^^^^^^^^^^^
[2024-06-27T11:47:10.022+0000] {logging_mixin.py:188} WARNING -   File "/home/***/.local/lib/python3.12/site-packages/requests/sessions.py", line 589, in request
    resp = self.send(prep, **send_kwargs)
           ^^^^^^^^^^^^^^^^^^^^^^^^^^^^^^
[2024-06-27T11:47:10.022+0000] {logging_mixin.py:188} WARNING -   File "/home/***/.local/lib/python3.12/site-packages/requests/sessions.py", line 703, in send
    r = adapter.send(request, **kwargs)
        ^^^^^^^^^^^^^^^^^^^^^^^^^^^^^^^
[2024-06-27T11:47:10.022+0000] {logging_mixin.py:188} WARNING -   File "/home/***/.local/lib/python3.12/site-packages/requests/adapters.py", line 519, in send
    raise ConnectionError(e, request=request)
[2024-06-27T11:47:10.023+0000] {logging_mixin.py:188} WARNING - requests.exceptions.ConnectionError: HTTPConnectionPool(host='docker-proxy', port=2375): Max retries exceeded with url: /v1.45/containers/8d9673c0661c517917c05f86cfdcc58163efa3c70a7f3566a449c14b03f6a2e7?v=False&link=False&force=False (Caused by NewConnectionError('<urllib3.connection.HTTPConnection object at 0x7dc018444500>: Failed to establish a new connection: [Errno 111] Connection refused'))
[2024-06-27T11:47:10.023+0000] {logging_mixin.py:188} WARNING - 
During handling of the above exception, another exception occurred:
[2024-06-27T11:47:10.023+0000] {logging_mixin.py:188} WARNING - Traceback (most recent call last):
[2024-06-27T11:47:10.024+0000] {logging_mixin.py:188} WARNING -   File "/home/***/.local/lib/python3.12/site-packages/urllib3/connection.py", line 198, in _new_conn
    sock = connection.create_connection(
           ^^^^^^^^^^^^^^^^^^^^^^^^^^^^^
[2024-06-27T11:47:10.025+0000] {logging_mixin.py:188} WARNING -   File "/home/***/.local/lib/python3.12/site-packages/urllib3/util/connection.py", line 85, in create_connection
    raise err
[2024-06-27T11:47:10.025+0000] {logging_mixin.py:188} WARNING -   File "/home/***/.local/lib/python3.12/site-packages/urllib3/util/connection.py", line 73, in create_connection
    sock.connect(sa)
[2024-06-27T11:47:10.026+0000] {logging_mixin.py:188} WARNING - ConnectionRefusedError: [Errno 111] Connection refused
[2024-06-27T11:47:10.026+0000] {logging_mixin.py:188} WARNING - 
The above exception was the direct cause of the following exception:
[2024-06-27T11:47:10.027+0000] {logging_mixin.py:188} WARNING - Traceback (most recent call last):
[2024-06-27T11:47:10.028+0000] {logging_mixin.py:188} WARNING -   File "/home/***/.local/lib/python3.12/site-packages/urllib3/connectionpool.py", line 793, in urlopen
    response = self._make_request(
               ^^^^^^^^^^^^^^^^^^^
[2024-06-27T11:47:10.028+0000] {logging_mixin.py:188} WARNING -   File "/home/***/.local/lib/python3.12/site-packages/urllib3/connectionpool.py", line 496, in _make_request
    conn.request(
[2024-06-27T11:47:10.029+0000] {logging_mixin.py:188} WARNING -   File "/home/***/.local/lib/python3.12/site-packages/urllib3/connection.py", line 400, in request
    self.endheaders()
[2024-06-27T11:47:10.029+0000] {logging_mixin.py:188} WARNING -   File "/usr/local/lib/python3.12/http/client.py", line 1331, in endheaders
    self._send_output(message_body, encode_chunked=encode_chunked)
[2024-06-27T11:47:10.029+0000] {logging_mixin.py:188} WARNING -   File "/usr/local/lib/python3.12/http/client.py", line 1091, in _send_output
    self.send(msg)
[2024-06-27T11:47:10.029+0000] {logging_mixin.py:188} WARNING -   File "/usr/local/lib/python3.12/http/client.py", line 1035, in send
    self.connect()
[2024-06-27T11:47:10.029+0000] {logging_mixin.py:188} WARNING -   File "/home/***/.local/lib/python3.12/site-packages/urllib3/connection.py", line 238, in connect
    self.sock = self._new_conn()
                ^^^^^^^^^^^^^^^^
[2024-06-27T11:47:10.030+0000] {logging_mixin.py:188} WARNING -   File "/home/***/.local/lib/python3.12/site-packages/urllib3/connection.py", line 213, in _new_conn
    raise NewConnectionError(
[2024-06-27T11:47:10.030+0000] {logging_mixin.py:188} WARNING - urllib3.exceptions.NewConnectionError: <urllib3.connection.HTTPConnection object at 0x7dc0184449b0>: Failed to establish a new connection: [Errno 111] Connection refused
[2024-06-27T11:47:10.030+0000] {logging_mixin.py:188} WARNING - 
The above exception was the direct cause of the following exception:
[2024-06-27T11:47:10.030+0000] {logging_mixin.py:188} WARNING - Traceback (most recent call last):
[2024-06-27T11:47:10.031+0000] {logging_mixin.py:188} WARNING -   File "/home/***/.local/lib/python3.12/site-packages/requests/adapters.py", line 486, in send
    resp = conn.urlopen(
           ^^^^^^^^^^^^^
[2024-06-27T11:47:10.031+0000] {logging_mixin.py:188} WARNING -   File "/home/***/.local/lib/python3.12/site-packages/urllib3/connectionpool.py", line 847, in urlopen
    retries = retries.increment(
              ^^^^^^^^^^^^^^^^^^
[2024-06-27T11:47:10.031+0000] {logging_mixin.py:188} WARNING -   File "/home/***/.local/lib/python3.12/site-packages/urllib3/util/retry.py", line 515, in increment
    raise MaxRetryError(_pool, url, reason) from reason  # type: ignore[arg-type]
    ^^^^^^^^^^^^^^^^^^^^^^^^^^^^^^^^^^^^^^^^^^^^^^^^^^^
[2024-06-27T11:47:10.031+0000] {logging_mixin.py:188} WARNING - urllib3.exceptions.MaxRetryError: HTTPConnectionPool(host='docker-proxy', port=2375): Max retries exceeded with url: /v1.45/containers/8d9673c0661c517917c05f86cfdcc58163efa3c70a7f3566a449c14b03f6a2e7/stop (Caused by NewConnectionError('<urllib3.connection.HTTPConnection object at 0x7dc0184449b0>: Failed to establish a new connection: [Errno 111] Connection refused'))
[2024-06-27T11:47:10.032+0000] {logging_mixin.py:188} WARNING - 
During handling of the above exception, another exception occurred:
[2024-06-27T11:47:10.032+0000] {logging_mixin.py:188} WARNING - Traceback (most recent call last):
[2024-06-27T11:47:10.033+0000] {logging_mixin.py:188} WARNING -   File "/usr/local/lib/python3.12/logging/__init__.py", line 1160, in emit
    msg = self.format(record)
          ^^^^^^^^^^^^^^^^^^^
[2024-06-27T11:47:10.033+0000] {logging_mixin.py:188} WARNING -   File "/usr/local/lib/python3.12/logging/__init__.py", line 999, in format
    return fmt.format(record)
           ^^^^^^^^^^^^^^^^^^
[2024-06-27T11:47:10.033+0000] {logging_mixin.py:188} WARNING -   File "/usr/local/lib/python3.12/logging/__init__.py", line 711, in format
    record.exc_text = self.formatException(record.exc_info)
                      ^^^^^^^^^^^^^^^^^^^^^^^^^^^^^^^^^^^^^
[2024-06-27T11:47:10.033+0000] {logging_mixin.py:188} WARNING -   File "/usr/local/lib/python3.12/logging/__init__.py", line 661, in formatException
    traceback.print_exception(ei[0], ei[1], tb, None, sio)
[2024-06-27T11:47:10.034+0000] {logging_mixin.py:188} WARNING -   File "/usr/local/lib/python3.12/traceback.py", line 124, in print_exception
    te = TracebackException(type(value), value, tb, limit=limit, compact=True)
         ^^^^^^^^^^^^^^^^^^^^^^^^^^^^^^^^^^^^^^^^^^^^^^^^^^^^^^^^^^^^^^^^^^^^^
[2024-06-27T11:47:10.034+0000] {logging_mixin.py:188} WARNING -   File "/usr/local/lib/python3.12/traceback.py", line 733, in __init__
    self.stack = StackSummary._extract_from_extended_frame_gen(
                 ^^^^^^^^^^^^^^^^^^^^^^^^^^^^^^^^^^^^^^^^^^^^^^
[2024-06-27T11:47:10.034+0000] {logging_mixin.py:188} WARNING -   File "/usr/local/lib/python3.12/traceback.py", line 418, in _extract_from_extended_frame_gen
    for f, (lineno, end_lineno, colno, end_colno) in frame_gen:
[2024-06-27T11:47:10.034+0000] {logging_mixin.py:188} WARNING -   File "/usr/local/lib/python3.12/traceback.py", line 355, in _walk_tb_with_full_positions
    positions = _get_code_position(tb.tb_frame.f_code, tb.tb_lasti)
                ^^^^^^^^^^^^^^^^^^^^^^^^^^^^^^^^^^^^^^^^^^^^^^^^^^^
[2024-06-27T11:47:10.034+0000] {logging_mixin.py:188} WARNING -   File "/usr/local/lib/python3.12/traceback.py", line 369, in _get_code_position
    return next(itertools.islice(positions_gen, instruction_index // 2, None))
                ^^^^^^^^^^^^^^^^^^^^^^^^^^^^^^^^^^^^^^^^^^^^^^^^^^^^^^^^^^^^^
[2024-06-27T11:47:10.035+0000] {logging_mixin.py:188} WARNING -   File "/home/***/.local/lib/python3.12/site-packages/***/models/taskinstance.py", line 2612, in signal_handler
    self.task.on_kill()
[2024-06-27T11:47:10.035+0000] {logging_mixin.py:188} WARNING -   File "/home/***/.local/lib/python3.12/site-packages/***/providers/docker/operators/docker.py", line 532, in on_kill
    self.cli.stop(self.container["Id"])
[2024-06-27T11:47:10.036+0000] {logging_mixin.py:188} WARNING -   File "/home/***/.local/lib/python3.12/site-packages/docker/utils/decorators.py", line 19, in wrapped
    return f(self, resource_id, *args, **kwargs)
           ^^^^^^^^^^^^^^^^^^^^^^^^^^^^^^^^^^^^^
[2024-06-27T11:47:10.036+0000] {logging_mixin.py:188} WARNING -   File "/home/***/.local/lib/python3.12/site-packages/docker/api/container.py", line 1210, in stop
    res = self._post(url, params=params, timeout=conn_timeout)
          ^^^^^^^^^^^^^^^^^^^^^^^^^^^^^^^^^^^^^^^^^^^^^^^^^^^^
[2024-06-27T11:47:10.036+0000] {logging_mixin.py:188} WARNING -   File "/home/***/.local/lib/python3.12/site-packages/docker/utils/decorators.py", line 44, in inner
    return f(self, *args, **kwargs)
           ^^^^^^^^^^^^^^^^^^^^^^^^
[2024-06-27T11:47:10.036+0000] {logging_mixin.py:188} WARNING -   File "/home/***/.local/lib/python3.12/site-packages/docker/api/client.py", line 232, in _post
    return self.post(url, **self._set_request_timeout(kwargs))
           ^^^^^^^^^^^^^^^^^^^^^^^^^^^^^^^^^^^^^^^^^^^^^^^^^^^
[2024-06-27T11:47:10.037+0000] {logging_mixin.py:188} WARNING -   File "/home/***/.local/lib/python3.12/site-packages/requests/sessions.py", line 637, in post
    return self.request("POST", url, data=data, json=json, **kwargs)
           ^^^^^^^^^^^^^^^^^^^^^^^^^^^^^^^^^^^^^^^^^^^^^^^^^^^^^^^^^
[2024-06-27T11:47:10.037+0000] {logging_mixin.py:188} WARNING -   File "/home/***/.local/lib/python3.12/site-packages/requests/sessions.py", line 589, in request
    resp = self.send(prep, **send_kwargs)
           ^^^^^^^^^^^^^^^^^^^^^^^^^^^^^^
[2024-06-27T11:47:10.037+0000] {logging_mixin.py:188} WARNING -   File "/home/***/.local/lib/python3.12/site-packages/requests/sessions.py", line 703, in send
    r = adapter.send(request, **kwargs)
        ^^^^^^^^^^^^^^^^^^^^^^^^^^^^^^^
[2024-06-27T11:47:10.037+0000] {logging_mixin.py:188} WARNING -   File "/home/***/.local/lib/python3.12/site-packages/requests/adapters.py", line 519, in send
    raise ConnectionError(e, request=request)
[2024-06-27T11:47:10.038+0000] {logging_mixin.py:188} WARNING - requests.exceptions.ConnectionError: HTTPConnectionPool(host='docker-proxy', port=2375): Max retries exceeded with url: /v1.45/containers/8d9673c0661c517917c05f86cfdcc58163efa3c70a7f3566a449c14b03f6a2e7/stop (Caused by NewConnectionError('<urllib3.connection.HTTPConnection object at 0x7dc0184449b0>: Failed to establish a new connection: [Errno 111] Connection refused'))
[2024-06-27T11:47:10.038+0000] {logging_mixin.py:188} WARNING - Call stack:
[2024-06-27T11:47:10.045+0000] {logging_mixin.py:188} WARNING -   File "/home/***/.local/bin/***", line 8, in <module>
    sys.exit(main())
[2024-06-27T11:47:10.045+0000] {logging_mixin.py:188} WARNING -   File "/home/***/.local/lib/python3.12/site-packages/***/__main__.py", line 58, in main
    args.func(args)
[2024-06-27T11:47:10.045+0000] {logging_mixin.py:188} WARNING -   File "/home/***/.local/lib/python3.12/site-packages/***/cli/cli_config.py", line 49, in command
    return func(*args, **kwargs)
[2024-06-27T11:47:10.045+0000] {logging_mixin.py:188} WARNING -   File "/home/***/.local/lib/python3.12/site-packages/***/utils/cli.py", line 114, in wrapper
    return f(*args, **kwargs)
[2024-06-27T11:47:10.046+0000] {logging_mixin.py:188} WARNING -   File "/home/***/.local/lib/python3.12/site-packages/***/utils/providers_configuration_loader.py", line 55, in wrapped_function
    return func(*args, **kwargs)
[2024-06-27T11:47:10.046+0000] {logging_mixin.py:188} WARNING -   File "/home/***/.local/lib/python3.12/site-packages/***/cli/commands/scheduler_command.py", line 58, in scheduler
    run_command_with_daemon_option(
[2024-06-27T11:47:10.046+0000] {logging_mixin.py:188} WARNING -   File "/home/***/.local/lib/python3.12/site-packages/***/cli/commands/daemon_utils.py", line 85, in run_command_with_daemon_option
    callback()
[2024-06-27T11:47:10.046+0000] {logging_mixin.py:188} WARNING -   File "/home/***/.local/lib/python3.12/site-packages/***/cli/commands/scheduler_command.py", line 61, in <lambda>
    callback=lambda: _run_scheduler_job(args),
[2024-06-27T11:47:10.047+0000] {logging_mixin.py:188} WARNING -   File "/home/***/.local/lib/python3.12/site-packages/***/cli/commands/scheduler_command.py", line 49, in _run_scheduler_job
    run_job(job=job_runner.job, execute_callable=job_runner._execute)
[2024-06-27T11:47:10.047+0000] {logging_mixin.py:188} WARNING -   File "/home/***/.local/lib/python3.12/site-packages/***/utils/session.py", line 79, in wrapper
    return func(*args, session=session, **kwargs)
[2024-06-27T11:47:10.047+0000] {logging_mixin.py:188} WARNING -   File "/home/***/.local/lib/python3.12/site-packages/***/jobs/job.py", line 402, in run_job
    return execute_job(job, execute_callable=execute_callable)
[2024-06-27T11:47:10.047+0000] {logging_mixin.py:188} WARNING -   File "/home/***/.local/lib/python3.12/site-packages/***/jobs/job.py", line 431, in execute_job
    ret = execute_callable()
[2024-06-27T11:47:10.048+0000] {logging_mixin.py:188} WARNING -   File "/home/***/.local/lib/python3.12/site-packages/***/jobs/scheduler_job_runner.py", line 834, in _execute
    self.job.executor.start()
[2024-06-27T11:47:10.048+0000] {logging_mixin.py:188} WARNING -   File "/home/***/.local/lib/python3.12/site-packages/***/executors/local_executor.py", line 373, in start
    self.impl.start()
[2024-06-27T11:47:10.048+0000] {logging_mixin.py:188} WARNING -   File "/home/***/.local/lib/python3.12/site-packages/***/executors/local_executor.py", line 312, in start
    worker.start()
[2024-06-27T11:47:10.048+0000] {logging_mixin.py:188} WARNING -   File "/usr/local/lib/python3.12/multiprocessing/process.py", line 121, in start
    self._popen = self._Popen(self)
[2024-06-27T11:47:10.049+0000] {logging_mixin.py:188} WARNING -   File "/usr/local/lib/python3.12/multiprocessing/context.py", line 224, in _Popen
    return _default_context.get_context().Process._Popen(process_obj)
[2024-06-27T11:47:10.049+0000] {logging_mixin.py:188} WARNING -   File "/usr/local/lib/python3.12/multiprocessing/context.py", line 282, in _Popen
    return Popen(process_obj)
[2024-06-27T11:47:10.049+0000] {logging_mixin.py:188} WARNING -   File "/usr/local/lib/python3.12/multiprocessing/popen_fork.py", line 19, in __init__
    self._launch(process_obj)
[2024-06-27T11:47:10.049+0000] {logging_mixin.py:188} WARNING -   File "/usr/local/lib/python3.12/multiprocessing/popen_fork.py", line 71, in _launch
    code = process_obj._bootstrap(parent_sentinel=child_r)
[2024-06-27T11:47:10.050+0000] {logging_mixin.py:188} WARNING -   File "/usr/local/lib/python3.12/multiprocessing/process.py", line 314, in _bootstrap
    self.run()
[2024-06-27T11:47:10.050+0000] {logging_mixin.py:188} WARNING -   File "/home/***/.local/lib/python3.12/site-packages/***/executors/local_executor.py", line 78, in run
    return super().run()
[2024-06-27T11:47:10.050+0000] {logging_mixin.py:188} WARNING -   File "/usr/local/lib/python3.12/multiprocessing/process.py", line 108, in run
    self._target(*self._args, **self._kwargs)
[2024-06-27T11:47:10.050+0000] {logging_mixin.py:188} WARNING -   File "/home/***/.local/lib/python3.12/site-packages/***/executors/local_executor.py", line 202, in do_work
    self.execute_work(key=key, command=command)
[2024-06-27T11:47:10.051+0000] {logging_mixin.py:188} WARNING -   File "/home/***/.local/lib/python3.12/site-packages/***/executors/local_executor.py", line 95, in execute_work
    state = self._execute_work_in_fork(command)
[2024-06-27T11:47:10.051+0000] {logging_mixin.py:188} WARNING -   File "/home/***/.local/lib/python3.12/site-packages/***/executors/local_executor.py", line 135, in _execute_work_in_fork
    args.func(args)
[2024-06-27T11:47:10.052+0000] {logging_mixin.py:188} WARNING -   File "/home/***/.local/lib/python3.12/site-packages/***/cli/cli_config.py", line 49, in command
    return func(*args, **kwargs)
[2024-06-27T11:47:10.053+0000] {logging_mixin.py:188} WARNING -   File "/home/***/.local/lib/python3.12/site-packages/***/utils/cli.py", line 114, in wrapper
    return f(*args, **kwargs)
[2024-06-27T11:47:10.053+0000] {logging_mixin.py:188} WARNING -   File "/home/***/.local/lib/python3.12/site-packages/***/cli/commands/task_command.py", line 441, in task_run
    task_return_code = _run_task_by_selected_method(args, _dag, ti)
[2024-06-27T11:47:10.053+0000] {logging_mixin.py:188} WARNING -   File "/home/***/.local/lib/python3.12/site-packages/***/cli/commands/task_command.py", line 219, in _run_task_by_selected_method
    return _run_task_by_local_task_job(args, ti)
[2024-06-27T11:47:10.054+0000] {logging_mixin.py:188} WARNING -   File "/home/***/.local/lib/python3.12/site-packages/***/cli/commands/task_command.py", line 281, in _run_task_by_local_task_job
    ret = run_job(job=job_runner.job, execute_callable=job_runner._execute)
[2024-06-27T11:47:10.054+0000] {logging_mixin.py:188} WARNING -   File "/home/***/.local/lib/python3.12/site-packages/***/utils/session.py", line 79, in wrapper
    return func(*args, session=session, **kwargs)
[2024-06-27T11:47:10.054+0000] {logging_mixin.py:188} WARNING -   File "/home/***/.local/lib/python3.12/site-packages/***/jobs/job.py", line 402, in run_job
    return execute_job(job, execute_callable=execute_callable)
[2024-06-27T11:47:10.054+0000] {logging_mixin.py:188} WARNING -   File "/home/***/.local/lib/python3.12/site-packages/***/jobs/job.py", line 431, in execute_job
    ret = execute_callable()
[2024-06-27T11:47:10.055+0000] {logging_mixin.py:188} WARNING -   File "/home/***/.local/lib/python3.12/site-packages/***/jobs/local_task_job_runner.py", line 168, in _execute
    self.task_runner.start()
[2024-06-27T11:47:10.055+0000] {logging_mixin.py:188} WARNING -   File "/home/***/.local/lib/python3.12/site-packages/***/task/task_runner/standard_task_runner.py", line 51, in start
    self.process = self._start_by_fork()
[2024-06-27T11:47:10.055+0000] {logging_mixin.py:188} WARNING -   File "/home/***/.local/lib/python3.12/site-packages/***/task/task_runner/standard_task_runner.py", line 103, in _start_by_fork
    ret = args.func(args, dag=self.dag)
[2024-06-27T11:47:10.055+0000] {logging_mixin.py:188} WARNING -   File "/home/***/.local/lib/python3.12/site-packages/***/cli/cli_config.py", line 49, in command
    return func(*args, **kwargs)
[2024-06-27T11:47:10.056+0000] {logging_mixin.py:188} WARNING -   File "/home/***/.local/lib/python3.12/site-packages/***/utils/cli.py", line 114, in wrapper
    return f(*args, **kwargs)
[2024-06-27T11:47:10.056+0000] {logging_mixin.py:188} WARNING -   File "/home/***/.local/lib/python3.12/site-packages/***/cli/commands/task_command.py", line 441, in task_run
    task_return_code = _run_task_by_selected_method(args, _dag, ti)
[2024-06-27T11:47:10.056+0000] {logging_mixin.py:188} WARNING -   File "/home/***/.local/lib/python3.12/site-packages/***/cli/commands/task_command.py", line 221, in _run_task_by_selected_method
    return _run_raw_task(args, ti)
[2024-06-27T11:47:10.056+0000] {logging_mixin.py:188} WARNING -   File "/home/***/.local/lib/python3.12/site-packages/***/cli/commands/task_command.py", line 300, in _run_raw_task
    return ti._run_raw_task(
[2024-06-27T11:47:10.056+0000] {logging_mixin.py:188} WARNING -   File "/home/***/.local/lib/python3.12/site-packages/***/utils/session.py", line 79, in wrapper
    return func(*args, session=session, **kwargs)
[2024-06-27T11:47:10.057+0000] {logging_mixin.py:188} WARNING -   File "/home/***/.local/lib/python3.12/site-packages/***/models/taskinstance.py", line 2545, in _run_raw_task
    self.handle_failure(e, test_mode, context, session=session)
[2024-06-27T11:47:10.057+0000] {logging_mixin.py:188} WARNING -   File "/home/***/.local/lib/python3.12/site-packages/***/utils/session.py", line 76, in wrapper
    return func(*args, **kwargs)
[2024-06-27T11:47:10.057+0000] {logging_mixin.py:188} WARNING -   File "/home/***/.local/lib/python3.12/site-packages/***/models/taskinstance.py", line 3003, in handle_failure
    _handle_failure(
[2024-06-27T11:47:10.057+0000] {logging_mixin.py:188} WARNING -   File "/home/***/.local/lib/python3.12/site-packages/***/models/taskinstance.py", line 861, in _handle_failure
    failure_context = TaskInstance.fetch_handle_failure_context(
[2024-06-27T11:47:10.057+0000] {logging_mixin.py:188} WARNING -   File "/home/***/.local/lib/python3.12/site-packages/***/api_internal/internal_api_call.py", line 115, in wrapper
    return func(*args, **kwargs)
[2024-06-27T11:47:10.058+0000] {logging_mixin.py:188} WARNING -   File "/home/***/.local/lib/python3.12/site-packages/***/utils/session.py", line 76, in wrapper
    return func(*args, **kwargs)
[2024-06-27T11:47:10.058+0000] {logging_mixin.py:188} WARNING -   File "/home/***/.local/lib/python3.12/site-packages/***/models/taskinstance.py", line 2905, in fetch_handle_failure_context
    cls.logger().error("Task failed with exception", exc_info=(type(error), error, tb))
[2024-06-27T11:47:10.058+0000] {logging_mixin.py:188} WARNING -   File "/usr/local/lib/python3.12/logging/__init__.py", line 1568, in error
    self._log(ERROR, msg, args, **kwargs)
[2024-06-27T11:47:10.058+0000] {logging_mixin.py:188} WARNING -   File "/usr/local/lib/python3.12/logging/__init__.py", line 1684, in _log
    self.handle(record)
[2024-06-27T11:47:10.059+0000] {logging_mixin.py:188} WARNING -   File "/usr/local/lib/python3.12/logging/__init__.py", line 1700, in handle
    self.callHandlers(record)
[2024-06-27T11:47:10.059+0000] {logging_mixin.py:188} WARNING -   File "/usr/local/lib/python3.12/logging/__init__.py", line 1762, in callHandlers
    hdlr.handle(record)
[2024-06-27T11:47:10.059+0000] {logging_mixin.py:188} WARNING -   File "/usr/local/lib/python3.12/logging/__init__.py", line 1028, in handle
    self.emit(record)
[2024-06-27T11:47:10.059+0000] {logging_mixin.py:188} WARNING -   File "/home/***/.local/lib/python3.12/site-packages/***/utils/log/file_task_handler.py", line 248, in emit
    self.handler.emit(record)
[2024-06-27T11:47:10.059+0000] {logging_mixin.py:188} WARNING - Message: 'Task failed with exception'
Arguments: ()
[2024-06-27T11:47:10.074+0000] {taskinstance.py:1206} INFO - Marking task as FAILED. dag_id=Stage_1, task_id=run_bronze_job, run_id=manual__2024-06-27T11:31:17.834653+00:00, execution_date=20240627T113117, start_date=20240627T113125, end_date=20240627T114710
[2024-06-27T11:47:11.242+0000] {standard_task_runner.py:110} ERROR - Failed to execute job 383 for task run_bronze_job (HTTPConnectionPool(host='docker-proxy', port=2375): Max retries exceeded with url: /v1.45/containers/8d9673c0661c517917c05f86cfdcc58163efa3c70a7f3566a449c14b03f6a2e7?v=False&link=False&force=False (Caused by NewConnectionError('<urllib3.connection.HTTPConnection object at 0x7dc018444500>: Failed to establish a new connection: [Errno 111] Connection refused')); 709)
[2024-06-27T11:47:11.267+0000] {process_utils.py:80} INFO - Process psutil.Process(pid=709, status='terminated', exitcode=1, started='11:31:24') (709) terminated with exit code 1
[2024-06-27T11:47:11.268+0000] {local_task_job_runner.py:240} INFO - Task exited with return code 143
[2024-06-27T11:47:11.294+0000] {taskinstance.py:3498} INFO - 0 downstream tasks scheduled from follow-on schedule check
